[2026-02-09T11:47:34.826+0000] {local_task_job_runner.py:123} INFO - ::group::Pre task execution logs
[2026-02-09T11:47:34.846+0000] {taskinstance.py:2613} INFO - Dependencies all met for dep_context=non-requeueable deps ti=<TaskInstance: Data_Reconciliation_Dag_1.Data_Reconciliation_Dag_1 manual__2026-02-09T11:47:34.182126+00:00 [queued]>
[2026-02-09T11:47:34.853+0000] {taskinstance.py:2613} INFO - Dependencies all met for dep_context=requeueable deps ti=<TaskInstance: Data_Reconciliation_Dag_1.Data_Reconciliation_Dag_1 manual__2026-02-09T11:47:34.182126+00:00 [queued]>
[2026-02-09T11:47:34.854+0000] {taskinstance.py:2866} INFO - Starting attempt 1 of 1
[2026-02-09T11:47:34.867+0000] {taskinstance.py:2889} INFO - Executing <Task(PythonOperator): Data_Reconciliation_Dag_1> on 2026-02-09 11:47:34.182126+00:00
[2026-02-09T11:47:34.878+0000] {warnings.py:112} WARNING - /home/airflow/.local/lib/python3.12/site-packages/airflow/task/task_runner/standard_task_runner.py:70: DeprecationWarning: This process (pid=8738) is multi-threaded, use of fork() may lead to deadlocks in the child.
  pid = os.fork()

[2026-02-09T11:47:34.880+0000] {standard_task_runner.py:72} INFO - Started process 8739 to run task
[2026-02-09T11:47:34.887+0000] {standard_task_runner.py:104} INFO - Running: ['airflow', 'tasks', 'run', 'Data_Reconciliation_Dag_1', 'Data_Reconciliation_Dag_1', 'manual__2026-02-09T11:47:34.182126+00:00', '--job-id', '1315', '--raw', '--subdir', 'DAGS_FOLDER/data_reconciliation_dag_1.py', '--cfg-path', '/tmp/tmpttvqzw5n']
[2026-02-09T11:47:34.888+0000] {standard_task_runner.py:105} INFO - Job 1315: Subtask Data_Reconciliation_Dag_1
[2026-02-09T11:47:34.948+0000] {task_command.py:467} INFO - Running <TaskInstance: Data_Reconciliation_Dag_1.Data_Reconciliation_Dag_1 manual__2026-02-09T11:47:34.182126+00:00 [running]> on host eff5ec4100e1
[2026-02-09T11:47:35.089+0000] {taskinstance.py:3132} INFO - Exporting env vars: AIRFLOW_CTX_DAG_OWNER='airflow' AIRFLOW_CTX_DAG_ID='Data_Reconciliation_Dag_1' AIRFLOW_CTX_TASK_ID='Data_Reconciliation_Dag_1' AIRFLOW_CTX_EXECUTION_DATE='2026-02-09T11:47:34.182126+00:00' AIRFLOW_CTX_TRY_NUMBER='1' AIRFLOW_CTX_DAG_RUN_ID='manual__2026-02-09T11:47:34.182126+00:00'
[2026-02-09T11:47:35.090+0000] {taskinstance.py:731} INFO - ::endgroup::
[2026-02-09T11:47:35.107+0000] {logging_mixin.py:190} INFO - RunId for this task instance: manual__2026-02-09T11:47:34.182126+00:00
[2026-02-09T11:48:01.216+0000] {python.py:240} INFO - Done. Returned value was: :: loading settings :: url = jar:file:/opt/spark/jars/ivy-2.5.1.jar!/org/apache/ivy/core/settings/ivysettings.xml
2026-02-09 11:47:49,511 - INFO - Reading Reconciliation Config Table
try
2026-02-09 11:48:00,352 - INFO - Looping through Recon Config Table Arguments
2026-02-09 11:48:00,352 - INFO - Calling reconciliation_check for recon_type count check
2026-02-09 11:48:00,352 - INFO - Calling reconciliation_check for source result(count check)
2026-02-09 11:48:00,352 - INFO - error in count check logicname 'query' is not defined

[2026-02-09T11:48:01.262+0000] {taskinstance.py:340} INFO - ::group::Post task execution logs
[2026-02-09T11:48:01.263+0000] {taskinstance.py:352} INFO - Marking task as SUCCESS. dag_id=Data_Reconciliation_Dag_1, task_id=Data_Reconciliation_Dag_1, run_id=manual__2026-02-09T11:47:34.182126+00:00, execution_date=20260209T114734, start_date=20260209T114734, end_date=20260209T114801
[2026-02-09T11:48:01.314+0000] {local_task_job_runner.py:266} INFO - Task exited with return code 0
[2026-02-09T11:48:01.338+0000] {taskinstance.py:3895} INFO - 0 downstream tasks scheduled from follow-on schedule check
[2026-02-09T11:48:01.343+0000] {local_task_job_runner.py:245} INFO - ::endgroup::
