[2026-02-01T12:08:34.257+0000] {processor.py:186} INFO - Started process (PID=69) to work on /opt/airflow/dags/bronze_dag_1.py
[2026-02-01T12:08:34.258+0000] {processor.py:914} INFO - Processing file /opt/airflow/dags/bronze_dag_1.py for tasks to queue
[2026-02-01T12:08:34.264+0000] {logging_mixin.py:190} INFO - [2026-02-01T12:08:34.263+0000] {dagbag.py:588} INFO - Filling up the DagBag from /opt/airflow/dags/bronze_dag_1.py
[2026-02-01T12:08:34.286+0000] {processor.py:925} INFO - DAG(s) 'Bronze_Dag_1' retrieved from /opt/airflow/dags/bronze_dag_1.py
[2026-02-01T12:08:34.345+0000] {logging_mixin.py:190} INFO - [2026-02-01T12:08:34.344+0000] {dag.py:3239} INFO - Sync 1 DAGs
[2026-02-01T12:08:34.367+0000] {logging_mixin.py:190} INFO - [2026-02-01T12:08:34.366+0000] {dag.py:4180} INFO - Setting next_dagrun for Bronze_Dag_1 to None, run_after=None
[2026-02-01T12:08:34.434+0000] {processor.py:208} INFO - Processing /opt/airflow/dags/bronze_dag_1.py took 0.192 seconds
[2026-02-01T12:09:04.933+0000] {processor.py:186} INFO - Started process (PID=85) to work on /opt/airflow/dags/bronze_dag_1.py
[2026-02-01T12:09:04.934+0000] {processor.py:914} INFO - Processing file /opt/airflow/dags/bronze_dag_1.py for tasks to queue
[2026-02-01T12:09:04.938+0000] {logging_mixin.py:190} INFO - [2026-02-01T12:09:04.938+0000] {dagbag.py:588} INFO - Filling up the DagBag from /opt/airflow/dags/bronze_dag_1.py
[2026-02-01T12:09:04.949+0000] {processor.py:925} INFO - DAG(s) 'Bronze_Dag_1' retrieved from /opt/airflow/dags/bronze_dag_1.py
[2026-02-01T12:09:04.987+0000] {logging_mixin.py:190} INFO - [2026-02-01T12:09:04.986+0000] {dag.py:3239} INFO - Sync 1 DAGs
[2026-02-01T12:09:05.293+0000] {logging_mixin.py:190} INFO - [2026-02-01T12:09:05.292+0000] {dag.py:4180} INFO - Setting next_dagrun for Bronze_Dag_1 to None, run_after=None
[2026-02-01T12:09:05.314+0000] {processor.py:208} INFO - Processing /opt/airflow/dags/bronze_dag_1.py took 0.389 seconds
[2026-02-01T12:09:36.111+0000] {processor.py:186} INFO - Started process (PID=102) to work on /opt/airflow/dags/bronze_dag_1.py
[2026-02-01T12:09:36.112+0000] {processor.py:914} INFO - Processing file /opt/airflow/dags/bronze_dag_1.py for tasks to queue
[2026-02-01T12:09:36.116+0000] {logging_mixin.py:190} INFO - [2026-02-01T12:09:36.115+0000] {dagbag.py:588} INFO - Filling up the DagBag from /opt/airflow/dags/bronze_dag_1.py
[2026-02-01T12:09:36.130+0000] {processor.py:925} INFO - DAG(s) 'Bronze_Dag_1' retrieved from /opt/airflow/dags/bronze_dag_1.py
[2026-02-01T12:09:36.207+0000] {logging_mixin.py:190} INFO - [2026-02-01T12:09:36.207+0000] {dag.py:3239} INFO - Sync 1 DAGs
[2026-02-01T12:09:36.228+0000] {logging_mixin.py:190} INFO - [2026-02-01T12:09:36.228+0000] {dag.py:4180} INFO - Setting next_dagrun for Bronze_Dag_1 to None, run_after=None
[2026-02-01T12:09:36.263+0000] {processor.py:208} INFO - Processing /opt/airflow/dags/bronze_dag_1.py took 0.162 seconds
[2026-02-01T12:10:06.434+0000] {processor.py:186} INFO - Started process (PID=118) to work on /opt/airflow/dags/bronze_dag_1.py
[2026-02-01T12:10:06.437+0000] {processor.py:914} INFO - Processing file /opt/airflow/dags/bronze_dag_1.py for tasks to queue
[2026-02-01T12:10:06.446+0000] {logging_mixin.py:190} INFO - [2026-02-01T12:10:06.442+0000] {dagbag.py:588} INFO - Filling up the DagBag from /opt/airflow/dags/bronze_dag_1.py
[2026-02-01T12:10:06.465+0000] {processor.py:925} INFO - DAG(s) 'Bronze_Dag_1' retrieved from /opt/airflow/dags/bronze_dag_1.py
[2026-02-01T12:10:06.523+0000] {logging_mixin.py:190} INFO - [2026-02-01T12:10:06.523+0000] {dag.py:3239} INFO - Sync 1 DAGs
[2026-02-01T12:10:06.874+0000] {logging_mixin.py:190} INFO - [2026-02-01T12:10:06.874+0000] {dag.py:4180} INFO - Setting next_dagrun for Bronze_Dag_1 to None, run_after=None
[2026-02-01T12:10:06.901+0000] {processor.py:208} INFO - Processing /opt/airflow/dags/bronze_dag_1.py took 0.483 seconds
[2026-02-01T12:10:38.098+0000] {processor.py:186} INFO - Started process (PID=134) to work on /opt/airflow/dags/bronze_dag_1.py
[2026-02-01T12:10:38.106+0000] {processor.py:914} INFO - Processing file /opt/airflow/dags/bronze_dag_1.py for tasks to queue
[2026-02-01T12:10:38.112+0000] {logging_mixin.py:190} INFO - [2026-02-01T12:10:38.112+0000] {dagbag.py:588} INFO - Filling up the DagBag from /opt/airflow/dags/bronze_dag_1.py
[2026-02-01T12:10:38.147+0000] {processor.py:925} INFO - DAG(s) 'Bronze_Dag_1' retrieved from /opt/airflow/dags/bronze_dag_1.py
[2026-02-01T12:10:38.237+0000] {logging_mixin.py:190} INFO - [2026-02-01T12:10:38.237+0000] {dag.py:3239} INFO - Sync 1 DAGs
[2026-02-01T12:10:38.289+0000] {logging_mixin.py:190} INFO - [2026-02-01T12:10:38.288+0000] {dag.py:4180} INFO - Setting next_dagrun for Bronze_Dag_1 to None, run_after=None
[2026-02-01T12:10:38.336+0000] {processor.py:208} INFO - Processing /opt/airflow/dags/bronze_dag_1.py took 0.261 seconds
[2026-02-01T12:11:08.531+0000] {processor.py:186} INFO - Started process (PID=151) to work on /opt/airflow/dags/bronze_dag_1.py
[2026-02-01T12:11:08.532+0000] {processor.py:914} INFO - Processing file /opt/airflow/dags/bronze_dag_1.py for tasks to queue
[2026-02-01T12:11:08.534+0000] {logging_mixin.py:190} INFO - [2026-02-01T12:11:08.533+0000] {dagbag.py:588} INFO - Filling up the DagBag from /opt/airflow/dags/bronze_dag_1.py
[2026-02-01T12:11:08.543+0000] {processor.py:925} INFO - DAG(s) 'Bronze_Dag_1' retrieved from /opt/airflow/dags/bronze_dag_1.py
[2026-02-01T12:11:08.569+0000] {logging_mixin.py:190} INFO - [2026-02-01T12:11:08.569+0000] {dag.py:3239} INFO - Sync 1 DAGs
[2026-02-01T12:11:08.593+0000] {logging_mixin.py:190} INFO - [2026-02-01T12:11:08.593+0000] {dag.py:4180} INFO - Setting next_dagrun for Bronze_Dag_1 to None, run_after=None
[2026-02-01T12:11:08.613+0000] {processor.py:208} INFO - Processing /opt/airflow/dags/bronze_dag_1.py took 0.087 seconds
[2026-02-01T12:11:39.203+0000] {processor.py:186} INFO - Started process (PID=166) to work on /opt/airflow/dags/bronze_dag_1.py
[2026-02-01T12:11:39.204+0000] {processor.py:914} INFO - Processing file /opt/airflow/dags/bronze_dag_1.py for tasks to queue
[2026-02-01T12:11:39.209+0000] {logging_mixin.py:190} INFO - [2026-02-01T12:11:39.208+0000] {dagbag.py:588} INFO - Filling up the DagBag from /opt/airflow/dags/bronze_dag_1.py
[2026-02-01T12:11:39.231+0000] {processor.py:925} INFO - DAG(s) 'Bronze_Dag_1' retrieved from /opt/airflow/dags/bronze_dag_1.py
[2026-02-01T12:11:39.269+0000] {logging_mixin.py:190} INFO - [2026-02-01T12:11:39.268+0000] {dag.py:3239} INFO - Sync 1 DAGs
[2026-02-01T12:11:39.608+0000] {logging_mixin.py:190} INFO - [2026-02-01T12:11:39.608+0000] {dag.py:4180} INFO - Setting next_dagrun for Bronze_Dag_1 to None, run_after=None
[2026-02-01T12:11:39.622+0000] {processor.py:208} INFO - Processing /opt/airflow/dags/bronze_dag_1.py took 0.426 seconds
[2026-02-01T12:12:10.334+0000] {processor.py:186} INFO - Started process (PID=182) to work on /opt/airflow/dags/bronze_dag_1.py
[2026-02-01T12:12:10.335+0000] {processor.py:914} INFO - Processing file /opt/airflow/dags/bronze_dag_1.py for tasks to queue
[2026-02-01T12:12:10.339+0000] {logging_mixin.py:190} INFO - [2026-02-01T12:12:10.339+0000] {dagbag.py:588} INFO - Filling up the DagBag from /opt/airflow/dags/bronze_dag_1.py
[2026-02-01T12:12:10.350+0000] {processor.py:925} INFO - DAG(s) 'Bronze_Dag_1' retrieved from /opt/airflow/dags/bronze_dag_1.py
[2026-02-01T12:12:10.403+0000] {logging_mixin.py:190} INFO - [2026-02-01T12:12:10.403+0000] {dag.py:3239} INFO - Sync 1 DAGs
[2026-02-01T12:12:10.428+0000] {logging_mixin.py:190} INFO - [2026-02-01T12:12:10.428+0000] {dag.py:4180} INFO - Setting next_dagrun for Bronze_Dag_1 to None, run_after=None
[2026-02-01T12:12:10.444+0000] {processor.py:208} INFO - Processing /opt/airflow/dags/bronze_dag_1.py took 0.128 seconds
[2026-02-01T12:12:40.842+0000] {processor.py:186} INFO - Started process (PID=198) to work on /opt/airflow/dags/bronze_dag_1.py
[2026-02-01T12:12:40.843+0000] {processor.py:914} INFO - Processing file /opt/airflow/dags/bronze_dag_1.py for tasks to queue
[2026-02-01T12:12:40.845+0000] {logging_mixin.py:190} INFO - [2026-02-01T12:12:40.845+0000] {dagbag.py:588} INFO - Filling up the DagBag from /opt/airflow/dags/bronze_dag_1.py
[2026-02-01T12:12:40.854+0000] {processor.py:925} INFO - DAG(s) 'Bronze_Dag_1' retrieved from /opt/airflow/dags/bronze_dag_1.py
[2026-02-01T12:12:40.878+0000] {logging_mixin.py:190} INFO - [2026-02-01T12:12:40.878+0000] {dag.py:3239} INFO - Sync 1 DAGs
[2026-02-01T12:12:40.894+0000] {logging_mixin.py:190} INFO - [2026-02-01T12:12:40.894+0000] {dag.py:4180} INFO - Setting next_dagrun for Bronze_Dag_1 to None, run_after=None
[2026-02-01T12:12:40.913+0000] {processor.py:208} INFO - Processing /opt/airflow/dags/bronze_dag_1.py took 0.075 seconds
[2026-02-01T12:13:11.256+0000] {processor.py:186} INFO - Started process (PID=214) to work on /opt/airflow/dags/bronze_dag_1.py
[2026-02-01T12:13:11.257+0000] {processor.py:914} INFO - Processing file /opt/airflow/dags/bronze_dag_1.py for tasks to queue
[2026-02-01T12:13:11.259+0000] {logging_mixin.py:190} INFO - [2026-02-01T12:13:11.259+0000] {dagbag.py:588} INFO - Filling up the DagBag from /opt/airflow/dags/bronze_dag_1.py
[2026-02-01T12:13:11.271+0000] {processor.py:925} INFO - DAG(s) 'Bronze_Dag_1' retrieved from /opt/airflow/dags/bronze_dag_1.py
[2026-02-01T12:13:11.301+0000] {logging_mixin.py:190} INFO - [2026-02-01T12:13:11.301+0000] {dag.py:3239} INFO - Sync 1 DAGs
[2026-02-01T12:13:11.318+0000] {logging_mixin.py:190} INFO - [2026-02-01T12:13:11.318+0000] {dag.py:4180} INFO - Setting next_dagrun for Bronze_Dag_1 to None, run_after=None
[2026-02-01T12:13:11.334+0000] {processor.py:208} INFO - Processing /opt/airflow/dags/bronze_dag_1.py took 0.083 seconds
[2026-02-01T12:13:41.582+0000] {processor.py:186} INFO - Started process (PID=230) to work on /opt/airflow/dags/bronze_dag_1.py
[2026-02-01T12:13:41.583+0000] {processor.py:914} INFO - Processing file /opt/airflow/dags/bronze_dag_1.py for tasks to queue
[2026-02-01T12:13:41.586+0000] {logging_mixin.py:190} INFO - [2026-02-01T12:13:41.586+0000] {dagbag.py:588} INFO - Filling up the DagBag from /opt/airflow/dags/bronze_dag_1.py
[2026-02-01T12:13:41.596+0000] {processor.py:925} INFO - DAG(s) 'Bronze_Dag_1' retrieved from /opt/airflow/dags/bronze_dag_1.py
[2026-02-01T12:13:41.625+0000] {logging_mixin.py:190} INFO - [2026-02-01T12:13:41.624+0000] {dag.py:3239} INFO - Sync 1 DAGs
[2026-02-01T12:13:41.642+0000] {logging_mixin.py:190} INFO - [2026-02-01T12:13:41.642+0000] {dag.py:4180} INFO - Setting next_dagrun for Bronze_Dag_1 to None, run_after=None
[2026-02-01T12:13:41.658+0000] {processor.py:208} INFO - Processing /opt/airflow/dags/bronze_dag_1.py took 0.087 seconds
[2026-02-01T12:14:11.951+0000] {processor.py:186} INFO - Started process (PID=246) to work on /opt/airflow/dags/bronze_dag_1.py
[2026-02-01T12:14:11.952+0000] {processor.py:914} INFO - Processing file /opt/airflow/dags/bronze_dag_1.py for tasks to queue
[2026-02-01T12:14:11.954+0000] {logging_mixin.py:190} INFO - [2026-02-01T12:14:11.953+0000] {dagbag.py:588} INFO - Filling up the DagBag from /opt/airflow/dags/bronze_dag_1.py
[2026-02-01T12:14:11.964+0000] {processor.py:925} INFO - DAG(s) 'Bronze_Dag_1' retrieved from /opt/airflow/dags/bronze_dag_1.py
[2026-02-01T12:14:11.992+0000] {logging_mixin.py:190} INFO - [2026-02-01T12:14:11.992+0000] {dag.py:3239} INFO - Sync 1 DAGs
[2026-02-01T12:14:12.014+0000] {logging_mixin.py:190} INFO - [2026-02-01T12:14:12.014+0000] {dag.py:4180} INFO - Setting next_dagrun for Bronze_Dag_1 to None, run_after=None
[2026-02-01T12:14:12.032+0000] {processor.py:208} INFO - Processing /opt/airflow/dags/bronze_dag_1.py took 0.088 seconds
[2026-02-01T12:14:42.945+0000] {processor.py:186} INFO - Started process (PID=261) to work on /opt/airflow/dags/bronze_dag_1.py
[2026-02-01T12:14:42.946+0000] {processor.py:914} INFO - Processing file /opt/airflow/dags/bronze_dag_1.py for tasks to queue
[2026-02-01T12:14:42.957+0000] {logging_mixin.py:190} INFO - [2026-02-01T12:14:42.956+0000] {dagbag.py:588} INFO - Filling up the DagBag from /opt/airflow/dags/bronze_dag_1.py
[2026-02-01T12:14:42.990+0000] {processor.py:925} INFO - DAG(s) 'Bronze_Dag_1' retrieved from /opt/airflow/dags/bronze_dag_1.py
[2026-02-01T12:14:43.064+0000] {logging_mixin.py:190} INFO - [2026-02-01T12:14:43.063+0000] {dag.py:3239} INFO - Sync 1 DAGs
[2026-02-01T12:14:43.115+0000] {logging_mixin.py:190} INFO - [2026-02-01T12:14:43.115+0000] {dag.py:4180} INFO - Setting next_dagrun for Bronze_Dag_1 to None, run_after=None
[2026-02-01T12:14:43.162+0000] {processor.py:208} INFO - Processing /opt/airflow/dags/bronze_dag_1.py took 0.235 seconds
[2026-02-01T12:15:13.588+0000] {processor.py:186} INFO - Started process (PID=278) to work on /opt/airflow/dags/bronze_dag_1.py
[2026-02-01T12:15:13.589+0000] {processor.py:914} INFO - Processing file /opt/airflow/dags/bronze_dag_1.py for tasks to queue
[2026-02-01T12:15:13.591+0000] {logging_mixin.py:190} INFO - [2026-02-01T12:15:13.591+0000] {dagbag.py:588} INFO - Filling up the DagBag from /opt/airflow/dags/bronze_dag_1.py
[2026-02-01T12:15:13.600+0000] {processor.py:925} INFO - DAG(s) 'Bronze_Dag_1' retrieved from /opt/airflow/dags/bronze_dag_1.py
[2026-02-01T12:15:13.625+0000] {logging_mixin.py:190} INFO - [2026-02-01T12:15:13.625+0000] {dag.py:3239} INFO - Sync 1 DAGs
[2026-02-01T12:15:13.643+0000] {logging_mixin.py:190} INFO - [2026-02-01T12:15:13.643+0000] {dag.py:4180} INFO - Setting next_dagrun for Bronze_Dag_1 to None, run_after=None
[2026-02-01T12:15:13.659+0000] {processor.py:208} INFO - Processing /opt/airflow/dags/bronze_dag_1.py took 0.075 seconds
[2026-02-01T12:15:44.505+0000] {processor.py:186} INFO - Started process (PID=294) to work on /opt/airflow/dags/bronze_dag_1.py
[2026-02-01T12:15:44.509+0000] {processor.py:914} INFO - Processing file /opt/airflow/dags/bronze_dag_1.py for tasks to queue
[2026-02-01T12:15:44.521+0000] {logging_mixin.py:190} INFO - [2026-02-01T12:15:44.517+0000] {dagbag.py:588} INFO - Filling up the DagBag from /opt/airflow/dags/bronze_dag_1.py
[2026-02-01T12:15:44.534+0000] {processor.py:925} INFO - DAG(s) 'Bronze_Dag_1' retrieved from /opt/airflow/dags/bronze_dag_1.py
[2026-02-01T12:15:44.573+0000] {logging_mixin.py:190} INFO - [2026-02-01T12:15:44.573+0000] {dag.py:3239} INFO - Sync 1 DAGs
[2026-02-01T12:15:44.590+0000] {logging_mixin.py:190} INFO - [2026-02-01T12:15:44.590+0000] {dag.py:4180} INFO - Setting next_dagrun for Bronze_Dag_1 to None, run_after=None
[2026-02-01T12:15:44.605+0000] {processor.py:208} INFO - Processing /opt/airflow/dags/bronze_dag_1.py took 0.115 seconds
[2026-02-01T12:16:14.960+0000] {processor.py:186} INFO - Started process (PID=311) to work on /opt/airflow/dags/bronze_dag_1.py
[2026-02-01T12:16:14.960+0000] {processor.py:914} INFO - Processing file /opt/airflow/dags/bronze_dag_1.py for tasks to queue
[2026-02-01T12:16:14.962+0000] {logging_mixin.py:190} INFO - [2026-02-01T12:16:14.962+0000] {dagbag.py:588} INFO - Filling up the DagBag from /opt/airflow/dags/bronze_dag_1.py
[2026-02-01T12:16:14.970+0000] {processor.py:925} INFO - DAG(s) 'Bronze_Dag_1' retrieved from /opt/airflow/dags/bronze_dag_1.py
[2026-02-01T12:16:14.996+0000] {logging_mixin.py:190} INFO - [2026-02-01T12:16:14.996+0000] {dag.py:3239} INFO - Sync 1 DAGs
[2026-02-01T12:16:15.016+0000] {logging_mixin.py:190} INFO - [2026-02-01T12:16:15.015+0000] {dag.py:4180} INFO - Setting next_dagrun for Bronze_Dag_1 to None, run_after=None
[2026-02-01T12:16:15.031+0000] {processor.py:208} INFO - Processing /opt/airflow/dags/bronze_dag_1.py took 0.076 seconds
[2026-02-01T12:16:45.343+0000] {processor.py:186} INFO - Started process (PID=327) to work on /opt/airflow/dags/bronze_dag_1.py
[2026-02-01T12:16:45.343+0000] {processor.py:914} INFO - Processing file /opt/airflow/dags/bronze_dag_1.py for tasks to queue
[2026-02-01T12:16:45.346+0000] {logging_mixin.py:190} INFO - [2026-02-01T12:16:45.345+0000] {dagbag.py:588} INFO - Filling up the DagBag from /opt/airflow/dags/bronze_dag_1.py
[2026-02-01T12:16:45.355+0000] {processor.py:925} INFO - DAG(s) 'Bronze_Dag_1' retrieved from /opt/airflow/dags/bronze_dag_1.py
[2026-02-01T12:16:45.377+0000] {logging_mixin.py:190} INFO - [2026-02-01T12:16:45.377+0000] {dag.py:3239} INFO - Sync 1 DAGs
[2026-02-01T12:16:45.396+0000] {logging_mixin.py:190} INFO - [2026-02-01T12:16:45.396+0000] {dag.py:4180} INFO - Setting next_dagrun for Bronze_Dag_1 to None, run_after=None
[2026-02-01T12:16:45.412+0000] {processor.py:208} INFO - Processing /opt/airflow/dags/bronze_dag_1.py took 0.074 seconds
[2026-02-01T12:17:15.772+0000] {processor.py:186} INFO - Started process (PID=343) to work on /opt/airflow/dags/bronze_dag_1.py
[2026-02-01T12:17:15.773+0000] {processor.py:914} INFO - Processing file /opt/airflow/dags/bronze_dag_1.py for tasks to queue
[2026-02-01T12:17:15.775+0000] {logging_mixin.py:190} INFO - [2026-02-01T12:17:15.774+0000] {dagbag.py:588} INFO - Filling up the DagBag from /opt/airflow/dags/bronze_dag_1.py
[2026-02-01T12:17:15.784+0000] {processor.py:925} INFO - DAG(s) 'Bronze_Dag_1' retrieved from /opt/airflow/dags/bronze_dag_1.py
[2026-02-01T12:17:15.811+0000] {logging_mixin.py:190} INFO - [2026-02-01T12:17:15.811+0000] {dag.py:3239} INFO - Sync 1 DAGs
[2026-02-01T12:17:15.829+0000] {logging_mixin.py:190} INFO - [2026-02-01T12:17:15.829+0000] {dag.py:4180} INFO - Setting next_dagrun for Bronze_Dag_1 to None, run_after=None
[2026-02-01T12:17:15.845+0000] {processor.py:208} INFO - Processing /opt/airflow/dags/bronze_dag_1.py took 0.078 seconds
[2026-02-01T12:17:46.078+0000] {processor.py:186} INFO - Started process (PID=359) to work on /opt/airflow/dags/bronze_dag_1.py
[2026-02-01T12:17:46.079+0000] {processor.py:914} INFO - Processing file /opt/airflow/dags/bronze_dag_1.py for tasks to queue
[2026-02-01T12:17:46.083+0000] {logging_mixin.py:190} INFO - [2026-02-01T12:17:46.083+0000] {dagbag.py:588} INFO - Filling up the DagBag from /opt/airflow/dags/bronze_dag_1.py
[2026-02-01T12:17:46.098+0000] {processor.py:925} INFO - DAG(s) 'Bronze_Dag_1' retrieved from /opt/airflow/dags/bronze_dag_1.py
[2026-02-01T12:17:46.138+0000] {logging_mixin.py:190} INFO - [2026-02-01T12:17:46.138+0000] {dag.py:3239} INFO - Sync 1 DAGs
[2026-02-01T12:17:46.159+0000] {logging_mixin.py:190} INFO - [2026-02-01T12:17:46.159+0000] {dag.py:4180} INFO - Setting next_dagrun for Bronze_Dag_1 to None, run_after=None
[2026-02-01T12:17:46.179+0000] {processor.py:208} INFO - Processing /opt/airflow/dags/bronze_dag_1.py took 0.113 seconds
[2026-02-01T12:18:16.424+0000] {processor.py:186} INFO - Started process (PID=375) to work on /opt/airflow/dags/bronze_dag_1.py
[2026-02-01T12:18:16.425+0000] {processor.py:914} INFO - Processing file /opt/airflow/dags/bronze_dag_1.py for tasks to queue
[2026-02-01T12:18:16.427+0000] {logging_mixin.py:190} INFO - [2026-02-01T12:18:16.426+0000] {dagbag.py:588} INFO - Filling up the DagBag from /opt/airflow/dags/bronze_dag_1.py
[2026-02-01T12:18:16.436+0000] {processor.py:925} INFO - DAG(s) 'Bronze_Dag_1' retrieved from /opt/airflow/dags/bronze_dag_1.py
[2026-02-01T12:18:16.462+0000] {logging_mixin.py:190} INFO - [2026-02-01T12:18:16.462+0000] {dag.py:3239} INFO - Sync 1 DAGs
[2026-02-01T12:18:16.482+0000] {logging_mixin.py:190} INFO - [2026-02-01T12:18:16.482+0000] {dag.py:4180} INFO - Setting next_dagrun for Bronze_Dag_1 to None, run_after=None
[2026-02-01T12:18:16.498+0000] {processor.py:208} INFO - Processing /opt/airflow/dags/bronze_dag_1.py took 0.078 seconds
[2026-02-01T12:18:47.013+0000] {processor.py:186} INFO - Started process (PID=391) to work on /opt/airflow/dags/bronze_dag_1.py
[2026-02-01T12:18:47.014+0000] {processor.py:914} INFO - Processing file /opt/airflow/dags/bronze_dag_1.py for tasks to queue
[2026-02-01T12:18:47.016+0000] {logging_mixin.py:190} INFO - [2026-02-01T12:18:47.016+0000] {dagbag.py:588} INFO - Filling up the DagBag from /opt/airflow/dags/bronze_dag_1.py
[2026-02-01T12:18:47.025+0000] {processor.py:925} INFO - DAG(s) 'Bronze_Dag_1' retrieved from /opt/airflow/dags/bronze_dag_1.py
[2026-02-01T12:18:47.051+0000] {logging_mixin.py:190} INFO - [2026-02-01T12:18:47.051+0000] {dag.py:3239} INFO - Sync 1 DAGs
[2026-02-01T12:18:47.070+0000] {logging_mixin.py:190} INFO - [2026-02-01T12:18:47.070+0000] {dag.py:4180} INFO - Setting next_dagrun for Bronze_Dag_1 to None, run_after=None
[2026-02-01T12:18:47.085+0000] {processor.py:208} INFO - Processing /opt/airflow/dags/bronze_dag_1.py took 0.077 seconds
[2026-02-01T12:19:17.626+0000] {processor.py:186} INFO - Started process (PID=407) to work on /opt/airflow/dags/bronze_dag_1.py
[2026-02-01T12:19:17.634+0000] {processor.py:914} INFO - Processing file /opt/airflow/dags/bronze_dag_1.py for tasks to queue
[2026-02-01T12:19:17.642+0000] {logging_mixin.py:190} INFO - [2026-02-01T12:19:17.640+0000] {dagbag.py:588} INFO - Filling up the DagBag from /opt/airflow/dags/bronze_dag_1.py
[2026-02-01T12:19:17.676+0000] {processor.py:925} INFO - DAG(s) 'Bronze_Dag_1' retrieved from /opt/airflow/dags/bronze_dag_1.py
[2026-02-01T12:19:17.750+0000] {logging_mixin.py:190} INFO - [2026-02-01T12:19:17.749+0000] {dag.py:3239} INFO - Sync 1 DAGs
[2026-02-01T12:19:17.797+0000] {logging_mixin.py:190} INFO - [2026-02-01T12:19:17.797+0000] {dag.py:4180} INFO - Setting next_dagrun for Bronze_Dag_1 to None, run_after=None
[2026-02-01T12:19:17.828+0000] {processor.py:208} INFO - Processing /opt/airflow/dags/bronze_dag_1.py took 0.217 seconds
[2026-02-01T12:19:48.672+0000] {processor.py:186} INFO - Started process (PID=423) to work on /opt/airflow/dags/bronze_dag_1.py
[2026-02-01T12:19:48.673+0000] {processor.py:914} INFO - Processing file /opt/airflow/dags/bronze_dag_1.py for tasks to queue
[2026-02-01T12:19:48.676+0000] {logging_mixin.py:190} INFO - [2026-02-01T12:19:48.675+0000] {dagbag.py:588} INFO - Filling up the DagBag from /opt/airflow/dags/bronze_dag_1.py
[2026-02-01T12:19:48.692+0000] {processor.py:925} INFO - DAG(s) 'Bronze_Dag_1' retrieved from /opt/airflow/dags/bronze_dag_1.py
[2026-02-01T12:19:48.722+0000] {logging_mixin.py:190} INFO - [2026-02-01T12:19:48.722+0000] {dag.py:3239} INFO - Sync 1 DAGs
[2026-02-01T12:19:48.746+0000] {logging_mixin.py:190} INFO - [2026-02-01T12:19:48.745+0000] {dag.py:4180} INFO - Setting next_dagrun for Bronze_Dag_1 to None, run_after=None
[2026-02-01T12:19:48.777+0000] {processor.py:208} INFO - Processing /opt/airflow/dags/bronze_dag_1.py took 0.112 seconds
[2026-02-01T12:20:19.373+0000] {processor.py:186} INFO - Started process (PID=438) to work on /opt/airflow/dags/bronze_dag_1.py
[2026-02-01T12:20:19.374+0000] {processor.py:914} INFO - Processing file /opt/airflow/dags/bronze_dag_1.py for tasks to queue
[2026-02-01T12:20:19.376+0000] {logging_mixin.py:190} INFO - [2026-02-01T12:20:19.376+0000] {dagbag.py:588} INFO - Filling up the DagBag from /opt/airflow/dags/bronze_dag_1.py
[2026-02-01T12:20:19.392+0000] {processor.py:925} INFO - DAG(s) 'Bronze_Dag_1' retrieved from /opt/airflow/dags/bronze_dag_1.py
[2026-02-01T12:20:19.422+0000] {logging_mixin.py:190} INFO - [2026-02-01T12:20:19.421+0000] {dag.py:3239} INFO - Sync 1 DAGs
[2026-02-01T12:20:19.439+0000] {logging_mixin.py:190} INFO - [2026-02-01T12:20:19.439+0000] {dag.py:4180} INFO - Setting next_dagrun for Bronze_Dag_1 to None, run_after=None
[2026-02-01T12:20:19.464+0000] {processor.py:208} INFO - Processing /opt/airflow/dags/bronze_dag_1.py took 0.098 seconds
[2026-02-01T12:20:50.153+0000] {processor.py:186} INFO - Started process (PID=453) to work on /opt/airflow/dags/bronze_dag_1.py
[2026-02-01T12:20:50.154+0000] {processor.py:914} INFO - Processing file /opt/airflow/dags/bronze_dag_1.py for tasks to queue
[2026-02-01T12:20:50.160+0000] {logging_mixin.py:190} INFO - [2026-02-01T12:20:50.159+0000] {dagbag.py:588} INFO - Filling up the DagBag from /opt/airflow/dags/bronze_dag_1.py
[2026-02-01T12:20:50.186+0000] {processor.py:925} INFO - DAG(s) 'Bronze_Dag_1' retrieved from /opt/airflow/dags/bronze_dag_1.py
[2026-02-01T12:20:50.221+0000] {logging_mixin.py:190} INFO - [2026-02-01T12:20:50.221+0000] {dag.py:3239} INFO - Sync 1 DAGs
[2026-02-01T12:20:50.236+0000] {logging_mixin.py:190} INFO - [2026-02-01T12:20:50.236+0000] {dag.py:4180} INFO - Setting next_dagrun for Bronze_Dag_1 to None, run_after=None
[2026-02-01T12:20:50.267+0000] {processor.py:208} INFO - Processing /opt/airflow/dags/bronze_dag_1.py took 0.124 seconds
[2026-02-01T12:21:20.682+0000] {processor.py:186} INFO - Started process (PID=469) to work on /opt/airflow/dags/bronze_dag_1.py
[2026-02-01T12:21:20.684+0000] {processor.py:914} INFO - Processing file /opt/airflow/dags/bronze_dag_1.py for tasks to queue
[2026-02-01T12:21:20.690+0000] {logging_mixin.py:190} INFO - [2026-02-01T12:21:20.687+0000] {dagbag.py:588} INFO - Filling up the DagBag from /opt/airflow/dags/bronze_dag_1.py
[2026-02-01T12:21:20.714+0000] {processor.py:925} INFO - DAG(s) 'Bronze_Dag_1' retrieved from /opt/airflow/dags/bronze_dag_1.py
[2026-02-01T12:21:20.763+0000] {logging_mixin.py:190} INFO - [2026-02-01T12:21:20.762+0000] {dag.py:3239} INFO - Sync 1 DAGs
[2026-02-01T12:21:20.783+0000] {logging_mixin.py:190} INFO - [2026-02-01T12:21:20.783+0000] {dag.py:4180} INFO - Setting next_dagrun for Bronze_Dag_1 to None, run_after=None
[2026-02-01T12:21:20.804+0000] {processor.py:208} INFO - Processing /opt/airflow/dags/bronze_dag_1.py took 0.134 seconds
[2026-02-01T12:21:51.151+0000] {processor.py:186} INFO - Started process (PID=484) to work on /opt/airflow/dags/bronze_dag_1.py
[2026-02-01T12:21:51.151+0000] {processor.py:914} INFO - Processing file /opt/airflow/dags/bronze_dag_1.py for tasks to queue
[2026-02-01T12:21:51.154+0000] {logging_mixin.py:190} INFO - [2026-02-01T12:21:51.153+0000] {dagbag.py:588} INFO - Filling up the DagBag from /opt/airflow/dags/bronze_dag_1.py
[2026-02-01T12:21:51.161+0000] {processor.py:925} INFO - DAG(s) 'Bronze_Dag_1' retrieved from /opt/airflow/dags/bronze_dag_1.py
[2026-02-01T12:21:51.184+0000] {logging_mixin.py:190} INFO - [2026-02-01T12:21:51.184+0000] {dag.py:3239} INFO - Sync 1 DAGs
[2026-02-01T12:21:51.200+0000] {logging_mixin.py:190} INFO - [2026-02-01T12:21:51.200+0000] {dag.py:4180} INFO - Setting next_dagrun for Bronze_Dag_1 to None, run_after=None
[2026-02-01T12:21:51.216+0000] {processor.py:208} INFO - Processing /opt/airflow/dags/bronze_dag_1.py took 0.070 seconds
[2026-02-01T12:22:21.577+0000] {processor.py:186} INFO - Started process (PID=501) to work on /opt/airflow/dags/bronze_dag_1.py
[2026-02-01T12:22:21.577+0000] {processor.py:914} INFO - Processing file /opt/airflow/dags/bronze_dag_1.py for tasks to queue
[2026-02-01T12:22:21.579+0000] {logging_mixin.py:190} INFO - [2026-02-01T12:22:21.579+0000] {dagbag.py:588} INFO - Filling up the DagBag from /opt/airflow/dags/bronze_dag_1.py
[2026-02-01T12:22:21.592+0000] {processor.py:925} INFO - DAG(s) 'Bronze_Dag_1' retrieved from /opt/airflow/dags/bronze_dag_1.py
[2026-02-01T12:22:21.620+0000] {logging_mixin.py:190} INFO - [2026-02-01T12:22:21.620+0000] {dag.py:3239} INFO - Sync 1 DAGs
[2026-02-01T12:22:21.638+0000] {logging_mixin.py:190} INFO - [2026-02-01T12:22:21.637+0000] {dag.py:4180} INFO - Setting next_dagrun for Bronze_Dag_1 to None, run_after=None
[2026-02-01T12:22:21.654+0000] {processor.py:208} INFO - Processing /opt/airflow/dags/bronze_dag_1.py took 0.082 seconds
[2026-02-01T12:22:51.997+0000] {processor.py:186} INFO - Started process (PID=517) to work on /opt/airflow/dags/bronze_dag_1.py
[2026-02-01T12:22:51.999+0000] {processor.py:914} INFO - Processing file /opt/airflow/dags/bronze_dag_1.py for tasks to queue
[2026-02-01T12:22:52.009+0000] {logging_mixin.py:190} INFO - [2026-02-01T12:22:52.007+0000] {dagbag.py:588} INFO - Filling up the DagBag from /opt/airflow/dags/bronze_dag_1.py
[2026-02-01T12:22:52.037+0000] {processor.py:925} INFO - DAG(s) 'Bronze_Dag_1' retrieved from /opt/airflow/dags/bronze_dag_1.py
[2026-02-01T12:22:52.090+0000] {logging_mixin.py:190} INFO - [2026-02-01T12:22:52.090+0000] {dag.py:3239} INFO - Sync 1 DAGs
[2026-02-01T12:22:52.125+0000] {logging_mixin.py:190} INFO - [2026-02-01T12:22:52.124+0000] {dag.py:4180} INFO - Setting next_dagrun for Bronze_Dag_1 to None, run_after=None
[2026-02-01T12:22:52.142+0000] {processor.py:208} INFO - Processing /opt/airflow/dags/bronze_dag_1.py took 0.154 seconds
[2026-02-01T12:23:22.418+0000] {processor.py:186} INFO - Started process (PID=532) to work on /opt/airflow/dags/bronze_dag_1.py
[2026-02-01T12:23:22.420+0000] {processor.py:914} INFO - Processing file /opt/airflow/dags/bronze_dag_1.py for tasks to queue
[2026-02-01T12:23:22.428+0000] {logging_mixin.py:190} INFO - [2026-02-01T12:23:22.428+0000] {dagbag.py:588} INFO - Filling up the DagBag from /opt/airflow/dags/bronze_dag_1.py
[2026-02-01T12:23:22.447+0000] {processor.py:925} INFO - DAG(s) 'Bronze_Dag_1' retrieved from /opt/airflow/dags/bronze_dag_1.py
[2026-02-01T12:23:22.500+0000] {logging_mixin.py:190} INFO - [2026-02-01T12:23:22.500+0000] {dag.py:3239} INFO - Sync 1 DAGs
[2026-02-01T12:23:22.525+0000] {logging_mixin.py:190} INFO - [2026-02-01T12:23:22.524+0000] {dag.py:4180} INFO - Setting next_dagrun for Bronze_Dag_1 to None, run_after=None
[2026-02-01T12:23:22.547+0000] {processor.py:208} INFO - Processing /opt/airflow/dags/bronze_dag_1.py took 0.149 seconds
[2026-02-01T12:23:52.927+0000] {processor.py:186} INFO - Started process (PID=549) to work on /opt/airflow/dags/bronze_dag_1.py
[2026-02-01T12:23:52.928+0000] {processor.py:914} INFO - Processing file /opt/airflow/dags/bronze_dag_1.py for tasks to queue
[2026-02-01T12:23:52.945+0000] {logging_mixin.py:190} INFO - [2026-02-01T12:23:52.942+0000] {dagbag.py:588} INFO - Filling up the DagBag from /opt/airflow/dags/bronze_dag_1.py
[2026-02-01T12:23:52.974+0000] {processor.py:925} INFO - DAG(s) 'Bronze_Dag_1' retrieved from /opt/airflow/dags/bronze_dag_1.py
[2026-02-01T12:23:53.010+0000] {logging_mixin.py:190} INFO - [2026-02-01T12:23:53.010+0000] {dag.py:3239} INFO - Sync 1 DAGs
[2026-02-01T12:23:53.038+0000] {logging_mixin.py:190} INFO - [2026-02-01T12:23:53.037+0000] {dag.py:4180} INFO - Setting next_dagrun for Bronze_Dag_1 to None, run_after=None
[2026-02-01T12:23:53.068+0000] {processor.py:208} INFO - Processing /opt/airflow/dags/bronze_dag_1.py took 0.152 seconds
[2026-02-01T12:24:23.646+0000] {processor.py:186} INFO - Started process (PID=571) to work on /opt/airflow/dags/bronze_dag_1.py
[2026-02-01T12:24:23.649+0000] {processor.py:914} INFO - Processing file /opt/airflow/dags/bronze_dag_1.py for tasks to queue
[2026-02-01T12:24:23.653+0000] {logging_mixin.py:190} INFO - [2026-02-01T12:24:23.653+0000] {dagbag.py:588} INFO - Filling up the DagBag from /opt/airflow/dags/bronze_dag_1.py
[2026-02-01T12:24:23.668+0000] {processor.py:925} INFO - DAG(s) 'Bronze_Dag_1' retrieved from /opt/airflow/dags/bronze_dag_1.py
[2026-02-01T12:24:23.694+0000] {logging_mixin.py:190} INFO - [2026-02-01T12:24:23.694+0000] {dag.py:3239} INFO - Sync 1 DAGs
[2026-02-01T12:24:23.711+0000] {logging_mixin.py:190} INFO - [2026-02-01T12:24:23.711+0000] {dag.py:4180} INFO - Setting next_dagrun for Bronze_Dag_1 to None, run_after=None
[2026-02-01T12:24:23.728+0000] {processor.py:208} INFO - Processing /opt/airflow/dags/bronze_dag_1.py took 0.089 seconds
[2026-02-01T12:24:54.261+0000] {processor.py:186} INFO - Started process (PID=586) to work on /opt/airflow/dags/bronze_dag_1.py
[2026-02-01T12:24:54.262+0000] {processor.py:914} INFO - Processing file /opt/airflow/dags/bronze_dag_1.py for tasks to queue
[2026-02-01T12:24:54.265+0000] {logging_mixin.py:190} INFO - [2026-02-01T12:24:54.265+0000] {dagbag.py:588} INFO - Filling up the DagBag from /opt/airflow/dags/bronze_dag_1.py
[2026-02-01T12:24:54.274+0000] {processor.py:925} INFO - DAG(s) 'Bronze_Dag_1' retrieved from /opt/airflow/dags/bronze_dag_1.py
[2026-02-01T12:24:54.302+0000] {logging_mixin.py:190} INFO - [2026-02-01T12:24:54.302+0000] {dag.py:3239} INFO - Sync 1 DAGs
[2026-02-01T12:24:54.319+0000] {logging_mixin.py:190} INFO - [2026-02-01T12:24:54.319+0000] {dag.py:4180} INFO - Setting next_dagrun for Bronze_Dag_1 to None, run_after=None
[2026-02-01T12:24:54.336+0000] {processor.py:208} INFO - Processing /opt/airflow/dags/bronze_dag_1.py took 0.087 seconds
[2026-02-01T12:25:25.124+0000] {processor.py:186} INFO - Started process (PID=602) to work on /opt/airflow/dags/bronze_dag_1.py
[2026-02-01T12:25:25.125+0000] {processor.py:914} INFO - Processing file /opt/airflow/dags/bronze_dag_1.py for tasks to queue
[2026-02-01T12:25:25.132+0000] {logging_mixin.py:190} INFO - [2026-02-01T12:25:25.131+0000] {dagbag.py:588} INFO - Filling up the DagBag from /opt/airflow/dags/bronze_dag_1.py
[2026-02-01T12:25:25.147+0000] {processor.py:925} INFO - DAG(s) 'Bronze_Dag_1' retrieved from /opt/airflow/dags/bronze_dag_1.py
[2026-02-01T12:25:25.217+0000] {logging_mixin.py:190} INFO - [2026-02-01T12:25:25.216+0000] {dag.py:3239} INFO - Sync 1 DAGs
[2026-02-01T12:25:25.262+0000] {logging_mixin.py:190} INFO - [2026-02-01T12:25:25.258+0000] {dag.py:4180} INFO - Setting next_dagrun for Bronze_Dag_1 to None, run_after=None
[2026-02-01T12:25:25.305+0000] {processor.py:208} INFO - Processing /opt/airflow/dags/bronze_dag_1.py took 0.203 seconds
[2026-02-01T12:25:55.420+0000] {processor.py:186} INFO - Started process (PID=618) to work on /opt/airflow/dags/bronze_dag_1.py
[2026-02-01T12:25:55.421+0000] {processor.py:914} INFO - Processing file /opt/airflow/dags/bronze_dag_1.py for tasks to queue
[2026-02-01T12:25:55.431+0000] {logging_mixin.py:190} INFO - [2026-02-01T12:25:55.428+0000] {dagbag.py:588} INFO - Filling up the DagBag from /opt/airflow/dags/bronze_dag_1.py
[2026-02-01T12:25:55.448+0000] {processor.py:925} INFO - DAG(s) 'Bronze_Dag_1' retrieved from /opt/airflow/dags/bronze_dag_1.py
[2026-02-01T12:25:55.497+0000] {logging_mixin.py:190} INFO - [2026-02-01T12:25:55.496+0000] {dag.py:3239} INFO - Sync 1 DAGs
[2026-02-01T12:25:55.518+0000] {logging_mixin.py:190} INFO - [2026-02-01T12:25:55.517+0000] {dag.py:4180} INFO - Setting next_dagrun for Bronze_Dag_1 to None, run_after=None
[2026-02-01T12:25:55.549+0000] {processor.py:208} INFO - Processing /opt/airflow/dags/bronze_dag_1.py took 0.150 seconds
[2026-02-01T12:26:26.275+0000] {processor.py:186} INFO - Started process (PID=634) to work on /opt/airflow/dags/bronze_dag_1.py
[2026-02-01T12:26:26.276+0000] {processor.py:914} INFO - Processing file /opt/airflow/dags/bronze_dag_1.py for tasks to queue
[2026-02-01T12:26:26.280+0000] {logging_mixin.py:190} INFO - [2026-02-01T12:26:26.279+0000] {dagbag.py:588} INFO - Filling up the DagBag from /opt/airflow/dags/bronze_dag_1.py
[2026-02-01T12:26:26.294+0000] {processor.py:925} INFO - DAG(s) 'Bronze_Dag_1' retrieved from /opt/airflow/dags/bronze_dag_1.py
[2026-02-01T12:26:26.340+0000] {logging_mixin.py:190} INFO - [2026-02-01T12:26:26.340+0000] {dag.py:3239} INFO - Sync 1 DAGs
[2026-02-01T12:26:26.370+0000] {logging_mixin.py:190} INFO - [2026-02-01T12:26:26.370+0000] {dag.py:4180} INFO - Setting next_dagrun for Bronze_Dag_1 to None, run_after=None
[2026-02-01T12:26:26.397+0000] {processor.py:208} INFO - Processing /opt/airflow/dags/bronze_dag_1.py took 0.134 seconds
[2026-02-01T12:26:57.439+0000] {processor.py:186} INFO - Started process (PID=649) to work on /opt/airflow/dags/bronze_dag_1.py
[2026-02-01T12:26:57.440+0000] {processor.py:914} INFO - Processing file /opt/airflow/dags/bronze_dag_1.py for tasks to queue
[2026-02-01T12:26:57.441+0000] {logging_mixin.py:190} INFO - [2026-02-01T12:26:57.441+0000] {dagbag.py:588} INFO - Filling up the DagBag from /opt/airflow/dags/bronze_dag_1.py
[2026-02-01T12:26:57.455+0000] {processor.py:925} INFO - DAG(s) 'Bronze_Dag_1' retrieved from /opt/airflow/dags/bronze_dag_1.py
[2026-02-01T12:26:57.496+0000] {logging_mixin.py:190} INFO - [2026-02-01T12:26:57.496+0000] {dag.py:3239} INFO - Sync 1 DAGs
[2026-02-01T12:26:57.520+0000] {logging_mixin.py:190} INFO - [2026-02-01T12:26:57.520+0000] {dag.py:4180} INFO - Setting next_dagrun for Bronze_Dag_1 to None, run_after=None
[2026-02-01T12:26:57.546+0000] {processor.py:208} INFO - Processing /opt/airflow/dags/bronze_dag_1.py took 0.111 seconds
[2026-02-01T12:27:27.710+0000] {processor.py:186} INFO - Started process (PID=665) to work on /opt/airflow/dags/bronze_dag_1.py
[2026-02-01T12:27:27.712+0000] {processor.py:914} INFO - Processing file /opt/airflow/dags/bronze_dag_1.py for tasks to queue
[2026-02-01T12:27:27.723+0000] {logging_mixin.py:190} INFO - [2026-02-01T12:27:27.722+0000] {dagbag.py:588} INFO - Filling up the DagBag from /opt/airflow/dags/bronze_dag_1.py
[2026-02-01T12:27:27.741+0000] {processor.py:925} INFO - DAG(s) 'Bronze_Dag_1' retrieved from /opt/airflow/dags/bronze_dag_1.py
[2026-02-01T12:27:27.777+0000] {logging_mixin.py:190} INFO - [2026-02-01T12:27:27.777+0000] {dag.py:3239} INFO - Sync 1 DAGs
[2026-02-01T12:27:27.807+0000] {logging_mixin.py:190} INFO - [2026-02-01T12:27:27.807+0000] {dag.py:4180} INFO - Setting next_dagrun for Bronze_Dag_1 to None, run_after=None
[2026-02-01T12:27:27.835+0000] {processor.py:208} INFO - Processing /opt/airflow/dags/bronze_dag_1.py took 0.134 seconds
[2026-02-01T12:27:58.116+0000] {processor.py:186} INFO - Started process (PID=681) to work on /opt/airflow/dags/bronze_dag_1.py
[2026-02-01T12:27:58.119+0000] {processor.py:914} INFO - Processing file /opt/airflow/dags/bronze_dag_1.py for tasks to queue
[2026-02-01T12:27:58.129+0000] {logging_mixin.py:190} INFO - [2026-02-01T12:27:58.126+0000] {dagbag.py:588} INFO - Filling up the DagBag from /opt/airflow/dags/bronze_dag_1.py
[2026-02-01T12:27:58.148+0000] {processor.py:925} INFO - DAG(s) 'Bronze_Dag_1' retrieved from /opt/airflow/dags/bronze_dag_1.py
[2026-02-01T12:27:58.206+0000] {logging_mixin.py:190} INFO - [2026-02-01T12:27:58.205+0000] {dag.py:3239} INFO - Sync 1 DAGs
[2026-02-01T12:27:58.235+0000] {logging_mixin.py:190} INFO - [2026-02-01T12:27:58.233+0000] {dag.py:4180} INFO - Setting next_dagrun for Bronze_Dag_1 to None, run_after=None
[2026-02-01T12:27:58.270+0000] {processor.py:208} INFO - Processing /opt/airflow/dags/bronze_dag_1.py took 0.171 seconds
[2026-02-01T12:28:28.517+0000] {processor.py:186} INFO - Started process (PID=699) to work on /opt/airflow/dags/bronze_dag_1.py
[2026-02-01T12:28:28.518+0000] {processor.py:914} INFO - Processing file /opt/airflow/dags/bronze_dag_1.py for tasks to queue
[2026-02-01T12:28:28.527+0000] {logging_mixin.py:190} INFO - [2026-02-01T12:28:28.523+0000] {dagbag.py:588} INFO - Filling up the DagBag from /opt/airflow/dags/bronze_dag_1.py
[2026-02-01T12:28:28.556+0000] {processor.py:925} INFO - DAG(s) 'Bronze_Dag_1' retrieved from /opt/airflow/dags/bronze_dag_1.py
[2026-02-01T12:28:28.594+0000] {logging_mixin.py:190} INFO - [2026-02-01T12:28:28.593+0000] {dag.py:3239} INFO - Sync 1 DAGs
[2026-02-01T12:28:28.623+0000] {logging_mixin.py:190} INFO - [2026-02-01T12:28:28.623+0000] {dag.py:4180} INFO - Setting next_dagrun for Bronze_Dag_1 to None, run_after=None
[2026-02-01T12:28:28.650+0000] {processor.py:208} INFO - Processing /opt/airflow/dags/bronze_dag_1.py took 0.144 seconds
[2026-02-01T12:28:59.024+0000] {processor.py:186} INFO - Started process (PID=715) to work on /opt/airflow/dags/bronze_dag_1.py
[2026-02-01T12:28:59.025+0000] {processor.py:914} INFO - Processing file /opt/airflow/dags/bronze_dag_1.py for tasks to queue
[2026-02-01T12:28:59.027+0000] {logging_mixin.py:190} INFO - [2026-02-01T12:28:59.027+0000] {dagbag.py:588} INFO - Filling up the DagBag from /opt/airflow/dags/bronze_dag_1.py
[2026-02-01T12:28:59.041+0000] {processor.py:925} INFO - DAG(s) 'Bronze_Dag_1' retrieved from /opt/airflow/dags/bronze_dag_1.py
[2026-02-01T12:28:59.103+0000] {logging_mixin.py:190} INFO - [2026-02-01T12:28:59.103+0000] {dag.py:3239} INFO - Sync 1 DAGs
[2026-02-01T12:28:59.132+0000] {logging_mixin.py:190} INFO - [2026-02-01T12:28:59.132+0000] {dag.py:4180} INFO - Setting next_dagrun for Bronze_Dag_1 to None, run_after=None
[2026-02-01T12:28:59.160+0000] {processor.py:208} INFO - Processing /opt/airflow/dags/bronze_dag_1.py took 0.170 seconds
[2026-02-01T12:29:29.254+0000] {processor.py:186} INFO - Started process (PID=730) to work on /opt/airflow/dags/bronze_dag_1.py
[2026-02-01T12:29:29.258+0000] {processor.py:914} INFO - Processing file /opt/airflow/dags/bronze_dag_1.py for tasks to queue
[2026-02-01T12:29:29.266+0000] {logging_mixin.py:190} INFO - [2026-02-01T12:29:29.265+0000] {dagbag.py:588} INFO - Filling up the DagBag from /opt/airflow/dags/bronze_dag_1.py
[2026-02-01T12:29:29.289+0000] {processor.py:925} INFO - DAG(s) 'Bronze_Dag_1' retrieved from /opt/airflow/dags/bronze_dag_1.py
[2026-02-01T12:29:29.333+0000] {logging_mixin.py:190} INFO - [2026-02-01T12:29:29.332+0000] {dag.py:3239} INFO - Sync 1 DAGs
[2026-02-01T12:29:29.375+0000] {logging_mixin.py:190} INFO - [2026-02-01T12:29:29.374+0000] {dag.py:4180} INFO - Setting next_dagrun for Bronze_Dag_1 to None, run_after=None
[2026-02-01T12:29:29.425+0000] {processor.py:208} INFO - Processing /opt/airflow/dags/bronze_dag_1.py took 0.187 seconds
[2026-02-01T12:30:00.058+0000] {processor.py:186} INFO - Started process (PID=746) to work on /opt/airflow/dags/bronze_dag_1.py
[2026-02-01T12:30:00.060+0000] {processor.py:914} INFO - Processing file /opt/airflow/dags/bronze_dag_1.py for tasks to queue
[2026-02-01T12:30:00.071+0000] {logging_mixin.py:190} INFO - [2026-02-01T12:30:00.068+0000] {dagbag.py:588} INFO - Filling up the DagBag from /opt/airflow/dags/bronze_dag_1.py
[2026-02-01T12:30:00.090+0000] {processor.py:925} INFO - DAG(s) 'Bronze_Dag_1' retrieved from /opt/airflow/dags/bronze_dag_1.py
[2026-02-01T12:30:00.153+0000] {logging_mixin.py:190} INFO - [2026-02-01T12:30:00.153+0000] {dag.py:3239} INFO - Sync 1 DAGs
[2026-02-01T12:30:00.187+0000] {logging_mixin.py:190} INFO - [2026-02-01T12:30:00.187+0000] {dag.py:4180} INFO - Setting next_dagrun for Bronze_Dag_1 to None, run_after=None
[2026-02-01T12:30:00.219+0000] {processor.py:208} INFO - Processing /opt/airflow/dags/bronze_dag_1.py took 0.177 seconds
[2026-02-01T12:30:30.595+0000] {processor.py:186} INFO - Started process (PID=762) to work on /opt/airflow/dags/bronze_dag_1.py
[2026-02-01T12:30:30.596+0000] {processor.py:914} INFO - Processing file /opt/airflow/dags/bronze_dag_1.py for tasks to queue
[2026-02-01T12:30:30.600+0000] {logging_mixin.py:190} INFO - [2026-02-01T12:30:30.600+0000] {dagbag.py:588} INFO - Filling up the DagBag from /opt/airflow/dags/bronze_dag_1.py
[2026-02-01T12:30:30.635+0000] {processor.py:925} INFO - DAG(s) 'Bronze_Dag_1' retrieved from /opt/airflow/dags/bronze_dag_1.py
[2026-02-01T12:30:30.671+0000] {logging_mixin.py:190} INFO - [2026-02-01T12:30:30.670+0000] {dag.py:3239} INFO - Sync 1 DAGs
[2026-02-01T12:30:30.690+0000] {logging_mixin.py:190} INFO - [2026-02-01T12:30:30.690+0000] {dag.py:4180} INFO - Setting next_dagrun for Bronze_Dag_1 to None, run_after=None
[2026-02-01T12:30:30.712+0000] {processor.py:208} INFO - Processing /opt/airflow/dags/bronze_dag_1.py took 0.127 seconds
[2026-02-01T12:31:01.208+0000] {processor.py:186} INFO - Started process (PID=778) to work on /opt/airflow/dags/bronze_dag_1.py
[2026-02-01T12:31:01.209+0000] {processor.py:914} INFO - Processing file /opt/airflow/dags/bronze_dag_1.py for tasks to queue
[2026-02-01T12:31:01.212+0000] {logging_mixin.py:190} INFO - [2026-02-01T12:31:01.212+0000] {dagbag.py:588} INFO - Filling up the DagBag from /opt/airflow/dags/bronze_dag_1.py
[2026-02-01T12:31:01.223+0000] {processor.py:925} INFO - DAG(s) 'Bronze_Dag_1' retrieved from /opt/airflow/dags/bronze_dag_1.py
[2026-02-01T12:31:01.254+0000] {logging_mixin.py:190} INFO - [2026-02-01T12:31:01.254+0000] {dag.py:3239} INFO - Sync 1 DAGs
[2026-02-01T12:31:01.276+0000] {logging_mixin.py:190} INFO - [2026-02-01T12:31:01.276+0000] {dag.py:4180} INFO - Setting next_dagrun for Bronze_Dag_1 to None, run_after=None
[2026-02-01T12:31:01.297+0000] {processor.py:208} INFO - Processing /opt/airflow/dags/bronze_dag_1.py took 0.097 seconds
[2026-02-01T12:31:32.142+0000] {processor.py:186} INFO - Started process (PID=794) to work on /opt/airflow/dags/bronze_dag_1.py
[2026-02-01T12:31:32.147+0000] {processor.py:914} INFO - Processing file /opt/airflow/dags/bronze_dag_1.py for tasks to queue
[2026-02-01T12:31:32.157+0000] {logging_mixin.py:190} INFO - [2026-02-01T12:31:32.156+0000] {dagbag.py:588} INFO - Filling up the DagBag from /opt/airflow/dags/bronze_dag_1.py
[2026-02-01T12:31:32.208+0000] {processor.py:925} INFO - DAG(s) 'Bronze_Dag_1' retrieved from /opt/airflow/dags/bronze_dag_1.py
[2026-02-01T12:31:32.301+0000] {logging_mixin.py:190} INFO - [2026-02-01T12:31:32.300+0000] {dag.py:3239} INFO - Sync 1 DAGs
[2026-02-01T12:31:32.343+0000] {logging_mixin.py:190} INFO - [2026-02-01T12:31:32.343+0000] {dag.py:4180} INFO - Setting next_dagrun for Bronze_Dag_1 to None, run_after=None
[2026-02-01T12:31:32.391+0000] {processor.py:208} INFO - Processing /opt/airflow/dags/bronze_dag_1.py took 0.272 seconds
[2026-02-01T12:32:03.113+0000] {processor.py:186} INFO - Started process (PID=811) to work on /opt/airflow/dags/bronze_dag_1.py
[2026-02-01T12:32:03.116+0000] {processor.py:914} INFO - Processing file /opt/airflow/dags/bronze_dag_1.py for tasks to queue
[2026-02-01T12:32:03.125+0000] {logging_mixin.py:190} INFO - [2026-02-01T12:32:03.124+0000] {dagbag.py:588} INFO - Filling up the DagBag from /opt/airflow/dags/bronze_dag_1.py
[2026-02-01T12:32:03.162+0000] {processor.py:925} INFO - DAG(s) 'Bronze_Dag_1' retrieved from /opt/airflow/dags/bronze_dag_1.py
[2026-02-01T12:32:03.250+0000] {logging_mixin.py:190} INFO - [2026-02-01T12:32:03.250+0000] {dag.py:3239} INFO - Sync 1 DAGs
[2026-02-01T12:32:03.283+0000] {logging_mixin.py:190} INFO - [2026-02-01T12:32:03.283+0000] {dag.py:4180} INFO - Setting next_dagrun for Bronze_Dag_1 to None, run_after=None
[2026-02-01T12:32:03.319+0000] {processor.py:208} INFO - Processing /opt/airflow/dags/bronze_dag_1.py took 0.214 seconds
[2026-02-01T12:32:33.482+0000] {processor.py:186} INFO - Started process (PID=827) to work on /opt/airflow/dags/bronze_dag_1.py
[2026-02-01T12:32:33.483+0000] {processor.py:914} INFO - Processing file /opt/airflow/dags/bronze_dag_1.py for tasks to queue
[2026-02-01T12:32:33.486+0000] {logging_mixin.py:190} INFO - [2026-02-01T12:32:33.485+0000] {dagbag.py:588} INFO - Filling up the DagBag from /opt/airflow/dags/bronze_dag_1.py
[2026-02-01T12:32:33.500+0000] {processor.py:925} INFO - DAG(s) 'Bronze_Dag_1' retrieved from /opt/airflow/dags/bronze_dag_1.py
[2026-02-01T12:32:33.529+0000] {logging_mixin.py:190} INFO - [2026-02-01T12:32:33.529+0000] {dag.py:3239} INFO - Sync 1 DAGs
[2026-02-01T12:32:33.544+0000] {logging_mixin.py:190} INFO - [2026-02-01T12:32:33.544+0000] {dag.py:4180} INFO - Setting next_dagrun for Bronze_Dag_1 to None, run_after=None
[2026-02-01T12:32:33.563+0000] {processor.py:208} INFO - Processing /opt/airflow/dags/bronze_dag_1.py took 0.087 seconds
[2026-02-01T12:33:03.747+0000] {processor.py:186} INFO - Started process (PID=843) to work on /opt/airflow/dags/bronze_dag_1.py
[2026-02-01T12:33:03.748+0000] {processor.py:914} INFO - Processing file /opt/airflow/dags/bronze_dag_1.py for tasks to queue
[2026-02-01T12:33:03.751+0000] {logging_mixin.py:190} INFO - [2026-02-01T12:33:03.751+0000] {dagbag.py:588} INFO - Filling up the DagBag from /opt/airflow/dags/bronze_dag_1.py
[2026-02-01T12:33:03.761+0000] {processor.py:925} INFO - DAG(s) 'Bronze_Dag_1' retrieved from /opt/airflow/dags/bronze_dag_1.py
[2026-02-01T12:33:03.809+0000] {logging_mixin.py:190} INFO - [2026-02-01T12:33:03.809+0000] {dag.py:3239} INFO - Sync 1 DAGs
[2026-02-01T12:33:03.828+0000] {logging_mixin.py:190} INFO - [2026-02-01T12:33:03.828+0000] {dag.py:4180} INFO - Setting next_dagrun for Bronze_Dag_1 to None, run_after=None
[2026-02-01T12:33:03.850+0000] {processor.py:208} INFO - Processing /opt/airflow/dags/bronze_dag_1.py took 0.111 seconds
[2026-02-01T12:33:34.178+0000] {processor.py:186} INFO - Started process (PID=859) to work on /opt/airflow/dags/bronze_dag_1.py
[2026-02-01T12:33:34.179+0000] {processor.py:914} INFO - Processing file /opt/airflow/dags/bronze_dag_1.py for tasks to queue
[2026-02-01T12:33:34.183+0000] {logging_mixin.py:190} INFO - [2026-02-01T12:33:34.182+0000] {dagbag.py:588} INFO - Filling up the DagBag from /opt/airflow/dags/bronze_dag_1.py
[2026-02-01T12:33:34.199+0000] {processor.py:925} INFO - DAG(s) 'Bronze_Dag_1' retrieved from /opt/airflow/dags/bronze_dag_1.py
[2026-02-01T12:33:34.231+0000] {logging_mixin.py:190} INFO - [2026-02-01T12:33:34.231+0000] {dag.py:3239} INFO - Sync 1 DAGs
[2026-02-01T12:33:34.252+0000] {logging_mixin.py:190} INFO - [2026-02-01T12:33:34.250+0000] {dag.py:4180} INFO - Setting next_dagrun for Bronze_Dag_1 to None, run_after=None
[2026-02-01T12:33:34.286+0000] {processor.py:208} INFO - Processing /opt/airflow/dags/bronze_dag_1.py took 0.115 seconds
[2026-02-01T12:34:04.585+0000] {processor.py:186} INFO - Started process (PID=874) to work on /opt/airflow/dags/bronze_dag_1.py
[2026-02-01T12:34:04.586+0000] {processor.py:914} INFO - Processing file /opt/airflow/dags/bronze_dag_1.py for tasks to queue
[2026-02-01T12:34:04.589+0000] {logging_mixin.py:190} INFO - [2026-02-01T12:34:04.588+0000] {dagbag.py:588} INFO - Filling up the DagBag from /opt/airflow/dags/bronze_dag_1.py
[2026-02-01T12:34:04.599+0000] {processor.py:925} INFO - DAG(s) 'Bronze_Dag_1' retrieved from /opt/airflow/dags/bronze_dag_1.py
[2026-02-01T12:34:04.629+0000] {logging_mixin.py:190} INFO - [2026-02-01T12:34:04.629+0000] {dag.py:3239} INFO - Sync 1 DAGs
[2026-02-01T12:34:04.647+0000] {logging_mixin.py:190} INFO - [2026-02-01T12:34:04.647+0000] {dag.py:4180} INFO - Setting next_dagrun for Bronze_Dag_1 to None, run_after=None
[2026-02-01T12:34:04.665+0000] {processor.py:208} INFO - Processing /opt/airflow/dags/bronze_dag_1.py took 0.085 seconds
[2026-02-01T12:34:35.073+0000] {processor.py:186} INFO - Started process (PID=890) to work on /opt/airflow/dags/bronze_dag_1.py
[2026-02-01T12:34:35.074+0000] {processor.py:914} INFO - Processing file /opt/airflow/dags/bronze_dag_1.py for tasks to queue
[2026-02-01T12:34:35.076+0000] {logging_mixin.py:190} INFO - [2026-02-01T12:34:35.076+0000] {dagbag.py:588} INFO - Filling up the DagBag from /opt/airflow/dags/bronze_dag_1.py
[2026-02-01T12:34:35.083+0000] {processor.py:925} INFO - DAG(s) 'Bronze_Dag_1' retrieved from /opt/airflow/dags/bronze_dag_1.py
[2026-02-01T12:34:35.114+0000] {logging_mixin.py:190} INFO - [2026-02-01T12:34:35.114+0000] {dag.py:3239} INFO - Sync 1 DAGs
[2026-02-01T12:34:35.131+0000] {logging_mixin.py:190} INFO - [2026-02-01T12:34:35.131+0000] {dag.py:4180} INFO - Setting next_dagrun for Bronze_Dag_1 to None, run_after=None
[2026-02-01T12:34:35.155+0000] {processor.py:208} INFO - Processing /opt/airflow/dags/bronze_dag_1.py took 0.089 seconds
