[2026-02-01T12:08:33.677+0000] {processor.py:186} INFO - Started process (PID=67) to work on /opt/airflow/dags/data_reconciliation_dag_1.py
[2026-02-01T12:08:33.678+0000] {processor.py:914} INFO - Processing file /opt/airflow/dags/data_reconciliation_dag_1.py for tasks to queue
[2026-02-01T12:08:33.687+0000] {logging_mixin.py:190} INFO - [2026-02-01T12:08:33.686+0000] {dagbag.py:588} INFO - Filling up the DagBag from /opt/airflow/dags/data_reconciliation_dag_1.py
[2026-02-01T12:08:33.722+0000] {processor.py:925} INFO - DAG(s) 'Data_Reconciliation_Dag_1' retrieved from /opt/airflow/dags/data_reconciliation_dag_1.py
[2026-02-01T12:08:33.872+0000] {logging_mixin.py:190} INFO - [2026-02-01T12:08:33.868+0000] {dag.py:3239} INFO - Sync 1 DAGs
[2026-02-01T12:08:33.963+0000] {logging_mixin.py:190} INFO - [2026-02-01T12:08:33.963+0000] {dag.py:4180} INFO - Setting next_dagrun for Data_Reconciliation_Dag_1 to None, run_after=None
[2026-02-01T12:08:34.028+0000] {processor.py:208} INFO - Processing /opt/airflow/dags/data_reconciliation_dag_1.py took 0.384 seconds
[2026-02-01T12:09:04.280+0000] {processor.py:186} INFO - Started process (PID=83) to work on /opt/airflow/dags/data_reconciliation_dag_1.py
[2026-02-01T12:09:04.282+0000] {processor.py:914} INFO - Processing file /opt/airflow/dags/data_reconciliation_dag_1.py for tasks to queue
[2026-02-01T12:09:04.284+0000] {logging_mixin.py:190} INFO - [2026-02-01T12:09:04.284+0000] {dagbag.py:588} INFO - Filling up the DagBag from /opt/airflow/dags/data_reconciliation_dag_1.py
[2026-02-01T12:09:04.295+0000] {processor.py:925} INFO - DAG(s) 'Data_Reconciliation_Dag_1' retrieved from /opt/airflow/dags/data_reconciliation_dag_1.py
[2026-02-01T12:09:04.335+0000] {logging_mixin.py:190} INFO - [2026-02-01T12:09:04.335+0000] {dag.py:3239} INFO - Sync 1 DAGs
[2026-02-01T12:09:04.681+0000] {logging_mixin.py:190} INFO - [2026-02-01T12:09:04.681+0000] {dag.py:4180} INFO - Setting next_dagrun for Data_Reconciliation_Dag_1 to None, run_after=None
[2026-02-01T12:09:04.703+0000] {processor.py:208} INFO - Processing /opt/airflow/dags/data_reconciliation_dag_1.py took 0.431 seconds
[2026-02-01T12:09:34.989+0000] {processor.py:186} INFO - Started process (PID=100) to work on /opt/airflow/dags/data_reconciliation_dag_1.py
[2026-02-01T12:09:34.990+0000] {processor.py:914} INFO - Processing file /opt/airflow/dags/data_reconciliation_dag_1.py for tasks to queue
[2026-02-01T12:09:34.995+0000] {logging_mixin.py:190} INFO - [2026-02-01T12:09:34.995+0000] {dagbag.py:588} INFO - Filling up the DagBag from /opt/airflow/dags/data_reconciliation_dag_1.py
[2026-02-01T12:09:35.020+0000] {processor.py:925} INFO - DAG(s) 'Data_Reconciliation_Dag_1' retrieved from /opt/airflow/dags/data_reconciliation_dag_1.py
[2026-02-01T12:09:35.075+0000] {logging_mixin.py:190} INFO - [2026-02-01T12:09:35.074+0000] {dag.py:3239} INFO - Sync 1 DAGs
[2026-02-01T12:09:35.094+0000] {logging_mixin.py:190} INFO - [2026-02-01T12:09:35.094+0000] {dag.py:4180} INFO - Setting next_dagrun for Data_Reconciliation_Dag_1 to None, run_after=None
[2026-02-01T12:09:35.113+0000] {processor.py:208} INFO - Processing /opt/airflow/dags/data_reconciliation_dag_1.py took 0.130 seconds
[2026-02-01T12:10:05.326+0000] {processor.py:186} INFO - Started process (PID=116) to work on /opt/airflow/dags/data_reconciliation_dag_1.py
[2026-02-01T12:10:05.328+0000] {processor.py:914} INFO - Processing file /opt/airflow/dags/data_reconciliation_dag_1.py for tasks to queue
[2026-02-01T12:10:05.335+0000] {logging_mixin.py:190} INFO - [2026-02-01T12:10:05.334+0000] {dagbag.py:588} INFO - Filling up the DagBag from /opt/airflow/dags/data_reconciliation_dag_1.py
[2026-02-01T12:10:05.358+0000] {processor.py:925} INFO - DAG(s) 'Data_Reconciliation_Dag_1' retrieved from /opt/airflow/dags/data_reconciliation_dag_1.py
[2026-02-01T12:10:05.408+0000] {logging_mixin.py:190} INFO - [2026-02-01T12:10:05.408+0000] {dag.py:3239} INFO - Sync 1 DAGs
[2026-02-01T12:10:05.428+0000] {logging_mixin.py:190} INFO - [2026-02-01T12:10:05.428+0000] {dag.py:4180} INFO - Setting next_dagrun for Data_Reconciliation_Dag_1 to None, run_after=None
[2026-02-01T12:10:05.760+0000] {processor.py:208} INFO - Processing /opt/airflow/dags/data_reconciliation_dag_1.py took 0.441 seconds
[2026-02-01T12:10:36.009+0000] {processor.py:186} INFO - Started process (PID=132) to work on /opt/airflow/dags/data_reconciliation_dag_1.py
[2026-02-01T12:10:36.013+0000] {processor.py:914} INFO - Processing file /opt/airflow/dags/data_reconciliation_dag_1.py for tasks to queue
[2026-02-01T12:10:36.033+0000] {logging_mixin.py:190} INFO - [2026-02-01T12:10:36.023+0000] {dagbag.py:588} INFO - Filling up the DagBag from /opt/airflow/dags/data_reconciliation_dag_1.py
[2026-02-01T12:10:36.116+0000] {processor.py:925} INFO - DAG(s) 'Data_Reconciliation_Dag_1' retrieved from /opt/airflow/dags/data_reconciliation_dag_1.py
[2026-02-01T12:10:37.439+0000] {logging_mixin.py:190} INFO - [2026-02-01T12:10:37.439+0000] {dag.py:3239} INFO - Sync 1 DAGs
[2026-02-01T12:10:37.519+0000] {logging_mixin.py:190} INFO - [2026-02-01T12:10:37.519+0000] {dag.py:4180} INFO - Setting next_dagrun for Data_Reconciliation_Dag_1 to None, run_after=None
[2026-02-01T12:10:37.606+0000] {processor.py:208} INFO - Processing /opt/airflow/dags/data_reconciliation_dag_1.py took 1.638 seconds
[2026-02-01T12:11:08.262+0000] {processor.py:186} INFO - Started process (PID=149) to work on /opt/airflow/dags/data_reconciliation_dag_1.py
[2026-02-01T12:11:08.263+0000] {processor.py:914} INFO - Processing file /opt/airflow/dags/data_reconciliation_dag_1.py for tasks to queue
[2026-02-01T12:11:08.267+0000] {logging_mixin.py:190} INFO - [2026-02-01T12:11:08.266+0000] {dagbag.py:588} INFO - Filling up the DagBag from /opt/airflow/dags/data_reconciliation_dag_1.py
[2026-02-01T12:11:08.281+0000] {processor.py:925} INFO - DAG(s) 'Data_Reconciliation_Dag_1' retrieved from /opt/airflow/dags/data_reconciliation_dag_1.py
[2026-02-01T12:11:08.321+0000] {logging_mixin.py:190} INFO - [2026-02-01T12:11:08.321+0000] {dag.py:3239} INFO - Sync 1 DAGs
[2026-02-01T12:11:08.343+0000] {logging_mixin.py:190} INFO - [2026-02-01T12:11:08.343+0000] {dag.py:4180} INFO - Setting next_dagrun for Data_Reconciliation_Dag_1 to None, run_after=None
[2026-02-01T12:11:08.367+0000] {processor.py:208} INFO - Processing /opt/airflow/dags/data_reconciliation_dag_1.py took 0.111 seconds
[2026-02-01T12:11:38.629+0000] {processor.py:186} INFO - Started process (PID=164) to work on /opt/airflow/dags/data_reconciliation_dag_1.py
[2026-02-01T12:11:38.632+0000] {processor.py:914} INFO - Processing file /opt/airflow/dags/data_reconciliation_dag_1.py for tasks to queue
[2026-02-01T12:11:38.637+0000] {logging_mixin.py:190} INFO - [2026-02-01T12:11:38.636+0000] {dagbag.py:588} INFO - Filling up the DagBag from /opt/airflow/dags/data_reconciliation_dag_1.py
[2026-02-01T12:11:38.648+0000] {processor.py:925} INFO - DAG(s) 'Data_Reconciliation_Dag_1' retrieved from /opt/airflow/dags/data_reconciliation_dag_1.py
[2026-02-01T12:11:38.688+0000] {logging_mixin.py:190} INFO - [2026-02-01T12:11:38.688+0000] {dag.py:3239} INFO - Sync 1 DAGs
[2026-02-01T12:11:39.044+0000] {logging_mixin.py:190} INFO - [2026-02-01T12:11:39.043+0000] {dag.py:4180} INFO - Setting next_dagrun for Data_Reconciliation_Dag_1 to None, run_after=None
[2026-02-01T12:11:39.068+0000] {processor.py:208} INFO - Processing /opt/airflow/dags/data_reconciliation_dag_1.py took 0.445 seconds
[2026-02-01T12:12:10.107+0000] {processor.py:186} INFO - Started process (PID=180) to work on /opt/airflow/dags/data_reconciliation_dag_1.py
[2026-02-01T12:12:10.109+0000] {processor.py:914} INFO - Processing file /opt/airflow/dags/data_reconciliation_dag_1.py for tasks to queue
[2026-02-01T12:12:10.116+0000] {logging_mixin.py:190} INFO - [2026-02-01T12:12:10.113+0000] {dagbag.py:588} INFO - Filling up the DagBag from /opt/airflow/dags/data_reconciliation_dag_1.py
[2026-02-01T12:12:10.133+0000] {processor.py:925} INFO - DAG(s) 'Data_Reconciliation_Dag_1' retrieved from /opt/airflow/dags/data_reconciliation_dag_1.py
[2026-02-01T12:12:10.182+0000] {logging_mixin.py:190} INFO - [2026-02-01T12:12:10.182+0000] {dag.py:3239} INFO - Sync 1 DAGs
[2026-02-01T12:12:10.215+0000] {logging_mixin.py:190} INFO - [2026-02-01T12:12:10.213+0000] {dag.py:4180} INFO - Setting next_dagrun for Data_Reconciliation_Dag_1 to None, run_after=None
[2026-02-01T12:12:10.242+0000] {processor.py:208} INFO - Processing /opt/airflow/dags/data_reconciliation_dag_1.py took 0.147 seconds
[2026-02-01T12:12:40.544+0000] {processor.py:186} INFO - Started process (PID=196) to work on /opt/airflow/dags/data_reconciliation_dag_1.py
[2026-02-01T12:12:40.545+0000] {processor.py:914} INFO - Processing file /opt/airflow/dags/data_reconciliation_dag_1.py for tasks to queue
[2026-02-01T12:12:40.551+0000] {logging_mixin.py:190} INFO - [2026-02-01T12:12:40.549+0000] {dagbag.py:588} INFO - Filling up the DagBag from /opt/airflow/dags/data_reconciliation_dag_1.py
[2026-02-01T12:12:40.572+0000] {processor.py:925} INFO - DAG(s) 'Data_Reconciliation_Dag_1' retrieved from /opt/airflow/dags/data_reconciliation_dag_1.py
[2026-02-01T12:12:40.623+0000] {logging_mixin.py:190} INFO - [2026-02-01T12:12:40.622+0000] {dag.py:3239} INFO - Sync 1 DAGs
[2026-02-01T12:12:40.648+0000] {logging_mixin.py:190} INFO - [2026-02-01T12:12:40.648+0000] {dag.py:4180} INFO - Setting next_dagrun for Data_Reconciliation_Dag_1 to None, run_after=None
[2026-02-01T12:12:40.672+0000] {processor.py:208} INFO - Processing /opt/airflow/dags/data_reconciliation_dag_1.py took 0.143 seconds
[2026-02-01T12:13:10.935+0000] {processor.py:186} INFO - Started process (PID=212) to work on /opt/airflow/dags/data_reconciliation_dag_1.py
[2026-02-01T12:13:10.938+0000] {processor.py:914} INFO - Processing file /opt/airflow/dags/data_reconciliation_dag_1.py for tasks to queue
[2026-02-01T12:13:10.941+0000] {logging_mixin.py:190} INFO - [2026-02-01T12:13:10.940+0000] {dagbag.py:588} INFO - Filling up the DagBag from /opt/airflow/dags/data_reconciliation_dag_1.py
[2026-02-01T12:13:10.961+0000] {processor.py:925} INFO - DAG(s) 'Data_Reconciliation_Dag_1' retrieved from /opt/airflow/dags/data_reconciliation_dag_1.py
[2026-02-01T12:13:11.043+0000] {logging_mixin.py:190} INFO - [2026-02-01T12:13:11.042+0000] {dag.py:3239} INFO - Sync 1 DAGs
[2026-02-01T12:13:11.071+0000] {logging_mixin.py:190} INFO - [2026-02-01T12:13:11.071+0000] {dag.py:4180} INFO - Setting next_dagrun for Data_Reconciliation_Dag_1 to None, run_after=None
[2026-02-01T12:13:11.103+0000] {processor.py:208} INFO - Processing /opt/airflow/dags/data_reconciliation_dag_1.py took 0.175 seconds
[2026-02-01T12:13:41.310+0000] {processor.py:186} INFO - Started process (PID=228) to work on /opt/airflow/dags/data_reconciliation_dag_1.py
[2026-02-01T12:13:41.312+0000] {processor.py:914} INFO - Processing file /opt/airflow/dags/data_reconciliation_dag_1.py for tasks to queue
[2026-02-01T12:13:41.321+0000] {logging_mixin.py:190} INFO - [2026-02-01T12:13:41.320+0000] {dagbag.py:588} INFO - Filling up the DagBag from /opt/airflow/dags/data_reconciliation_dag_1.py
[2026-02-01T12:13:41.346+0000] {processor.py:925} INFO - DAG(s) 'Data_Reconciliation_Dag_1' retrieved from /opt/airflow/dags/data_reconciliation_dag_1.py
[2026-02-01T12:13:41.385+0000] {logging_mixin.py:190} INFO - [2026-02-01T12:13:41.384+0000] {dag.py:3239} INFO - Sync 1 DAGs
[2026-02-01T12:13:41.406+0000] {logging_mixin.py:190} INFO - [2026-02-01T12:13:41.406+0000] {dag.py:4180} INFO - Setting next_dagrun for Data_Reconciliation_Dag_1 to None, run_after=None
[2026-02-01T12:13:41.430+0000] {processor.py:208} INFO - Processing /opt/airflow/dags/data_reconciliation_dag_1.py took 0.133 seconds
[2026-02-01T12:14:11.666+0000] {processor.py:186} INFO - Started process (PID=244) to work on /opt/airflow/dags/data_reconciliation_dag_1.py
[2026-02-01T12:14:11.668+0000] {processor.py:914} INFO - Processing file /opt/airflow/dags/data_reconciliation_dag_1.py for tasks to queue
[2026-02-01T12:14:11.672+0000] {logging_mixin.py:190} INFO - [2026-02-01T12:14:11.671+0000] {dagbag.py:588} INFO - Filling up the DagBag from /opt/airflow/dags/data_reconciliation_dag_1.py
[2026-02-01T12:14:11.695+0000] {processor.py:925} INFO - DAG(s) 'Data_Reconciliation_Dag_1' retrieved from /opt/airflow/dags/data_reconciliation_dag_1.py
[2026-02-01T12:14:11.738+0000] {logging_mixin.py:190} INFO - [2026-02-01T12:14:11.738+0000] {dag.py:3239} INFO - Sync 1 DAGs
[2026-02-01T12:14:11.761+0000] {logging_mixin.py:190} INFO - [2026-02-01T12:14:11.761+0000] {dag.py:4180} INFO - Setting next_dagrun for Data_Reconciliation_Dag_1 to None, run_after=None
[2026-02-01T12:14:11.787+0000] {processor.py:208} INFO - Processing /opt/airflow/dags/data_reconciliation_dag_1.py took 0.128 seconds
[2026-02-01T12:14:42.062+0000] {processor.py:186} INFO - Started process (PID=259) to work on /opt/airflow/dags/data_reconciliation_dag_1.py
[2026-02-01T12:14:42.068+0000] {processor.py:914} INFO - Processing file /opt/airflow/dags/data_reconciliation_dag_1.py for tasks to queue
[2026-02-01T12:14:42.089+0000] {logging_mixin.py:190} INFO - [2026-02-01T12:14:42.088+0000] {dagbag.py:588} INFO - Filling up the DagBag from /opt/airflow/dags/data_reconciliation_dag_1.py
[2026-02-01T12:14:42.162+0000] {processor.py:925} INFO - DAG(s) 'Data_Reconciliation_Dag_1' retrieved from /opt/airflow/dags/data_reconciliation_dag_1.py
[2026-02-01T12:14:42.328+0000] {logging_mixin.py:190} INFO - [2026-02-01T12:14:42.327+0000] {dag.py:3239} INFO - Sync 1 DAGs
[2026-02-01T12:14:42.405+0000] {logging_mixin.py:190} INFO - [2026-02-01T12:14:42.404+0000] {dag.py:4180} INFO - Setting next_dagrun for Data_Reconciliation_Dag_1 to None, run_after=None
[2026-02-01T12:14:42.490+0000] {processor.py:208} INFO - Processing /opt/airflow/dags/data_reconciliation_dag_1.py took 0.478 seconds
[2026-02-01T12:15:13.313+0000] {processor.py:186} INFO - Started process (PID=276) to work on /opt/airflow/dags/data_reconciliation_dag_1.py
[2026-02-01T12:15:13.318+0000] {processor.py:914} INFO - Processing file /opt/airflow/dags/data_reconciliation_dag_1.py for tasks to queue
[2026-02-01T12:15:13.326+0000] {logging_mixin.py:190} INFO - [2026-02-01T12:15:13.325+0000] {dagbag.py:588} INFO - Filling up the DagBag from /opt/airflow/dags/data_reconciliation_dag_1.py
[2026-02-01T12:15:13.351+0000] {processor.py:925} INFO - DAG(s) 'Data_Reconciliation_Dag_1' retrieved from /opt/airflow/dags/data_reconciliation_dag_1.py
[2026-02-01T12:15:13.383+0000] {logging_mixin.py:190} INFO - [2026-02-01T12:15:13.383+0000] {dag.py:3239} INFO - Sync 1 DAGs
[2026-02-01T12:15:13.402+0000] {logging_mixin.py:190} INFO - [2026-02-01T12:15:13.402+0000] {dag.py:4180} INFO - Setting next_dagrun for Data_Reconciliation_Dag_1 to None, run_after=None
[2026-02-01T12:15:13.422+0000] {processor.py:208} INFO - Processing /opt/airflow/dags/data_reconciliation_dag_1.py took 0.133 seconds
[2026-02-01T12:15:44.277+0000] {processor.py:186} INFO - Started process (PID=292) to work on /opt/airflow/dags/data_reconciliation_dag_1.py
[2026-02-01T12:15:44.278+0000] {processor.py:914} INFO - Processing file /opt/airflow/dags/data_reconciliation_dag_1.py for tasks to queue
[2026-02-01T12:15:44.281+0000] {logging_mixin.py:190} INFO - [2026-02-01T12:15:44.281+0000] {dagbag.py:588} INFO - Filling up the DagBag from /opt/airflow/dags/data_reconciliation_dag_1.py
[2026-02-01T12:15:44.296+0000] {processor.py:925} INFO - DAG(s) 'Data_Reconciliation_Dag_1' retrieved from /opt/airflow/dags/data_reconciliation_dag_1.py
[2026-02-01T12:15:44.351+0000] {logging_mixin.py:190} INFO - [2026-02-01T12:15:44.350+0000] {dag.py:3239} INFO - Sync 1 DAGs
[2026-02-01T12:15:44.374+0000] {logging_mixin.py:190} INFO - [2026-02-01T12:15:44.371+0000] {dag.py:4180} INFO - Setting next_dagrun for Data_Reconciliation_Dag_1 to None, run_after=None
[2026-02-01T12:15:44.398+0000] {processor.py:208} INFO - Processing /opt/airflow/dags/data_reconciliation_dag_1.py took 0.144 seconds
[2026-02-01T12:16:14.696+0000] {processor.py:186} INFO - Started process (PID=309) to work on /opt/airflow/dags/data_reconciliation_dag_1.py
[2026-02-01T12:16:14.697+0000] {processor.py:914} INFO - Processing file /opt/airflow/dags/data_reconciliation_dag_1.py for tasks to queue
[2026-02-01T12:16:14.701+0000] {logging_mixin.py:190} INFO - [2026-02-01T12:16:14.699+0000] {dagbag.py:588} INFO - Filling up the DagBag from /opt/airflow/dags/data_reconciliation_dag_1.py
[2026-02-01T12:16:14.721+0000] {processor.py:925} INFO - DAG(s) 'Data_Reconciliation_Dag_1' retrieved from /opt/airflow/dags/data_reconciliation_dag_1.py
[2026-02-01T12:16:14.765+0000] {logging_mixin.py:190} INFO - [2026-02-01T12:16:14.765+0000] {dag.py:3239} INFO - Sync 1 DAGs
[2026-02-01T12:16:14.788+0000] {logging_mixin.py:190} INFO - [2026-02-01T12:16:14.787+0000] {dag.py:4180} INFO - Setting next_dagrun for Data_Reconciliation_Dag_1 to None, run_after=None
[2026-02-01T12:16:14.810+0000] {processor.py:208} INFO - Processing /opt/airflow/dags/data_reconciliation_dag_1.py took 0.127 seconds
[2026-02-01T12:16:45.077+0000] {processor.py:186} INFO - Started process (PID=325) to work on /opt/airflow/dags/data_reconciliation_dag_1.py
[2026-02-01T12:16:45.078+0000] {processor.py:914} INFO - Processing file /opt/airflow/dags/data_reconciliation_dag_1.py for tasks to queue
[2026-02-01T12:16:45.082+0000] {logging_mixin.py:190} INFO - [2026-02-01T12:16:45.081+0000] {dagbag.py:588} INFO - Filling up the DagBag from /opt/airflow/dags/data_reconciliation_dag_1.py
[2026-02-01T12:16:45.101+0000] {processor.py:925} INFO - DAG(s) 'Data_Reconciliation_Dag_1' retrieved from /opt/airflow/dags/data_reconciliation_dag_1.py
[2026-02-01T12:16:45.156+0000] {logging_mixin.py:190} INFO - [2026-02-01T12:16:45.156+0000] {dag.py:3239} INFO - Sync 1 DAGs
[2026-02-01T12:16:45.179+0000] {logging_mixin.py:190} INFO - [2026-02-01T12:16:45.179+0000] {dag.py:4180} INFO - Setting next_dagrun for Data_Reconciliation_Dag_1 to None, run_after=None
[2026-02-01T12:16:45.202+0000] {processor.py:208} INFO - Processing /opt/airflow/dags/data_reconciliation_dag_1.py took 0.140 seconds
[2026-02-01T12:17:15.472+0000] {processor.py:186} INFO - Started process (PID=341) to work on /opt/airflow/dags/data_reconciliation_dag_1.py
[2026-02-01T12:17:15.475+0000] {processor.py:914} INFO - Processing file /opt/airflow/dags/data_reconciliation_dag_1.py for tasks to queue
[2026-02-01T12:17:15.481+0000] {logging_mixin.py:190} INFO - [2026-02-01T12:17:15.480+0000] {dagbag.py:588} INFO - Filling up the DagBag from /opt/airflow/dags/data_reconciliation_dag_1.py
[2026-02-01T12:17:15.497+0000] {processor.py:925} INFO - DAG(s) 'Data_Reconciliation_Dag_1' retrieved from /opt/airflow/dags/data_reconciliation_dag_1.py
[2026-02-01T12:17:15.558+0000] {logging_mixin.py:190} INFO - [2026-02-01T12:17:15.558+0000] {dag.py:3239} INFO - Sync 1 DAGs
[2026-02-01T12:17:15.586+0000] {logging_mixin.py:190} INFO - [2026-02-01T12:17:15.586+0000] {dag.py:4180} INFO - Setting next_dagrun for Data_Reconciliation_Dag_1 to None, run_after=None
[2026-02-01T12:17:15.614+0000] {processor.py:208} INFO - Processing /opt/airflow/dags/data_reconciliation_dag_1.py took 0.148 seconds
[2026-02-01T12:17:45.871+0000] {processor.py:186} INFO - Started process (PID=357) to work on /opt/airflow/dags/data_reconciliation_dag_1.py
[2026-02-01T12:17:45.874+0000] {processor.py:914} INFO - Processing file /opt/airflow/dags/data_reconciliation_dag_1.py for tasks to queue
[2026-02-01T12:17:45.879+0000] {logging_mixin.py:190} INFO - [2026-02-01T12:17:45.878+0000] {dagbag.py:588} INFO - Filling up the DagBag from /opt/airflow/dags/data_reconciliation_dag_1.py
[2026-02-01T12:17:45.896+0000] {processor.py:925} INFO - DAG(s) 'Data_Reconciliation_Dag_1' retrieved from /opt/airflow/dags/data_reconciliation_dag_1.py
[2026-02-01T12:17:45.934+0000] {logging_mixin.py:190} INFO - [2026-02-01T12:17:45.933+0000] {dag.py:3239} INFO - Sync 1 DAGs
[2026-02-01T12:17:45.955+0000] {logging_mixin.py:190} INFO - [2026-02-01T12:17:45.955+0000] {dag.py:4180} INFO - Setting next_dagrun for Data_Reconciliation_Dag_1 to None, run_after=None
[2026-02-01T12:17:45.980+0000] {processor.py:208} INFO - Processing /opt/airflow/dags/data_reconciliation_dag_1.py took 0.124 seconds
[2026-02-01T12:18:16.127+0000] {processor.py:186} INFO - Started process (PID=373) to work on /opt/airflow/dags/data_reconciliation_dag_1.py
[2026-02-01T12:18:16.130+0000] {processor.py:914} INFO - Processing file /opt/airflow/dags/data_reconciliation_dag_1.py for tasks to queue
[2026-02-01T12:18:16.136+0000] {logging_mixin.py:190} INFO - [2026-02-01T12:18:16.136+0000] {dagbag.py:588} INFO - Filling up the DagBag from /opt/airflow/dags/data_reconciliation_dag_1.py
[2026-02-01T12:18:16.158+0000] {processor.py:925} INFO - DAG(s) 'Data_Reconciliation_Dag_1' retrieved from /opt/airflow/dags/data_reconciliation_dag_1.py
[2026-02-01T12:18:16.219+0000] {logging_mixin.py:190} INFO - [2026-02-01T12:18:16.218+0000] {dag.py:3239} INFO - Sync 1 DAGs
[2026-02-01T12:18:16.240+0000] {logging_mixin.py:190} INFO - [2026-02-01T12:18:16.239+0000] {dag.py:4180} INFO - Setting next_dagrun for Data_Reconciliation_Dag_1 to None, run_after=None
[2026-02-01T12:18:16.262+0000] {processor.py:208} INFO - Processing /opt/airflow/dags/data_reconciliation_dag_1.py took 0.144 seconds
[2026-02-01T12:18:46.721+0000] {processor.py:186} INFO - Started process (PID=389) to work on /opt/airflow/dags/data_reconciliation_dag_1.py
[2026-02-01T12:18:46.722+0000] {processor.py:914} INFO - Processing file /opt/airflow/dags/data_reconciliation_dag_1.py for tasks to queue
[2026-02-01T12:18:46.724+0000] {logging_mixin.py:190} INFO - [2026-02-01T12:18:46.724+0000] {dagbag.py:588} INFO - Filling up the DagBag from /opt/airflow/dags/data_reconciliation_dag_1.py
[2026-02-01T12:18:46.734+0000] {processor.py:925} INFO - DAG(s) 'Data_Reconciliation_Dag_1' retrieved from /opt/airflow/dags/data_reconciliation_dag_1.py
[2026-02-01T12:18:46.791+0000] {logging_mixin.py:190} INFO - [2026-02-01T12:18:46.791+0000] {dag.py:3239} INFO - Sync 1 DAGs
[2026-02-01T12:18:46.829+0000] {logging_mixin.py:190} INFO - [2026-02-01T12:18:46.829+0000] {dag.py:4180} INFO - Setting next_dagrun for Data_Reconciliation_Dag_1 to None, run_after=None
[2026-02-01T12:18:46.857+0000] {processor.py:208} INFO - Processing /opt/airflow/dags/data_reconciliation_dag_1.py took 0.142 seconds
[2026-02-01T12:19:17.137+0000] {processor.py:186} INFO - Started process (PID=405) to work on /opt/airflow/dags/data_reconciliation_dag_1.py
[2026-02-01T12:19:17.139+0000] {processor.py:914} INFO - Processing file /opt/airflow/dags/data_reconciliation_dag_1.py for tasks to queue
[2026-02-01T12:19:17.143+0000] {logging_mixin.py:190} INFO - [2026-02-01T12:19:17.143+0000] {dagbag.py:588} INFO - Filling up the DagBag from /opt/airflow/dags/data_reconciliation_dag_1.py
[2026-02-01T12:19:17.155+0000] {processor.py:925} INFO - DAG(s) 'Data_Reconciliation_Dag_1' retrieved from /opt/airflow/dags/data_reconciliation_dag_1.py
[2026-02-01T12:19:17.247+0000] {logging_mixin.py:190} INFO - [2026-02-01T12:19:17.246+0000] {dag.py:3239} INFO - Sync 1 DAGs
[2026-02-01T12:19:17.277+0000] {logging_mixin.py:190} INFO - [2026-02-01T12:19:17.276+0000] {dag.py:4180} INFO - Setting next_dagrun for Data_Reconciliation_Dag_1 to None, run_after=None
[2026-02-01T12:19:17.315+0000] {processor.py:208} INFO - Processing /opt/airflow/dags/data_reconciliation_dag_1.py took 0.198 seconds
[2026-02-01T12:19:48.227+0000] {processor.py:186} INFO - Started process (PID=421) to work on /opt/airflow/dags/data_reconciliation_dag_1.py
[2026-02-01T12:19:48.231+0000] {processor.py:914} INFO - Processing file /opt/airflow/dags/data_reconciliation_dag_1.py for tasks to queue
[2026-02-01T12:19:48.235+0000] {logging_mixin.py:190} INFO - [2026-02-01T12:19:48.235+0000] {dagbag.py:588} INFO - Filling up the DagBag from /opt/airflow/dags/data_reconciliation_dag_1.py
[2026-02-01T12:19:48.258+0000] {processor.py:925} INFO - DAG(s) 'Data_Reconciliation_Dag_1' retrieved from /opt/airflow/dags/data_reconciliation_dag_1.py
[2026-02-01T12:19:48.332+0000] {logging_mixin.py:190} INFO - [2026-02-01T12:19:48.331+0000] {dag.py:3239} INFO - Sync 1 DAGs
[2026-02-01T12:19:48.384+0000] {logging_mixin.py:190} INFO - [2026-02-01T12:19:48.382+0000] {dag.py:4180} INFO - Setting next_dagrun for Data_Reconciliation_Dag_1 to None, run_after=None
[2026-02-01T12:19:48.432+0000] {processor.py:208} INFO - Processing /opt/airflow/dags/data_reconciliation_dag_1.py took 0.220 seconds
[2026-02-01T12:20:19.013+0000] {processor.py:186} INFO - Started process (PID=436) to work on /opt/airflow/dags/data_reconciliation_dag_1.py
[2026-02-01T12:20:19.015+0000] {processor.py:914} INFO - Processing file /opt/airflow/dags/data_reconciliation_dag_1.py for tasks to queue
[2026-02-01T12:20:19.022+0000] {logging_mixin.py:190} INFO - [2026-02-01T12:20:19.021+0000] {dagbag.py:588} INFO - Filling up the DagBag from /opt/airflow/dags/data_reconciliation_dag_1.py
[2026-02-01T12:20:19.040+0000] {processor.py:925} INFO - DAG(s) 'Data_Reconciliation_Dag_1' retrieved from /opt/airflow/dags/data_reconciliation_dag_1.py
[2026-02-01T12:20:19.123+0000] {logging_mixin.py:190} INFO - [2026-02-01T12:20:19.123+0000] {dag.py:3239} INFO - Sync 1 DAGs
[2026-02-01T12:20:19.163+0000] {logging_mixin.py:190} INFO - [2026-02-01T12:20:19.163+0000] {dag.py:4180} INFO - Setting next_dagrun for Data_Reconciliation_Dag_1 to None, run_after=None
[2026-02-01T12:20:19.196+0000] {processor.py:208} INFO - Processing /opt/airflow/dags/data_reconciliation_dag_1.py took 0.192 seconds
[2026-02-01T12:20:49.823+0000] {processor.py:186} INFO - Started process (PID=451) to work on /opt/airflow/dags/data_reconciliation_dag_1.py
[2026-02-01T12:20:49.825+0000] {processor.py:914} INFO - Processing file /opt/airflow/dags/data_reconciliation_dag_1.py for tasks to queue
[2026-02-01T12:20:49.827+0000] {logging_mixin.py:190} INFO - [2026-02-01T12:20:49.827+0000] {dagbag.py:588} INFO - Filling up the DagBag from /opt/airflow/dags/data_reconciliation_dag_1.py
[2026-02-01T12:20:49.837+0000] {processor.py:925} INFO - DAG(s) 'Data_Reconciliation_Dag_1' retrieved from /opt/airflow/dags/data_reconciliation_dag_1.py
[2026-02-01T12:20:49.883+0000] {logging_mixin.py:190} INFO - [2026-02-01T12:20:49.883+0000] {dag.py:3239} INFO - Sync 1 DAGs
[2026-02-01T12:20:49.912+0000] {logging_mixin.py:190} INFO - [2026-02-01T12:20:49.912+0000] {dag.py:4180} INFO - Setting next_dagrun for Data_Reconciliation_Dag_1 to None, run_after=None
[2026-02-01T12:20:49.955+0000] {processor.py:208} INFO - Processing /opt/airflow/dags/data_reconciliation_dag_1.py took 0.153 seconds
[2026-02-01T12:21:20.461+0000] {processor.py:186} INFO - Started process (PID=467) to work on /opt/airflow/dags/data_reconciliation_dag_1.py
[2026-02-01T12:21:20.463+0000] {processor.py:914} INFO - Processing file /opt/airflow/dags/data_reconciliation_dag_1.py for tasks to queue
[2026-02-01T12:21:20.467+0000] {logging_mixin.py:190} INFO - [2026-02-01T12:21:20.467+0000] {dagbag.py:588} INFO - Filling up the DagBag from /opt/airflow/dags/data_reconciliation_dag_1.py
[2026-02-01T12:21:20.489+0000] {processor.py:925} INFO - DAG(s) 'Data_Reconciliation_Dag_1' retrieved from /opt/airflow/dags/data_reconciliation_dag_1.py
[2026-02-01T12:21:20.542+0000] {logging_mixin.py:190} INFO - [2026-02-01T12:21:20.541+0000] {dag.py:3239} INFO - Sync 1 DAGs
[2026-02-01T12:21:20.568+0000] {logging_mixin.py:190} INFO - [2026-02-01T12:21:20.568+0000] {dag.py:4180} INFO - Setting next_dagrun for Data_Reconciliation_Dag_1 to None, run_after=None
[2026-02-01T12:21:20.599+0000] {processor.py:208} INFO - Processing /opt/airflow/dags/data_reconciliation_dag_1.py took 0.145 seconds
[2026-02-01T12:21:50.883+0000] {processor.py:186} INFO - Started process (PID=482) to work on /opt/airflow/dags/data_reconciliation_dag_1.py
[2026-02-01T12:21:50.884+0000] {processor.py:914} INFO - Processing file /opt/airflow/dags/data_reconciliation_dag_1.py for tasks to queue
[2026-02-01T12:21:50.886+0000] {logging_mixin.py:190} INFO - [2026-02-01T12:21:50.886+0000] {dagbag.py:588} INFO - Filling up the DagBag from /opt/airflow/dags/data_reconciliation_dag_1.py
[2026-02-01T12:21:50.896+0000] {processor.py:925} INFO - DAG(s) 'Data_Reconciliation_Dag_1' retrieved from /opt/airflow/dags/data_reconciliation_dag_1.py
[2026-02-01T12:21:50.938+0000] {logging_mixin.py:190} INFO - [2026-02-01T12:21:50.938+0000] {dag.py:3239} INFO - Sync 1 DAGs
[2026-02-01T12:21:50.967+0000] {logging_mixin.py:190} INFO - [2026-02-01T12:21:50.966+0000] {dag.py:4180} INFO - Setting next_dagrun for Data_Reconciliation_Dag_1 to None, run_after=None
[2026-02-01T12:21:50.998+0000] {processor.py:208} INFO - Processing /opt/airflow/dags/data_reconciliation_dag_1.py took 0.124 seconds
[2026-02-01T12:22:21.273+0000] {processor.py:186} INFO - Started process (PID=499) to work on /opt/airflow/dags/data_reconciliation_dag_1.py
[2026-02-01T12:22:21.276+0000] {processor.py:914} INFO - Processing file /opt/airflow/dags/data_reconciliation_dag_1.py for tasks to queue
[2026-02-01T12:22:21.285+0000] {logging_mixin.py:190} INFO - [2026-02-01T12:22:21.282+0000] {dagbag.py:588} INFO - Filling up the DagBag from /opt/airflow/dags/data_reconciliation_dag_1.py
[2026-02-01T12:22:21.309+0000] {processor.py:925} INFO - DAG(s) 'Data_Reconciliation_Dag_1' retrieved from /opt/airflow/dags/data_reconciliation_dag_1.py
[2026-02-01T12:22:21.361+0000] {logging_mixin.py:190} INFO - [2026-02-01T12:22:21.361+0000] {dag.py:3239} INFO - Sync 1 DAGs
[2026-02-01T12:22:21.389+0000] {logging_mixin.py:190} INFO - [2026-02-01T12:22:21.389+0000] {dag.py:4180} INFO - Setting next_dagrun for Data_Reconciliation_Dag_1 to None, run_after=None
[2026-02-01T12:22:21.418+0000] {processor.py:208} INFO - Processing /opt/airflow/dags/data_reconciliation_dag_1.py took 0.162 seconds
[2026-02-01T12:22:51.807+0000] {processor.py:186} INFO - Started process (PID=515) to work on /opt/airflow/dags/data_reconciliation_dag_1.py
[2026-02-01T12:22:51.807+0000] {processor.py:914} INFO - Processing file /opt/airflow/dags/data_reconciliation_dag_1.py for tasks to queue
[2026-02-01T12:22:51.811+0000] {logging_mixin.py:190} INFO - [2026-02-01T12:22:51.811+0000] {dagbag.py:588} INFO - Filling up the DagBag from /opt/airflow/dags/data_reconciliation_dag_1.py
[2026-02-01T12:22:51.825+0000] {processor.py:925} INFO - DAG(s) 'Data_Reconciliation_Dag_1' retrieved from /opt/airflow/dags/data_reconciliation_dag_1.py
[2026-02-01T12:22:51.869+0000] {logging_mixin.py:190} INFO - [2026-02-01T12:22:51.869+0000] {dag.py:3239} INFO - Sync 1 DAGs
[2026-02-01T12:22:51.900+0000] {logging_mixin.py:190} INFO - [2026-02-01T12:22:51.900+0000] {dag.py:4180} INFO - Setting next_dagrun for Data_Reconciliation_Dag_1 to None, run_after=None
[2026-02-01T12:22:51.936+0000] {processor.py:208} INFO - Processing /opt/airflow/dags/data_reconciliation_dag_1.py took 0.142 seconds
[2026-02-01T12:23:22.198+0000] {processor.py:186} INFO - Started process (PID=530) to work on /opt/airflow/dags/data_reconciliation_dag_1.py
[2026-02-01T12:23:22.200+0000] {processor.py:914} INFO - Processing file /opt/airflow/dags/data_reconciliation_dag_1.py for tasks to queue
[2026-02-01T12:23:22.209+0000] {logging_mixin.py:190} INFO - [2026-02-01T12:23:22.203+0000] {dagbag.py:588} INFO - Filling up the DagBag from /opt/airflow/dags/data_reconciliation_dag_1.py
[2026-02-01T12:23:22.230+0000] {processor.py:925} INFO - DAG(s) 'Data_Reconciliation_Dag_1' retrieved from /opt/airflow/dags/data_reconciliation_dag_1.py
[2026-02-01T12:23:22.265+0000] {logging_mixin.py:190} INFO - [2026-02-01T12:23:22.264+0000] {dag.py:3239} INFO - Sync 1 DAGs
[2026-02-01T12:23:22.285+0000] {logging_mixin.py:190} INFO - [2026-02-01T12:23:22.285+0000] {dag.py:4180} INFO - Setting next_dagrun for Data_Reconciliation_Dag_1 to None, run_after=None
[2026-02-01T12:23:22.306+0000] {processor.py:208} INFO - Processing /opt/airflow/dags/data_reconciliation_dag_1.py took 0.118 seconds
[2026-02-01T12:23:52.671+0000] {processor.py:186} INFO - Started process (PID=547) to work on /opt/airflow/dags/data_reconciliation_dag_1.py
[2026-02-01T12:23:52.674+0000] {processor.py:914} INFO - Processing file /opt/airflow/dags/data_reconciliation_dag_1.py for tasks to queue
[2026-02-01T12:23:52.678+0000] {logging_mixin.py:190} INFO - [2026-02-01T12:23:52.676+0000] {dagbag.py:588} INFO - Filling up the DagBag from /opt/airflow/dags/data_reconciliation_dag_1.py
[2026-02-01T12:23:52.699+0000] {processor.py:925} INFO - DAG(s) 'Data_Reconciliation_Dag_1' retrieved from /opt/airflow/dags/data_reconciliation_dag_1.py
[2026-02-01T12:23:52.750+0000] {logging_mixin.py:190} INFO - [2026-02-01T12:23:52.750+0000] {dag.py:3239} INFO - Sync 1 DAGs
[2026-02-01T12:23:52.785+0000] {logging_mixin.py:190} INFO - [2026-02-01T12:23:52.784+0000] {dag.py:4180} INFO - Setting next_dagrun for Data_Reconciliation_Dag_1 to None, run_after=None
[2026-02-01T12:23:52.816+0000] {processor.py:208} INFO - Processing /opt/airflow/dags/data_reconciliation_dag_1.py took 0.157 seconds
[2026-02-01T12:24:23.043+0000] {processor.py:186} INFO - Started process (PID=563) to work on /opt/airflow/dags/data_reconciliation_dag_1.py
[2026-02-01T12:24:23.048+0000] {processor.py:914} INFO - Processing file /opt/airflow/dags/data_reconciliation_dag_1.py for tasks to queue
[2026-02-01T12:24:23.071+0000] {logging_mixin.py:190} INFO - [2026-02-01T12:24:23.071+0000] {dagbag.py:588} INFO - Filling up the DagBag from /opt/airflow/dags/data_reconciliation_dag_1.py
[2026-02-01T12:24:23.112+0000] {processor.py:925} INFO - DAG(s) 'Data_Reconciliation_Dag_1' retrieved from /opt/airflow/dags/data_reconciliation_dag_1.py
[2026-02-01T12:24:23.292+0000] {logging_mixin.py:190} INFO - [2026-02-01T12:24:23.289+0000] {dag.py:3239} INFO - Sync 1 DAGs
[2026-02-01T12:24:23.341+0000] {logging_mixin.py:190} INFO - [2026-02-01T12:24:23.340+0000] {dag.py:4180} INFO - Setting next_dagrun for Data_Reconciliation_Dag_1 to None, run_after=None
[2026-02-01T12:24:23.395+0000] {processor.py:208} INFO - Processing /opt/airflow/dags/data_reconciliation_dag_1.py took 0.364 seconds
[2026-02-01T12:24:53.986+0000] {processor.py:186} INFO - Started process (PID=584) to work on /opt/airflow/dags/data_reconciliation_dag_1.py
[2026-02-01T12:24:53.986+0000] {processor.py:914} INFO - Processing file /opt/airflow/dags/data_reconciliation_dag_1.py for tasks to queue
[2026-02-01T12:24:53.990+0000] {logging_mixin.py:190} INFO - [2026-02-01T12:24:53.990+0000] {dagbag.py:588} INFO - Filling up the DagBag from /opt/airflow/dags/data_reconciliation_dag_1.py
[2026-02-01T12:24:54.009+0000] {processor.py:925} INFO - DAG(s) 'Data_Reconciliation_Dag_1' retrieved from /opt/airflow/dags/data_reconciliation_dag_1.py
[2026-02-01T12:24:54.043+0000] {logging_mixin.py:190} INFO - [2026-02-01T12:24:54.043+0000] {dag.py:3239} INFO - Sync 1 DAGs
[2026-02-01T12:24:54.064+0000] {logging_mixin.py:190} INFO - [2026-02-01T12:24:54.064+0000] {dag.py:4180} INFO - Setting next_dagrun for Data_Reconciliation_Dag_1 to None, run_after=None
[2026-02-01T12:24:54.087+0000] {processor.py:208} INFO - Processing /opt/airflow/dags/data_reconciliation_dag_1.py took 0.118 seconds
[2026-02-01T12:25:24.672+0000] {processor.py:186} INFO - Started process (PID=600) to work on /opt/airflow/dags/data_reconciliation_dag_1.py
[2026-02-01T12:25:24.673+0000] {processor.py:914} INFO - Processing file /opt/airflow/dags/data_reconciliation_dag_1.py for tasks to queue
[2026-02-01T12:25:24.686+0000] {logging_mixin.py:190} INFO - [2026-02-01T12:25:24.681+0000] {dagbag.py:588} INFO - Filling up the DagBag from /opt/airflow/dags/data_reconciliation_dag_1.py
[2026-02-01T12:25:24.719+0000] {processor.py:925} INFO - DAG(s) 'Data_Reconciliation_Dag_1' retrieved from /opt/airflow/dags/data_reconciliation_dag_1.py
[2026-02-01T12:25:24.781+0000] {logging_mixin.py:190} INFO - [2026-02-01T12:25:24.780+0000] {dag.py:3239} INFO - Sync 1 DAGs
[2026-02-01T12:25:24.835+0000] {logging_mixin.py:190} INFO - [2026-02-01T12:25:24.831+0000] {dag.py:4180} INFO - Setting next_dagrun for Data_Reconciliation_Dag_1 to None, run_after=None
[2026-02-01T12:25:24.896+0000] {processor.py:208} INFO - Processing /opt/airflow/dags/data_reconciliation_dag_1.py took 0.231 seconds
[2026-02-01T12:25:55.197+0000] {processor.py:186} INFO - Started process (PID=616) to work on /opt/airflow/dags/data_reconciliation_dag_1.py
[2026-02-01T12:25:55.199+0000] {processor.py:914} INFO - Processing file /opt/airflow/dags/data_reconciliation_dag_1.py for tasks to queue
[2026-02-01T12:25:55.204+0000] {logging_mixin.py:190} INFO - [2026-02-01T12:25:55.203+0000] {dagbag.py:588} INFO - Filling up the DagBag from /opt/airflow/dags/data_reconciliation_dag_1.py
[2026-02-01T12:25:55.224+0000] {processor.py:925} INFO - DAG(s) 'Data_Reconciliation_Dag_1' retrieved from /opt/airflow/dags/data_reconciliation_dag_1.py
[2026-02-01T12:25:55.271+0000] {logging_mixin.py:190} INFO - [2026-02-01T12:25:55.271+0000] {dag.py:3239} INFO - Sync 1 DAGs
[2026-02-01T12:25:55.301+0000] {logging_mixin.py:190} INFO - [2026-02-01T12:25:55.301+0000] {dag.py:4180} INFO - Setting next_dagrun for Data_Reconciliation_Dag_1 to None, run_after=None
[2026-02-01T12:25:55.325+0000] {processor.py:208} INFO - Processing /opt/airflow/dags/data_reconciliation_dag_1.py took 0.141 seconds
[2026-02-01T12:26:26.067+0000] {processor.py:186} INFO - Started process (PID=632) to work on /opt/airflow/dags/data_reconciliation_dag_1.py
[2026-02-01T12:26:26.070+0000] {processor.py:914} INFO - Processing file /opt/airflow/dags/data_reconciliation_dag_1.py for tasks to queue
[2026-02-01T12:26:26.078+0000] {logging_mixin.py:190} INFO - [2026-02-01T12:26:26.076+0000] {dagbag.py:588} INFO - Filling up the DagBag from /opt/airflow/dags/data_reconciliation_dag_1.py
[2026-02-01T12:26:26.096+0000] {processor.py:925} INFO - DAG(s) 'Data_Reconciliation_Dag_1' retrieved from /opt/airflow/dags/data_reconciliation_dag_1.py
[2026-02-01T12:26:26.149+0000] {logging_mixin.py:190} INFO - [2026-02-01T12:26:26.149+0000] {dag.py:3239} INFO - Sync 1 DAGs
[2026-02-01T12:26:26.181+0000] {logging_mixin.py:190} INFO - [2026-02-01T12:26:26.180+0000] {dag.py:4180} INFO - Setting next_dagrun for Data_Reconciliation_Dag_1 to None, run_after=None
[2026-02-01T12:26:26.210+0000] {processor.py:208} INFO - Processing /opt/airflow/dags/data_reconciliation_dag_1.py took 0.154 seconds
[2026-02-01T12:26:57.149+0000] {processor.py:186} INFO - Started process (PID=647) to work on /opt/airflow/dags/data_reconciliation_dag_1.py
[2026-02-01T12:26:57.150+0000] {processor.py:914} INFO - Processing file /opt/airflow/dags/data_reconciliation_dag_1.py for tasks to queue
[2026-02-01T12:26:57.153+0000] {logging_mixin.py:190} INFO - [2026-02-01T12:26:57.152+0000] {dagbag.py:588} INFO - Filling up the DagBag from /opt/airflow/dags/data_reconciliation_dag_1.py
[2026-02-01T12:26:57.164+0000] {processor.py:925} INFO - DAG(s) 'Data_Reconciliation_Dag_1' retrieved from /opt/airflow/dags/data_reconciliation_dag_1.py
[2026-02-01T12:26:57.222+0000] {logging_mixin.py:190} INFO - [2026-02-01T12:26:57.221+0000] {dag.py:3239} INFO - Sync 1 DAGs
[2026-02-01T12:26:57.245+0000] {logging_mixin.py:190} INFO - [2026-02-01T12:26:57.244+0000] {dag.py:4180} INFO - Setting next_dagrun for Data_Reconciliation_Dag_1 to None, run_after=None
[2026-02-01T12:26:57.272+0000] {processor.py:208} INFO - Processing /opt/airflow/dags/data_reconciliation_dag_1.py took 0.129 seconds
[2026-02-01T12:27:27.469+0000] {processor.py:186} INFO - Started process (PID=663) to work on /opt/airflow/dags/data_reconciliation_dag_1.py
[2026-02-01T12:27:27.471+0000] {processor.py:914} INFO - Processing file /opt/airflow/dags/data_reconciliation_dag_1.py for tasks to queue
[2026-02-01T12:27:27.475+0000] {logging_mixin.py:190} INFO - [2026-02-01T12:27:27.475+0000] {dagbag.py:588} INFO - Filling up the DagBag from /opt/airflow/dags/data_reconciliation_dag_1.py
[2026-02-01T12:27:27.494+0000] {processor.py:925} INFO - DAG(s) 'Data_Reconciliation_Dag_1' retrieved from /opt/airflow/dags/data_reconciliation_dag_1.py
[2026-02-01T12:27:27.545+0000] {logging_mixin.py:190} INFO - [2026-02-01T12:27:27.545+0000] {dag.py:3239} INFO - Sync 1 DAGs
[2026-02-01T12:27:27.566+0000] {logging_mixin.py:190} INFO - [2026-02-01T12:27:27.566+0000] {dag.py:4180} INFO - Setting next_dagrun for Data_Reconciliation_Dag_1 to None, run_after=None
[2026-02-01T12:27:27.589+0000] {processor.py:208} INFO - Processing /opt/airflow/dags/data_reconciliation_dag_1.py took 0.130 seconds
[2026-02-01T12:27:57.873+0000] {processor.py:186} INFO - Started process (PID=679) to work on /opt/airflow/dags/data_reconciliation_dag_1.py
[2026-02-01T12:27:57.874+0000] {processor.py:914} INFO - Processing file /opt/airflow/dags/data_reconciliation_dag_1.py for tasks to queue
[2026-02-01T12:27:57.877+0000] {logging_mixin.py:190} INFO - [2026-02-01T12:27:57.876+0000] {dagbag.py:588} INFO - Filling up the DagBag from /opt/airflow/dags/data_reconciliation_dag_1.py
[2026-02-01T12:27:57.886+0000] {processor.py:925} INFO - DAG(s) 'Data_Reconciliation_Dag_1' retrieved from /opt/airflow/dags/data_reconciliation_dag_1.py
[2026-02-01T12:27:57.936+0000] {logging_mixin.py:190} INFO - [2026-02-01T12:27:57.935+0000] {dag.py:3239} INFO - Sync 1 DAGs
[2026-02-01T12:27:57.958+0000] {logging_mixin.py:190} INFO - [2026-02-01T12:27:57.958+0000] {dag.py:4180} INFO - Setting next_dagrun for Data_Reconciliation_Dag_1 to None, run_after=None
[2026-02-01T12:27:57.986+0000] {processor.py:208} INFO - Processing /opt/airflow/dags/data_reconciliation_dag_1.py took 0.120 seconds
[2026-02-01T12:28:28.305+0000] {processor.py:186} INFO - Started process (PID=697) to work on /opt/airflow/dags/data_reconciliation_dag_1.py
[2026-02-01T12:28:28.307+0000] {processor.py:914} INFO - Processing file /opt/airflow/dags/data_reconciliation_dag_1.py for tasks to queue
[2026-02-01T12:28:28.314+0000] {logging_mixin.py:190} INFO - [2026-02-01T12:28:28.314+0000] {dagbag.py:588} INFO - Filling up the DagBag from /opt/airflow/dags/data_reconciliation_dag_1.py
[2026-02-01T12:28:28.331+0000] {processor.py:925} INFO - DAG(s) 'Data_Reconciliation_Dag_1' retrieved from /opt/airflow/dags/data_reconciliation_dag_1.py
[2026-02-01T12:28:28.382+0000] {logging_mixin.py:190} INFO - [2026-02-01T12:28:28.381+0000] {dag.py:3239} INFO - Sync 1 DAGs
[2026-02-01T12:28:28.419+0000] {logging_mixin.py:190} INFO - [2026-02-01T12:28:28.419+0000] {dag.py:4180} INFO - Setting next_dagrun for Data_Reconciliation_Dag_1 to None, run_after=None
[2026-02-01T12:28:28.446+0000] {processor.py:208} INFO - Processing /opt/airflow/dags/data_reconciliation_dag_1.py took 0.147 seconds
[2026-02-01T12:28:58.698+0000] {processor.py:186} INFO - Started process (PID=713) to work on /opt/airflow/dags/data_reconciliation_dag_1.py
[2026-02-01T12:28:58.698+0000] {processor.py:914} INFO - Processing file /opt/airflow/dags/data_reconciliation_dag_1.py for tasks to queue
[2026-02-01T12:28:58.701+0000] {logging_mixin.py:190} INFO - [2026-02-01T12:28:58.700+0000] {dagbag.py:588} INFO - Filling up the DagBag from /opt/airflow/dags/data_reconciliation_dag_1.py
[2026-02-01T12:28:58.711+0000] {processor.py:925} INFO - DAG(s) 'Data_Reconciliation_Dag_1' retrieved from /opt/airflow/dags/data_reconciliation_dag_1.py
[2026-02-01T12:28:58.745+0000] {logging_mixin.py:190} INFO - [2026-02-01T12:28:58.745+0000] {dag.py:3239} INFO - Sync 1 DAGs
[2026-02-01T12:28:58.772+0000] {logging_mixin.py:190} INFO - [2026-02-01T12:28:58.771+0000] {dag.py:4180} INFO - Setting next_dagrun for Data_Reconciliation_Dag_1 to None, run_after=None
[2026-02-01T12:28:58.804+0000] {processor.py:208} INFO - Processing /opt/airflow/dags/data_reconciliation_dag_1.py took 0.113 seconds
[2026-02-01T12:29:29.049+0000] {processor.py:186} INFO - Started process (PID=728) to work on /opt/airflow/dags/data_reconciliation_dag_1.py
[2026-02-01T12:29:29.050+0000] {processor.py:914} INFO - Processing file /opt/airflow/dags/data_reconciliation_dag_1.py for tasks to queue
[2026-02-01T12:29:29.060+0000] {logging_mixin.py:190} INFO - [2026-02-01T12:29:29.058+0000] {dagbag.py:588} INFO - Filling up the DagBag from /opt/airflow/dags/data_reconciliation_dag_1.py
[2026-02-01T12:29:29.075+0000] {processor.py:925} INFO - DAG(s) 'Data_Reconciliation_Dag_1' retrieved from /opt/airflow/dags/data_reconciliation_dag_1.py
[2026-02-01T12:29:29.130+0000] {logging_mixin.py:190} INFO - [2026-02-01T12:29:29.130+0000] {dag.py:3239} INFO - Sync 1 DAGs
[2026-02-01T12:29:29.157+0000] {logging_mixin.py:190} INFO - [2026-02-01T12:29:29.156+0000] {dag.py:4180} INFO - Setting next_dagrun for Data_Reconciliation_Dag_1 to None, run_after=None
[2026-02-01T12:29:29.188+0000] {processor.py:208} INFO - Processing /opt/airflow/dags/data_reconciliation_dag_1.py took 0.156 seconds
[2026-02-01T12:29:59.556+0000] {processor.py:186} INFO - Started process (PID=744) to work on /opt/airflow/dags/data_reconciliation_dag_1.py
[2026-02-01T12:29:59.556+0000] {processor.py:914} INFO - Processing file /opt/airflow/dags/data_reconciliation_dag_1.py for tasks to queue
[2026-02-01T12:29:59.567+0000] {logging_mixin.py:190} INFO - [2026-02-01T12:29:59.562+0000] {dagbag.py:588} INFO - Filling up the DagBag from /opt/airflow/dags/data_reconciliation_dag_1.py
[2026-02-01T12:29:59.593+0000] {processor.py:925} INFO - DAG(s) 'Data_Reconciliation_Dag_1' retrieved from /opt/airflow/dags/data_reconciliation_dag_1.py
[2026-02-01T12:29:59.649+0000] {logging_mixin.py:190} INFO - [2026-02-01T12:29:59.649+0000] {dag.py:3239} INFO - Sync 1 DAGs
[2026-02-01T12:29:59.683+0000] {logging_mixin.py:190} INFO - [2026-02-01T12:29:59.681+0000] {dag.py:4180} INFO - Setting next_dagrun for Data_Reconciliation_Dag_1 to None, run_after=None
[2026-02-01T12:29:59.738+0000] {processor.py:208} INFO - Processing /opt/airflow/dags/data_reconciliation_dag_1.py took 0.203 seconds
[2026-02-01T12:30:30.394+0000] {processor.py:186} INFO - Started process (PID=760) to work on /opt/airflow/dags/data_reconciliation_dag_1.py
[2026-02-01T12:30:30.395+0000] {processor.py:914} INFO - Processing file /opt/airflow/dags/data_reconciliation_dag_1.py for tasks to queue
[2026-02-01T12:30:30.400+0000] {logging_mixin.py:190} INFO - [2026-02-01T12:30:30.400+0000] {dagbag.py:588} INFO - Filling up the DagBag from /opt/airflow/dags/data_reconciliation_dag_1.py
[2026-02-01T12:30:30.415+0000] {processor.py:925} INFO - DAG(s) 'Data_Reconciliation_Dag_1' retrieved from /opt/airflow/dags/data_reconciliation_dag_1.py
[2026-02-01T12:30:30.442+0000] {logging_mixin.py:190} INFO - [2026-02-01T12:30:30.442+0000] {dag.py:3239} INFO - Sync 1 DAGs
[2026-02-01T12:30:30.470+0000] {logging_mixin.py:190} INFO - [2026-02-01T12:30:30.468+0000] {dag.py:4180} INFO - Setting next_dagrun for Data_Reconciliation_Dag_1 to None, run_after=None
[2026-02-01T12:30:30.497+0000] {processor.py:208} INFO - Processing /opt/airflow/dags/data_reconciliation_dag_1.py took 0.109 seconds
[2026-02-01T12:31:00.950+0000] {processor.py:186} INFO - Started process (PID=776) to work on /opt/airflow/dags/data_reconciliation_dag_1.py
[2026-02-01T12:31:00.952+0000] {processor.py:914} INFO - Processing file /opt/airflow/dags/data_reconciliation_dag_1.py for tasks to queue
[2026-02-01T12:31:00.961+0000] {logging_mixin.py:190} INFO - [2026-02-01T12:31:00.959+0000] {dagbag.py:588} INFO - Filling up the DagBag from /opt/airflow/dags/data_reconciliation_dag_1.py
[2026-02-01T12:31:00.986+0000] {processor.py:925} INFO - DAG(s) 'Data_Reconciliation_Dag_1' retrieved from /opt/airflow/dags/data_reconciliation_dag_1.py
[2026-02-01T12:31:01.028+0000] {logging_mixin.py:190} INFO - [2026-02-01T12:31:01.028+0000] {dag.py:3239} INFO - Sync 1 DAGs
[2026-02-01T12:31:01.049+0000] {logging_mixin.py:190} INFO - [2026-02-01T12:31:01.048+0000] {dag.py:4180} INFO - Setting next_dagrun for Data_Reconciliation_Dag_1 to None, run_after=None
[2026-02-01T12:31:01.067+0000] {processor.py:208} INFO - Processing /opt/airflow/dags/data_reconciliation_dag_1.py took 0.129 seconds
[2026-02-01T12:31:31.546+0000] {processor.py:186} INFO - Started process (PID=792) to work on /opt/airflow/dags/data_reconciliation_dag_1.py
[2026-02-01T12:31:31.551+0000] {processor.py:914} INFO - Processing file /opt/airflow/dags/data_reconciliation_dag_1.py for tasks to queue
[2026-02-01T12:31:31.568+0000] {logging_mixin.py:190} INFO - [2026-02-01T12:31:31.566+0000] {dagbag.py:588} INFO - Filling up the DagBag from /opt/airflow/dags/data_reconciliation_dag_1.py
[2026-02-01T12:31:31.605+0000] {processor.py:925} INFO - DAG(s) 'Data_Reconciliation_Dag_1' retrieved from /opt/airflow/dags/data_reconciliation_dag_1.py
[2026-02-01T12:31:31.714+0000] {logging_mixin.py:190} INFO - [2026-02-01T12:31:31.704+0000] {dag.py:3239} INFO - Sync 1 DAGs
[2026-02-01T12:31:31.816+0000] {logging_mixin.py:190} INFO - [2026-02-01T12:31:31.816+0000] {dag.py:4180} INFO - Setting next_dagrun for Data_Reconciliation_Dag_1 to None, run_after=None
[2026-02-01T12:31:31.857+0000] {processor.py:208} INFO - Processing /opt/airflow/dags/data_reconciliation_dag_1.py took 0.346 seconds
[2026-02-01T12:32:02.556+0000] {processor.py:186} INFO - Started process (PID=809) to work on /opt/airflow/dags/data_reconciliation_dag_1.py
[2026-02-01T12:32:02.559+0000] {processor.py:914} INFO - Processing file /opt/airflow/dags/data_reconciliation_dag_1.py for tasks to queue
[2026-02-01T12:32:02.569+0000] {logging_mixin.py:190} INFO - [2026-02-01T12:32:02.567+0000] {dagbag.py:588} INFO - Filling up the DagBag from /opt/airflow/dags/data_reconciliation_dag_1.py
[2026-02-01T12:32:02.589+0000] {processor.py:925} INFO - DAG(s) 'Data_Reconciliation_Dag_1' retrieved from /opt/airflow/dags/data_reconciliation_dag_1.py
[2026-02-01T12:32:02.690+0000] {logging_mixin.py:190} INFO - [2026-02-01T12:32:02.689+0000] {dag.py:3239} INFO - Sync 1 DAGs
[2026-02-01T12:32:02.767+0000] {logging_mixin.py:190} INFO - [2026-02-01T12:32:02.767+0000] {dag.py:4180} INFO - Setting next_dagrun for Data_Reconciliation_Dag_1 to None, run_after=None
[2026-02-01T12:32:02.817+0000] {processor.py:208} INFO - Processing /opt/airflow/dags/data_reconciliation_dag_1.py took 0.281 seconds
[2026-02-01T12:32:33.208+0000] {processor.py:186} INFO - Started process (PID=825) to work on /opt/airflow/dags/data_reconciliation_dag_1.py
[2026-02-01T12:32:33.213+0000] {processor.py:914} INFO - Processing file /opt/airflow/dags/data_reconciliation_dag_1.py for tasks to queue
[2026-02-01T12:32:33.219+0000] {logging_mixin.py:190} INFO - [2026-02-01T12:32:33.218+0000] {dagbag.py:588} INFO - Filling up the DagBag from /opt/airflow/dags/data_reconciliation_dag_1.py
[2026-02-01T12:32:33.234+0000] {processor.py:925} INFO - DAG(s) 'Data_Reconciliation_Dag_1' retrieved from /opt/airflow/dags/data_reconciliation_dag_1.py
[2026-02-01T12:32:33.269+0000] {logging_mixin.py:190} INFO - [2026-02-01T12:32:33.269+0000] {dag.py:3239} INFO - Sync 1 DAGs
[2026-02-01T12:32:33.288+0000] {logging_mixin.py:190} INFO - [2026-02-01T12:32:33.288+0000] {dag.py:4180} INFO - Setting next_dagrun for Data_Reconciliation_Dag_1 to None, run_after=None
[2026-02-01T12:32:33.310+0000] {processor.py:208} INFO - Processing /opt/airflow/dags/data_reconciliation_dag_1.py took 0.124 seconds
[2026-02-01T12:33:03.533+0000] {processor.py:186} INFO - Started process (PID=841) to work on /opt/airflow/dags/data_reconciliation_dag_1.py
[2026-02-01T12:33:03.534+0000] {processor.py:914} INFO - Processing file /opt/airflow/dags/data_reconciliation_dag_1.py for tasks to queue
[2026-02-01T12:33:03.536+0000] {logging_mixin.py:190} INFO - [2026-02-01T12:33:03.535+0000] {dagbag.py:588} INFO - Filling up the DagBag from /opt/airflow/dags/data_reconciliation_dag_1.py
[2026-02-01T12:33:03.545+0000] {processor.py:925} INFO - DAG(s) 'Data_Reconciliation_Dag_1' retrieved from /opt/airflow/dags/data_reconciliation_dag_1.py
[2026-02-01T12:33:03.581+0000] {logging_mixin.py:190} INFO - [2026-02-01T12:33:03.581+0000] {dag.py:3239} INFO - Sync 1 DAGs
[2026-02-01T12:33:03.605+0000] {logging_mixin.py:190} INFO - [2026-02-01T12:33:03.605+0000] {dag.py:4180} INFO - Setting next_dagrun for Data_Reconciliation_Dag_1 to None, run_after=None
[2026-02-01T12:33:03.644+0000] {processor.py:208} INFO - Processing /opt/airflow/dags/data_reconciliation_dag_1.py took 0.118 seconds
[2026-02-01T12:33:33.849+0000] {processor.py:186} INFO - Started process (PID=857) to work on /opt/airflow/dags/data_reconciliation_dag_1.py
[2026-02-01T12:33:33.858+0000] {processor.py:914} INFO - Processing file /opt/airflow/dags/data_reconciliation_dag_1.py for tasks to queue
[2026-02-01T12:33:33.863+0000] {logging_mixin.py:190} INFO - [2026-02-01T12:33:33.862+0000] {dagbag.py:588} INFO - Filling up the DagBag from /opt/airflow/dags/data_reconciliation_dag_1.py
[2026-02-01T12:33:33.887+0000] {processor.py:925} INFO - DAG(s) 'Data_Reconciliation_Dag_1' retrieved from /opt/airflow/dags/data_reconciliation_dag_1.py
[2026-02-01T12:33:33.934+0000] {logging_mixin.py:190} INFO - [2026-02-01T12:33:33.934+0000] {dag.py:3239} INFO - Sync 1 DAGs
[2026-02-01T12:33:33.969+0000] {logging_mixin.py:190} INFO - [2026-02-01T12:33:33.969+0000] {dag.py:4180} INFO - Setting next_dagrun for Data_Reconciliation_Dag_1 to None, run_after=None
[2026-02-01T12:33:34.004+0000] {processor.py:208} INFO - Processing /opt/airflow/dags/data_reconciliation_dag_1.py took 0.168 seconds
[2026-02-01T12:34:04.261+0000] {processor.py:186} INFO - Started process (PID=872) to work on /opt/airflow/dags/data_reconciliation_dag_1.py
[2026-02-01T12:34:04.262+0000] {processor.py:914} INFO - Processing file /opt/airflow/dags/data_reconciliation_dag_1.py for tasks to queue
[2026-02-01T12:34:04.265+0000] {logging_mixin.py:190} INFO - [2026-02-01T12:34:04.264+0000] {dagbag.py:588} INFO - Filling up the DagBag from /opt/airflow/dags/data_reconciliation_dag_1.py
[2026-02-01T12:34:04.276+0000] {processor.py:925} INFO - DAG(s) 'Data_Reconciliation_Dag_1' retrieved from /opt/airflow/dags/data_reconciliation_dag_1.py
[2026-02-01T12:34:04.313+0000] {logging_mixin.py:190} INFO - [2026-02-01T12:34:04.312+0000] {dag.py:3239} INFO - Sync 1 DAGs
[2026-02-01T12:34:04.335+0000] {logging_mixin.py:190} INFO - [2026-02-01T12:34:04.334+0000] {dag.py:4180} INFO - Setting next_dagrun for Data_Reconciliation_Dag_1 to None, run_after=None
[2026-02-01T12:34:04.365+0000] {processor.py:208} INFO - Processing /opt/airflow/dags/data_reconciliation_dag_1.py took 0.113 seconds
[2026-02-01T12:34:34.785+0000] {processor.py:186} INFO - Started process (PID=888) to work on /opt/airflow/dags/data_reconciliation_dag_1.py
[2026-02-01T12:34:34.788+0000] {processor.py:914} INFO - Processing file /opt/airflow/dags/data_reconciliation_dag_1.py for tasks to queue
[2026-02-01T12:34:34.795+0000] {logging_mixin.py:190} INFO - [2026-02-01T12:34:34.795+0000] {dagbag.py:588} INFO - Filling up the DagBag from /opt/airflow/dags/data_reconciliation_dag_1.py
[2026-02-01T12:34:34.821+0000] {processor.py:925} INFO - DAG(s) 'Data_Reconciliation_Dag_1' retrieved from /opt/airflow/dags/data_reconciliation_dag_1.py
[2026-02-01T12:34:34.859+0000] {logging_mixin.py:190} INFO - [2026-02-01T12:34:34.859+0000] {dag.py:3239} INFO - Sync 1 DAGs
[2026-02-01T12:34:34.880+0000] {logging_mixin.py:190} INFO - [2026-02-01T12:34:34.880+0000] {dag.py:4180} INFO - Setting next_dagrun for Data_Reconciliation_Dag_1 to None, run_after=None
[2026-02-01T12:34:34.902+0000] {processor.py:208} INFO - Processing /opt/airflow/dags/data_reconciliation_dag_1.py took 0.124 seconds
