[2026-02-01T12:08:34.276+0000] {processor.py:186} INFO - Started process (PID=70) to work on /opt/airflow/dags/data_quality_dag_1.py
[2026-02-01T12:08:34.278+0000] {processor.py:914} INFO - Processing file /opt/airflow/dags/data_quality_dag_1.py for tasks to queue
[2026-02-01T12:08:34.284+0000] {logging_mixin.py:190} INFO - [2026-02-01T12:08:34.283+0000] {dagbag.py:588} INFO - Filling up the DagBag from /opt/airflow/dags/data_quality_dag_1.py
[2026-02-01T12:08:34.322+0000] {processor.py:925} INFO - DAG(s) 'Data_Quality_Dag_1' retrieved from /opt/airflow/dags/data_quality_dag_1.py
[2026-02-01T12:08:34.431+0000] {logging_mixin.py:190} INFO - [2026-02-01T12:08:34.431+0000] {dag.py:3239} INFO - Sync 1 DAGs
[2026-02-01T12:08:34.488+0000] {logging_mixin.py:190} INFO - [2026-02-01T12:08:34.487+0000] {dag.py:4180} INFO - Setting next_dagrun for Data_Quality_Dag_1 to None, run_after=None
[2026-02-01T12:08:34.551+0000] {processor.py:208} INFO - Processing /opt/airflow/dags/data_quality_dag_1.py took 0.290 seconds
[2026-02-01T12:09:05.272+0000] {processor.py:186} INFO - Started process (PID=86) to work on /opt/airflow/dags/data_quality_dag_1.py
[2026-02-01T12:09:05.273+0000] {processor.py:914} INFO - Processing file /opt/airflow/dags/data_quality_dag_1.py for tasks to queue
[2026-02-01T12:09:05.276+0000] {logging_mixin.py:190} INFO - [2026-02-01T12:09:05.275+0000] {dagbag.py:588} INFO - Filling up the DagBag from /opt/airflow/dags/data_quality_dag_1.py
[2026-02-01T12:09:05.294+0000] {processor.py:925} INFO - DAG(s) 'Data_Quality_Dag_1' retrieved from /opt/airflow/dags/data_quality_dag_1.py
[2026-02-01T12:09:05.712+0000] {logging_mixin.py:190} INFO - [2026-02-01T12:09:05.711+0000] {dag.py:3239} INFO - Sync 1 DAGs
[2026-02-01T12:09:05.736+0000] {logging_mixin.py:190} INFO - [2026-02-01T12:09:05.735+0000] {dag.py:4180} INFO - Setting next_dagrun for Data_Quality_Dag_1 to None, run_after=None
[2026-02-01T12:09:05.772+0000] {processor.py:208} INFO - Processing /opt/airflow/dags/data_quality_dag_1.py took 0.505 seconds
[2026-02-01T12:09:36.263+0000] {processor.py:186} INFO - Started process (PID=103) to work on /opt/airflow/dags/data_quality_dag_1.py
[2026-02-01T12:09:36.263+0000] {processor.py:914} INFO - Processing file /opt/airflow/dags/data_quality_dag_1.py for tasks to queue
[2026-02-01T12:09:36.266+0000] {logging_mixin.py:190} INFO - [2026-02-01T12:09:36.266+0000] {dagbag.py:588} INFO - Filling up the DagBag from /opt/airflow/dags/data_quality_dag_1.py
[2026-02-01T12:09:36.275+0000] {processor.py:925} INFO - DAG(s) 'Data_Quality_Dag_1' retrieved from /opt/airflow/dags/data_quality_dag_1.py
[2026-02-01T12:09:36.302+0000] {logging_mixin.py:190} INFO - [2026-02-01T12:09:36.301+0000] {dag.py:3239} INFO - Sync 1 DAGs
[2026-02-01T12:09:36.319+0000] {logging_mixin.py:190} INFO - [2026-02-01T12:09:36.319+0000] {dag.py:4180} INFO - Setting next_dagrun for Data_Quality_Dag_1 to None, run_after=None
[2026-02-01T12:09:36.340+0000] {processor.py:208} INFO - Processing /opt/airflow/dags/data_quality_dag_1.py took 0.084 seconds
[2026-02-01T12:10:06.894+0000] {processor.py:186} INFO - Started process (PID=119) to work on /opt/airflow/dags/data_quality_dag_1.py
[2026-02-01T12:10:06.896+0000] {processor.py:914} INFO - Processing file /opt/airflow/dags/data_quality_dag_1.py for tasks to queue
[2026-02-01T12:10:06.903+0000] {logging_mixin.py:190} INFO - [2026-02-01T12:10:06.901+0000] {dagbag.py:588} INFO - Filling up the DagBag from /opt/airflow/dags/data_quality_dag_1.py
[2026-02-01T12:10:06.918+0000] {processor.py:925} INFO - DAG(s) 'Data_Quality_Dag_1' retrieved from /opt/airflow/dags/data_quality_dag_1.py
[2026-02-01T12:10:06.968+0000] {logging_mixin.py:190} INFO - [2026-02-01T12:10:06.968+0000] {dag.py:3239} INFO - Sync 1 DAGs
[2026-02-01T12:10:07.324+0000] {logging_mixin.py:190} INFO - [2026-02-01T12:10:07.324+0000] {dag.py:4180} INFO - Setting next_dagrun for Data_Quality_Dag_1 to None, run_after=None
[2026-02-01T12:10:07.345+0000] {processor.py:208} INFO - Processing /opt/airflow/dags/data_quality_dag_1.py took 0.463 seconds
[2026-02-01T12:10:38.516+0000] {processor.py:186} INFO - Started process (PID=135) to work on /opt/airflow/dags/data_quality_dag_1.py
[2026-02-01T12:10:38.520+0000] {processor.py:914} INFO - Processing file /opt/airflow/dags/data_quality_dag_1.py for tasks to queue
[2026-02-01T12:10:38.534+0000] {logging_mixin.py:190} INFO - [2026-02-01T12:10:38.534+0000] {dagbag.py:588} INFO - Filling up the DagBag from /opt/airflow/dags/data_quality_dag_1.py
[2026-02-01T12:10:38.566+0000] {processor.py:925} INFO - DAG(s) 'Data_Quality_Dag_1' retrieved from /opt/airflow/dags/data_quality_dag_1.py
[2026-02-01T12:10:38.701+0000] {logging_mixin.py:190} INFO - [2026-02-01T12:10:38.701+0000] {dag.py:3239} INFO - Sync 1 DAGs
[2026-02-01T12:10:38.776+0000] {logging_mixin.py:190} INFO - [2026-02-01T12:10:38.775+0000] {dag.py:4180} INFO - Setting next_dagrun for Data_Quality_Dag_1 to None, run_after=None
[2026-02-01T12:10:38.849+0000] {processor.py:208} INFO - Processing /opt/airflow/dags/data_quality_dag_1.py took 0.366 seconds
[2026-02-01T12:11:09.558+0000] {processor.py:186} INFO - Started process (PID=152) to work on /opt/airflow/dags/data_quality_dag_1.py
[2026-02-01T12:11:09.566+0000] {processor.py:914} INFO - Processing file /opt/airflow/dags/data_quality_dag_1.py for tasks to queue
[2026-02-01T12:11:09.569+0000] {logging_mixin.py:190} INFO - [2026-02-01T12:11:09.568+0000] {dagbag.py:588} INFO - Filling up the DagBag from /opt/airflow/dags/data_quality_dag_1.py
[2026-02-01T12:11:09.579+0000] {processor.py:925} INFO - DAG(s) 'Data_Quality_Dag_1' retrieved from /opt/airflow/dags/data_quality_dag_1.py
[2026-02-01T12:11:09.608+0000] {logging_mixin.py:190} INFO - [2026-02-01T12:11:09.607+0000] {dag.py:3239} INFO - Sync 1 DAGs
[2026-02-01T12:11:09.629+0000] {logging_mixin.py:190} INFO - [2026-02-01T12:11:09.629+0000] {dag.py:4180} INFO - Setting next_dagrun for Data_Quality_Dag_1 to None, run_after=None
[2026-02-01T12:11:09.645+0000] {processor.py:208} INFO - Processing /opt/airflow/dags/data_quality_dag_1.py took 0.095 seconds
[2026-02-01T12:11:40.558+0000] {processor.py:186} INFO - Started process (PID=167) to work on /opt/airflow/dags/data_quality_dag_1.py
[2026-02-01T12:11:40.560+0000] {processor.py:914} INFO - Processing file /opt/airflow/dags/data_quality_dag_1.py for tasks to queue
[2026-02-01T12:11:40.565+0000] {logging_mixin.py:190} INFO - [2026-02-01T12:11:40.564+0000] {dagbag.py:588} INFO - Filling up the DagBag from /opt/airflow/dags/data_quality_dag_1.py
[2026-02-01T12:11:40.586+0000] {processor.py:925} INFO - DAG(s) 'Data_Quality_Dag_1' retrieved from /opt/airflow/dags/data_quality_dag_1.py
[2026-02-01T12:11:40.627+0000] {logging_mixin.py:190} INFO - [2026-02-01T12:11:40.627+0000] {dag.py:3239} INFO - Sync 1 DAGs
[2026-02-01T12:11:40.946+0000] {logging_mixin.py:190} INFO - [2026-02-01T12:11:40.945+0000] {dag.py:4180} INFO - Setting next_dagrun for Data_Quality_Dag_1 to None, run_after=None
[2026-02-01T12:11:40.972+0000] {processor.py:208} INFO - Processing /opt/airflow/dags/data_quality_dag_1.py took 0.424 seconds
[2026-02-01T12:12:11.465+0000] {processor.py:186} INFO - Started process (PID=183) to work on /opt/airflow/dags/data_quality_dag_1.py
[2026-02-01T12:12:11.468+0000] {processor.py:914} INFO - Processing file /opt/airflow/dags/data_quality_dag_1.py for tasks to queue
[2026-02-01T12:12:11.474+0000] {logging_mixin.py:190} INFO - [2026-02-01T12:12:11.473+0000] {dagbag.py:588} INFO - Filling up the DagBag from /opt/airflow/dags/data_quality_dag_1.py
[2026-02-01T12:12:11.502+0000] {processor.py:925} INFO - DAG(s) 'Data_Quality_Dag_1' retrieved from /opt/airflow/dags/data_quality_dag_1.py
[2026-02-01T12:12:11.570+0000] {logging_mixin.py:190} INFO - [2026-02-01T12:12:11.570+0000] {dag.py:3239} INFO - Sync 1 DAGs
[2026-02-01T12:12:11.591+0000] {logging_mixin.py:190} INFO - [2026-02-01T12:12:11.590+0000] {dag.py:4180} INFO - Setting next_dagrun for Data_Quality_Dag_1 to None, run_after=None
[2026-02-01T12:12:11.612+0000] {processor.py:208} INFO - Processing /opt/airflow/dags/data_quality_dag_1.py took 0.157 seconds
[2026-02-01T12:12:41.873+0000] {processor.py:186} INFO - Started process (PID=199) to work on /opt/airflow/dags/data_quality_dag_1.py
[2026-02-01T12:12:41.873+0000] {processor.py:914} INFO - Processing file /opt/airflow/dags/data_quality_dag_1.py for tasks to queue
[2026-02-01T12:12:41.878+0000] {logging_mixin.py:190} INFO - [2026-02-01T12:12:41.877+0000] {dagbag.py:588} INFO - Filling up the DagBag from /opt/airflow/dags/data_quality_dag_1.py
[2026-02-01T12:12:41.898+0000] {processor.py:925} INFO - DAG(s) 'Data_Quality_Dag_1' retrieved from /opt/airflow/dags/data_quality_dag_1.py
[2026-02-01T12:12:41.939+0000] {logging_mixin.py:190} INFO - [2026-02-01T12:12:41.939+0000] {dag.py:3239} INFO - Sync 1 DAGs
[2026-02-01T12:12:41.960+0000] {logging_mixin.py:190} INFO - [2026-02-01T12:12:41.960+0000] {dag.py:4180} INFO - Setting next_dagrun for Data_Quality_Dag_1 to None, run_after=None
[2026-02-01T12:12:41.990+0000] {processor.py:208} INFO - Processing /opt/airflow/dags/data_quality_dag_1.py took 0.125 seconds
[2026-02-01T12:13:12.287+0000] {processor.py:186} INFO - Started process (PID=215) to work on /opt/airflow/dags/data_quality_dag_1.py
[2026-02-01T12:13:12.290+0000] {processor.py:914} INFO - Processing file /opt/airflow/dags/data_quality_dag_1.py for tasks to queue
[2026-02-01T12:13:12.297+0000] {logging_mixin.py:190} INFO - [2026-02-01T12:13:12.297+0000] {dagbag.py:588} INFO - Filling up the DagBag from /opt/airflow/dags/data_quality_dag_1.py
[2026-02-01T12:13:12.312+0000] {processor.py:925} INFO - DAG(s) 'Data_Quality_Dag_1' retrieved from /opt/airflow/dags/data_quality_dag_1.py
[2026-02-01T12:13:12.372+0000] {logging_mixin.py:190} INFO - [2026-02-01T12:13:12.371+0000] {dag.py:3239} INFO - Sync 1 DAGs
[2026-02-01T12:13:12.426+0000] {logging_mixin.py:190} INFO - [2026-02-01T12:13:12.426+0000] {dag.py:4180} INFO - Setting next_dagrun for Data_Quality_Dag_1 to None, run_after=None
[2026-02-01T12:13:12.446+0000] {processor.py:208} INFO - Processing /opt/airflow/dags/data_quality_dag_1.py took 0.166 seconds
[2026-02-01T12:13:42.617+0000] {processor.py:186} INFO - Started process (PID=231) to work on /opt/airflow/dags/data_quality_dag_1.py
[2026-02-01T12:13:42.618+0000] {processor.py:914} INFO - Processing file /opt/airflow/dags/data_quality_dag_1.py for tasks to queue
[2026-02-01T12:13:42.622+0000] {logging_mixin.py:190} INFO - [2026-02-01T12:13:42.622+0000] {dagbag.py:588} INFO - Filling up the DagBag from /opt/airflow/dags/data_quality_dag_1.py
[2026-02-01T12:13:42.634+0000] {processor.py:925} INFO - DAG(s) 'Data_Quality_Dag_1' retrieved from /opt/airflow/dags/data_quality_dag_1.py
[2026-02-01T12:13:42.672+0000] {logging_mixin.py:190} INFO - [2026-02-01T12:13:42.672+0000] {dag.py:3239} INFO - Sync 1 DAGs
[2026-02-01T12:13:42.699+0000] {logging_mixin.py:190} INFO - [2026-02-01T12:13:42.699+0000] {dag.py:4180} INFO - Setting next_dagrun for Data_Quality_Dag_1 to None, run_after=None
[2026-02-01T12:13:42.743+0000] {processor.py:208} INFO - Processing /opt/airflow/dags/data_quality_dag_1.py took 0.137 seconds
[2026-02-01T12:14:12.979+0000] {processor.py:186} INFO - Started process (PID=247) to work on /opt/airflow/dags/data_quality_dag_1.py
[2026-02-01T12:14:12.981+0000] {processor.py:914} INFO - Processing file /opt/airflow/dags/data_quality_dag_1.py for tasks to queue
[2026-02-01T12:14:12.985+0000] {logging_mixin.py:190} INFO - [2026-02-01T12:14:12.985+0000] {dagbag.py:588} INFO - Filling up the DagBag from /opt/airflow/dags/data_quality_dag_1.py
[2026-02-01T12:14:13.001+0000] {processor.py:925} INFO - DAG(s) 'Data_Quality_Dag_1' retrieved from /opt/airflow/dags/data_quality_dag_1.py
[2026-02-01T12:14:13.037+0000] {logging_mixin.py:190} INFO - [2026-02-01T12:14:13.036+0000] {dag.py:3239} INFO - Sync 1 DAGs
[2026-02-01T12:14:13.058+0000] {logging_mixin.py:190} INFO - [2026-02-01T12:14:13.058+0000] {dag.py:4180} INFO - Setting next_dagrun for Data_Quality_Dag_1 to None, run_after=None
[2026-02-01T12:14:13.097+0000] {processor.py:208} INFO - Processing /opt/airflow/dags/data_quality_dag_1.py took 0.128 seconds
[2026-02-01T12:14:43.321+0000] {processor.py:186} INFO - Started process (PID=262) to work on /opt/airflow/dags/data_quality_dag_1.py
[2026-02-01T12:14:43.322+0000] {processor.py:914} INFO - Processing file /opt/airflow/dags/data_quality_dag_1.py for tasks to queue
[2026-02-01T12:14:43.337+0000] {logging_mixin.py:190} INFO - [2026-02-01T12:14:43.332+0000] {dagbag.py:588} INFO - Filling up the DagBag from /opt/airflow/dags/data_quality_dag_1.py
[2026-02-01T12:14:43.364+0000] {processor.py:925} INFO - DAG(s) 'Data_Quality_Dag_1' retrieved from /opt/airflow/dags/data_quality_dag_1.py
[2026-02-01T12:14:43.465+0000] {logging_mixin.py:190} INFO - [2026-02-01T12:14:43.465+0000] {dag.py:3239} INFO - Sync 1 DAGs
[2026-02-01T12:14:43.546+0000] {logging_mixin.py:190} INFO - [2026-02-01T12:14:43.545+0000] {dag.py:4180} INFO - Setting next_dagrun for Data_Quality_Dag_1 to None, run_after=None
[2026-02-01T12:14:43.648+0000] {processor.py:208} INFO - Processing /opt/airflow/dags/data_quality_dag_1.py took 0.365 seconds
[2026-02-01T12:15:14.664+0000] {processor.py:186} INFO - Started process (PID=279) to work on /opt/airflow/dags/data_quality_dag_1.py
[2026-02-01T12:15:14.670+0000] {processor.py:914} INFO - Processing file /opt/airflow/dags/data_quality_dag_1.py for tasks to queue
[2026-02-01T12:15:14.681+0000] {logging_mixin.py:190} INFO - [2026-02-01T12:15:14.677+0000] {dagbag.py:588} INFO - Filling up the DagBag from /opt/airflow/dags/data_quality_dag_1.py
[2026-02-01T12:15:14.728+0000] {processor.py:925} INFO - DAG(s) 'Data_Quality_Dag_1' retrieved from /opt/airflow/dags/data_quality_dag_1.py
[2026-02-01T12:15:14.826+0000] {logging_mixin.py:190} INFO - [2026-02-01T12:15:14.825+0000] {dag.py:3239} INFO - Sync 1 DAGs
[2026-02-01T12:15:14.872+0000] {logging_mixin.py:190} INFO - [2026-02-01T12:15:14.872+0000] {dag.py:4180} INFO - Setting next_dagrun for Data_Quality_Dag_1 to None, run_after=None
[2026-02-01T12:15:14.918+0000] {processor.py:208} INFO - Processing /opt/airflow/dags/data_quality_dag_1.py took 0.282 seconds
[2026-02-01T12:15:45.602+0000] {processor.py:186} INFO - Started process (PID=295) to work on /opt/airflow/dags/data_quality_dag_1.py
[2026-02-01T12:15:45.603+0000] {processor.py:914} INFO - Processing file /opt/airflow/dags/data_quality_dag_1.py for tasks to queue
[2026-02-01T12:15:45.607+0000] {logging_mixin.py:190} INFO - [2026-02-01T12:15:45.606+0000] {dagbag.py:588} INFO - Filling up the DagBag from /opt/airflow/dags/data_quality_dag_1.py
[2026-02-01T12:15:45.632+0000] {processor.py:925} INFO - DAG(s) 'Data_Quality_Dag_1' retrieved from /opt/airflow/dags/data_quality_dag_1.py
[2026-02-01T12:15:45.670+0000] {logging_mixin.py:190} INFO - [2026-02-01T12:15:45.669+0000] {dag.py:3239} INFO - Sync 1 DAGs
[2026-02-01T12:15:45.691+0000] {logging_mixin.py:190} INFO - [2026-02-01T12:15:45.690+0000] {dag.py:4180} INFO - Setting next_dagrun for Data_Quality_Dag_1 to None, run_after=None
[2026-02-01T12:15:45.711+0000] {processor.py:208} INFO - Processing /opt/airflow/dags/data_quality_dag_1.py took 0.118 seconds
[2026-02-01T12:16:15.991+0000] {processor.py:186} INFO - Started process (PID=312) to work on /opt/airflow/dags/data_quality_dag_1.py
[2026-02-01T12:16:15.993+0000] {processor.py:914} INFO - Processing file /opt/airflow/dags/data_quality_dag_1.py for tasks to queue
[2026-02-01T12:16:15.998+0000] {logging_mixin.py:190} INFO - [2026-02-01T12:16:15.997+0000] {dagbag.py:588} INFO - Filling up the DagBag from /opt/airflow/dags/data_quality_dag_1.py
[2026-02-01T12:16:16.012+0000] {processor.py:925} INFO - DAG(s) 'Data_Quality_Dag_1' retrieved from /opt/airflow/dags/data_quality_dag_1.py
[2026-02-01T12:16:16.055+0000] {logging_mixin.py:190} INFO - [2026-02-01T12:16:16.055+0000] {dag.py:3239} INFO - Sync 1 DAGs
[2026-02-01T12:16:16.100+0000] {logging_mixin.py:190} INFO - [2026-02-01T12:16:16.100+0000] {dag.py:4180} INFO - Setting next_dagrun for Data_Quality_Dag_1 to None, run_after=None
[2026-02-01T12:16:16.133+0000] {processor.py:208} INFO - Processing /opt/airflow/dags/data_quality_dag_1.py took 0.154 seconds
[2026-02-01T12:16:46.372+0000] {processor.py:186} INFO - Started process (PID=328) to work on /opt/airflow/dags/data_quality_dag_1.py
[2026-02-01T12:16:46.373+0000] {processor.py:914} INFO - Processing file /opt/airflow/dags/data_quality_dag_1.py for tasks to queue
[2026-02-01T12:16:46.376+0000] {logging_mixin.py:190} INFO - [2026-02-01T12:16:46.376+0000] {dagbag.py:588} INFO - Filling up the DagBag from /opt/airflow/dags/data_quality_dag_1.py
[2026-02-01T12:16:46.388+0000] {processor.py:925} INFO - DAG(s) 'Data_Quality_Dag_1' retrieved from /opt/airflow/dags/data_quality_dag_1.py
[2026-02-01T12:16:46.418+0000] {logging_mixin.py:190} INFO - [2026-02-01T12:16:46.418+0000] {dag.py:3239} INFO - Sync 1 DAGs
[2026-02-01T12:16:46.441+0000] {logging_mixin.py:190} INFO - [2026-02-01T12:16:46.440+0000] {dag.py:4180} INFO - Setting next_dagrun for Data_Quality_Dag_1 to None, run_after=None
[2026-02-01T12:16:46.479+0000] {processor.py:208} INFO - Processing /opt/airflow/dags/data_quality_dag_1.py took 0.114 seconds
[2026-02-01T12:17:16.797+0000] {processor.py:186} INFO - Started process (PID=344) to work on /opt/airflow/dags/data_quality_dag_1.py
[2026-02-01T12:17:16.800+0000] {processor.py:914} INFO - Processing file /opt/airflow/dags/data_quality_dag_1.py for tasks to queue
[2026-02-01T12:17:16.805+0000] {logging_mixin.py:190} INFO - [2026-02-01T12:17:16.805+0000] {dagbag.py:588} INFO - Filling up the DagBag from /opt/airflow/dags/data_quality_dag_1.py
[2026-02-01T12:17:16.820+0000] {processor.py:925} INFO - DAG(s) 'Data_Quality_Dag_1' retrieved from /opt/airflow/dags/data_quality_dag_1.py
[2026-02-01T12:17:16.851+0000] {logging_mixin.py:190} INFO - [2026-02-01T12:17:16.850+0000] {dag.py:3239} INFO - Sync 1 DAGs
[2026-02-01T12:17:16.871+0000] {logging_mixin.py:190} INFO - [2026-02-01T12:17:16.871+0000] {dag.py:4180} INFO - Setting next_dagrun for Data_Quality_Dag_1 to None, run_after=None
[2026-02-01T12:17:16.902+0000] {processor.py:208} INFO - Processing /opt/airflow/dags/data_quality_dag_1.py took 0.112 seconds
[2026-02-01T12:17:47.099+0000] {processor.py:186} INFO - Started process (PID=360) to work on /opt/airflow/dags/data_quality_dag_1.py
[2026-02-01T12:17:47.100+0000] {processor.py:914} INFO - Processing file /opt/airflow/dags/data_quality_dag_1.py for tasks to queue
[2026-02-01T12:17:47.107+0000] {logging_mixin.py:190} INFO - [2026-02-01T12:17:47.107+0000] {dagbag.py:588} INFO - Filling up the DagBag from /opt/airflow/dags/data_quality_dag_1.py
[2026-02-01T12:17:47.122+0000] {processor.py:925} INFO - DAG(s) 'Data_Quality_Dag_1' retrieved from /opt/airflow/dags/data_quality_dag_1.py
[2026-02-01T12:17:47.168+0000] {logging_mixin.py:190} INFO - [2026-02-01T12:17:47.168+0000] {dag.py:3239} INFO - Sync 1 DAGs
[2026-02-01T12:17:47.189+0000] {logging_mixin.py:190} INFO - [2026-02-01T12:17:47.189+0000] {dag.py:4180} INFO - Setting next_dagrun for Data_Quality_Dag_1 to None, run_after=None
[2026-02-01T12:17:47.211+0000] {processor.py:208} INFO - Processing /opt/airflow/dags/data_quality_dag_1.py took 0.120 seconds
[2026-02-01T12:18:17.452+0000] {processor.py:186} INFO - Started process (PID=376) to work on /opt/airflow/dags/data_quality_dag_1.py
[2026-02-01T12:18:17.454+0000] {processor.py:914} INFO - Processing file /opt/airflow/dags/data_quality_dag_1.py for tasks to queue
[2026-02-01T12:18:17.457+0000] {logging_mixin.py:190} INFO - [2026-02-01T12:18:17.456+0000] {dagbag.py:588} INFO - Filling up the DagBag from /opt/airflow/dags/data_quality_dag_1.py
[2026-02-01T12:18:17.468+0000] {processor.py:925} INFO - DAG(s) 'Data_Quality_Dag_1' retrieved from /opt/airflow/dags/data_quality_dag_1.py
[2026-02-01T12:18:17.508+0000] {logging_mixin.py:190} INFO - [2026-02-01T12:18:17.508+0000] {dag.py:3239} INFO - Sync 1 DAGs
[2026-02-01T12:18:17.535+0000] {logging_mixin.py:190} INFO - [2026-02-01T12:18:17.535+0000] {dag.py:4180} INFO - Setting next_dagrun for Data_Quality_Dag_1 to None, run_after=None
[2026-02-01T12:18:17.588+0000] {processor.py:208} INFO - Processing /opt/airflow/dags/data_quality_dag_1.py took 0.143 seconds
[2026-02-01T12:18:48.046+0000] {processor.py:186} INFO - Started process (PID=392) to work on /opt/airflow/dags/data_quality_dag_1.py
[2026-02-01T12:18:48.047+0000] {processor.py:914} INFO - Processing file /opt/airflow/dags/data_quality_dag_1.py for tasks to queue
[2026-02-01T12:18:48.060+0000] {logging_mixin.py:190} INFO - [2026-02-01T12:18:48.059+0000] {dagbag.py:588} INFO - Filling up the DagBag from /opt/airflow/dags/data_quality_dag_1.py
[2026-02-01T12:18:48.086+0000] {processor.py:925} INFO - DAG(s) 'Data_Quality_Dag_1' retrieved from /opt/airflow/dags/data_quality_dag_1.py
[2026-02-01T12:18:48.132+0000] {logging_mixin.py:190} INFO - [2026-02-01T12:18:48.132+0000] {dag.py:3239} INFO - Sync 1 DAGs
[2026-02-01T12:18:48.156+0000] {logging_mixin.py:190} INFO - [2026-02-01T12:18:48.156+0000] {dag.py:4180} INFO - Setting next_dagrun for Data_Quality_Dag_1 to None, run_after=None
[2026-02-01T12:18:48.182+0000] {processor.py:208} INFO - Processing /opt/airflow/dags/data_quality_dag_1.py took 0.147 seconds
[2026-02-01T12:19:18.771+0000] {processor.py:186} INFO - Started process (PID=408) to work on /opt/airflow/dags/data_quality_dag_1.py
[2026-02-01T12:19:18.775+0000] {processor.py:914} INFO - Processing file /opt/airflow/dags/data_quality_dag_1.py for tasks to queue
[2026-02-01T12:19:18.787+0000] {logging_mixin.py:190} INFO - [2026-02-01T12:19:18.787+0000] {dagbag.py:588} INFO - Filling up the DagBag from /opt/airflow/dags/data_quality_dag_1.py
[2026-02-01T12:19:18.822+0000] {processor.py:925} INFO - DAG(s) 'Data_Quality_Dag_1' retrieved from /opt/airflow/dags/data_quality_dag_1.py
[2026-02-01T12:19:18.884+0000] {logging_mixin.py:190} INFO - [2026-02-01T12:19:18.883+0000] {dag.py:3239} INFO - Sync 1 DAGs
[2026-02-01T12:19:18.936+0000] {logging_mixin.py:190} INFO - [2026-02-01T12:19:18.934+0000] {dag.py:4180} INFO - Setting next_dagrun for Data_Quality_Dag_1 to None, run_after=None
[2026-02-01T12:19:18.981+0000] {processor.py:208} INFO - Processing /opt/airflow/dags/data_quality_dag_1.py took 0.230 seconds
[2026-02-01T12:19:49.715+0000] {processor.py:186} INFO - Started process (PID=424) to work on /opt/airflow/dags/data_quality_dag_1.py
[2026-02-01T12:19:49.719+0000] {processor.py:914} INFO - Processing file /opt/airflow/dags/data_quality_dag_1.py for tasks to queue
[2026-02-01T12:19:49.727+0000] {logging_mixin.py:190} INFO - [2026-02-01T12:19:49.726+0000] {dagbag.py:588} INFO - Filling up the DagBag from /opt/airflow/dags/data_quality_dag_1.py
[2026-02-01T12:19:49.749+0000] {processor.py:925} INFO - DAG(s) 'Data_Quality_Dag_1' retrieved from /opt/airflow/dags/data_quality_dag_1.py
[2026-02-01T12:19:49.826+0000] {logging_mixin.py:190} INFO - [2026-02-01T12:19:49.825+0000] {dag.py:3239} INFO - Sync 1 DAGs
[2026-02-01T12:19:49.889+0000] {logging_mixin.py:190} INFO - [2026-02-01T12:19:49.888+0000] {dag.py:4180} INFO - Setting next_dagrun for Data_Quality_Dag_1 to None, run_after=None
[2026-02-01T12:19:49.952+0000] {processor.py:208} INFO - Processing /opt/airflow/dags/data_quality_dag_1.py took 0.250 seconds
[2026-02-01T12:20:20.431+0000] {processor.py:186} INFO - Started process (PID=439) to work on /opt/airflow/dags/data_quality_dag_1.py
[2026-02-01T12:20:20.434+0000] {processor.py:914} INFO - Processing file /opt/airflow/dags/data_quality_dag_1.py for tasks to queue
[2026-02-01T12:20:20.437+0000] {logging_mixin.py:190} INFO - [2026-02-01T12:20:20.437+0000] {dagbag.py:588} INFO - Filling up the DagBag from /opt/airflow/dags/data_quality_dag_1.py
[2026-02-01T12:20:20.460+0000] {processor.py:925} INFO - DAG(s) 'Data_Quality_Dag_1' retrieved from /opt/airflow/dags/data_quality_dag_1.py
[2026-02-01T12:20:20.574+0000] {logging_mixin.py:190} INFO - [2026-02-01T12:20:20.572+0000] {dag.py:3239} INFO - Sync 1 DAGs
[2026-02-01T12:20:20.646+0000] {logging_mixin.py:190} INFO - [2026-02-01T12:20:20.646+0000] {dag.py:4180} INFO - Setting next_dagrun for Data_Quality_Dag_1 to None, run_after=None
[2026-02-01T12:20:20.695+0000] {processor.py:208} INFO - Processing /opt/airflow/dags/data_quality_dag_1.py took 0.282 seconds
[2026-02-01T12:20:51.179+0000] {processor.py:186} INFO - Started process (PID=454) to work on /opt/airflow/dags/data_quality_dag_1.py
[2026-02-01T12:20:51.220+0000] {processor.py:914} INFO - Processing file /opt/airflow/dags/data_quality_dag_1.py for tasks to queue
[2026-02-01T12:20:51.223+0000] {logging_mixin.py:190} INFO - [2026-02-01T12:20:51.222+0000] {dagbag.py:588} INFO - Filling up the DagBag from /opt/airflow/dags/data_quality_dag_1.py
[2026-02-01T12:20:51.233+0000] {processor.py:925} INFO - DAG(s) 'Data_Quality_Dag_1' retrieved from /opt/airflow/dags/data_quality_dag_1.py
[2026-02-01T12:20:51.278+0000] {logging_mixin.py:190} INFO - [2026-02-01T12:20:51.277+0000] {dag.py:3239} INFO - Sync 1 DAGs
[2026-02-01T12:20:51.304+0000] {logging_mixin.py:190} INFO - [2026-02-01T12:20:51.304+0000] {dag.py:4180} INFO - Setting next_dagrun for Data_Quality_Dag_1 to None, run_after=None
[2026-02-01T12:20:51.393+0000] {processor.py:208} INFO - Processing /opt/airflow/dags/data_quality_dag_1.py took 0.224 seconds
[2026-02-01T12:21:21.845+0000] {processor.py:186} INFO - Started process (PID=470) to work on /opt/airflow/dags/data_quality_dag_1.py
[2026-02-01T12:21:21.848+0000] {processor.py:914} INFO - Processing file /opt/airflow/dags/data_quality_dag_1.py for tasks to queue
[2026-02-01T12:21:21.858+0000] {logging_mixin.py:190} INFO - [2026-02-01T12:21:21.857+0000] {dagbag.py:588} INFO - Filling up the DagBag from /opt/airflow/dags/data_quality_dag_1.py
[2026-02-01T12:21:21.887+0000] {processor.py:925} INFO - DAG(s) 'Data_Quality_Dag_1' retrieved from /opt/airflow/dags/data_quality_dag_1.py
[2026-02-01T12:21:21.940+0000] {logging_mixin.py:190} INFO - [2026-02-01T12:21:21.939+0000] {dag.py:3239} INFO - Sync 1 DAGs
[2026-02-01T12:21:21.964+0000] {logging_mixin.py:190} INFO - [2026-02-01T12:21:21.964+0000] {dag.py:4180} INFO - Setting next_dagrun for Data_Quality_Dag_1 to None, run_after=None
[2026-02-01T12:21:21.993+0000] {processor.py:208} INFO - Processing /opt/airflow/dags/data_quality_dag_1.py took 0.157 seconds
[2026-02-01T12:21:52.182+0000] {processor.py:186} INFO - Started process (PID=485) to work on /opt/airflow/dags/data_quality_dag_1.py
[2026-02-01T12:21:52.183+0000] {processor.py:914} INFO - Processing file /opt/airflow/dags/data_quality_dag_1.py for tasks to queue
[2026-02-01T12:21:52.189+0000] {logging_mixin.py:190} INFO - [2026-02-01T12:21:52.188+0000] {dagbag.py:588} INFO - Filling up the DagBag from /opt/airflow/dags/data_quality_dag_1.py
[2026-02-01T12:21:52.207+0000] {processor.py:925} INFO - DAG(s) 'Data_Quality_Dag_1' retrieved from /opt/airflow/dags/data_quality_dag_1.py
[2026-02-01T12:21:52.251+0000] {logging_mixin.py:190} INFO - [2026-02-01T12:21:52.250+0000] {dag.py:3239} INFO - Sync 1 DAGs
[2026-02-01T12:21:52.276+0000] {logging_mixin.py:190} INFO - [2026-02-01T12:21:52.275+0000] {dag.py:4180} INFO - Setting next_dagrun for Data_Quality_Dag_1 to None, run_after=None
[2026-02-01T12:21:52.301+0000] {processor.py:208} INFO - Processing /opt/airflow/dags/data_quality_dag_1.py took 0.130 seconds
[2026-02-01T12:22:22.609+0000] {processor.py:186} INFO - Started process (PID=502) to work on /opt/airflow/dags/data_quality_dag_1.py
[2026-02-01T12:22:22.610+0000] {processor.py:914} INFO - Processing file /opt/airflow/dags/data_quality_dag_1.py for tasks to queue
[2026-02-01T12:22:22.617+0000] {logging_mixin.py:190} INFO - [2026-02-01T12:22:22.617+0000] {dagbag.py:588} INFO - Filling up the DagBag from /opt/airflow/dags/data_quality_dag_1.py
[2026-02-01T12:22:22.641+0000] {processor.py:925} INFO - DAG(s) 'Data_Quality_Dag_1' retrieved from /opt/airflow/dags/data_quality_dag_1.py
[2026-02-01T12:22:22.715+0000] {logging_mixin.py:190} INFO - [2026-02-01T12:22:22.714+0000] {dag.py:3239} INFO - Sync 1 DAGs
[2026-02-01T12:22:22.775+0000] {logging_mixin.py:190} INFO - [2026-02-01T12:22:22.774+0000] {dag.py:4180} INFO - Setting next_dagrun for Data_Quality_Dag_1 to None, run_after=None
[2026-02-01T12:22:22.799+0000] {processor.py:208} INFO - Processing /opt/airflow/dags/data_quality_dag_1.py took 0.200 seconds
[2026-02-01T12:22:53.156+0000] {processor.py:186} INFO - Started process (PID=523) to work on /opt/airflow/dags/data_quality_dag_1.py
[2026-02-01T12:22:53.157+0000] {processor.py:914} INFO - Processing file /opt/airflow/dags/data_quality_dag_1.py for tasks to queue
[2026-02-01T12:22:53.163+0000] {logging_mixin.py:190} INFO - [2026-02-01T12:22:53.162+0000] {dagbag.py:588} INFO - Filling up the DagBag from /opt/airflow/dags/data_quality_dag_1.py
[2026-02-01T12:22:53.177+0000] {processor.py:925} INFO - DAG(s) 'Data_Quality_Dag_1' retrieved from /opt/airflow/dags/data_quality_dag_1.py
[2026-02-01T12:22:53.223+0000] {logging_mixin.py:190} INFO - [2026-02-01T12:22:53.223+0000] {dag.py:3239} INFO - Sync 1 DAGs
[2026-02-01T12:22:53.246+0000] {logging_mixin.py:190} INFO - [2026-02-01T12:22:53.245+0000] {dag.py:4180} INFO - Setting next_dagrun for Data_Quality_Dag_1 to None, run_after=None
[2026-02-01T12:22:53.267+0000] {processor.py:208} INFO - Processing /opt/airflow/dags/data_quality_dag_1.py took 0.127 seconds
[2026-02-01T12:23:23.569+0000] {processor.py:186} INFO - Started process (PID=540) to work on /opt/airflow/dags/data_quality_dag_1.py
[2026-02-01T12:23:23.570+0000] {processor.py:914} INFO - Processing file /opt/airflow/dags/data_quality_dag_1.py for tasks to queue
[2026-02-01T12:23:23.579+0000] {logging_mixin.py:190} INFO - [2026-02-01T12:23:23.578+0000] {dagbag.py:588} INFO - Filling up the DagBag from /opt/airflow/dags/data_quality_dag_1.py
[2026-02-01T12:23:23.603+0000] {processor.py:925} INFO - DAG(s) 'Data_Quality_Dag_1' retrieved from /opt/airflow/dags/data_quality_dag_1.py
[2026-02-01T12:23:23.656+0000] {logging_mixin.py:190} INFO - [2026-02-01T12:23:23.655+0000] {dag.py:3239} INFO - Sync 1 DAGs
[2026-02-01T12:23:23.676+0000] {logging_mixin.py:190} INFO - [2026-02-01T12:23:23.676+0000] {dag.py:4180} INFO - Setting next_dagrun for Data_Quality_Dag_1 to None, run_after=None
[2026-02-01T12:23:23.706+0000] {processor.py:208} INFO - Processing /opt/airflow/dags/data_quality_dag_1.py took 0.143 seconds
[2026-02-01T12:23:54.098+0000] {processor.py:186} INFO - Started process (PID=556) to work on /opt/airflow/dags/data_quality_dag_1.py
[2026-02-01T12:23:54.101+0000] {processor.py:914} INFO - Processing file /opt/airflow/dags/data_quality_dag_1.py for tasks to queue
[2026-02-01T12:23:54.108+0000] {logging_mixin.py:190} INFO - [2026-02-01T12:23:54.107+0000] {dagbag.py:588} INFO - Filling up the DagBag from /opt/airflow/dags/data_quality_dag_1.py
[2026-02-01T12:23:54.123+0000] {processor.py:925} INFO - DAG(s) 'Data_Quality_Dag_1' retrieved from /opt/airflow/dags/data_quality_dag_1.py
[2026-02-01T12:23:54.172+0000] {logging_mixin.py:190} INFO - [2026-02-01T12:23:54.171+0000] {dag.py:3239} INFO - Sync 1 DAGs
[2026-02-01T12:23:54.193+0000] {logging_mixin.py:190} INFO - [2026-02-01T12:23:54.193+0000] {dag.py:4180} INFO - Setting next_dagrun for Data_Quality_Dag_1 to None, run_after=None
[2026-02-01T12:23:54.214+0000] {processor.py:208} INFO - Processing /opt/airflow/dags/data_quality_dag_1.py took 0.133 seconds
[2026-02-01T12:24:24.713+0000] {processor.py:186} INFO - Started process (PID=572) to work on /opt/airflow/dags/data_quality_dag_1.py
[2026-02-01T12:24:24.718+0000] {processor.py:914} INFO - Processing file /opt/airflow/dags/data_quality_dag_1.py for tasks to queue
[2026-02-01T12:24:24.732+0000] {logging_mixin.py:190} INFO - [2026-02-01T12:24:24.728+0000] {dagbag.py:588} INFO - Filling up the DagBag from /opt/airflow/dags/data_quality_dag_1.py
[2026-02-01T12:24:24.766+0000] {processor.py:925} INFO - DAG(s) 'Data_Quality_Dag_1' retrieved from /opt/airflow/dags/data_quality_dag_1.py
[2026-02-01T12:24:24.878+0000] {logging_mixin.py:190} INFO - [2026-02-01T12:24:24.878+0000] {dag.py:3239} INFO - Sync 1 DAGs
[2026-02-01T12:24:24.926+0000] {logging_mixin.py:190} INFO - [2026-02-01T12:24:24.926+0000] {dag.py:4180} INFO - Setting next_dagrun for Data_Quality_Dag_1 to None, run_after=None
[2026-02-01T12:24:24.974+0000] {processor.py:208} INFO - Processing /opt/airflow/dags/data_quality_dag_1.py took 0.287 seconds
[2026-02-01T12:24:55.291+0000] {processor.py:186} INFO - Started process (PID=587) to work on /opt/airflow/dags/data_quality_dag_1.py
[2026-02-01T12:24:55.295+0000] {processor.py:914} INFO - Processing file /opt/airflow/dags/data_quality_dag_1.py for tasks to queue
[2026-02-01T12:24:55.300+0000] {logging_mixin.py:190} INFO - [2026-02-01T12:24:55.299+0000] {dagbag.py:588} INFO - Filling up the DagBag from /opt/airflow/dags/data_quality_dag_1.py
[2026-02-01T12:24:55.323+0000] {processor.py:925} INFO - DAG(s) 'Data_Quality_Dag_1' retrieved from /opt/airflow/dags/data_quality_dag_1.py
[2026-02-01T12:24:55.406+0000] {logging_mixin.py:190} INFO - [2026-02-01T12:24:55.405+0000] {dag.py:3239} INFO - Sync 1 DAGs
[2026-02-01T12:24:55.486+0000] {logging_mixin.py:190} INFO - [2026-02-01T12:24:55.485+0000] {dag.py:4180} INFO - Setting next_dagrun for Data_Quality_Dag_1 to None, run_after=None
[2026-02-01T12:24:55.521+0000] {processor.py:208} INFO - Processing /opt/airflow/dags/data_quality_dag_1.py took 0.243 seconds
[2026-02-01T12:25:26.145+0000] {processor.py:186} INFO - Started process (PID=603) to work on /opt/airflow/dags/data_quality_dag_1.py
[2026-02-01T12:25:26.148+0000] {processor.py:914} INFO - Processing file /opt/airflow/dags/data_quality_dag_1.py for tasks to queue
[2026-02-01T12:25:26.154+0000] {logging_mixin.py:190} INFO - [2026-02-01T12:25:26.153+0000] {dagbag.py:588} INFO - Filling up the DagBag from /opt/airflow/dags/data_quality_dag_1.py
[2026-02-01T12:25:26.174+0000] {processor.py:925} INFO - DAG(s) 'Data_Quality_Dag_1' retrieved from /opt/airflow/dags/data_quality_dag_1.py
[2026-02-01T12:25:26.211+0000] {logging_mixin.py:190} INFO - [2026-02-01T12:25:26.210+0000] {dag.py:3239} INFO - Sync 1 DAGs
[2026-02-01T12:25:26.235+0000] {logging_mixin.py:190} INFO - [2026-02-01T12:25:26.235+0000] {dag.py:4180} INFO - Setting next_dagrun for Data_Quality_Dag_1 to None, run_after=None
[2026-02-01T12:25:26.264+0000] {processor.py:208} INFO - Processing /opt/airflow/dags/data_quality_dag_1.py took 0.142 seconds
[2026-02-01T12:25:56.576+0000] {processor.py:186} INFO - Started process (PID=619) to work on /opt/airflow/dags/data_quality_dag_1.py
[2026-02-01T12:25:56.584+0000] {processor.py:914} INFO - Processing file /opt/airflow/dags/data_quality_dag_1.py for tasks to queue
[2026-02-01T12:25:56.597+0000] {logging_mixin.py:190} INFO - [2026-02-01T12:25:56.596+0000] {dagbag.py:588} INFO - Filling up the DagBag from /opt/airflow/dags/data_quality_dag_1.py
[2026-02-01T12:25:56.624+0000] {processor.py:925} INFO - DAG(s) 'Data_Quality_Dag_1' retrieved from /opt/airflow/dags/data_quality_dag_1.py
[2026-02-01T12:25:56.775+0000] {logging_mixin.py:190} INFO - [2026-02-01T12:25:56.775+0000] {dag.py:3239} INFO - Sync 1 DAGs
[2026-02-01T12:25:56.829+0000] {logging_mixin.py:190} INFO - [2026-02-01T12:25:56.829+0000] {dag.py:4180} INFO - Setting next_dagrun for Data_Quality_Dag_1 to None, run_after=None
[2026-02-01T12:25:56.898+0000] {processor.py:208} INFO - Processing /opt/airflow/dags/data_quality_dag_1.py took 0.343 seconds
[2026-02-01T12:26:27.293+0000] {processor.py:186} INFO - Started process (PID=635) to work on /opt/airflow/dags/data_quality_dag_1.py
[2026-02-01T12:26:27.294+0000] {processor.py:914} INFO - Processing file /opt/airflow/dags/data_quality_dag_1.py for tasks to queue
[2026-02-01T12:26:27.297+0000] {logging_mixin.py:190} INFO - [2026-02-01T12:26:27.297+0000] {dagbag.py:588} INFO - Filling up the DagBag from /opt/airflow/dags/data_quality_dag_1.py
[2026-02-01T12:26:27.309+0000] {processor.py:925} INFO - DAG(s) 'Data_Quality_Dag_1' retrieved from /opt/airflow/dags/data_quality_dag_1.py
[2026-02-01T12:26:27.355+0000] {logging_mixin.py:190} INFO - [2026-02-01T12:26:27.354+0000] {dag.py:3239} INFO - Sync 1 DAGs
[2026-02-01T12:26:27.390+0000] {logging_mixin.py:190} INFO - [2026-02-01T12:26:27.390+0000] {dag.py:4180} INFO - Setting next_dagrun for Data_Quality_Dag_1 to None, run_after=None
[2026-02-01T12:26:27.413+0000] {processor.py:208} INFO - Processing /opt/airflow/dags/data_quality_dag_1.py took 0.127 seconds
[2026-02-01T12:26:57.603+0000] {processor.py:186} INFO - Started process (PID=650) to work on /opt/airflow/dags/data_quality_dag_1.py
[2026-02-01T12:26:57.604+0000] {processor.py:914} INFO - Processing file /opt/airflow/dags/data_quality_dag_1.py for tasks to queue
[2026-02-01T12:26:57.607+0000] {logging_mixin.py:190} INFO - [2026-02-01T12:26:57.607+0000] {dagbag.py:588} INFO - Filling up the DagBag from /opt/airflow/dags/data_quality_dag_1.py
[2026-02-01T12:26:57.623+0000] {processor.py:925} INFO - DAG(s) 'Data_Quality_Dag_1' retrieved from /opt/airflow/dags/data_quality_dag_1.py
[2026-02-01T12:26:57.666+0000] {logging_mixin.py:190} INFO - [2026-02-01T12:26:57.666+0000] {dag.py:3239} INFO - Sync 1 DAGs
[2026-02-01T12:26:57.693+0000] {logging_mixin.py:190} INFO - [2026-02-01T12:26:57.693+0000] {dag.py:4180} INFO - Setting next_dagrun for Data_Quality_Dag_1 to None, run_after=None
[2026-02-01T12:26:57.722+0000] {processor.py:208} INFO - Processing /opt/airflow/dags/data_quality_dag_1.py took 0.125 seconds
[2026-02-01T12:27:27.816+0000] {processor.py:186} INFO - Started process (PID=666) to work on /opt/airflow/dags/data_quality_dag_1.py
[2026-02-01T12:27:27.818+0000] {processor.py:914} INFO - Processing file /opt/airflow/dags/data_quality_dag_1.py for tasks to queue
[2026-02-01T12:27:27.822+0000] {logging_mixin.py:190} INFO - [2026-02-01T12:27:27.821+0000] {dagbag.py:588} INFO - Filling up the DagBag from /opt/airflow/dags/data_quality_dag_1.py
[2026-02-01T12:27:27.851+0000] {processor.py:925} INFO - DAG(s) 'Data_Quality_Dag_1' retrieved from /opt/airflow/dags/data_quality_dag_1.py
[2026-02-01T12:27:27.885+0000] {logging_mixin.py:190} INFO - [2026-02-01T12:27:27.885+0000] {dag.py:3239} INFO - Sync 1 DAGs
[2026-02-01T12:27:27.904+0000] {logging_mixin.py:190} INFO - [2026-02-01T12:27:27.904+0000] {dag.py:4180} INFO - Setting next_dagrun for Data_Quality_Dag_1 to None, run_after=None
[2026-02-01T12:27:27.971+0000] {processor.py:208} INFO - Processing /opt/airflow/dags/data_quality_dag_1.py took 0.163 seconds
[2026-02-01T12:27:58.222+0000] {processor.py:186} INFO - Started process (PID=682) to work on /opt/airflow/dags/data_quality_dag_1.py
[2026-02-01T12:27:58.223+0000] {processor.py:914} INFO - Processing file /opt/airflow/dags/data_quality_dag_1.py for tasks to queue
[2026-02-01T12:27:58.227+0000] {logging_mixin.py:190} INFO - [2026-02-01T12:27:58.226+0000] {dagbag.py:588} INFO - Filling up the DagBag from /opt/airflow/dags/data_quality_dag_1.py
[2026-02-01T12:27:58.237+0000] {processor.py:925} INFO - DAG(s) 'Data_Quality_Dag_1' retrieved from /opt/airflow/dags/data_quality_dag_1.py
[2026-02-01T12:27:58.308+0000] {logging_mixin.py:190} INFO - [2026-02-01T12:27:58.307+0000] {dag.py:3239} INFO - Sync 1 DAGs
[2026-02-01T12:27:58.346+0000] {logging_mixin.py:190} INFO - [2026-02-01T12:27:58.346+0000] {dag.py:4180} INFO - Setting next_dagrun for Data_Quality_Dag_1 to None, run_after=None
[2026-02-01T12:27:58.379+0000] {processor.py:208} INFO - Processing /opt/airflow/dags/data_quality_dag_1.py took 0.165 seconds
[2026-02-01T12:28:28.666+0000] {processor.py:186} INFO - Started process (PID=700) to work on /opt/airflow/dags/data_quality_dag_1.py
[2026-02-01T12:28:28.671+0000] {processor.py:914} INFO - Processing file /opt/airflow/dags/data_quality_dag_1.py for tasks to queue
[2026-02-01T12:28:28.691+0000] {logging_mixin.py:190} INFO - [2026-02-01T12:28:28.691+0000] {dagbag.py:588} INFO - Filling up the DagBag from /opt/airflow/dags/data_quality_dag_1.py
[2026-02-01T12:28:28.729+0000] {processor.py:925} INFO - DAG(s) 'Data_Quality_Dag_1' retrieved from /opt/airflow/dags/data_quality_dag_1.py
[2026-02-01T12:28:28.787+0000] {logging_mixin.py:190} INFO - [2026-02-01T12:28:28.787+0000] {dag.py:3239} INFO - Sync 1 DAGs
[2026-02-01T12:28:28.810+0000] {logging_mixin.py:190} INFO - [2026-02-01T12:28:28.809+0000] {dag.py:4180} INFO - Setting next_dagrun for Data_Quality_Dag_1 to None, run_after=None
[2026-02-01T12:28:28.843+0000] {processor.py:208} INFO - Processing /opt/airflow/dags/data_quality_dag_1.py took 0.195 seconds
[2026-02-01T12:28:59.023+0000] {processor.py:186} INFO - Started process (PID=716) to work on /opt/airflow/dags/data_quality_dag_1.py
[2026-02-01T12:28:59.023+0000] {processor.py:914} INFO - Processing file /opt/airflow/dags/data_quality_dag_1.py for tasks to queue
[2026-02-01T12:28:59.026+0000] {logging_mixin.py:190} INFO - [2026-02-01T12:28:59.025+0000] {dagbag.py:588} INFO - Filling up the DagBag from /opt/airflow/dags/data_quality_dag_1.py
[2026-02-01T12:28:59.048+0000] {processor.py:925} INFO - DAG(s) 'Data_Quality_Dag_1' retrieved from /opt/airflow/dags/data_quality_dag_1.py
[2026-02-01T12:28:59.101+0000] {logging_mixin.py:190} INFO - [2026-02-01T12:28:59.100+0000] {dag.py:3239} INFO - Sync 1 DAGs
[2026-02-01T12:28:59.130+0000] {logging_mixin.py:190} INFO - [2026-02-01T12:28:59.130+0000] {dag.py:4180} INFO - Setting next_dagrun for Data_Quality_Dag_1 to None, run_after=None
[2026-02-01T12:28:59.152+0000] {processor.py:208} INFO - Processing /opt/airflow/dags/data_quality_dag_1.py took 0.137 seconds
[2026-02-01T12:29:29.473+0000] {processor.py:186} INFO - Started process (PID=731) to work on /opt/airflow/dags/data_quality_dag_1.py
[2026-02-01T12:29:29.475+0000] {processor.py:914} INFO - Processing file /opt/airflow/dags/data_quality_dag_1.py for tasks to queue
[2026-02-01T12:29:29.484+0000] {logging_mixin.py:190} INFO - [2026-02-01T12:29:29.483+0000] {dagbag.py:588} INFO - Filling up the DagBag from /opt/airflow/dags/data_quality_dag_1.py
[2026-02-01T12:29:29.493+0000] {processor.py:925} INFO - DAG(s) 'Data_Quality_Dag_1' retrieved from /opt/airflow/dags/data_quality_dag_1.py
[2026-02-01T12:29:29.527+0000] {logging_mixin.py:190} INFO - [2026-02-01T12:29:29.527+0000] {dag.py:3239} INFO - Sync 1 DAGs
[2026-02-01T12:29:29.551+0000] {logging_mixin.py:190} INFO - [2026-02-01T12:29:29.550+0000] {dag.py:4180} INFO - Setting next_dagrun for Data_Quality_Dag_1 to None, run_after=None
[2026-02-01T12:29:29.584+0000] {processor.py:208} INFO - Processing /opt/airflow/dags/data_quality_dag_1.py took 0.128 seconds
[2026-02-01T12:30:00.299+0000] {processor.py:186} INFO - Started process (PID=747) to work on /opt/airflow/dags/data_quality_dag_1.py
[2026-02-01T12:30:00.299+0000] {processor.py:914} INFO - Processing file /opt/airflow/dags/data_quality_dag_1.py for tasks to queue
[2026-02-01T12:30:00.307+0000] {logging_mixin.py:190} INFO - [2026-02-01T12:30:00.307+0000] {dagbag.py:588} INFO - Filling up the DagBag from /opt/airflow/dags/data_quality_dag_1.py
[2026-02-01T12:30:00.328+0000] {processor.py:925} INFO - DAG(s) 'Data_Quality_Dag_1' retrieved from /opt/airflow/dags/data_quality_dag_1.py
[2026-02-01T12:30:00.375+0000] {logging_mixin.py:190} INFO - [2026-02-01T12:30:00.374+0000] {dag.py:3239} INFO - Sync 1 DAGs
[2026-02-01T12:30:00.407+0000] {logging_mixin.py:190} INFO - [2026-02-01T12:30:00.407+0000] {dag.py:4180} INFO - Setting next_dagrun for Data_Quality_Dag_1 to None, run_after=None
[2026-02-01T12:30:00.442+0000] {processor.py:208} INFO - Processing /opt/airflow/dags/data_quality_dag_1.py took 0.162 seconds
[2026-02-01T12:30:30.738+0000] {processor.py:186} INFO - Started process (PID=763) to work on /opt/airflow/dags/data_quality_dag_1.py
[2026-02-01T12:30:30.740+0000] {processor.py:914} INFO - Processing file /opt/airflow/dags/data_quality_dag_1.py for tasks to queue
[2026-02-01T12:30:30.745+0000] {logging_mixin.py:190} INFO - [2026-02-01T12:30:30.743+0000] {dagbag.py:588} INFO - Filling up the DagBag from /opt/airflow/dags/data_quality_dag_1.py
[2026-02-01T12:30:30.768+0000] {processor.py:925} INFO - DAG(s) 'Data_Quality_Dag_1' retrieved from /opt/airflow/dags/data_quality_dag_1.py
[2026-02-01T12:30:30.815+0000] {logging_mixin.py:190} INFO - [2026-02-01T12:30:30.814+0000] {dag.py:3239} INFO - Sync 1 DAGs
[2026-02-01T12:30:30.836+0000] {logging_mixin.py:190} INFO - [2026-02-01T12:30:30.836+0000] {dag.py:4180} INFO - Setting next_dagrun for Data_Quality_Dag_1 to None, run_after=None
[2026-02-01T12:30:30.871+0000] {processor.py:208} INFO - Processing /opt/airflow/dags/data_quality_dag_1.py took 0.140 seconds
[2026-02-01T12:31:01.234+0000] {processor.py:186} INFO - Started process (PID=779) to work on /opt/airflow/dags/data_quality_dag_1.py
[2026-02-01T12:31:01.236+0000] {processor.py:914} INFO - Processing file /opt/airflow/dags/data_quality_dag_1.py for tasks to queue
[2026-02-01T12:31:01.245+0000] {logging_mixin.py:190} INFO - [2026-02-01T12:31:01.245+0000] {dagbag.py:588} INFO - Filling up the DagBag from /opt/airflow/dags/data_quality_dag_1.py
[2026-02-01T12:31:01.260+0000] {processor.py:925} INFO - DAG(s) 'Data_Quality_Dag_1' retrieved from /opt/airflow/dags/data_quality_dag_1.py
[2026-02-01T12:31:01.306+0000] {logging_mixin.py:190} INFO - [2026-02-01T12:31:01.305+0000] {dag.py:3239} INFO - Sync 1 DAGs
[2026-02-01T12:31:01.329+0000] {logging_mixin.py:190} INFO - [2026-02-01T12:31:01.329+0000] {dag.py:4180} INFO - Setting next_dagrun for Data_Quality_Dag_1 to None, run_after=None
[2026-02-01T12:31:01.348+0000] {processor.py:208} INFO - Processing /opt/airflow/dags/data_quality_dag_1.py took 0.136 seconds
[2026-02-01T12:31:32.455+0000] {processor.py:186} INFO - Started process (PID=795) to work on /opt/airflow/dags/data_quality_dag_1.py
[2026-02-01T12:31:32.457+0000] {processor.py:914} INFO - Processing file /opt/airflow/dags/data_quality_dag_1.py for tasks to queue
[2026-02-01T12:31:32.465+0000] {logging_mixin.py:190} INFO - [2026-02-01T12:31:32.465+0000] {dagbag.py:588} INFO - Filling up the DagBag from /opt/airflow/dags/data_quality_dag_1.py
[2026-02-01T12:31:32.504+0000] {processor.py:925} INFO - DAG(s) 'Data_Quality_Dag_1' retrieved from /opt/airflow/dags/data_quality_dag_1.py
[2026-02-01T12:31:32.579+0000] {logging_mixin.py:190} INFO - [2026-02-01T12:31:32.578+0000] {dag.py:3239} INFO - Sync 1 DAGs
[2026-02-01T12:31:32.607+0000] {logging_mixin.py:190} INFO - [2026-02-01T12:31:32.607+0000] {dag.py:4180} INFO - Setting next_dagrun for Data_Quality_Dag_1 to None, run_after=None
[2026-02-01T12:31:32.665+0000] {processor.py:208} INFO - Processing /opt/airflow/dags/data_quality_dag_1.py took 0.233 seconds
[2026-02-01T12:32:03.419+0000] {processor.py:186} INFO - Started process (PID=812) to work on /opt/airflow/dags/data_quality_dag_1.py
[2026-02-01T12:32:03.422+0000] {processor.py:914} INFO - Processing file /opt/airflow/dags/data_quality_dag_1.py for tasks to queue
[2026-02-01T12:32:03.428+0000] {logging_mixin.py:190} INFO - [2026-02-01T12:32:03.427+0000] {dagbag.py:588} INFO - Filling up the DagBag from /opt/airflow/dags/data_quality_dag_1.py
[2026-02-01T12:32:03.449+0000] {processor.py:925} INFO - DAG(s) 'Data_Quality_Dag_1' retrieved from /opt/airflow/dags/data_quality_dag_1.py
[2026-02-01T12:32:03.549+0000] {logging_mixin.py:190} INFO - [2026-02-01T12:32:03.548+0000] {dag.py:3239} INFO - Sync 1 DAGs
[2026-02-01T12:32:03.611+0000] {logging_mixin.py:190} INFO - [2026-02-01T12:32:03.611+0000] {dag.py:4180} INFO - Setting next_dagrun for Data_Quality_Dag_1 to None, run_after=None
[2026-02-01T12:32:03.680+0000] {processor.py:208} INFO - Processing /opt/airflow/dags/data_quality_dag_1.py took 0.270 seconds
[2026-02-01T12:32:34.509+0000] {processor.py:186} INFO - Started process (PID=828) to work on /opt/airflow/dags/data_quality_dag_1.py
[2026-02-01T12:32:34.510+0000] {processor.py:914} INFO - Processing file /opt/airflow/dags/data_quality_dag_1.py for tasks to queue
[2026-02-01T12:32:34.514+0000] {logging_mixin.py:190} INFO - [2026-02-01T12:32:34.513+0000] {dagbag.py:588} INFO - Filling up the DagBag from /opt/airflow/dags/data_quality_dag_1.py
[2026-02-01T12:32:34.531+0000] {processor.py:925} INFO - DAG(s) 'Data_Quality_Dag_1' retrieved from /opt/airflow/dags/data_quality_dag_1.py
[2026-02-01T12:32:34.595+0000] {logging_mixin.py:190} INFO - [2026-02-01T12:32:34.592+0000] {dag.py:3239} INFO - Sync 1 DAGs
[2026-02-01T12:32:34.640+0000] {logging_mixin.py:190} INFO - [2026-02-01T12:32:34.640+0000] {dag.py:4180} INFO - Setting next_dagrun for Data_Quality_Dag_1 to None, run_after=None
[2026-02-01T12:32:34.660+0000] {processor.py:208} INFO - Processing /opt/airflow/dags/data_quality_dag_1.py took 0.159 seconds
[2026-02-01T12:33:04.779+0000] {processor.py:186} INFO - Started process (PID=844) to work on /opt/airflow/dags/data_quality_dag_1.py
[2026-02-01T12:33:04.779+0000] {processor.py:914} INFO - Processing file /opt/airflow/dags/data_quality_dag_1.py for tasks to queue
[2026-02-01T12:33:04.785+0000] {logging_mixin.py:190} INFO - [2026-02-01T12:33:04.784+0000] {dagbag.py:588} INFO - Filling up the DagBag from /opt/airflow/dags/data_quality_dag_1.py
[2026-02-01T12:33:04.803+0000] {processor.py:925} INFO - DAG(s) 'Data_Quality_Dag_1' retrieved from /opt/airflow/dags/data_quality_dag_1.py
[2026-02-01T12:33:04.851+0000] {logging_mixin.py:190} INFO - [2026-02-01T12:33:04.851+0000] {dag.py:3239} INFO - Sync 1 DAGs
[2026-02-01T12:33:04.884+0000] {logging_mixin.py:190} INFO - [2026-02-01T12:33:04.884+0000] {dag.py:4180} INFO - Setting next_dagrun for Data_Quality_Dag_1 to None, run_after=None
[2026-02-01T12:33:04.917+0000] {processor.py:208} INFO - Processing /opt/airflow/dags/data_quality_dag_1.py took 0.151 seconds
[2026-02-01T12:33:35.204+0000] {processor.py:186} INFO - Started process (PID=860) to work on /opt/airflow/dags/data_quality_dag_1.py
[2026-02-01T12:33:35.206+0000] {processor.py:914} INFO - Processing file /opt/airflow/dags/data_quality_dag_1.py for tasks to queue
[2026-02-01T12:33:35.211+0000] {logging_mixin.py:190} INFO - [2026-02-01T12:33:35.210+0000] {dagbag.py:588} INFO - Filling up the DagBag from /opt/airflow/dags/data_quality_dag_1.py
[2026-02-01T12:33:35.223+0000] {processor.py:925} INFO - DAG(s) 'Data_Quality_Dag_1' retrieved from /opt/airflow/dags/data_quality_dag_1.py
[2026-02-01T12:33:35.255+0000] {logging_mixin.py:190} INFO - [2026-02-01T12:33:35.255+0000] {dag.py:3239} INFO - Sync 1 DAGs
[2026-02-01T12:33:35.277+0000] {logging_mixin.py:190} INFO - [2026-02-01T12:33:35.277+0000] {dag.py:4180} INFO - Setting next_dagrun for Data_Quality_Dag_1 to None, run_after=None
[2026-02-01T12:33:35.305+0000] {processor.py:208} INFO - Processing /opt/airflow/dags/data_quality_dag_1.py took 0.107 seconds
[2026-02-01T12:34:05.618+0000] {processor.py:186} INFO - Started process (PID=875) to work on /opt/airflow/dags/data_quality_dag_1.py
[2026-02-01T12:34:05.620+0000] {processor.py:914} INFO - Processing file /opt/airflow/dags/data_quality_dag_1.py for tasks to queue
[2026-02-01T12:34:05.627+0000] {logging_mixin.py:190} INFO - [2026-02-01T12:34:05.624+0000] {dagbag.py:588} INFO - Filling up the DagBag from /opt/airflow/dags/data_quality_dag_1.py
[2026-02-01T12:34:05.651+0000] {processor.py:925} INFO - DAG(s) 'Data_Quality_Dag_1' retrieved from /opt/airflow/dags/data_quality_dag_1.py
[2026-02-01T12:34:05.719+0000] {logging_mixin.py:190} INFO - [2026-02-01T12:34:05.718+0000] {dag.py:3239} INFO - Sync 1 DAGs
[2026-02-01T12:34:05.756+0000] {logging_mixin.py:190} INFO - [2026-02-01T12:34:05.756+0000] {dag.py:4180} INFO - Setting next_dagrun for Data_Quality_Dag_1 to None, run_after=None
[2026-02-01T12:34:05.779+0000] {processor.py:208} INFO - Processing /opt/airflow/dags/data_quality_dag_1.py took 0.171 seconds
[2026-02-01T12:34:36.100+0000] {processor.py:186} INFO - Started process (PID=891) to work on /opt/airflow/dags/data_quality_dag_1.py
[2026-02-01T12:34:36.101+0000] {processor.py:914} INFO - Processing file /opt/airflow/dags/data_quality_dag_1.py for tasks to queue
[2026-02-01T12:34:36.109+0000] {logging_mixin.py:190} INFO - [2026-02-01T12:34:36.108+0000] {dagbag.py:588} INFO - Filling up the DagBag from /opt/airflow/dags/data_quality_dag_1.py
[2026-02-01T12:34:36.118+0000] {processor.py:925} INFO - DAG(s) 'Data_Quality_Dag_1' retrieved from /opt/airflow/dags/data_quality_dag_1.py
[2026-02-01T12:34:36.169+0000] {logging_mixin.py:190} INFO - [2026-02-01T12:34:36.169+0000] {dag.py:3239} INFO - Sync 1 DAGs
[2026-02-01T12:34:36.204+0000] {logging_mixin.py:190} INFO - [2026-02-01T12:34:36.204+0000] {dag.py:4180} INFO - Setting next_dagrun for Data_Quality_Dag_1 to None, run_after=None
[2026-02-01T12:34:36.236+0000] {processor.py:208} INFO - Processing /opt/airflow/dags/data_quality_dag_1.py took 0.146 seconds
