[2026-02-01T12:08:34.102+0000] {processor.py:186} INFO - Started process (PID=68) to work on /opt/airflow/dags/gold_dag_1.py
[2026-02-01T12:08:34.103+0000] {processor.py:914} INFO - Processing file /opt/airflow/dags/gold_dag_1.py for tasks to queue
[2026-02-01T12:08:34.106+0000] {logging_mixin.py:190} INFO - [2026-02-01T12:08:34.105+0000] {dagbag.py:588} INFO - Filling up the DagBag from /opt/airflow/dags/gold_dag_1.py
[2026-02-01T12:08:34.115+0000] {processor.py:925} INFO - DAG(s) 'Gold_Dag_1' retrieved from /opt/airflow/dags/gold_dag_1.py
[2026-02-01T12:08:34.148+0000] {logging_mixin.py:190} INFO - [2026-02-01T12:08:34.148+0000] {dag.py:3239} INFO - Sync 1 DAGs
[2026-02-01T12:08:34.170+0000] {logging_mixin.py:190} INFO - [2026-02-01T12:08:34.169+0000] {dag.py:4180} INFO - Setting next_dagrun for Gold_Dag_1 to None, run_after=None
[2026-02-01T12:08:34.198+0000] {processor.py:208} INFO - Processing /opt/airflow/dags/gold_dag_1.py took 0.102 seconds
[2026-02-01T12:09:04.753+0000] {processor.py:186} INFO - Started process (PID=84) to work on /opt/airflow/dags/gold_dag_1.py
[2026-02-01T12:09:04.754+0000] {processor.py:914} INFO - Processing file /opt/airflow/dags/gold_dag_1.py for tasks to queue
[2026-02-01T12:09:04.756+0000] {logging_mixin.py:190} INFO - [2026-02-01T12:09:04.756+0000] {dagbag.py:588} INFO - Filling up the DagBag from /opt/airflow/dags/gold_dag_1.py
[2026-02-01T12:09:04.766+0000] {processor.py:925} INFO - DAG(s) 'Gold_Dag_1' retrieved from /opt/airflow/dags/gold_dag_1.py
[2026-02-01T12:09:04.799+0000] {logging_mixin.py:190} INFO - [2026-02-01T12:09:04.798+0000] {dag.py:3239} INFO - Sync 1 DAGs
[2026-02-01T12:09:05.183+0000] {logging_mixin.py:190} INFO - [2026-02-01T12:09:05.182+0000] {dag.py:4180} INFO - Setting next_dagrun for Gold_Dag_1 to None, run_after=None
[2026-02-01T12:09:05.208+0000] {processor.py:208} INFO - Processing /opt/airflow/dags/gold_dag_1.py took 0.461 seconds
[2026-02-01T12:09:36.096+0000] {processor.py:186} INFO - Started process (PID=101) to work on /opt/airflow/dags/gold_dag_1.py
[2026-02-01T12:09:36.099+0000] {processor.py:914} INFO - Processing file /opt/airflow/dags/gold_dag_1.py for tasks to queue
[2026-02-01T12:09:36.103+0000] {logging_mixin.py:190} INFO - [2026-02-01T12:09:36.102+0000] {dagbag.py:588} INFO - Filling up the DagBag from /opt/airflow/dags/gold_dag_1.py
[2026-02-01T12:09:36.128+0000] {processor.py:925} INFO - DAG(s) 'Gold_Dag_1' retrieved from /opt/airflow/dags/gold_dag_1.py
[2026-02-01T12:09:36.171+0000] {logging_mixin.py:190} INFO - [2026-02-01T12:09:36.170+0000] {dag.py:3239} INFO - Sync 1 DAGs
[2026-02-01T12:09:36.193+0000] {logging_mixin.py:190} INFO - [2026-02-01T12:09:36.192+0000] {dag.py:4180} INFO - Setting next_dagrun for Gold_Dag_1 to None, run_after=None
[2026-02-01T12:09:36.214+0000] {processor.py:208} INFO - Processing /opt/airflow/dags/gold_dag_1.py took 0.127 seconds
[2026-02-01T12:10:06.412+0000] {processor.py:186} INFO - Started process (PID=117) to work on /opt/airflow/dags/gold_dag_1.py
[2026-02-01T12:10:06.415+0000] {processor.py:914} INFO - Processing file /opt/airflow/dags/gold_dag_1.py for tasks to queue
[2026-02-01T12:10:06.418+0000] {logging_mixin.py:190} INFO - [2026-02-01T12:10:06.417+0000] {dagbag.py:588} INFO - Filling up the DagBag from /opt/airflow/dags/gold_dag_1.py
[2026-02-01T12:10:06.429+0000] {processor.py:925} INFO - DAG(s) 'Gold_Dag_1' retrieved from /opt/airflow/dags/gold_dag_1.py
[2026-02-01T12:10:06.459+0000] {logging_mixin.py:190} INFO - [2026-02-01T12:10:06.459+0000] {dag.py:3239} INFO - Sync 1 DAGs
[2026-02-01T12:10:06.773+0000] {logging_mixin.py:190} INFO - [2026-02-01T12:10:06.773+0000] {dag.py:4180} INFO - Setting next_dagrun for Gold_Dag_1 to None, run_after=None
[2026-02-01T12:10:06.808+0000] {processor.py:208} INFO - Processing /opt/airflow/dags/gold_dag_1.py took 0.404 seconds
[2026-02-01T12:10:37.753+0000] {processor.py:186} INFO - Started process (PID=133) to work on /opt/airflow/dags/gold_dag_1.py
[2026-02-01T12:10:37.756+0000] {processor.py:914} INFO - Processing file /opt/airflow/dags/gold_dag_1.py for tasks to queue
[2026-02-01T12:10:37.761+0000] {logging_mixin.py:190} INFO - [2026-02-01T12:10:37.761+0000] {dagbag.py:588} INFO - Filling up the DagBag from /opt/airflow/dags/gold_dag_1.py
[2026-02-01T12:10:37.788+0000] {processor.py:925} INFO - DAG(s) 'Gold_Dag_1' retrieved from /opt/airflow/dags/gold_dag_1.py
[2026-02-01T12:10:37.869+0000] {logging_mixin.py:190} INFO - [2026-02-01T12:10:37.868+0000] {dag.py:3239} INFO - Sync 1 DAGs
[2026-02-01T12:10:37.915+0000] {logging_mixin.py:190} INFO - [2026-02-01T12:10:37.915+0000] {dag.py:4180} INFO - Setting next_dagrun for Gold_Dag_1 to None, run_after=None
[2026-02-01T12:10:37.958+0000] {processor.py:208} INFO - Processing /opt/airflow/dags/gold_dag_1.py took 0.222 seconds
[2026-02-01T12:11:08.413+0000] {processor.py:186} INFO - Started process (PID=150) to work on /opt/airflow/dags/gold_dag_1.py
[2026-02-01T12:11:08.417+0000] {processor.py:914} INFO - Processing file /opt/airflow/dags/gold_dag_1.py for tasks to queue
[2026-02-01T12:11:08.419+0000] {logging_mixin.py:190} INFO - [2026-02-01T12:11:08.419+0000] {dagbag.py:588} INFO - Filling up the DagBag from /opt/airflow/dags/gold_dag_1.py
[2026-02-01T12:11:08.428+0000] {processor.py:925} INFO - DAG(s) 'Gold_Dag_1' retrieved from /opt/airflow/dags/gold_dag_1.py
[2026-02-01T12:11:08.450+0000] {logging_mixin.py:190} INFO - [2026-02-01T12:11:08.450+0000] {dag.py:3239} INFO - Sync 1 DAGs
[2026-02-01T12:11:08.469+0000] {logging_mixin.py:190} INFO - [2026-02-01T12:11:08.469+0000] {dag.py:4180} INFO - Setting next_dagrun for Gold_Dag_1 to None, run_after=None
[2026-02-01T12:11:08.487+0000] {processor.py:208} INFO - Processing /opt/airflow/dags/gold_dag_1.py took 0.079 seconds
[2026-02-01T12:11:39.129+0000] {processor.py:186} INFO - Started process (PID=165) to work on /opt/airflow/dags/gold_dag_1.py
[2026-02-01T12:11:39.129+0000] {processor.py:914} INFO - Processing file /opt/airflow/dags/gold_dag_1.py for tasks to queue
[2026-02-01T12:11:39.132+0000] {logging_mixin.py:190} INFO - [2026-02-01T12:11:39.132+0000] {dagbag.py:588} INFO - Filling up the DagBag from /opt/airflow/dags/gold_dag_1.py
[2026-02-01T12:11:39.141+0000] {processor.py:925} INFO - DAG(s) 'Gold_Dag_1' retrieved from /opt/airflow/dags/gold_dag_1.py
[2026-02-01T12:11:39.169+0000] {logging_mixin.py:190} INFO - [2026-02-01T12:11:39.169+0000] {dag.py:3239} INFO - Sync 1 DAGs
[2026-02-01T12:11:39.438+0000] {logging_mixin.py:190} INFO - [2026-02-01T12:11:39.437+0000] {dag.py:4180} INFO - Setting next_dagrun for Gold_Dag_1 to None, run_after=None
[2026-02-01T12:11:39.463+0000] {processor.py:208} INFO - Processing /opt/airflow/dags/gold_dag_1.py took 0.341 seconds
[2026-02-01T12:12:10.270+0000] {processor.py:186} INFO - Started process (PID=181) to work on /opt/airflow/dags/gold_dag_1.py
[2026-02-01T12:12:10.272+0000] {processor.py:914} INFO - Processing file /opt/airflow/dags/gold_dag_1.py for tasks to queue
[2026-02-01T12:12:10.277+0000] {logging_mixin.py:190} INFO - [2026-02-01T12:12:10.277+0000] {dagbag.py:588} INFO - Filling up the DagBag from /opt/airflow/dags/gold_dag_1.py
[2026-02-01T12:12:10.293+0000] {processor.py:925} INFO - DAG(s) 'Gold_Dag_1' retrieved from /opt/airflow/dags/gold_dag_1.py
[2026-02-01T12:12:10.325+0000] {logging_mixin.py:190} INFO - [2026-02-01T12:12:10.325+0000] {dag.py:3239} INFO - Sync 1 DAGs
[2026-02-01T12:12:10.344+0000] {logging_mixin.py:190} INFO - [2026-02-01T12:12:10.344+0000] {dag.py:4180} INFO - Setting next_dagrun for Gold_Dag_1 to None, run_after=None
[2026-02-01T12:12:10.379+0000] {processor.py:208} INFO - Processing /opt/airflow/dags/gold_dag_1.py took 0.118 seconds
[2026-02-01T12:12:40.713+0000] {processor.py:186} INFO - Started process (PID=197) to work on /opt/airflow/dags/gold_dag_1.py
[2026-02-01T12:12:40.714+0000] {processor.py:914} INFO - Processing file /opt/airflow/dags/gold_dag_1.py for tasks to queue
[2026-02-01T12:12:40.717+0000] {logging_mixin.py:190} INFO - [2026-02-01T12:12:40.716+0000] {dagbag.py:588} INFO - Filling up the DagBag from /opt/airflow/dags/gold_dag_1.py
[2026-02-01T12:12:40.732+0000] {processor.py:925} INFO - DAG(s) 'Gold_Dag_1' retrieved from /opt/airflow/dags/gold_dag_1.py
[2026-02-01T12:12:40.761+0000] {logging_mixin.py:190} INFO - [2026-02-01T12:12:40.760+0000] {dag.py:3239} INFO - Sync 1 DAGs
[2026-02-01T12:12:40.779+0000] {logging_mixin.py:190} INFO - [2026-02-01T12:12:40.779+0000] {dag.py:4180} INFO - Setting next_dagrun for Gold_Dag_1 to None, run_after=None
[2026-02-01T12:12:40.800+0000] {processor.py:208} INFO - Processing /opt/airflow/dags/gold_dag_1.py took 0.093 seconds
[2026-02-01T12:13:11.130+0000] {processor.py:186} INFO - Started process (PID=213) to work on /opt/airflow/dags/gold_dag_1.py
[2026-02-01T12:13:11.131+0000] {processor.py:914} INFO - Processing file /opt/airflow/dags/gold_dag_1.py for tasks to queue
[2026-02-01T12:13:11.134+0000] {logging_mixin.py:190} INFO - [2026-02-01T12:13:11.133+0000] {dagbag.py:588} INFO - Filling up the DagBag from /opt/airflow/dags/gold_dag_1.py
[2026-02-01T12:13:11.148+0000] {processor.py:925} INFO - DAG(s) 'Gold_Dag_1' retrieved from /opt/airflow/dags/gold_dag_1.py
[2026-02-01T12:13:11.176+0000] {logging_mixin.py:190} INFO - [2026-02-01T12:13:11.176+0000] {dag.py:3239} INFO - Sync 1 DAGs
[2026-02-01T12:13:11.199+0000] {logging_mixin.py:190} INFO - [2026-02-01T12:13:11.198+0000] {dag.py:4180} INFO - Setting next_dagrun for Gold_Dag_1 to None, run_after=None
[2026-02-01T12:13:11.217+0000] {processor.py:208} INFO - Processing /opt/airflow/dags/gold_dag_1.py took 0.094 seconds
[2026-02-01T12:13:41.464+0000] {processor.py:186} INFO - Started process (PID=229) to work on /opt/airflow/dags/gold_dag_1.py
[2026-02-01T12:13:41.465+0000] {processor.py:914} INFO - Processing file /opt/airflow/dags/gold_dag_1.py for tasks to queue
[2026-02-01T12:13:41.467+0000] {logging_mixin.py:190} INFO - [2026-02-01T12:13:41.466+0000] {dagbag.py:588} INFO - Filling up the DagBag from /opt/airflow/dags/gold_dag_1.py
[2026-02-01T12:13:41.474+0000] {processor.py:925} INFO - DAG(s) 'Gold_Dag_1' retrieved from /opt/airflow/dags/gold_dag_1.py
[2026-02-01T12:13:41.498+0000] {logging_mixin.py:190} INFO - [2026-02-01T12:13:41.498+0000] {dag.py:3239} INFO - Sync 1 DAGs
[2026-02-01T12:13:41.513+0000] {logging_mixin.py:190} INFO - [2026-02-01T12:13:41.512+0000] {dag.py:4180} INFO - Setting next_dagrun for Gold_Dag_1 to None, run_after=None
[2026-02-01T12:13:41.530+0000] {processor.py:208} INFO - Processing /opt/airflow/dags/gold_dag_1.py took 0.072 seconds
[2026-02-01T12:14:11.832+0000] {processor.py:186} INFO - Started process (PID=245) to work on /opt/airflow/dags/gold_dag_1.py
[2026-02-01T12:14:11.833+0000] {processor.py:914} INFO - Processing file /opt/airflow/dags/gold_dag_1.py for tasks to queue
[2026-02-01T12:14:11.835+0000] {logging_mixin.py:190} INFO - [2026-02-01T12:14:11.835+0000] {dagbag.py:588} INFO - Filling up the DagBag from /opt/airflow/dags/gold_dag_1.py
[2026-02-01T12:14:11.844+0000] {processor.py:925} INFO - DAG(s) 'Gold_Dag_1' retrieved from /opt/airflow/dags/gold_dag_1.py
[2026-02-01T12:14:11.866+0000] {logging_mixin.py:190} INFO - [2026-02-01T12:14:11.866+0000] {dag.py:3239} INFO - Sync 1 DAGs
[2026-02-01T12:14:11.885+0000] {logging_mixin.py:190} INFO - [2026-02-01T12:14:11.885+0000] {dag.py:4180} INFO - Setting next_dagrun for Gold_Dag_1 to None, run_after=None
[2026-02-01T12:14:11.902+0000] {processor.py:208} INFO - Processing /opt/airflow/dags/gold_dag_1.py took 0.074 seconds
[2026-02-01T12:14:42.591+0000] {processor.py:186} INFO - Started process (PID=260) to work on /opt/airflow/dags/gold_dag_1.py
[2026-02-01T12:14:42.594+0000] {processor.py:914} INFO - Processing file /opt/airflow/dags/gold_dag_1.py for tasks to queue
[2026-02-01T12:14:42.601+0000] {logging_mixin.py:190} INFO - [2026-02-01T12:14:42.600+0000] {dagbag.py:588} INFO - Filling up the DagBag from /opt/airflow/dags/gold_dag_1.py
[2026-02-01T12:14:42.631+0000] {processor.py:925} INFO - DAG(s) 'Gold_Dag_1' retrieved from /opt/airflow/dags/gold_dag_1.py
[2026-02-01T12:14:42.702+0000] {logging_mixin.py:190} INFO - [2026-02-01T12:14:42.702+0000] {dag.py:3239} INFO - Sync 1 DAGs
[2026-02-01T12:14:42.747+0000] {logging_mixin.py:190} INFO - [2026-02-01T12:14:42.746+0000] {dag.py:4180} INFO - Setting next_dagrun for Gold_Dag_1 to None, run_after=None
[2026-02-01T12:14:42.800+0000] {processor.py:208} INFO - Processing /opt/airflow/dags/gold_dag_1.py took 0.228 seconds
[2026-02-01T12:15:13.468+0000] {processor.py:186} INFO - Started process (PID=277) to work on /opt/airflow/dags/gold_dag_1.py
[2026-02-01T12:15:13.470+0000] {processor.py:914} INFO - Processing file /opt/airflow/dags/gold_dag_1.py for tasks to queue
[2026-02-01T12:15:13.472+0000] {logging_mixin.py:190} INFO - [2026-02-01T12:15:13.472+0000] {dagbag.py:588} INFO - Filling up the DagBag from /opt/airflow/dags/gold_dag_1.py
[2026-02-01T12:15:13.487+0000] {processor.py:925} INFO - DAG(s) 'Gold_Dag_1' retrieved from /opt/airflow/dags/gold_dag_1.py
[2026-02-01T12:15:13.517+0000] {logging_mixin.py:190} INFO - [2026-02-01T12:15:13.516+0000] {dag.py:3239} INFO - Sync 1 DAGs
[2026-02-01T12:15:13.531+0000] {logging_mixin.py:190} INFO - [2026-02-01T12:15:13.531+0000] {dag.py:4180} INFO - Setting next_dagrun for Gold_Dag_1 to None, run_after=None
[2026-02-01T12:15:13.549+0000] {processor.py:208} INFO - Processing /opt/airflow/dags/gold_dag_1.py took 0.087 seconds
[2026-02-01T12:15:44.425+0000] {processor.py:186} INFO - Started process (PID=293) to work on /opt/airflow/dags/gold_dag_1.py
[2026-02-01T12:15:44.426+0000] {processor.py:914} INFO - Processing file /opt/airflow/dags/gold_dag_1.py for tasks to queue
[2026-02-01T12:15:44.428+0000] {logging_mixin.py:190} INFO - [2026-02-01T12:15:44.428+0000] {dagbag.py:588} INFO - Filling up the DagBag from /opt/airflow/dags/gold_dag_1.py
[2026-02-01T12:15:44.438+0000] {processor.py:925} INFO - DAG(s) 'Gold_Dag_1' retrieved from /opt/airflow/dags/gold_dag_1.py
[2026-02-01T12:15:44.470+0000] {logging_mixin.py:190} INFO - [2026-02-01T12:15:44.469+0000] {dag.py:3239} INFO - Sync 1 DAGs
[2026-02-01T12:15:44.492+0000] {logging_mixin.py:190} INFO - [2026-02-01T12:15:44.492+0000] {dag.py:4180} INFO - Setting next_dagrun for Gold_Dag_1 to None, run_after=None
[2026-02-01T12:15:44.517+0000] {processor.py:208} INFO - Processing /opt/airflow/dags/gold_dag_1.py took 0.101 seconds
[2026-02-01T12:16:14.844+0000] {processor.py:186} INFO - Started process (PID=310) to work on /opt/airflow/dags/gold_dag_1.py
[2026-02-01T12:16:14.845+0000] {processor.py:914} INFO - Processing file /opt/airflow/dags/gold_dag_1.py for tasks to queue
[2026-02-01T12:16:14.846+0000] {logging_mixin.py:190} INFO - [2026-02-01T12:16:14.846+0000] {dagbag.py:588} INFO - Filling up the DagBag from /opt/airflow/dags/gold_dag_1.py
[2026-02-01T12:16:14.854+0000] {processor.py:925} INFO - DAG(s) 'Gold_Dag_1' retrieved from /opt/airflow/dags/gold_dag_1.py
[2026-02-01T12:16:14.881+0000] {logging_mixin.py:190} INFO - [2026-02-01T12:16:14.881+0000] {dag.py:3239} INFO - Sync 1 DAGs
[2026-02-01T12:16:14.900+0000] {logging_mixin.py:190} INFO - [2026-02-01T12:16:14.900+0000] {dag.py:4180} INFO - Setting next_dagrun for Gold_Dag_1 to None, run_after=None
[2026-02-01T12:16:14.915+0000] {processor.py:208} INFO - Processing /opt/airflow/dags/gold_dag_1.py took 0.076 seconds
[2026-02-01T12:16:45.232+0000] {processor.py:186} INFO - Started process (PID=326) to work on /opt/airflow/dags/gold_dag_1.py
[2026-02-01T12:16:45.233+0000] {processor.py:914} INFO - Processing file /opt/airflow/dags/gold_dag_1.py for tasks to queue
[2026-02-01T12:16:45.235+0000] {logging_mixin.py:190} INFO - [2026-02-01T12:16:45.235+0000] {dagbag.py:588} INFO - Filling up the DagBag from /opt/airflow/dags/gold_dag_1.py
[2026-02-01T12:16:45.244+0000] {processor.py:925} INFO - DAG(s) 'Gold_Dag_1' retrieved from /opt/airflow/dags/gold_dag_1.py
[2026-02-01T12:16:45.273+0000] {logging_mixin.py:190} INFO - [2026-02-01T12:16:45.272+0000] {dag.py:3239} INFO - Sync 1 DAGs
[2026-02-01T12:16:45.287+0000] {logging_mixin.py:190} INFO - [2026-02-01T12:16:45.286+0000] {dag.py:4180} INFO - Setting next_dagrun for Gold_Dag_1 to None, run_after=None
[2026-02-01T12:16:45.304+0000] {processor.py:208} INFO - Processing /opt/airflow/dags/gold_dag_1.py took 0.079 seconds
[2026-02-01T12:17:15.652+0000] {processor.py:186} INFO - Started process (PID=342) to work on /opt/airflow/dags/gold_dag_1.py
[2026-02-01T12:17:15.653+0000] {processor.py:914} INFO - Processing file /opt/airflow/dags/gold_dag_1.py for tasks to queue
[2026-02-01T12:17:15.655+0000] {logging_mixin.py:190} INFO - [2026-02-01T12:17:15.655+0000] {dagbag.py:588} INFO - Filling up the DagBag from /opt/airflow/dags/gold_dag_1.py
[2026-02-01T12:17:15.670+0000] {processor.py:925} INFO - DAG(s) 'Gold_Dag_1' retrieved from /opt/airflow/dags/gold_dag_1.py
[2026-02-01T12:17:15.699+0000] {logging_mixin.py:190} INFO - [2026-02-01T12:17:15.699+0000] {dag.py:3239} INFO - Sync 1 DAGs
[2026-02-01T12:17:15.714+0000] {logging_mixin.py:190} INFO - [2026-02-01T12:17:15.714+0000] {dag.py:4180} INFO - Setting next_dagrun for Gold_Dag_1 to None, run_after=None
[2026-02-01T12:17:15.731+0000] {processor.py:208} INFO - Processing /opt/airflow/dags/gold_dag_1.py took 0.086 seconds
[2026-02-01T12:17:46.031+0000] {processor.py:186} INFO - Started process (PID=358) to work on /opt/airflow/dags/gold_dag_1.py
[2026-02-01T12:17:46.032+0000] {processor.py:914} INFO - Processing file /opt/airflow/dags/gold_dag_1.py for tasks to queue
[2026-02-01T12:17:46.036+0000] {logging_mixin.py:190} INFO - [2026-02-01T12:17:46.035+0000] {dagbag.py:588} INFO - Filling up the DagBag from /opt/airflow/dags/gold_dag_1.py
[2026-02-01T12:17:46.062+0000] {processor.py:925} INFO - DAG(s) 'Gold_Dag_1' retrieved from /opt/airflow/dags/gold_dag_1.py
[2026-02-01T12:17:46.120+0000] {logging_mixin.py:190} INFO - [2026-02-01T12:17:46.119+0000] {dag.py:3239} INFO - Sync 1 DAGs
[2026-02-01T12:17:46.152+0000] {logging_mixin.py:190} INFO - [2026-02-01T12:17:46.151+0000] {dag.py:4180} INFO - Setting next_dagrun for Gold_Dag_1 to None, run_after=None
[2026-02-01T12:17:46.178+0000] {processor.py:208} INFO - Processing /opt/airflow/dags/gold_dag_1.py took 0.158 seconds
[2026-02-01T12:18:16.305+0000] {processor.py:186} INFO - Started process (PID=374) to work on /opt/airflow/dags/gold_dag_1.py
[2026-02-01T12:18:16.306+0000] {processor.py:914} INFO - Processing file /opt/airflow/dags/gold_dag_1.py for tasks to queue
[2026-02-01T12:18:16.308+0000] {logging_mixin.py:190} INFO - [2026-02-01T12:18:16.307+0000] {dagbag.py:588} INFO - Filling up the DagBag from /opt/airflow/dags/gold_dag_1.py
[2026-02-01T12:18:16.320+0000] {processor.py:925} INFO - DAG(s) 'Gold_Dag_1' retrieved from /opt/airflow/dags/gold_dag_1.py
[2026-02-01T12:18:16.349+0000] {logging_mixin.py:190} INFO - [2026-02-01T12:18:16.349+0000] {dag.py:3239} INFO - Sync 1 DAGs
[2026-02-01T12:18:16.366+0000] {logging_mixin.py:190} INFO - [2026-02-01T12:18:16.366+0000] {dag.py:4180} INFO - Setting next_dagrun for Gold_Dag_1 to None, run_after=None
[2026-02-01T12:18:16.383+0000] {processor.py:208} INFO - Processing /opt/airflow/dags/gold_dag_1.py took 0.083 seconds
[2026-02-01T12:18:46.890+0000] {processor.py:186} INFO - Started process (PID=390) to work on /opt/airflow/dags/gold_dag_1.py
[2026-02-01T12:18:46.890+0000] {processor.py:914} INFO - Processing file /opt/airflow/dags/gold_dag_1.py for tasks to queue
[2026-02-01T12:18:46.892+0000] {logging_mixin.py:190} INFO - [2026-02-01T12:18:46.892+0000] {dagbag.py:588} INFO - Filling up the DagBag from /opt/airflow/dags/gold_dag_1.py
[2026-02-01T12:18:46.900+0000] {processor.py:925} INFO - DAG(s) 'Gold_Dag_1' retrieved from /opt/airflow/dags/gold_dag_1.py
[2026-02-01T12:18:46.925+0000] {logging_mixin.py:190} INFO - [2026-02-01T12:18:46.924+0000] {dag.py:3239} INFO - Sync 1 DAGs
[2026-02-01T12:18:46.944+0000] {logging_mixin.py:190} INFO - [2026-02-01T12:18:46.943+0000] {dag.py:4180} INFO - Setting next_dagrun for Gold_Dag_1 to None, run_after=None
[2026-02-01T12:18:46.961+0000] {processor.py:208} INFO - Processing /opt/airflow/dags/gold_dag_1.py took 0.077 seconds
[2026-02-01T12:19:17.418+0000] {processor.py:186} INFO - Started process (PID=406) to work on /opt/airflow/dags/gold_dag_1.py
[2026-02-01T12:19:17.422+0000] {processor.py:914} INFO - Processing file /opt/airflow/dags/gold_dag_1.py for tasks to queue
[2026-02-01T12:19:17.428+0000] {logging_mixin.py:190} INFO - [2026-02-01T12:19:17.427+0000] {dagbag.py:588} INFO - Filling up the DagBag from /opt/airflow/dags/gold_dag_1.py
[2026-02-01T12:19:17.441+0000] {processor.py:925} INFO - DAG(s) 'Gold_Dag_1' retrieved from /opt/airflow/dags/gold_dag_1.py
[2026-02-01T12:19:17.497+0000] {logging_mixin.py:190} INFO - [2026-02-01T12:19:17.497+0000] {dag.py:3239} INFO - Sync 1 DAGs
[2026-02-01T12:19:17.551+0000] {logging_mixin.py:190} INFO - [2026-02-01T12:19:17.548+0000] {dag.py:4180} INFO - Setting next_dagrun for Gold_Dag_1 to None, run_after=None
[2026-02-01T12:19:17.603+0000] {processor.py:208} INFO - Processing /opt/airflow/dags/gold_dag_1.py took 0.203 seconds
[2026-02-01T12:19:48.490+0000] {processor.py:186} INFO - Started process (PID=422) to work on /opt/airflow/dags/gold_dag_1.py
[2026-02-01T12:19:48.491+0000] {processor.py:914} INFO - Processing file /opt/airflow/dags/gold_dag_1.py for tasks to queue
[2026-02-01T12:19:48.496+0000] {logging_mixin.py:190} INFO - [2026-02-01T12:19:48.495+0000] {dagbag.py:588} INFO - Filling up the DagBag from /opt/airflow/dags/gold_dag_1.py
[2026-02-01T12:19:48.511+0000] {processor.py:925} INFO - DAG(s) 'Gold_Dag_1' retrieved from /opt/airflow/dags/gold_dag_1.py
[2026-02-01T12:19:48.544+0000] {logging_mixin.py:190} INFO - [2026-02-01T12:19:48.544+0000] {dag.py:3239} INFO - Sync 1 DAGs
[2026-02-01T12:19:48.570+0000] {logging_mixin.py:190} INFO - [2026-02-01T12:19:48.570+0000] {dag.py:4180} INFO - Setting next_dagrun for Gold_Dag_1 to None, run_after=None
[2026-02-01T12:19:48.596+0000] {processor.py:208} INFO - Processing /opt/airflow/dags/gold_dag_1.py took 0.114 seconds
[2026-02-01T12:20:19.244+0000] {processor.py:186} INFO - Started process (PID=437) to work on /opt/airflow/dags/gold_dag_1.py
[2026-02-01T12:20:19.246+0000] {processor.py:914} INFO - Processing file /opt/airflow/dags/gold_dag_1.py for tasks to queue
[2026-02-01T12:20:19.248+0000] {logging_mixin.py:190} INFO - [2026-02-01T12:20:19.247+0000] {dagbag.py:588} INFO - Filling up the DagBag from /opt/airflow/dags/gold_dag_1.py
[2026-02-01T12:20:19.264+0000] {processor.py:925} INFO - DAG(s) 'Gold_Dag_1' retrieved from /opt/airflow/dags/gold_dag_1.py
[2026-02-01T12:20:19.294+0000] {logging_mixin.py:190} INFO - [2026-02-01T12:20:19.294+0000] {dag.py:3239} INFO - Sync 1 DAGs
[2026-02-01T12:20:19.310+0000] {logging_mixin.py:190} INFO - [2026-02-01T12:20:19.310+0000] {dag.py:4180} INFO - Setting next_dagrun for Gold_Dag_1 to None, run_after=None
[2026-02-01T12:20:19.327+0000] {processor.py:208} INFO - Processing /opt/airflow/dags/gold_dag_1.py took 0.089 seconds
[2026-02-01T12:20:49.985+0000] {processor.py:186} INFO - Started process (PID=452) to work on /opt/airflow/dags/gold_dag_1.py
[2026-02-01T12:20:49.986+0000] {processor.py:914} INFO - Processing file /opt/airflow/dags/gold_dag_1.py for tasks to queue
[2026-02-01T12:20:49.987+0000] {logging_mixin.py:190} INFO - [2026-02-01T12:20:49.987+0000] {dagbag.py:588} INFO - Filling up the DagBag from /opt/airflow/dags/gold_dag_1.py
[2026-02-01T12:20:49.996+0000] {processor.py:925} INFO - DAG(s) 'Gold_Dag_1' retrieved from /opt/airflow/dags/gold_dag_1.py
[2026-02-01T12:20:50.024+0000] {logging_mixin.py:190} INFO - [2026-02-01T12:20:50.024+0000] {dag.py:3239} INFO - Sync 1 DAGs
[2026-02-01T12:20:50.043+0000] {logging_mixin.py:190} INFO - [2026-02-01T12:20:50.043+0000] {dag.py:4180} INFO - Setting next_dagrun for Gold_Dag_1 to None, run_after=None
[2026-02-01T12:20:50.066+0000] {processor.py:208} INFO - Processing /opt/airflow/dags/gold_dag_1.py took 0.087 seconds
[2026-02-01T12:21:20.628+0000] {processor.py:186} INFO - Started process (PID=468) to work on /opt/airflow/dags/gold_dag_1.py
[2026-02-01T12:21:20.630+0000] {processor.py:914} INFO - Processing file /opt/airflow/dags/gold_dag_1.py for tasks to queue
[2026-02-01T12:21:20.633+0000] {logging_mixin.py:190} INFO - [2026-02-01T12:21:20.633+0000] {dagbag.py:588} INFO - Filling up the DagBag from /opt/airflow/dags/gold_dag_1.py
[2026-02-01T12:21:20.649+0000] {processor.py:925} INFO - DAG(s) 'Gold_Dag_1' retrieved from /opt/airflow/dags/gold_dag_1.py
[2026-02-01T12:21:20.696+0000] {logging_mixin.py:190} INFO - [2026-02-01T12:21:20.696+0000] {dag.py:3239} INFO - Sync 1 DAGs
[2026-02-01T12:21:20.723+0000] {logging_mixin.py:190} INFO - [2026-02-01T12:21:20.723+0000] {dag.py:4180} INFO - Setting next_dagrun for Gold_Dag_1 to None, run_after=None
[2026-02-01T12:21:20.755+0000] {processor.py:208} INFO - Processing /opt/airflow/dags/gold_dag_1.py took 0.139 seconds
[2026-02-01T12:21:51.041+0000] {processor.py:186} INFO - Started process (PID=483) to work on /opt/airflow/dags/gold_dag_1.py
[2026-02-01T12:21:51.041+0000] {processor.py:914} INFO - Processing file /opt/airflow/dags/gold_dag_1.py for tasks to queue
[2026-02-01T12:21:51.043+0000] {logging_mixin.py:190} INFO - [2026-02-01T12:21:51.043+0000] {dagbag.py:588} INFO - Filling up the DagBag from /opt/airflow/dags/gold_dag_1.py
[2026-02-01T12:21:51.051+0000] {processor.py:925} INFO - DAG(s) 'Gold_Dag_1' retrieved from /opt/airflow/dags/gold_dag_1.py
[2026-02-01T12:21:51.074+0000] {logging_mixin.py:190} INFO - [2026-02-01T12:21:51.074+0000] {dag.py:3239} INFO - Sync 1 DAGs
[2026-02-01T12:21:51.091+0000] {logging_mixin.py:190} INFO - [2026-02-01T12:21:51.091+0000] {dag.py:4180} INFO - Setting next_dagrun for Gold_Dag_1 to None, run_after=None
[2026-02-01T12:21:51.106+0000] {processor.py:208} INFO - Processing /opt/airflow/dags/gold_dag_1.py took 0.070 seconds
[2026-02-01T12:22:21.452+0000] {processor.py:186} INFO - Started process (PID=500) to work on /opt/airflow/dags/gold_dag_1.py
[2026-02-01T12:22:21.453+0000] {processor.py:914} INFO - Processing file /opt/airflow/dags/gold_dag_1.py for tasks to queue
[2026-02-01T12:22:21.457+0000] {logging_mixin.py:190} INFO - [2026-02-01T12:22:21.456+0000] {dagbag.py:588} INFO - Filling up the DagBag from /opt/airflow/dags/gold_dag_1.py
[2026-02-01T12:22:21.471+0000] {processor.py:925} INFO - DAG(s) 'Gold_Dag_1' retrieved from /opt/airflow/dags/gold_dag_1.py
[2026-02-01T12:22:21.501+0000] {logging_mixin.py:190} INFO - [2026-02-01T12:22:21.501+0000] {dag.py:3239} INFO - Sync 1 DAGs
[2026-02-01T12:22:21.516+0000] {logging_mixin.py:190} INFO - [2026-02-01T12:22:21.516+0000] {dag.py:4180} INFO - Setting next_dagrun for Gold_Dag_1 to None, run_after=None
[2026-02-01T12:22:21.535+0000] {processor.py:208} INFO - Processing /opt/airflow/dags/gold_dag_1.py took 0.090 seconds
[2026-02-01T12:22:51.954+0000] {processor.py:186} INFO - Started process (PID=516) to work on /opt/airflow/dags/gold_dag_1.py
[2026-02-01T12:22:51.958+0000] {processor.py:914} INFO - Processing file /opt/airflow/dags/gold_dag_1.py for tasks to queue
[2026-02-01T12:22:51.965+0000] {logging_mixin.py:190} INFO - [2026-02-01T12:22:51.964+0000] {dagbag.py:588} INFO - Filling up the DagBag from /opt/airflow/dags/gold_dag_1.py
[2026-02-01T12:22:51.990+0000] {processor.py:925} INFO - DAG(s) 'Gold_Dag_1' retrieved from /opt/airflow/dags/gold_dag_1.py
[2026-02-01T12:22:52.024+0000] {logging_mixin.py:190} INFO - [2026-02-01T12:22:52.024+0000] {dag.py:3239} INFO - Sync 1 DAGs
[2026-02-01T12:22:52.045+0000] {logging_mixin.py:190} INFO - [2026-02-01T12:22:52.045+0000] {dag.py:4180} INFO - Setting next_dagrun for Gold_Dag_1 to None, run_after=None
[2026-02-01T12:22:52.071+0000] {processor.py:208} INFO - Processing /opt/airflow/dags/gold_dag_1.py took 0.127 seconds
[2026-02-01T12:23:22.355+0000] {processor.py:186} INFO - Started process (PID=531) to work on /opt/airflow/dags/gold_dag_1.py
[2026-02-01T12:23:22.356+0000] {processor.py:914} INFO - Processing file /opt/airflow/dags/gold_dag_1.py for tasks to queue
[2026-02-01T12:23:22.365+0000] {logging_mixin.py:190} INFO - [2026-02-01T12:23:22.364+0000] {dagbag.py:588} INFO - Filling up the DagBag from /opt/airflow/dags/gold_dag_1.py
[2026-02-01T12:23:22.393+0000] {processor.py:925} INFO - DAG(s) 'Gold_Dag_1' retrieved from /opt/airflow/dags/gold_dag_1.py
[2026-02-01T12:23:22.429+0000] {logging_mixin.py:190} INFO - [2026-02-01T12:23:22.429+0000] {dag.py:3239} INFO - Sync 1 DAGs
[2026-02-01T12:23:22.450+0000] {logging_mixin.py:190} INFO - [2026-02-01T12:23:22.450+0000] {dag.py:4180} INFO - Setting next_dagrun for Gold_Dag_1 to None, run_after=None
[2026-02-01T12:23:22.478+0000] {processor.py:208} INFO - Processing /opt/airflow/dags/gold_dag_1.py took 0.129 seconds
[2026-02-01T12:23:52.843+0000] {processor.py:186} INFO - Started process (PID=548) to work on /opt/airflow/dags/gold_dag_1.py
[2026-02-01T12:23:52.843+0000] {processor.py:914} INFO - Processing file /opt/airflow/dags/gold_dag_1.py for tasks to queue
[2026-02-01T12:23:52.846+0000] {logging_mixin.py:190} INFO - [2026-02-01T12:23:52.846+0000] {dagbag.py:588} INFO - Filling up the DagBag from /opt/airflow/dags/gold_dag_1.py
[2026-02-01T12:23:52.857+0000] {processor.py:925} INFO - DAG(s) 'Gold_Dag_1' retrieved from /opt/airflow/dags/gold_dag_1.py
[2026-02-01T12:23:52.887+0000] {logging_mixin.py:190} INFO - [2026-02-01T12:23:52.887+0000] {dag.py:3239} INFO - Sync 1 DAGs
[2026-02-01T12:23:52.922+0000] {logging_mixin.py:190} INFO - [2026-02-01T12:23:52.922+0000] {dag.py:4180} INFO - Setting next_dagrun for Gold_Dag_1 to None, run_after=None
[2026-02-01T12:23:52.948+0000] {processor.py:208} INFO - Processing /opt/airflow/dags/gold_dag_1.py took 0.113 seconds
[2026-02-01T12:24:23.463+0000] {processor.py:186} INFO - Started process (PID=570) to work on /opt/airflow/dags/gold_dag_1.py
[2026-02-01T12:24:23.467+0000] {processor.py:914} INFO - Processing file /opt/airflow/dags/gold_dag_1.py for tasks to queue
[2026-02-01T12:24:23.475+0000] {logging_mixin.py:190} INFO - [2026-02-01T12:24:23.475+0000] {dagbag.py:588} INFO - Filling up the DagBag from /opt/airflow/dags/gold_dag_1.py
[2026-02-01T12:24:23.494+0000] {processor.py:925} INFO - DAG(s) 'Gold_Dag_1' retrieved from /opt/airflow/dags/gold_dag_1.py
[2026-02-01T12:24:23.541+0000] {logging_mixin.py:190} INFO - [2026-02-01T12:24:23.541+0000] {dag.py:3239} INFO - Sync 1 DAGs
[2026-02-01T12:24:23.560+0000] {logging_mixin.py:190} INFO - [2026-02-01T12:24:23.560+0000] {dag.py:4180} INFO - Setting next_dagrun for Gold_Dag_1 to None, run_after=None
[2026-02-01T12:24:23.580+0000] {processor.py:208} INFO - Processing /opt/airflow/dags/gold_dag_1.py took 0.132 seconds
[2026-02-01T12:24:54.142+0000] {processor.py:186} INFO - Started process (PID=585) to work on /opt/airflow/dags/gold_dag_1.py
[2026-02-01T12:24:54.142+0000] {processor.py:914} INFO - Processing file /opt/airflow/dags/gold_dag_1.py for tasks to queue
[2026-02-01T12:24:54.145+0000] {logging_mixin.py:190} INFO - [2026-02-01T12:24:54.144+0000] {dagbag.py:588} INFO - Filling up the DagBag from /opt/airflow/dags/gold_dag_1.py
[2026-02-01T12:24:54.151+0000] {processor.py:925} INFO - DAG(s) 'Gold_Dag_1' retrieved from /opt/airflow/dags/gold_dag_1.py
[2026-02-01T12:24:54.180+0000] {logging_mixin.py:190} INFO - [2026-02-01T12:24:54.180+0000] {dag.py:3239} INFO - Sync 1 DAGs
[2026-02-01T12:24:54.196+0000] {logging_mixin.py:190} INFO - [2026-02-01T12:24:54.195+0000] {dag.py:4180} INFO - Setting next_dagrun for Gold_Dag_1 to None, run_after=None
[2026-02-01T12:24:54.213+0000] {processor.py:208} INFO - Processing /opt/airflow/dags/gold_dag_1.py took 0.077 seconds
[2026-02-01T12:25:25.033+0000] {processor.py:186} INFO - Started process (PID=601) to work on /opt/airflow/dags/gold_dag_1.py
[2026-02-01T12:25:25.036+0000] {processor.py:914} INFO - Processing file /opt/airflow/dags/gold_dag_1.py for tasks to queue
[2026-02-01T12:25:25.048+0000] {logging_mixin.py:190} INFO - [2026-02-01T12:25:25.047+0000] {dagbag.py:588} INFO - Filling up the DagBag from /opt/airflow/dags/gold_dag_1.py
[2026-02-01T12:25:25.082+0000] {processor.py:925} INFO - DAG(s) 'Gold_Dag_1' retrieved from /opt/airflow/dags/gold_dag_1.py
[2026-02-01T12:25:25.192+0000] {logging_mixin.py:190} INFO - [2026-02-01T12:25:25.191+0000] {dag.py:3239} INFO - Sync 1 DAGs
[2026-02-01T12:25:25.245+0000] {logging_mixin.py:190} INFO - [2026-02-01T12:25:25.245+0000] {dag.py:4180} INFO - Setting next_dagrun for Gold_Dag_1 to None, run_after=None
[2026-02-01T12:25:25.290+0000] {processor.py:208} INFO - Processing /opt/airflow/dags/gold_dag_1.py took 0.284 seconds
[2026-02-01T12:25:55.351+0000] {processor.py:186} INFO - Started process (PID=617) to work on /opt/airflow/dags/gold_dag_1.py
[2026-02-01T12:25:55.352+0000] {processor.py:914} INFO - Processing file /opt/airflow/dags/gold_dag_1.py for tasks to queue
[2026-02-01T12:25:55.355+0000] {logging_mixin.py:190} INFO - [2026-02-01T12:25:55.355+0000] {dagbag.py:588} INFO - Filling up the DagBag from /opt/airflow/dags/gold_dag_1.py
[2026-02-01T12:25:55.365+0000] {processor.py:925} INFO - DAG(s) 'Gold_Dag_1' retrieved from /opt/airflow/dags/gold_dag_1.py
[2026-02-01T12:25:55.403+0000] {logging_mixin.py:190} INFO - [2026-02-01T12:25:55.403+0000] {dag.py:3239} INFO - Sync 1 DAGs
[2026-02-01T12:25:55.424+0000] {logging_mixin.py:190} INFO - [2026-02-01T12:25:55.424+0000] {dag.py:4180} INFO - Setting next_dagrun for Gold_Dag_1 to None, run_after=None
[2026-02-01T12:25:55.448+0000] {processor.py:208} INFO - Processing /opt/airflow/dags/gold_dag_1.py took 0.109 seconds
[2026-02-01T12:26:26.255+0000] {processor.py:186} INFO - Started process (PID=633) to work on /opt/airflow/dags/gold_dag_1.py
[2026-02-01T12:26:26.257+0000] {processor.py:914} INFO - Processing file /opt/airflow/dags/gold_dag_1.py for tasks to queue
[2026-02-01T12:26:26.264+0000] {logging_mixin.py:190} INFO - [2026-02-01T12:26:26.262+0000] {dagbag.py:588} INFO - Filling up the DagBag from /opt/airflow/dags/gold_dag_1.py
[2026-02-01T12:26:26.279+0000] {processor.py:925} INFO - DAG(s) 'Gold_Dag_1' retrieved from /opt/airflow/dags/gold_dag_1.py
[2026-02-01T12:26:26.325+0000] {logging_mixin.py:190} INFO - [2026-02-01T12:26:26.325+0000] {dag.py:3239} INFO - Sync 1 DAGs
[2026-02-01T12:26:26.351+0000] {logging_mixin.py:190} INFO - [2026-02-01T12:26:26.351+0000] {dag.py:4180} INFO - Setting next_dagrun for Gold_Dag_1 to None, run_after=None
[2026-02-01T12:26:26.375+0000] {processor.py:208} INFO - Processing /opt/airflow/dags/gold_dag_1.py took 0.126 seconds
[2026-02-01T12:26:57.318+0000] {processor.py:186} INFO - Started process (PID=648) to work on /opt/airflow/dags/gold_dag_1.py
[2026-02-01T12:26:57.319+0000] {processor.py:914} INFO - Processing file /opt/airflow/dags/gold_dag_1.py for tasks to queue
[2026-02-01T12:26:57.321+0000] {logging_mixin.py:190} INFO - [2026-02-01T12:26:57.320+0000] {dagbag.py:588} INFO - Filling up the DagBag from /opt/airflow/dags/gold_dag_1.py
[2026-02-01T12:26:57.334+0000] {processor.py:925} INFO - DAG(s) 'Gold_Dag_1' retrieved from /opt/airflow/dags/gold_dag_1.py
[2026-02-01T12:26:57.362+0000] {logging_mixin.py:190} INFO - [2026-02-01T12:26:57.362+0000] {dag.py:3239} INFO - Sync 1 DAGs
[2026-02-01T12:26:57.379+0000] {logging_mixin.py:190} INFO - [2026-02-01T12:26:57.379+0000] {dag.py:4180} INFO - Setting next_dagrun for Gold_Dag_1 to None, run_after=None
[2026-02-01T12:26:57.396+0000] {processor.py:208} INFO - Processing /opt/airflow/dags/gold_dag_1.py took 0.082 seconds
[2026-02-01T12:27:27.644+0000] {processor.py:186} INFO - Started process (PID=664) to work on /opt/airflow/dags/gold_dag_1.py
[2026-02-01T12:27:27.646+0000] {processor.py:914} INFO - Processing file /opt/airflow/dags/gold_dag_1.py for tasks to queue
[2026-02-01T12:27:27.648+0000] {logging_mixin.py:190} INFO - [2026-02-01T12:27:27.648+0000] {dagbag.py:588} INFO - Filling up the DagBag from /opt/airflow/dags/gold_dag_1.py
[2026-02-01T12:27:27.662+0000] {processor.py:925} INFO - DAG(s) 'Gold_Dag_1' retrieved from /opt/airflow/dags/gold_dag_1.py
[2026-02-01T12:27:27.689+0000] {logging_mixin.py:190} INFO - [2026-02-01T12:27:27.689+0000] {dag.py:3239} INFO - Sync 1 DAGs
[2026-02-01T12:27:27.711+0000] {logging_mixin.py:190} INFO - [2026-02-01T12:27:27.710+0000] {dag.py:4180} INFO - Setting next_dagrun for Gold_Dag_1 to None, run_after=None
[2026-02-01T12:27:27.738+0000] {processor.py:208} INFO - Processing /opt/airflow/dags/gold_dag_1.py took 0.102 seconds
[2026-02-01T12:27:58.050+0000] {processor.py:186} INFO - Started process (PID=680) to work on /opt/airflow/dags/gold_dag_1.py
[2026-02-01T12:27:58.052+0000] {processor.py:914} INFO - Processing file /opt/airflow/dags/gold_dag_1.py for tasks to queue
[2026-02-01T12:27:58.056+0000] {logging_mixin.py:190} INFO - [2026-02-01T12:27:58.055+0000] {dagbag.py:588} INFO - Filling up the DagBag from /opt/airflow/dags/gold_dag_1.py
[2026-02-01T12:27:58.073+0000] {processor.py:925} INFO - DAG(s) 'Gold_Dag_1' retrieved from /opt/airflow/dags/gold_dag_1.py
[2026-02-01T12:27:58.116+0000] {logging_mixin.py:190} INFO - [2026-02-01T12:27:58.116+0000] {dag.py:3239} INFO - Sync 1 DAGs
[2026-02-01T12:27:58.137+0000] {logging_mixin.py:190} INFO - [2026-02-01T12:27:58.137+0000] {dag.py:4180} INFO - Setting next_dagrun for Gold_Dag_1 to None, run_after=None
[2026-02-01T12:27:58.160+0000] {processor.py:208} INFO - Processing /opt/airflow/dags/gold_dag_1.py took 0.121 seconds
[2026-02-01T12:28:28.469+0000] {processor.py:186} INFO - Started process (PID=698) to work on /opt/airflow/dags/gold_dag_1.py
[2026-02-01T12:28:28.470+0000] {processor.py:914} INFO - Processing file /opt/airflow/dags/gold_dag_1.py for tasks to queue
[2026-02-01T12:28:28.474+0000] {logging_mixin.py:190} INFO - [2026-02-01T12:28:28.473+0000] {dagbag.py:588} INFO - Filling up the DagBag from /opt/airflow/dags/gold_dag_1.py
[2026-02-01T12:28:28.505+0000] {processor.py:925} INFO - DAG(s) 'Gold_Dag_1' retrieved from /opt/airflow/dags/gold_dag_1.py
[2026-02-01T12:28:28.540+0000] {logging_mixin.py:190} INFO - [2026-02-01T12:28:28.540+0000] {dag.py:3239} INFO - Sync 1 DAGs
[2026-02-01T12:28:28.561+0000] {logging_mixin.py:190} INFO - [2026-02-01T12:28:28.560+0000] {dag.py:4180} INFO - Setting next_dagrun for Gold_Dag_1 to None, run_after=None
[2026-02-01T12:28:28.596+0000] {processor.py:208} INFO - Processing /opt/airflow/dags/gold_dag_1.py took 0.135 seconds
[2026-02-01T12:28:58.856+0000] {processor.py:186} INFO - Started process (PID=714) to work on /opt/airflow/dags/gold_dag_1.py
[2026-02-01T12:28:58.857+0000] {processor.py:914} INFO - Processing file /opt/airflow/dags/gold_dag_1.py for tasks to queue
[2026-02-01T12:28:58.860+0000] {logging_mixin.py:190} INFO - [2026-02-01T12:28:58.859+0000] {dagbag.py:588} INFO - Filling up the DagBag from /opt/airflow/dags/gold_dag_1.py
[2026-02-01T12:28:58.874+0000] {processor.py:925} INFO - DAG(s) 'Gold_Dag_1' retrieved from /opt/airflow/dags/gold_dag_1.py
[2026-02-01T12:28:58.902+0000] {logging_mixin.py:190} INFO - [2026-02-01T12:28:58.902+0000] {dag.py:3239} INFO - Sync 1 DAGs
[2026-02-01T12:28:58.917+0000] {logging_mixin.py:190} INFO - [2026-02-01T12:28:58.917+0000] {dag.py:4180} INFO - Setting next_dagrun for Gold_Dag_1 to None, run_after=None
[2026-02-01T12:28:58.935+0000] {processor.py:208} INFO - Processing /opt/airflow/dags/gold_dag_1.py took 0.087 seconds
[2026-02-01T12:29:29.198+0000] {processor.py:186} INFO - Started process (PID=729) to work on /opt/airflow/dags/gold_dag_1.py
[2026-02-01T12:29:29.199+0000] {processor.py:914} INFO - Processing file /opt/airflow/dags/gold_dag_1.py for tasks to queue
[2026-02-01T12:29:29.207+0000] {logging_mixin.py:190} INFO - [2026-02-01T12:29:29.206+0000] {dagbag.py:588} INFO - Filling up the DagBag from /opt/airflow/dags/gold_dag_1.py
[2026-02-01T12:29:29.236+0000] {processor.py:925} INFO - DAG(s) 'Gold_Dag_1' retrieved from /opt/airflow/dags/gold_dag_1.py
[2026-02-01T12:29:29.269+0000] {logging_mixin.py:190} INFO - [2026-02-01T12:29:29.269+0000] {dag.py:3239} INFO - Sync 1 DAGs
[2026-02-01T12:29:29.291+0000] {logging_mixin.py:190} INFO - [2026-02-01T12:29:29.290+0000] {dag.py:4180} INFO - Setting next_dagrun for Gold_Dag_1 to None, run_after=None
[2026-02-01T12:29:29.318+0000] {processor.py:208} INFO - Processing /opt/airflow/dags/gold_dag_1.py took 0.131 seconds
[2026-02-01T12:29:59.851+0000] {processor.py:186} INFO - Started process (PID=745) to work on /opt/airflow/dags/gold_dag_1.py
[2026-02-01T12:29:59.851+0000] {processor.py:914} INFO - Processing file /opt/airflow/dags/gold_dag_1.py for tasks to queue
[2026-02-01T12:29:59.854+0000] {logging_mixin.py:190} INFO - [2026-02-01T12:29:59.854+0000] {dagbag.py:588} INFO - Filling up the DagBag from /opt/airflow/dags/gold_dag_1.py
[2026-02-01T12:29:59.878+0000] {processor.py:925} INFO - DAG(s) 'Gold_Dag_1' retrieved from /opt/airflow/dags/gold_dag_1.py
[2026-02-01T12:29:59.925+0000] {logging_mixin.py:190} INFO - [2026-02-01T12:29:59.925+0000] {dag.py:3239} INFO - Sync 1 DAGs
[2026-02-01T12:29:59.945+0000] {logging_mixin.py:190} INFO - [2026-02-01T12:29:59.945+0000] {dag.py:4180} INFO - Setting next_dagrun for Gold_Dag_1 to None, run_after=None
[2026-02-01T12:29:59.977+0000] {processor.py:208} INFO - Processing /opt/airflow/dags/gold_dag_1.py took 0.133 seconds
[2026-02-01T12:30:30.551+0000] {processor.py:186} INFO - Started process (PID=761) to work on /opt/airflow/dags/gold_dag_1.py
[2026-02-01T12:30:30.552+0000] {processor.py:914} INFO - Processing file /opt/airflow/dags/gold_dag_1.py for tasks to queue
[2026-02-01T12:30:30.556+0000] {logging_mixin.py:190} INFO - [2026-02-01T12:30:30.556+0000] {dagbag.py:588} INFO - Filling up the DagBag from /opt/airflow/dags/gold_dag_1.py
[2026-02-01T12:30:30.586+0000] {processor.py:925} INFO - DAG(s) 'Gold_Dag_1' retrieved from /opt/airflow/dags/gold_dag_1.py
[2026-02-01T12:30:30.621+0000] {logging_mixin.py:190} INFO - [2026-02-01T12:30:30.621+0000] {dag.py:3239} INFO - Sync 1 DAGs
[2026-02-01T12:30:30.643+0000] {logging_mixin.py:190} INFO - [2026-02-01T12:30:30.642+0000] {dag.py:4180} INFO - Setting next_dagrun for Gold_Dag_1 to None, run_after=None
[2026-02-01T12:30:30.674+0000] {processor.py:208} INFO - Processing /opt/airflow/dags/gold_dag_1.py took 0.136 seconds
[2026-02-01T12:31:01.093+0000] {processor.py:186} INFO - Started process (PID=777) to work on /opt/airflow/dags/gold_dag_1.py
[2026-02-01T12:31:01.093+0000] {processor.py:914} INFO - Processing file /opt/airflow/dags/gold_dag_1.py for tasks to queue
[2026-02-01T12:31:01.096+0000] {logging_mixin.py:190} INFO - [2026-02-01T12:31:01.095+0000] {dagbag.py:588} INFO - Filling up the DagBag from /opt/airflow/dags/gold_dag_1.py
[2026-02-01T12:31:01.103+0000] {processor.py:925} INFO - DAG(s) 'Gold_Dag_1' retrieved from /opt/airflow/dags/gold_dag_1.py
[2026-02-01T12:31:01.127+0000] {logging_mixin.py:190} INFO - [2026-02-01T12:31:01.126+0000] {dag.py:3239} INFO - Sync 1 DAGs
[2026-02-01T12:31:01.143+0000] {logging_mixin.py:190} INFO - [2026-02-01T12:31:01.143+0000] {dag.py:4180} INFO - Setting next_dagrun for Gold_Dag_1 to None, run_after=None
[2026-02-01T12:31:01.158+0000] {processor.py:208} INFO - Processing /opt/airflow/dags/gold_dag_1.py took 0.071 seconds
[2026-02-01T12:31:32.030+0000] {processor.py:186} INFO - Started process (PID=793) to work on /opt/airflow/dags/gold_dag_1.py
[2026-02-01T12:31:32.038+0000] {processor.py:914} INFO - Processing file /opt/airflow/dags/gold_dag_1.py for tasks to queue
[2026-02-01T12:31:32.047+0000] {logging_mixin.py:190} INFO - [2026-02-01T12:31:32.046+0000] {dagbag.py:588} INFO - Filling up the DagBag from /opt/airflow/dags/gold_dag_1.py
[2026-02-01T12:31:32.106+0000] {processor.py:925} INFO - DAG(s) 'Gold_Dag_1' retrieved from /opt/airflow/dags/gold_dag_1.py
[2026-02-01T12:31:32.229+0000] {logging_mixin.py:190} INFO - [2026-02-01T12:31:32.228+0000] {dag.py:3239} INFO - Sync 1 DAGs
[2026-02-01T12:31:32.296+0000] {logging_mixin.py:190} INFO - [2026-02-01T12:31:32.295+0000] {dag.py:4180} INFO - Setting next_dagrun for Gold_Dag_1 to None, run_after=None
[2026-02-01T12:31:32.349+0000] {processor.py:208} INFO - Processing /opt/airflow/dags/gold_dag_1.py took 0.346 seconds
[2026-02-01T12:32:02.918+0000] {processor.py:186} INFO - Started process (PID=810) to work on /opt/airflow/dags/gold_dag_1.py
[2026-02-01T12:32:02.919+0000] {processor.py:914} INFO - Processing file /opt/airflow/dags/gold_dag_1.py for tasks to queue
[2026-02-01T12:32:02.924+0000] {logging_mixin.py:190} INFO - [2026-02-01T12:32:02.922+0000] {dagbag.py:588} INFO - Filling up the DagBag from /opt/airflow/dags/gold_dag_1.py
[2026-02-01T12:32:02.939+0000] {processor.py:925} INFO - DAG(s) 'Gold_Dag_1' retrieved from /opt/airflow/dags/gold_dag_1.py
[2026-02-01T12:32:02.990+0000] {logging_mixin.py:190} INFO - [2026-02-01T12:32:02.990+0000] {dag.py:3239} INFO - Sync 1 DAGs
[2026-02-01T12:32:03.015+0000] {logging_mixin.py:190} INFO - [2026-02-01T12:32:03.015+0000] {dag.py:4180} INFO - Setting next_dagrun for Gold_Dag_1 to None, run_after=None
[2026-02-01T12:32:03.044+0000] {processor.py:208} INFO - Processing /opt/airflow/dags/gold_dag_1.py took 0.142 seconds
[2026-02-01T12:32:33.363+0000] {processor.py:186} INFO - Started process (PID=826) to work on /opt/airflow/dags/gold_dag_1.py
[2026-02-01T12:32:33.364+0000] {processor.py:914} INFO - Processing file /opt/airflow/dags/gold_dag_1.py for tasks to queue
[2026-02-01T12:32:33.365+0000] {logging_mixin.py:190} INFO - [2026-02-01T12:32:33.365+0000] {dagbag.py:588} INFO - Filling up the DagBag from /opt/airflow/dags/gold_dag_1.py
[2026-02-01T12:32:33.375+0000] {processor.py:925} INFO - DAG(s) 'Gold_Dag_1' retrieved from /opt/airflow/dags/gold_dag_1.py
[2026-02-01T12:32:33.400+0000] {logging_mixin.py:190} INFO - [2026-02-01T12:32:33.400+0000] {dag.py:3239} INFO - Sync 1 DAGs
[2026-02-01T12:32:33.419+0000] {logging_mixin.py:190} INFO - [2026-02-01T12:32:33.419+0000] {dag.py:4180} INFO - Setting next_dagrun for Gold_Dag_1 to None, run_after=None
[2026-02-01T12:32:33.436+0000] {processor.py:208} INFO - Processing /opt/airflow/dags/gold_dag_1.py took 0.077 seconds
[2026-02-01T12:33:03.694+0000] {processor.py:186} INFO - Started process (PID=842) to work on /opt/airflow/dags/gold_dag_1.py
[2026-02-01T12:33:03.696+0000] {processor.py:914} INFO - Processing file /opt/airflow/dags/gold_dag_1.py for tasks to queue
[2026-02-01T12:33:03.700+0000] {logging_mixin.py:190} INFO - [2026-02-01T12:33:03.699+0000] {dagbag.py:588} INFO - Filling up the DagBag from /opt/airflow/dags/gold_dag_1.py
[2026-02-01T12:33:03.731+0000] {processor.py:925} INFO - DAG(s) 'Gold_Dag_1' retrieved from /opt/airflow/dags/gold_dag_1.py
[2026-02-01T12:33:03.778+0000] {logging_mixin.py:190} INFO - [2026-02-01T12:33:03.778+0000] {dag.py:3239} INFO - Sync 1 DAGs
[2026-02-01T12:33:03.798+0000] {logging_mixin.py:190} INFO - [2026-02-01T12:33:03.798+0000] {dag.py:4180} INFO - Setting next_dagrun for Gold_Dag_1 to None, run_after=None
[2026-02-01T12:33:03.823+0000] {processor.py:208} INFO - Processing /opt/airflow/dags/gold_dag_1.py took 0.136 seconds
[2026-02-01T12:33:34.033+0000] {processor.py:186} INFO - Started process (PID=858) to work on /opt/airflow/dags/gold_dag_1.py
[2026-02-01T12:33:34.034+0000] {processor.py:914} INFO - Processing file /opt/airflow/dags/gold_dag_1.py for tasks to queue
[2026-02-01T12:33:34.037+0000] {logging_mixin.py:190} INFO - [2026-02-01T12:33:34.036+0000] {dagbag.py:588} INFO - Filling up the DagBag from /opt/airflow/dags/gold_dag_1.py
[2026-02-01T12:33:34.045+0000] {processor.py:925} INFO - DAG(s) 'Gold_Dag_1' retrieved from /opt/airflow/dags/gold_dag_1.py
[2026-02-01T12:33:34.077+0000] {logging_mixin.py:190} INFO - [2026-02-01T12:33:34.077+0000] {dag.py:3239} INFO - Sync 1 DAGs
[2026-02-01T12:33:34.095+0000] {logging_mixin.py:190} INFO - [2026-02-01T12:33:34.095+0000] {dag.py:4180} INFO - Setting next_dagrun for Gold_Dag_1 to None, run_after=None
[2026-02-01T12:33:34.119+0000] {processor.py:208} INFO - Processing /opt/airflow/dags/gold_dag_1.py took 0.094 seconds
[2026-02-01T12:34:04.449+0000] {processor.py:186} INFO - Started process (PID=873) to work on /opt/airflow/dags/gold_dag_1.py
[2026-02-01T12:34:04.450+0000] {processor.py:914} INFO - Processing file /opt/airflow/dags/gold_dag_1.py for tasks to queue
[2026-02-01T12:34:04.452+0000] {logging_mixin.py:190} INFO - [2026-02-01T12:34:04.452+0000] {dagbag.py:588} INFO - Filling up the DagBag from /opt/airflow/dags/gold_dag_1.py
[2026-02-01T12:34:04.463+0000] {processor.py:925} INFO - DAG(s) 'Gold_Dag_1' retrieved from /opt/airflow/dags/gold_dag_1.py
[2026-02-01T12:34:04.505+0000] {logging_mixin.py:190} INFO - [2026-02-01T12:34:04.505+0000] {dag.py:3239} INFO - Sync 1 DAGs
[2026-02-01T12:34:04.520+0000] {logging_mixin.py:190} INFO - [2026-02-01T12:34:04.520+0000] {dag.py:4180} INFO - Setting next_dagrun for Gold_Dag_1 to None, run_after=None
[2026-02-01T12:34:04.538+0000] {processor.py:208} INFO - Processing /opt/airflow/dags/gold_dag_1.py took 0.097 seconds
[2026-02-01T12:34:34.954+0000] {processor.py:186} INFO - Started process (PID=889) to work on /opt/airflow/dags/gold_dag_1.py
[2026-02-01T12:34:34.955+0000] {processor.py:914} INFO - Processing file /opt/airflow/dags/gold_dag_1.py for tasks to queue
[2026-02-01T12:34:34.957+0000] {logging_mixin.py:190} INFO - [2026-02-01T12:34:34.956+0000] {dagbag.py:588} INFO - Filling up the DagBag from /opt/airflow/dags/gold_dag_1.py
[2026-02-01T12:34:34.964+0000] {processor.py:925} INFO - DAG(s) 'Gold_Dag_1' retrieved from /opt/airflow/dags/gold_dag_1.py
[2026-02-01T12:34:34.993+0000] {logging_mixin.py:190} INFO - [2026-02-01T12:34:34.993+0000] {dag.py:3239} INFO - Sync 1 DAGs
[2026-02-01T12:34:35.010+0000] {logging_mixin.py:190} INFO - [2026-02-01T12:34:35.009+0000] {dag.py:4180} INFO - Setting next_dagrun for Gold_Dag_1 to None, run_after=None
[2026-02-01T12:34:35.027+0000] {processor.py:208} INFO - Processing /opt/airflow/dags/gold_dag_1.py took 0.081 seconds
