[2026-02-01T12:08:33.616+0000] {processor.py:186} INFO - Started process (PID=66) to work on /opt/airflow/dags/silver_dag_1.py
[2026-02-01T12:08:33.623+0000] {processor.py:914} INFO - Processing file /opt/airflow/dags/silver_dag_1.py for tasks to queue
[2026-02-01T12:08:33.634+0000] {logging_mixin.py:190} INFO - [2026-02-01T12:08:33.633+0000] {dagbag.py:588} INFO - Filling up the DagBag from /opt/airflow/dags/silver_dag_1.py
[2026-02-01T12:08:33.702+0000] {processor.py:925} INFO - DAG(s) 'Silver_Dag_1' retrieved from /opt/airflow/dags/silver_dag_1.py
[2026-02-01T12:08:33.870+0000] {logging_mixin.py:190} INFO - [2026-02-01T12:08:33.870+0000] {dag.py:3239} INFO - Sync 1 DAGs
[2026-02-01T12:08:33.959+0000] {logging_mixin.py:190} INFO - [2026-02-01T12:08:33.959+0000] {dag.py:4180} INFO - Setting next_dagrun for Silver_Dag_1 to None, run_after=None
[2026-02-01T12:08:34.025+0000] {processor.py:208} INFO - Processing /opt/airflow/dags/silver_dag_1.py took 0.430 seconds
[2026-02-01T12:09:04.270+0000] {processor.py:186} INFO - Started process (PID=82) to work on /opt/airflow/dags/silver_dag_1.py
[2026-02-01T12:09:04.274+0000] {processor.py:914} INFO - Processing file /opt/airflow/dags/silver_dag_1.py for tasks to queue
[2026-02-01T12:09:04.281+0000] {logging_mixin.py:190} INFO - [2026-02-01T12:09:04.281+0000] {dagbag.py:588} INFO - Filling up the DagBag from /opt/airflow/dags/silver_dag_1.py
[2026-02-01T12:09:04.305+0000] {processor.py:925} INFO - DAG(s) 'Silver_Dag_1' retrieved from /opt/airflow/dags/silver_dag_1.py
[2026-02-01T12:09:04.371+0000] {logging_mixin.py:190} INFO - [2026-02-01T12:09:04.370+0000] {dag.py:3239} INFO - Sync 1 DAGs
[2026-02-01T12:09:04.806+0000] {logging_mixin.py:190} INFO - [2026-02-01T12:09:04.806+0000] {dag.py:4180} INFO - Setting next_dagrun for Silver_Dag_1 to None, run_after=None
[2026-02-01T12:09:04.838+0000] {processor.py:208} INFO - Processing /opt/airflow/dags/silver_dag_1.py took 0.578 seconds
[2026-02-01T12:09:34.980+0000] {processor.py:186} INFO - Started process (PID=99) to work on /opt/airflow/dags/silver_dag_1.py
[2026-02-01T12:09:34.983+0000] {processor.py:914} INFO - Processing file /opt/airflow/dags/silver_dag_1.py for tasks to queue
[2026-02-01T12:09:34.988+0000] {logging_mixin.py:190} INFO - [2026-02-01T12:09:34.987+0000] {dagbag.py:588} INFO - Filling up the DagBag from /opt/airflow/dags/silver_dag_1.py
[2026-02-01T12:09:35.009+0000] {processor.py:925} INFO - DAG(s) 'Silver_Dag_1' retrieved from /opt/airflow/dags/silver_dag_1.py
[2026-02-01T12:09:35.057+0000] {logging_mixin.py:190} INFO - [2026-02-01T12:09:35.057+0000] {dag.py:3239} INFO - Sync 1 DAGs
[2026-02-01T12:09:35.078+0000] {logging_mixin.py:190} INFO - [2026-02-01T12:09:35.078+0000] {dag.py:4180} INFO - Setting next_dagrun for Silver_Dag_1 to None, run_after=None
[2026-02-01T12:09:35.113+0000] {processor.py:208} INFO - Processing /opt/airflow/dags/silver_dag_1.py took 0.139 seconds
[2026-02-01T12:10:05.315+0000] {processor.py:186} INFO - Started process (PID=115) to work on /opt/airflow/dags/silver_dag_1.py
[2026-02-01T12:10:05.318+0000] {processor.py:914} INFO - Processing file /opt/airflow/dags/silver_dag_1.py for tasks to queue
[2026-02-01T12:10:05.329+0000] {logging_mixin.py:190} INFO - [2026-02-01T12:10:05.329+0000] {dagbag.py:588} INFO - Filling up the DagBag from /opt/airflow/dags/silver_dag_1.py
[2026-02-01T12:10:05.354+0000] {processor.py:925} INFO - DAG(s) 'Silver_Dag_1' retrieved from /opt/airflow/dags/silver_dag_1.py
[2026-02-01T12:10:05.403+0000] {logging_mixin.py:190} INFO - [2026-02-01T12:10:05.402+0000] {dag.py:3239} INFO - Sync 1 DAGs
[2026-02-01T12:10:05.444+0000] {logging_mixin.py:190} INFO - [2026-02-01T12:10:05.443+0000] {dag.py:4180} INFO - Setting next_dagrun for Silver_Dag_1 to None, run_after=None
[2026-02-01T12:10:05.746+0000] {processor.py:208} INFO - Processing /opt/airflow/dags/silver_dag_1.py took 0.440 seconds
[2026-02-01T12:10:35.933+0000] {processor.py:186} INFO - Started process (PID=131) to work on /opt/airflow/dags/silver_dag_1.py
[2026-02-01T12:10:35.940+0000] {processor.py:914} INFO - Processing file /opt/airflow/dags/silver_dag_1.py for tasks to queue
[2026-02-01T12:10:35.957+0000] {logging_mixin.py:190} INFO - [2026-02-01T12:10:35.956+0000] {dagbag.py:588} INFO - Filling up the DagBag from /opt/airflow/dags/silver_dag_1.py
[2026-02-01T12:10:36.028+0000] {processor.py:925} INFO - DAG(s) 'Silver_Dag_1' retrieved from /opt/airflow/dags/silver_dag_1.py
[2026-02-01T12:10:37.407+0000] {logging_mixin.py:190} INFO - [2026-02-01T12:10:37.406+0000] {dag.py:3239} INFO - Sync 1 DAGs
[2026-02-01T12:10:37.486+0000] {logging_mixin.py:190} INFO - [2026-02-01T12:10:37.486+0000] {dag.py:4180} INFO - Setting next_dagrun for Silver_Dag_1 to None, run_after=None
[2026-02-01T12:10:37.555+0000] {processor.py:208} INFO - Processing /opt/airflow/dags/silver_dag_1.py took 1.649 seconds
[2026-02-01T12:11:08.255+0000] {processor.py:186} INFO - Started process (PID=148) to work on /opt/airflow/dags/silver_dag_1.py
[2026-02-01T12:11:08.258+0000] {processor.py:914} INFO - Processing file /opt/airflow/dags/silver_dag_1.py for tasks to queue
[2026-02-01T12:11:08.262+0000] {logging_mixin.py:190} INFO - [2026-02-01T12:11:08.262+0000] {dagbag.py:588} INFO - Filling up the DagBag from /opt/airflow/dags/silver_dag_1.py
[2026-02-01T12:11:08.275+0000] {processor.py:925} INFO - DAG(s) 'Silver_Dag_1' retrieved from /opt/airflow/dags/silver_dag_1.py
[2026-02-01T12:11:08.323+0000] {logging_mixin.py:190} INFO - [2026-02-01T12:11:08.323+0000] {dag.py:3239} INFO - Sync 1 DAGs
[2026-02-01T12:11:08.351+0000] {logging_mixin.py:190} INFO - [2026-02-01T12:11:08.351+0000] {dag.py:4180} INFO - Setting next_dagrun for Silver_Dag_1 to None, run_after=None
[2026-02-01T12:11:08.373+0000] {processor.py:208} INFO - Processing /opt/airflow/dags/silver_dag_1.py took 0.128 seconds
[2026-02-01T12:11:38.626+0000] {processor.py:186} INFO - Started process (PID=163) to work on /opt/airflow/dags/silver_dag_1.py
[2026-02-01T12:11:38.628+0000] {processor.py:914} INFO - Processing file /opt/airflow/dags/silver_dag_1.py for tasks to queue
[2026-02-01T12:11:38.632+0000] {logging_mixin.py:190} INFO - [2026-02-01T12:11:38.631+0000] {dagbag.py:588} INFO - Filling up the DagBag from /opt/airflow/dags/silver_dag_1.py
[2026-02-01T12:11:38.649+0000] {processor.py:925} INFO - DAG(s) 'Silver_Dag_1' retrieved from /opt/airflow/dags/silver_dag_1.py
[2026-02-01T12:11:38.702+0000] {logging_mixin.py:190} INFO - [2026-02-01T12:11:38.702+0000] {dag.py:3239} INFO - Sync 1 DAGs
[2026-02-01T12:11:39.079+0000] {logging_mixin.py:190} INFO - [2026-02-01T12:11:39.077+0000] {dag.py:4180} INFO - Setting next_dagrun for Silver_Dag_1 to None, run_after=None
[2026-02-01T12:11:39.108+0000] {processor.py:208} INFO - Processing /opt/airflow/dags/silver_dag_1.py took 0.497 seconds
[2026-02-01T12:12:10.097+0000] {processor.py:186} INFO - Started process (PID=179) to work on /opt/airflow/dags/silver_dag_1.py
[2026-02-01T12:12:10.100+0000] {processor.py:914} INFO - Processing file /opt/airflow/dags/silver_dag_1.py for tasks to queue
[2026-02-01T12:12:10.105+0000] {logging_mixin.py:190} INFO - [2026-02-01T12:12:10.104+0000] {dagbag.py:588} INFO - Filling up the DagBag from /opt/airflow/dags/silver_dag_1.py
[2026-02-01T12:12:10.122+0000] {processor.py:925} INFO - DAG(s) 'Silver_Dag_1' retrieved from /opt/airflow/dags/silver_dag_1.py
[2026-02-01T12:12:10.167+0000] {logging_mixin.py:190} INFO - [2026-02-01T12:12:10.167+0000] {dag.py:3239} INFO - Sync 1 DAGs
[2026-02-01T12:12:10.188+0000] {logging_mixin.py:190} INFO - [2026-02-01T12:12:10.188+0000] {dag.py:4180} INFO - Setting next_dagrun for Silver_Dag_1 to None, run_after=None
[2026-02-01T12:12:10.209+0000] {processor.py:208} INFO - Processing /opt/airflow/dags/silver_dag_1.py took 0.127 seconds
[2026-02-01T12:12:40.523+0000] {processor.py:186} INFO - Started process (PID=195) to work on /opt/airflow/dags/silver_dag_1.py
[2026-02-01T12:12:40.526+0000] {processor.py:914} INFO - Processing file /opt/airflow/dags/silver_dag_1.py for tasks to queue
[2026-02-01T12:12:40.532+0000] {logging_mixin.py:190} INFO - [2026-02-01T12:12:40.531+0000] {dagbag.py:588} INFO - Filling up the DagBag from /opt/airflow/dags/silver_dag_1.py
[2026-02-01T12:12:40.555+0000] {processor.py:925} INFO - DAG(s) 'Silver_Dag_1' retrieved from /opt/airflow/dags/silver_dag_1.py
[2026-02-01T12:12:40.602+0000] {logging_mixin.py:190} INFO - [2026-02-01T12:12:40.602+0000] {dag.py:3239} INFO - Sync 1 DAGs
[2026-02-01T12:12:40.631+0000] {logging_mixin.py:190} INFO - [2026-02-01T12:12:40.631+0000] {dag.py:4180} INFO - Setting next_dagrun for Silver_Dag_1 to None, run_after=None
[2026-02-01T12:12:40.659+0000] {processor.py:208} INFO - Processing /opt/airflow/dags/silver_dag_1.py took 0.145 seconds
[2026-02-01T12:13:10.929+0000] {processor.py:186} INFO - Started process (PID=211) to work on /opt/airflow/dags/silver_dag_1.py
[2026-02-01T12:13:10.932+0000] {processor.py:914} INFO - Processing file /opt/airflow/dags/silver_dag_1.py for tasks to queue
[2026-02-01T12:13:10.937+0000] {logging_mixin.py:190} INFO - [2026-02-01T12:13:10.937+0000] {dagbag.py:588} INFO - Filling up the DagBag from /opt/airflow/dags/silver_dag_1.py
[2026-02-01T12:13:10.957+0000] {processor.py:925} INFO - DAG(s) 'Silver_Dag_1' retrieved from /opt/airflow/dags/silver_dag_1.py
[2026-02-01T12:13:11.017+0000] {logging_mixin.py:190} INFO - [2026-02-01T12:13:11.016+0000] {dag.py:3239} INFO - Sync 1 DAGs
[2026-02-01T12:13:11.039+0000] {logging_mixin.py:190} INFO - [2026-02-01T12:13:11.039+0000] {dag.py:4180} INFO - Setting next_dagrun for Silver_Dag_1 to None, run_after=None
[2026-02-01T12:13:11.061+0000] {processor.py:208} INFO - Processing /opt/airflow/dags/silver_dag_1.py took 0.147 seconds
[2026-02-01T12:13:41.281+0000] {processor.py:186} INFO - Started process (PID=227) to work on /opt/airflow/dags/silver_dag_1.py
[2026-02-01T12:13:41.282+0000] {processor.py:914} INFO - Processing file /opt/airflow/dags/silver_dag_1.py for tasks to queue
[2026-02-01T12:13:41.286+0000] {logging_mixin.py:190} INFO - [2026-02-01T12:13:41.285+0000] {dagbag.py:588} INFO - Filling up the DagBag from /opt/airflow/dags/silver_dag_1.py
[2026-02-01T12:13:41.300+0000] {processor.py:925} INFO - DAG(s) 'Silver_Dag_1' retrieved from /opt/airflow/dags/silver_dag_1.py
[2026-02-01T12:13:41.353+0000] {logging_mixin.py:190} INFO - [2026-02-01T12:13:41.352+0000] {dag.py:3239} INFO - Sync 1 DAGs
[2026-02-01T12:13:41.383+0000] {logging_mixin.py:190} INFO - [2026-02-01T12:13:41.382+0000] {dag.py:4180} INFO - Setting next_dagrun for Silver_Dag_1 to None, run_after=None
[2026-02-01T12:13:41.410+0000] {processor.py:208} INFO - Processing /opt/airflow/dags/silver_dag_1.py took 0.136 seconds
[2026-02-01T12:14:11.659+0000] {processor.py:186} INFO - Started process (PID=243) to work on /opt/airflow/dags/silver_dag_1.py
[2026-02-01T12:14:11.661+0000] {processor.py:914} INFO - Processing file /opt/airflow/dags/silver_dag_1.py for tasks to queue
[2026-02-01T12:14:11.666+0000] {logging_mixin.py:190} INFO - [2026-02-01T12:14:11.666+0000] {dagbag.py:588} INFO - Filling up the DagBag from /opt/airflow/dags/silver_dag_1.py
[2026-02-01T12:14:11.679+0000] {processor.py:925} INFO - DAG(s) 'Silver_Dag_1' retrieved from /opt/airflow/dags/silver_dag_1.py
[2026-02-01T12:14:11.745+0000] {logging_mixin.py:190} INFO - [2026-02-01T12:14:11.745+0000] {dag.py:3239} INFO - Sync 1 DAGs
[2026-02-01T12:14:11.774+0000] {logging_mixin.py:190} INFO - [2026-02-01T12:14:11.773+0000] {dag.py:4180} INFO - Setting next_dagrun for Silver_Dag_1 to None, run_after=None
[2026-02-01T12:14:11.797+0000] {processor.py:208} INFO - Processing /opt/airflow/dags/silver_dag_1.py took 0.153 seconds
[2026-02-01T12:14:41.994+0000] {processor.py:186} INFO - Started process (PID=258) to work on /opt/airflow/dags/silver_dag_1.py
[2026-02-01T12:14:42.002+0000] {processor.py:914} INFO - Processing file /opt/airflow/dags/silver_dag_1.py for tasks to queue
[2026-02-01T12:14:42.014+0000] {logging_mixin.py:190} INFO - [2026-02-01T12:14:42.013+0000] {dagbag.py:588} INFO - Filling up the DagBag from /opt/airflow/dags/silver_dag_1.py
[2026-02-01T12:14:42.082+0000] {processor.py:925} INFO - DAG(s) 'Silver_Dag_1' retrieved from /opt/airflow/dags/silver_dag_1.py
[2026-02-01T12:14:42.222+0000] {logging_mixin.py:190} INFO - [2026-02-01T12:14:42.221+0000] {dag.py:3239} INFO - Sync 1 DAGs
[2026-02-01T12:14:42.335+0000] {logging_mixin.py:190} INFO - [2026-02-01T12:14:42.329+0000] {dag.py:4180} INFO - Setting next_dagrun for Silver_Dag_1 to None, run_after=None
[2026-02-01T12:14:42.413+0000] {processor.py:208} INFO - Processing /opt/airflow/dags/silver_dag_1.py took 0.459 seconds
[2026-02-01T12:15:13.282+0000] {processor.py:186} INFO - Started process (PID=275) to work on /opt/airflow/dags/silver_dag_1.py
[2026-02-01T12:15:13.283+0000] {processor.py:914} INFO - Processing file /opt/airflow/dags/silver_dag_1.py for tasks to queue
[2026-02-01T12:15:13.286+0000] {logging_mixin.py:190} INFO - [2026-02-01T12:15:13.286+0000] {dagbag.py:588} INFO - Filling up the DagBag from /opt/airflow/dags/silver_dag_1.py
[2026-02-01T12:15:13.298+0000] {processor.py:925} INFO - DAG(s) 'Silver_Dag_1' retrieved from /opt/airflow/dags/silver_dag_1.py
[2026-02-01T12:15:13.365+0000] {logging_mixin.py:190} INFO - [2026-02-01T12:15:13.365+0000] {dag.py:3239} INFO - Sync 1 DAGs
[2026-02-01T12:15:13.395+0000] {logging_mixin.py:190} INFO - [2026-02-01T12:15:13.395+0000] {dag.py:4180} INFO - Setting next_dagrun for Silver_Dag_1 to None, run_after=None
[2026-02-01T12:15:13.424+0000] {processor.py:208} INFO - Processing /opt/airflow/dags/silver_dag_1.py took 0.151 seconds
[2026-02-01T12:15:44.245+0000] {processor.py:186} INFO - Started process (PID=291) to work on /opt/airflow/dags/silver_dag_1.py
[2026-02-01T12:15:44.247+0000] {processor.py:914} INFO - Processing file /opt/airflow/dags/silver_dag_1.py for tasks to queue
[2026-02-01T12:15:44.252+0000] {logging_mixin.py:190} INFO - [2026-02-01T12:15:44.252+0000] {dagbag.py:588} INFO - Filling up the DagBag from /opt/airflow/dags/silver_dag_1.py
[2026-02-01T12:15:44.264+0000] {processor.py:925} INFO - DAG(s) 'Silver_Dag_1' retrieved from /opt/airflow/dags/silver_dag_1.py
[2026-02-01T12:15:44.321+0000] {logging_mixin.py:190} INFO - [2026-02-01T12:15:44.321+0000] {dag.py:3239} INFO - Sync 1 DAGs
[2026-02-01T12:15:44.343+0000] {logging_mixin.py:190} INFO - [2026-02-01T12:15:44.343+0000] {dag.py:4180} INFO - Setting next_dagrun for Silver_Dag_1 to None, run_after=None
[2026-02-01T12:15:44.363+0000] {processor.py:208} INFO - Processing /opt/airflow/dags/silver_dag_1.py took 0.124 seconds
[2026-02-01T12:16:14.672+0000] {processor.py:186} INFO - Started process (PID=308) to work on /opt/airflow/dags/silver_dag_1.py
[2026-02-01T12:16:14.674+0000] {processor.py:914} INFO - Processing file /opt/airflow/dags/silver_dag_1.py for tasks to queue
[2026-02-01T12:16:14.679+0000] {logging_mixin.py:190} INFO - [2026-02-01T12:16:14.679+0000] {dagbag.py:588} INFO - Filling up the DagBag from /opt/airflow/dags/silver_dag_1.py
[2026-02-01T12:16:14.701+0000] {processor.py:925} INFO - DAG(s) 'Silver_Dag_1' retrieved from /opt/airflow/dags/silver_dag_1.py
[2026-02-01T12:16:14.751+0000] {logging_mixin.py:190} INFO - [2026-02-01T12:16:14.751+0000] {dag.py:3239} INFO - Sync 1 DAGs
[2026-02-01T12:16:14.772+0000] {logging_mixin.py:190} INFO - [2026-02-01T12:16:14.772+0000] {dag.py:4180} INFO - Setting next_dagrun for Silver_Dag_1 to None, run_after=None
[2026-02-01T12:16:14.798+0000] {processor.py:208} INFO - Processing /opt/airflow/dags/silver_dag_1.py took 0.132 seconds
[2026-02-01T12:16:45.067+0000] {processor.py:186} INFO - Started process (PID=324) to work on /opt/airflow/dags/silver_dag_1.py
[2026-02-01T12:16:45.068+0000] {processor.py:914} INFO - Processing file /opt/airflow/dags/silver_dag_1.py for tasks to queue
[2026-02-01T12:16:45.077+0000] {logging_mixin.py:190} INFO - [2026-02-01T12:16:45.076+0000] {dagbag.py:588} INFO - Filling up the DagBag from /opt/airflow/dags/silver_dag_1.py
[2026-02-01T12:16:45.087+0000] {processor.py:925} INFO - DAG(s) 'Silver_Dag_1' retrieved from /opt/airflow/dags/silver_dag_1.py
[2026-02-01T12:16:45.132+0000] {logging_mixin.py:190} INFO - [2026-02-01T12:16:45.132+0000] {dag.py:3239} INFO - Sync 1 DAGs
[2026-02-01T12:16:45.153+0000] {logging_mixin.py:190} INFO - [2026-02-01T12:16:45.153+0000] {dag.py:4180} INFO - Setting next_dagrun for Silver_Dag_1 to None, run_after=None
[2026-02-01T12:16:45.180+0000] {processor.py:208} INFO - Processing /opt/airflow/dags/silver_dag_1.py took 0.132 seconds
[2026-02-01T12:17:15.466+0000] {processor.py:186} INFO - Started process (PID=340) to work on /opt/airflow/dags/silver_dag_1.py
[2026-02-01T12:17:15.468+0000] {processor.py:914} INFO - Processing file /opt/airflow/dags/silver_dag_1.py for tasks to queue
[2026-02-01T12:17:15.475+0000] {logging_mixin.py:190} INFO - [2026-02-01T12:17:15.474+0000] {dagbag.py:588} INFO - Filling up the DagBag from /opt/airflow/dags/silver_dag_1.py
[2026-02-01T12:17:15.495+0000] {processor.py:925} INFO - DAG(s) 'Silver_Dag_1' retrieved from /opt/airflow/dags/silver_dag_1.py
[2026-02-01T12:17:15.554+0000] {logging_mixin.py:190} INFO - [2026-02-01T12:17:15.553+0000] {dag.py:3239} INFO - Sync 1 DAGs
[2026-02-01T12:17:15.577+0000] {logging_mixin.py:190} INFO - [2026-02-01T12:17:15.577+0000] {dag.py:4180} INFO - Setting next_dagrun for Silver_Dag_1 to None, run_after=None
[2026-02-01T12:17:15.604+0000] {processor.py:208} INFO - Processing /opt/airflow/dags/silver_dag_1.py took 0.150 seconds
[2026-02-01T12:17:45.848+0000] {processor.py:186} INFO - Started process (PID=356) to work on /opt/airflow/dags/silver_dag_1.py
[2026-02-01T12:17:45.850+0000] {processor.py:914} INFO - Processing file /opt/airflow/dags/silver_dag_1.py for tasks to queue
[2026-02-01T12:17:45.854+0000] {logging_mixin.py:190} INFO - [2026-02-01T12:17:45.854+0000] {dagbag.py:588} INFO - Filling up the DagBag from /opt/airflow/dags/silver_dag_1.py
[2026-02-01T12:17:45.887+0000] {processor.py:925} INFO - DAG(s) 'Silver_Dag_1' retrieved from /opt/airflow/dags/silver_dag_1.py
[2026-02-01T12:17:45.947+0000] {logging_mixin.py:190} INFO - [2026-02-01T12:17:45.947+0000] {dag.py:3239} INFO - Sync 1 DAGs
[2026-02-01T12:17:45.977+0000] {logging_mixin.py:190} INFO - [2026-02-01T12:17:45.977+0000] {dag.py:4180} INFO - Setting next_dagrun for Silver_Dag_1 to None, run_after=None
[2026-02-01T12:17:46.004+0000] {processor.py:208} INFO - Processing /opt/airflow/dags/silver_dag_1.py took 0.165 seconds
[2026-02-01T12:18:16.110+0000] {processor.py:186} INFO - Started process (PID=372) to work on /opt/airflow/dags/silver_dag_1.py
[2026-02-01T12:18:16.111+0000] {processor.py:914} INFO - Processing file /opt/airflow/dags/silver_dag_1.py for tasks to queue
[2026-02-01T12:18:16.118+0000] {logging_mixin.py:190} INFO - [2026-02-01T12:18:16.117+0000] {dagbag.py:588} INFO - Filling up the DagBag from /opt/airflow/dags/silver_dag_1.py
[2026-02-01T12:18:16.142+0000] {processor.py:925} INFO - DAG(s) 'Silver_Dag_1' retrieved from /opt/airflow/dags/silver_dag_1.py
[2026-02-01T12:18:16.202+0000] {logging_mixin.py:190} INFO - [2026-02-01T12:18:16.201+0000] {dag.py:3239} INFO - Sync 1 DAGs
[2026-02-01T12:18:16.228+0000] {logging_mixin.py:190} INFO - [2026-02-01T12:18:16.227+0000] {dag.py:4180} INFO - Setting next_dagrun for Silver_Dag_1 to None, run_after=None
[2026-02-01T12:18:16.263+0000] {processor.py:208} INFO - Processing /opt/airflow/dags/silver_dag_1.py took 0.161 seconds
[2026-02-01T12:18:46.713+0000] {processor.py:186} INFO - Started process (PID=388) to work on /opt/airflow/dags/silver_dag_1.py
[2026-02-01T12:18:46.715+0000] {processor.py:914} INFO - Processing file /opt/airflow/dags/silver_dag_1.py for tasks to queue
[2026-02-01T12:18:46.722+0000] {logging_mixin.py:190} INFO - [2026-02-01T12:18:46.720+0000] {dagbag.py:588} INFO - Filling up the DagBag from /opt/airflow/dags/silver_dag_1.py
[2026-02-01T12:18:46.738+0000] {processor.py:925} INFO - DAG(s) 'Silver_Dag_1' retrieved from /opt/airflow/dags/silver_dag_1.py
[2026-02-01T12:18:46.790+0000] {logging_mixin.py:190} INFO - [2026-02-01T12:18:46.790+0000] {dag.py:3239} INFO - Sync 1 DAGs
[2026-02-01T12:18:46.811+0000] {logging_mixin.py:190} INFO - [2026-02-01T12:18:46.811+0000] {dag.py:4180} INFO - Setting next_dagrun for Silver_Dag_1 to None, run_after=None
[2026-02-01T12:18:46.831+0000] {processor.py:208} INFO - Processing /opt/airflow/dags/silver_dag_1.py took 0.130 seconds
[2026-02-01T12:19:17.139+0000] {processor.py:186} INFO - Started process (PID=404) to work on /opt/airflow/dags/silver_dag_1.py
[2026-02-01T12:19:17.142+0000] {processor.py:914} INFO - Processing file /opt/airflow/dags/silver_dag_1.py for tasks to queue
[2026-02-01T12:19:17.151+0000] {logging_mixin.py:190} INFO - [2026-02-01T12:19:17.151+0000] {dagbag.py:588} INFO - Filling up the DagBag from /opt/airflow/dags/silver_dag_1.py
[2026-02-01T12:19:17.203+0000] {processor.py:925} INFO - DAG(s) 'Silver_Dag_1' retrieved from /opt/airflow/dags/silver_dag_1.py
[2026-02-01T12:19:17.324+0000] {logging_mixin.py:190} INFO - [2026-02-01T12:19:17.323+0000] {dag.py:3239} INFO - Sync 1 DAGs
[2026-02-01T12:19:17.383+0000] {logging_mixin.py:190} INFO - [2026-02-01T12:19:17.383+0000] {dag.py:4180} INFO - Setting next_dagrun for Silver_Dag_1 to None, run_after=None
[2026-02-01T12:19:17.459+0000] {processor.py:208} INFO - Processing /opt/airflow/dags/silver_dag_1.py took 0.355 seconds
[2026-02-01T12:19:48.201+0000] {processor.py:186} INFO - Started process (PID=420) to work on /opt/airflow/dags/silver_dag_1.py
[2026-02-01T12:19:48.202+0000] {processor.py:914} INFO - Processing file /opt/airflow/dags/silver_dag_1.py for tasks to queue
[2026-02-01T12:19:48.210+0000] {logging_mixin.py:190} INFO - [2026-02-01T12:19:48.207+0000] {dagbag.py:588} INFO - Filling up the DagBag from /opt/airflow/dags/silver_dag_1.py
[2026-02-01T12:19:48.233+0000] {processor.py:925} INFO - DAG(s) 'Silver_Dag_1' retrieved from /opt/airflow/dags/silver_dag_1.py
[2026-02-01T12:19:48.300+0000] {logging_mixin.py:190} INFO - [2026-02-01T12:19:48.297+0000] {dag.py:3239} INFO - Sync 1 DAGs
[2026-02-01T12:19:48.361+0000] {logging_mixin.py:190} INFO - [2026-02-01T12:19:48.357+0000] {dag.py:4180} INFO - Setting next_dagrun for Silver_Dag_1 to None, run_after=None
[2026-02-01T12:19:48.407+0000] {processor.py:208} INFO - Processing /opt/airflow/dags/silver_dag_1.py took 0.219 seconds
[2026-02-01T12:20:18.997+0000] {processor.py:186} INFO - Started process (PID=435) to work on /opt/airflow/dags/silver_dag_1.py
[2026-02-01T12:20:19.001+0000] {processor.py:914} INFO - Processing file /opt/airflow/dags/silver_dag_1.py for tasks to queue
[2026-02-01T12:20:19.007+0000] {logging_mixin.py:190} INFO - [2026-02-01T12:20:19.007+0000] {dagbag.py:588} INFO - Filling up the DagBag from /opt/airflow/dags/silver_dag_1.py
[2026-02-01T12:20:19.021+0000] {processor.py:925} INFO - DAG(s) 'Silver_Dag_1' retrieved from /opt/airflow/dags/silver_dag_1.py
[2026-02-01T12:20:19.138+0000] {logging_mixin.py:190} INFO - [2026-02-01T12:20:19.102+0000] {dag.py:3239} INFO - Sync 1 DAGs
[2026-02-01T12:20:19.162+0000] {logging_mixin.py:190} INFO - [2026-02-01T12:20:19.162+0000] {dag.py:4180} INFO - Setting next_dagrun for Silver_Dag_1 to None, run_after=None
[2026-02-01T12:20:19.194+0000] {processor.py:208} INFO - Processing /opt/airflow/dags/silver_dag_1.py took 0.208 seconds
[2026-02-01T12:20:49.804+0000] {processor.py:186} INFO - Started process (PID=450) to work on /opt/airflow/dags/silver_dag_1.py
[2026-02-01T12:20:49.807+0000] {processor.py:914} INFO - Processing file /opt/airflow/dags/silver_dag_1.py for tasks to queue
[2026-02-01T12:20:49.815+0000] {logging_mixin.py:190} INFO - [2026-02-01T12:20:49.812+0000] {dagbag.py:588} INFO - Filling up the DagBag from /opt/airflow/dags/silver_dag_1.py
[2026-02-01T12:20:49.829+0000] {processor.py:925} INFO - DAG(s) 'Silver_Dag_1' retrieved from /opt/airflow/dags/silver_dag_1.py
[2026-02-01T12:20:49.866+0000] {logging_mixin.py:190} INFO - [2026-02-01T12:20:49.866+0000] {dag.py:3239} INFO - Sync 1 DAGs
[2026-02-01T12:20:49.894+0000] {logging_mixin.py:190} INFO - [2026-02-01T12:20:49.894+0000] {dag.py:4180} INFO - Setting next_dagrun for Silver_Dag_1 to None, run_after=None
[2026-02-01T12:20:49.930+0000] {processor.py:208} INFO - Processing /opt/airflow/dags/silver_dag_1.py took 0.143 seconds
[2026-02-01T12:21:20.444+0000] {processor.py:186} INFO - Started process (PID=466) to work on /opt/airflow/dags/silver_dag_1.py
[2026-02-01T12:21:20.446+0000] {processor.py:914} INFO - Processing file /opt/airflow/dags/silver_dag_1.py for tasks to queue
[2026-02-01T12:21:20.451+0000] {logging_mixin.py:190} INFO - [2026-02-01T12:21:20.450+0000] {dagbag.py:588} INFO - Filling up the DagBag from /opt/airflow/dags/silver_dag_1.py
[2026-02-01T12:21:20.469+0000] {processor.py:925} INFO - DAG(s) 'Silver_Dag_1' retrieved from /opt/airflow/dags/silver_dag_1.py
[2026-02-01T12:21:20.510+0000] {logging_mixin.py:190} INFO - [2026-02-01T12:21:20.509+0000] {dag.py:3239} INFO - Sync 1 DAGs
[2026-02-01T12:21:20.535+0000] {logging_mixin.py:190} INFO - [2026-02-01T12:21:20.535+0000] {dag.py:4180} INFO - Setting next_dagrun for Silver_Dag_1 to None, run_after=None
[2026-02-01T12:21:20.574+0000] {processor.py:208} INFO - Processing /opt/airflow/dags/silver_dag_1.py took 0.139 seconds
[2026-02-01T12:21:50.868+0000] {processor.py:186} INFO - Started process (PID=481) to work on /opt/airflow/dags/silver_dag_1.py
[2026-02-01T12:21:50.869+0000] {processor.py:914} INFO - Processing file /opt/airflow/dags/silver_dag_1.py for tasks to queue
[2026-02-01T12:21:50.873+0000] {logging_mixin.py:190} INFO - [2026-02-01T12:21:50.872+0000] {dagbag.py:588} INFO - Filling up the DagBag from /opt/airflow/dags/silver_dag_1.py
[2026-02-01T12:21:50.892+0000] {processor.py:925} INFO - DAG(s) 'Silver_Dag_1' retrieved from /opt/airflow/dags/silver_dag_1.py
[2026-02-01T12:21:50.934+0000] {logging_mixin.py:190} INFO - [2026-02-01T12:21:50.934+0000] {dag.py:3239} INFO - Sync 1 DAGs
[2026-02-01T12:21:50.972+0000] {logging_mixin.py:190} INFO - [2026-02-01T12:21:50.972+0000] {dag.py:4180} INFO - Setting next_dagrun for Silver_Dag_1 to None, run_after=None
[2026-02-01T12:21:51.007+0000] {processor.py:208} INFO - Processing /opt/airflow/dags/silver_dag_1.py took 0.149 seconds
[2026-02-01T12:22:21.251+0000] {processor.py:186} INFO - Started process (PID=498) to work on /opt/airflow/dags/silver_dag_1.py
[2026-02-01T12:22:21.253+0000] {processor.py:914} INFO - Processing file /opt/airflow/dags/silver_dag_1.py for tasks to queue
[2026-02-01T12:22:21.260+0000] {logging_mixin.py:190} INFO - [2026-02-01T12:22:21.260+0000] {dagbag.py:588} INFO - Filling up the DagBag from /opt/airflow/dags/silver_dag_1.py
[2026-02-01T12:22:21.295+0000] {processor.py:925} INFO - DAG(s) 'Silver_Dag_1' retrieved from /opt/airflow/dags/silver_dag_1.py
[2026-02-01T12:22:21.341+0000] {logging_mixin.py:190} INFO - [2026-02-01T12:22:21.341+0000] {dag.py:3239} INFO - Sync 1 DAGs
[2026-02-01T12:22:21.369+0000] {logging_mixin.py:190} INFO - [2026-02-01T12:22:21.368+0000] {dag.py:4180} INFO - Setting next_dagrun for Silver_Dag_1 to None, run_after=None
[2026-02-01T12:22:21.393+0000] {processor.py:208} INFO - Processing /opt/airflow/dags/silver_dag_1.py took 0.152 seconds
[2026-02-01T12:22:51.783+0000] {processor.py:186} INFO - Started process (PID=514) to work on /opt/airflow/dags/silver_dag_1.py
[2026-02-01T12:22:51.784+0000] {processor.py:914} INFO - Processing file /opt/airflow/dags/silver_dag_1.py for tasks to queue
[2026-02-01T12:22:51.792+0000] {logging_mixin.py:190} INFO - [2026-02-01T12:22:51.792+0000] {dagbag.py:588} INFO - Filling up the DagBag from /opt/airflow/dags/silver_dag_1.py
[2026-02-01T12:22:51.813+0000] {processor.py:925} INFO - DAG(s) 'Silver_Dag_1' retrieved from /opt/airflow/dags/silver_dag_1.py
[2026-02-01T12:22:51.857+0000] {logging_mixin.py:190} INFO - [2026-02-01T12:22:51.857+0000] {dag.py:3239} INFO - Sync 1 DAGs
[2026-02-01T12:22:51.878+0000] {logging_mixin.py:190} INFO - [2026-02-01T12:22:51.877+0000] {dag.py:4180} INFO - Setting next_dagrun for Silver_Dag_1 to None, run_after=None
[2026-02-01T12:22:51.897+0000] {processor.py:208} INFO - Processing /opt/airflow/dags/silver_dag_1.py took 0.124 seconds
[2026-02-01T12:23:22.181+0000] {processor.py:186} INFO - Started process (PID=529) to work on /opt/airflow/dags/silver_dag_1.py
[2026-02-01T12:23:22.184+0000] {processor.py:914} INFO - Processing file /opt/airflow/dags/silver_dag_1.py for tasks to queue
[2026-02-01T12:23:22.188+0000] {logging_mixin.py:190} INFO - [2026-02-01T12:23:22.188+0000] {dagbag.py:588} INFO - Filling up the DagBag from /opt/airflow/dags/silver_dag_1.py
[2026-02-01T12:23:22.207+0000] {processor.py:925} INFO - DAG(s) 'Silver_Dag_1' retrieved from /opt/airflow/dags/silver_dag_1.py
[2026-02-01T12:23:22.288+0000] {logging_mixin.py:190} INFO - [2026-02-01T12:23:22.288+0000] {dag.py:3239} INFO - Sync 1 DAGs
[2026-02-01T12:23:22.312+0000] {logging_mixin.py:190} INFO - [2026-02-01T12:23:22.312+0000] {dag.py:4180} INFO - Setting next_dagrun for Silver_Dag_1 to None, run_after=None
[2026-02-01T12:23:22.341+0000] {processor.py:208} INFO - Processing /opt/airflow/dags/silver_dag_1.py took 0.173 seconds
[2026-02-01T12:23:52.667+0000] {processor.py:186} INFO - Started process (PID=546) to work on /opt/airflow/dags/silver_dag_1.py
[2026-02-01T12:23:52.670+0000] {processor.py:914} INFO - Processing file /opt/airflow/dags/silver_dag_1.py for tasks to queue
[2026-02-01T12:23:52.674+0000] {logging_mixin.py:190} INFO - [2026-02-01T12:23:52.674+0000] {dagbag.py:588} INFO - Filling up the DagBag from /opt/airflow/dags/silver_dag_1.py
[2026-02-01T12:23:52.685+0000] {processor.py:925} INFO - DAG(s) 'Silver_Dag_1' retrieved from /opt/airflow/dags/silver_dag_1.py
[2026-02-01T12:23:52.735+0000] {logging_mixin.py:190} INFO - [2026-02-01T12:23:52.735+0000] {dag.py:3239} INFO - Sync 1 DAGs
[2026-02-01T12:23:52.757+0000] {logging_mixin.py:190} INFO - [2026-02-01T12:23:52.757+0000] {dag.py:4180} INFO - Setting next_dagrun for Silver_Dag_1 to None, run_after=None
[2026-02-01T12:23:52.777+0000] {processor.py:208} INFO - Processing /opt/airflow/dags/silver_dag_1.py took 0.131 seconds
[2026-02-01T12:24:23.018+0000] {processor.py:186} INFO - Started process (PID=562) to work on /opt/airflow/dags/silver_dag_1.py
[2026-02-01T12:24:23.020+0000] {processor.py:914} INFO - Processing file /opt/airflow/dags/silver_dag_1.py for tasks to queue
[2026-02-01T12:24:23.026+0000] {logging_mixin.py:190} INFO - [2026-02-01T12:24:23.026+0000] {dagbag.py:588} INFO - Filling up the DagBag from /opt/airflow/dags/silver_dag_1.py
[2026-02-01T12:24:23.047+0000] {processor.py:925} INFO - DAG(s) 'Silver_Dag_1' retrieved from /opt/airflow/dags/silver_dag_1.py
[2026-02-01T12:24:23.162+0000] {logging_mixin.py:190} INFO - [2026-02-01T12:24:23.162+0000] {dag.py:3239} INFO - Sync 1 DAGs
[2026-02-01T12:24:23.309+0000] {logging_mixin.py:190} INFO - [2026-02-01T12:24:23.309+0000] {dag.py:4180} INFO - Setting next_dagrun for Silver_Dag_1 to None, run_after=None
[2026-02-01T12:24:23.349+0000] {processor.py:208} INFO - Processing /opt/airflow/dags/silver_dag_1.py took 0.343 seconds
[2026-02-01T12:24:53.969+0000] {processor.py:186} INFO - Started process (PID=583) to work on /opt/airflow/dags/silver_dag_1.py
[2026-02-01T12:24:53.972+0000] {processor.py:914} INFO - Processing file /opt/airflow/dags/silver_dag_1.py for tasks to queue
[2026-02-01T12:24:53.976+0000] {logging_mixin.py:190} INFO - [2026-02-01T12:24:53.975+0000] {dagbag.py:588} INFO - Filling up the DagBag from /opt/airflow/dags/silver_dag_1.py
[2026-02-01T12:24:53.988+0000] {processor.py:925} INFO - DAG(s) 'Silver_Dag_1' retrieved from /opt/airflow/dags/silver_dag_1.py
[2026-02-01T12:24:54.056+0000] {logging_mixin.py:190} INFO - [2026-02-01T12:24:54.055+0000] {dag.py:3239} INFO - Sync 1 DAGs
[2026-02-01T12:24:54.085+0000] {logging_mixin.py:190} INFO - [2026-02-01T12:24:54.085+0000] {dag.py:4180} INFO - Setting next_dagrun for Silver_Dag_1 to None, run_after=None
[2026-02-01T12:24:54.109+0000] {processor.py:208} INFO - Processing /opt/airflow/dags/silver_dag_1.py took 0.155 seconds
[2026-02-01T12:25:24.674+0000] {processor.py:186} INFO - Started process (PID=599) to work on /opt/airflow/dags/silver_dag_1.py
[2026-02-01T12:25:24.678+0000] {processor.py:914} INFO - Processing file /opt/airflow/dags/silver_dag_1.py for tasks to queue
[2026-02-01T12:25:24.695+0000] {logging_mixin.py:190} INFO - [2026-02-01T12:25:24.694+0000] {dagbag.py:588} INFO - Filling up the DagBag from /opt/airflow/dags/silver_dag_1.py
[2026-02-01T12:25:24.729+0000] {processor.py:925} INFO - DAG(s) 'Silver_Dag_1' retrieved from /opt/airflow/dags/silver_dag_1.py
[2026-02-01T12:25:24.834+0000] {logging_mixin.py:190} INFO - [2026-02-01T12:25:24.833+0000] {dag.py:3239} INFO - Sync 1 DAGs
[2026-02-01T12:25:24.915+0000] {logging_mixin.py:190} INFO - [2026-02-01T12:25:24.911+0000] {dag.py:4180} INFO - Setting next_dagrun for Silver_Dag_1 to None, run_after=None
[2026-02-01T12:25:24.976+0000] {processor.py:208} INFO - Processing /opt/airflow/dags/silver_dag_1.py took 0.330 seconds
[2026-02-01T12:25:55.176+0000] {processor.py:186} INFO - Started process (PID=615) to work on /opt/airflow/dags/silver_dag_1.py
[2026-02-01T12:25:55.177+0000] {processor.py:914} INFO - Processing file /opt/airflow/dags/silver_dag_1.py for tasks to queue
[2026-02-01T12:25:55.184+0000] {logging_mixin.py:190} INFO - [2026-02-01T12:25:55.182+0000] {dagbag.py:588} INFO - Filling up the DagBag from /opt/airflow/dags/silver_dag_1.py
[2026-02-01T12:25:55.205+0000] {processor.py:925} INFO - DAG(s) 'Silver_Dag_1' retrieved from /opt/airflow/dags/silver_dag_1.py
[2026-02-01T12:25:55.243+0000] {logging_mixin.py:190} INFO - [2026-02-01T12:25:55.242+0000] {dag.py:3239} INFO - Sync 1 DAGs
[2026-02-01T12:25:55.260+0000] {logging_mixin.py:190} INFO - [2026-02-01T12:25:55.260+0000] {dag.py:4180} INFO - Setting next_dagrun for Silver_Dag_1 to None, run_after=None
[2026-02-01T12:25:55.281+0000] {processor.py:208} INFO - Processing /opt/airflow/dags/silver_dag_1.py took 0.114 seconds
[2026-02-01T12:26:26.050+0000] {processor.py:186} INFO - Started process (PID=631) to work on /opt/airflow/dags/silver_dag_1.py
[2026-02-01T12:26:26.054+0000] {processor.py:914} INFO - Processing file /opt/airflow/dags/silver_dag_1.py for tasks to queue
[2026-02-01T12:26:26.058+0000] {logging_mixin.py:190} INFO - [2026-02-01T12:26:26.057+0000] {dagbag.py:588} INFO - Filling up the DagBag from /opt/airflow/dags/silver_dag_1.py
[2026-02-01T12:26:26.084+0000] {processor.py:925} INFO - DAG(s) 'Silver_Dag_1' retrieved from /opt/airflow/dags/silver_dag_1.py
[2026-02-01T12:26:26.127+0000] {logging_mixin.py:190} INFO - [2026-02-01T12:26:26.127+0000] {dag.py:3239} INFO - Sync 1 DAGs
[2026-02-01T12:26:26.149+0000] {logging_mixin.py:190} INFO - [2026-02-01T12:26:26.149+0000] {dag.py:4180} INFO - Setting next_dagrun for Silver_Dag_1 to None, run_after=None
[2026-02-01T12:26:26.174+0000] {processor.py:208} INFO - Processing /opt/airflow/dags/silver_dag_1.py took 0.136 seconds
[2026-02-01T12:26:57.141+0000] {processor.py:186} INFO - Started process (PID=646) to work on /opt/airflow/dags/silver_dag_1.py
[2026-02-01T12:26:57.141+0000] {processor.py:914} INFO - Processing file /opt/airflow/dags/silver_dag_1.py for tasks to queue
[2026-02-01T12:26:57.147+0000] {logging_mixin.py:190} INFO - [2026-02-01T12:26:57.147+0000] {dagbag.py:588} INFO - Filling up the DagBag from /opt/airflow/dags/silver_dag_1.py
[2026-02-01T12:26:57.170+0000] {processor.py:925} INFO - DAG(s) 'Silver_Dag_1' retrieved from /opt/airflow/dags/silver_dag_1.py
[2026-02-01T12:26:57.228+0000] {logging_mixin.py:190} INFO - [2026-02-01T12:26:57.228+0000] {dag.py:3239} INFO - Sync 1 DAGs
[2026-02-01T12:26:57.252+0000] {logging_mixin.py:190} INFO - [2026-02-01T12:26:57.251+0000] {dag.py:4180} INFO - Setting next_dagrun for Silver_Dag_1 to None, run_after=None
[2026-02-01T12:26:57.273+0000] {processor.py:208} INFO - Processing /opt/airflow/dags/silver_dag_1.py took 0.142 seconds
[2026-02-01T12:27:27.459+0000] {processor.py:186} INFO - Started process (PID=662) to work on /opt/airflow/dags/silver_dag_1.py
[2026-02-01T12:27:27.461+0000] {processor.py:914} INFO - Processing file /opt/airflow/dags/silver_dag_1.py for tasks to queue
[2026-02-01T12:27:27.464+0000] {logging_mixin.py:190} INFO - [2026-02-01T12:27:27.464+0000] {dagbag.py:588} INFO - Filling up the DagBag from /opt/airflow/dags/silver_dag_1.py
[2026-02-01T12:27:27.492+0000] {processor.py:925} INFO - DAG(s) 'Silver_Dag_1' retrieved from /opt/airflow/dags/silver_dag_1.py
[2026-02-01T12:27:27.561+0000] {logging_mixin.py:190} INFO - [2026-02-01T12:27:27.560+0000] {dag.py:3239} INFO - Sync 1 DAGs
[2026-02-01T12:27:27.593+0000] {logging_mixin.py:190} INFO - [2026-02-01T12:27:27.593+0000] {dag.py:4180} INFO - Setting next_dagrun for Silver_Dag_1 to None, run_after=None
[2026-02-01T12:27:27.620+0000] {processor.py:208} INFO - Processing /opt/airflow/dags/silver_dag_1.py took 0.175 seconds
[2026-02-01T12:27:57.874+0000] {processor.py:186} INFO - Started process (PID=678) to work on /opt/airflow/dags/silver_dag_1.py
[2026-02-01T12:27:57.875+0000] {processor.py:914} INFO - Processing file /opt/airflow/dags/silver_dag_1.py for tasks to queue
[2026-02-01T12:27:57.882+0000] {logging_mixin.py:190} INFO - [2026-02-01T12:27:57.881+0000] {dagbag.py:588} INFO - Filling up the DagBag from /opt/airflow/dags/silver_dag_1.py
[2026-02-01T12:27:57.892+0000] {processor.py:925} INFO - DAG(s) 'Silver_Dag_1' retrieved from /opt/airflow/dags/silver_dag_1.py
[2026-02-01T12:27:57.950+0000] {logging_mixin.py:190} INFO - [2026-02-01T12:27:57.949+0000] {dag.py:3239} INFO - Sync 1 DAGs
[2026-02-01T12:27:57.987+0000] {logging_mixin.py:190} INFO - [2026-02-01T12:27:57.987+0000] {dag.py:4180} INFO - Setting next_dagrun for Silver_Dag_1 to None, run_after=None
[2026-02-01T12:27:58.021+0000] {processor.py:208} INFO - Processing /opt/airflow/dags/silver_dag_1.py took 0.163 seconds
[2026-02-01T12:28:28.291+0000] {processor.py:186} INFO - Started process (PID=696) to work on /opt/airflow/dags/silver_dag_1.py
[2026-02-01T12:28:28.293+0000] {processor.py:914} INFO - Processing file /opt/airflow/dags/silver_dag_1.py for tasks to queue
[2026-02-01T12:28:28.302+0000] {logging_mixin.py:190} INFO - [2026-02-01T12:28:28.302+0000] {dagbag.py:588} INFO - Filling up the DagBag from /opt/airflow/dags/silver_dag_1.py
[2026-02-01T12:28:28.314+0000] {processor.py:925} INFO - DAG(s) 'Silver_Dag_1' retrieved from /opt/airflow/dags/silver_dag_1.py
[2026-02-01T12:28:28.358+0000] {logging_mixin.py:190} INFO - [2026-02-01T12:28:28.358+0000] {dag.py:3239} INFO - Sync 1 DAGs
[2026-02-01T12:28:28.392+0000] {logging_mixin.py:190} INFO - [2026-02-01T12:28:28.392+0000] {dag.py:4180} INFO - Setting next_dagrun for Silver_Dag_1 to None, run_after=None
[2026-02-01T12:28:28.418+0000] {processor.py:208} INFO - Processing /opt/airflow/dags/silver_dag_1.py took 0.138 seconds
[2026-02-01T12:28:58.689+0000] {processor.py:186} INFO - Started process (PID=712) to work on /opt/airflow/dags/silver_dag_1.py
[2026-02-01T12:28:58.690+0000] {processor.py:914} INFO - Processing file /opt/airflow/dags/silver_dag_1.py for tasks to queue
[2026-02-01T12:28:58.694+0000] {logging_mixin.py:190} INFO - [2026-02-01T12:28:58.694+0000] {dagbag.py:588} INFO - Filling up the DagBag from /opt/airflow/dags/silver_dag_1.py
[2026-02-01T12:28:58.716+0000] {processor.py:925} INFO - DAG(s) 'Silver_Dag_1' retrieved from /opt/airflow/dags/silver_dag_1.py
[2026-02-01T12:28:58.766+0000] {logging_mixin.py:190} INFO - [2026-02-01T12:28:58.766+0000] {dag.py:3239} INFO - Sync 1 DAGs
[2026-02-01T12:28:58.790+0000] {logging_mixin.py:190} INFO - [2026-02-01T12:28:58.790+0000] {dag.py:4180} INFO - Setting next_dagrun for Silver_Dag_1 to None, run_after=None
[2026-02-01T12:28:58.821+0000] {processor.py:208} INFO - Processing /opt/airflow/dags/silver_dag_1.py took 0.141 seconds
[2026-02-01T12:29:29.024+0000] {processor.py:186} INFO - Started process (PID=727) to work on /opt/airflow/dags/silver_dag_1.py
[2026-02-01T12:29:29.024+0000] {processor.py:914} INFO - Processing file /opt/airflow/dags/silver_dag_1.py for tasks to queue
[2026-02-01T12:29:29.030+0000] {logging_mixin.py:190} INFO - [2026-02-01T12:29:29.029+0000] {dagbag.py:588} INFO - Filling up the DagBag from /opt/airflow/dags/silver_dag_1.py
[2026-02-01T12:29:29.040+0000] {processor.py:925} INFO - DAG(s) 'Silver_Dag_1' retrieved from /opt/airflow/dags/silver_dag_1.py
[2026-02-01T12:29:29.080+0000] {logging_mixin.py:190} INFO - [2026-02-01T12:29:29.080+0000] {dag.py:3239} INFO - Sync 1 DAGs
[2026-02-01T12:29:29.111+0000] {logging_mixin.py:190} INFO - [2026-02-01T12:29:29.110+0000] {dag.py:4180} INFO - Setting next_dagrun for Silver_Dag_1 to None, run_after=None
[2026-02-01T12:29:29.144+0000] {processor.py:208} INFO - Processing /opt/airflow/dags/silver_dag_1.py took 0.127 seconds
[2026-02-01T12:29:59.547+0000] {processor.py:186} INFO - Started process (PID=743) to work on /opt/airflow/dags/silver_dag_1.py
[2026-02-01T12:29:59.548+0000] {processor.py:914} INFO - Processing file /opt/airflow/dags/silver_dag_1.py for tasks to queue
[2026-02-01T12:29:59.568+0000] {logging_mixin.py:190} INFO - [2026-02-01T12:29:59.567+0000] {dagbag.py:588} INFO - Filling up the DagBag from /opt/airflow/dags/silver_dag_1.py
[2026-02-01T12:29:59.621+0000] {processor.py:925} INFO - DAG(s) 'Silver_Dag_1' retrieved from /opt/airflow/dags/silver_dag_1.py
[2026-02-01T12:29:59.691+0000] {logging_mixin.py:190} INFO - [2026-02-01T12:29:59.690+0000] {dag.py:3239} INFO - Sync 1 DAGs
[2026-02-01T12:29:59.728+0000] {logging_mixin.py:190} INFO - [2026-02-01T12:29:59.728+0000] {dag.py:4180} INFO - Setting next_dagrun for Silver_Dag_1 to None, run_after=None
[2026-02-01T12:29:59.777+0000] {processor.py:208} INFO - Processing /opt/airflow/dags/silver_dag_1.py took 0.258 seconds
[2026-02-01T12:30:30.385+0000] {processor.py:186} INFO - Started process (PID=759) to work on /opt/airflow/dags/silver_dag_1.py
[2026-02-01T12:30:30.388+0000] {processor.py:914} INFO - Processing file /opt/airflow/dags/silver_dag_1.py for tasks to queue
[2026-02-01T12:30:30.393+0000] {logging_mixin.py:190} INFO - [2026-02-01T12:30:30.391+0000] {dagbag.py:588} INFO - Filling up the DagBag from /opt/airflow/dags/silver_dag_1.py
[2026-02-01T12:30:30.404+0000] {processor.py:925} INFO - DAG(s) 'Silver_Dag_1' retrieved from /opt/airflow/dags/silver_dag_1.py
[2026-02-01T12:30:30.451+0000] {logging_mixin.py:190} INFO - [2026-02-01T12:30:30.451+0000] {dag.py:3239} INFO - Sync 1 DAGs
[2026-02-01T12:30:30.470+0000] {logging_mixin.py:190} INFO - [2026-02-01T12:30:30.469+0000] {dag.py:4180} INFO - Setting next_dagrun for Silver_Dag_1 to None, run_after=None
[2026-02-01T12:30:30.513+0000] {processor.py:208} INFO - Processing /opt/airflow/dags/silver_dag_1.py took 0.138 seconds
[2026-02-01T12:31:00.919+0000] {processor.py:186} INFO - Started process (PID=775) to work on /opt/airflow/dags/silver_dag_1.py
[2026-02-01T12:31:00.920+0000] {processor.py:914} INFO - Processing file /opt/airflow/dags/silver_dag_1.py for tasks to queue
[2026-02-01T12:31:00.922+0000] {logging_mixin.py:190} INFO - [2026-02-01T12:31:00.922+0000] {dagbag.py:588} INFO - Filling up the DagBag from /opt/airflow/dags/silver_dag_1.py
[2026-02-01T12:31:00.936+0000] {processor.py:925} INFO - DAG(s) 'Silver_Dag_1' retrieved from /opt/airflow/dags/silver_dag_1.py
[2026-02-01T12:31:00.967+0000] {logging_mixin.py:190} INFO - [2026-02-01T12:31:00.967+0000] {dag.py:3239} INFO - Sync 1 DAGs
[2026-02-01T12:31:00.986+0000] {logging_mixin.py:190} INFO - [2026-02-01T12:31:00.986+0000] {dag.py:4180} INFO - Setting next_dagrun for Silver_Dag_1 to None, run_after=None
[2026-02-01T12:31:01.012+0000] {processor.py:208} INFO - Processing /opt/airflow/dags/silver_dag_1.py took 0.100 seconds
[2026-02-01T12:31:31.525+0000] {processor.py:186} INFO - Started process (PID=791) to work on /opt/airflow/dags/silver_dag_1.py
[2026-02-01T12:31:31.535+0000] {processor.py:914} INFO - Processing file /opt/airflow/dags/silver_dag_1.py for tasks to queue
[2026-02-01T12:31:31.554+0000] {logging_mixin.py:190} INFO - [2026-02-01T12:31:31.553+0000] {dagbag.py:588} INFO - Filling up the DagBag from /opt/airflow/dags/silver_dag_1.py
[2026-02-01T12:31:31.607+0000] {processor.py:925} INFO - DAG(s) 'Silver_Dag_1' retrieved from /opt/airflow/dags/silver_dag_1.py
[2026-02-01T12:31:31.754+0000] {logging_mixin.py:190} INFO - [2026-02-01T12:31:31.753+0000] {dag.py:3239} INFO - Sync 1 DAGs
[2026-02-01T12:31:31.837+0000] {logging_mixin.py:190} INFO - [2026-02-01T12:31:31.837+0000] {dag.py:4180} INFO - Setting next_dagrun for Silver_Dag_1 to None, run_after=None
[2026-02-01T12:31:31.913+0000] {processor.py:208} INFO - Processing /opt/airflow/dags/silver_dag_1.py took 0.432 seconds
[2026-02-01T12:32:02.507+0000] {processor.py:186} INFO - Started process (PID=808) to work on /opt/airflow/dags/silver_dag_1.py
[2026-02-01T12:32:02.510+0000] {processor.py:914} INFO - Processing file /opt/airflow/dags/silver_dag_1.py for tasks to queue
[2026-02-01T12:32:02.512+0000] {logging_mixin.py:190} INFO - [2026-02-01T12:32:02.512+0000] {dagbag.py:588} INFO - Filling up the DagBag from /opt/airflow/dags/silver_dag_1.py
[2026-02-01T12:32:02.524+0000] {processor.py:925} INFO - DAG(s) 'Silver_Dag_1' retrieved from /opt/airflow/dags/silver_dag_1.py
[2026-02-01T12:32:02.670+0000] {logging_mixin.py:190} INFO - [2026-02-01T12:32:02.670+0000] {dag.py:3239} INFO - Sync 1 DAGs
[2026-02-01T12:32:02.736+0000] {logging_mixin.py:190} INFO - [2026-02-01T12:32:02.736+0000] {dag.py:4180} INFO - Setting next_dagrun for Silver_Dag_1 to None, run_after=None
[2026-02-01T12:32:02.804+0000] {processor.py:208} INFO - Processing /opt/airflow/dags/silver_dag_1.py took 0.324 seconds
[2026-02-01T12:32:33.184+0000] {processor.py:186} INFO - Started process (PID=824) to work on /opt/airflow/dags/silver_dag_1.py
[2026-02-01T12:32:33.187+0000] {processor.py:914} INFO - Processing file /opt/airflow/dags/silver_dag_1.py for tasks to queue
[2026-02-01T12:32:33.191+0000] {logging_mixin.py:190} INFO - [2026-02-01T12:32:33.190+0000] {dagbag.py:588} INFO - Filling up the DagBag from /opt/airflow/dags/silver_dag_1.py
[2026-02-01T12:32:33.205+0000] {processor.py:925} INFO - DAG(s) 'Silver_Dag_1' retrieved from /opt/airflow/dags/silver_dag_1.py
[2026-02-01T12:32:33.259+0000] {logging_mixin.py:190} INFO - [2026-02-01T12:32:33.258+0000] {dag.py:3239} INFO - Sync 1 DAGs
[2026-02-01T12:32:33.288+0000] {logging_mixin.py:190} INFO - [2026-02-01T12:32:33.288+0000] {dag.py:4180} INFO - Setting next_dagrun for Silver_Dag_1 to None, run_after=None
[2026-02-01T12:32:33.318+0000] {processor.py:208} INFO - Processing /opt/airflow/dags/silver_dag_1.py took 0.145 seconds
[2026-02-01T12:33:03.523+0000] {processor.py:186} INFO - Started process (PID=840) to work on /opt/airflow/dags/silver_dag_1.py
[2026-02-01T12:33:03.526+0000] {processor.py:914} INFO - Processing file /opt/airflow/dags/silver_dag_1.py for tasks to queue
[2026-02-01T12:33:03.531+0000] {logging_mixin.py:190} INFO - [2026-02-01T12:33:03.530+0000] {dagbag.py:588} INFO - Filling up the DagBag from /opt/airflow/dags/silver_dag_1.py
[2026-02-01T12:33:03.551+0000] {processor.py:925} INFO - DAG(s) 'Silver_Dag_1' retrieved from /opt/airflow/dags/silver_dag_1.py
[2026-02-01T12:33:03.605+0000] {logging_mixin.py:190} INFO - [2026-02-01T12:33:03.605+0000] {dag.py:3239} INFO - Sync 1 DAGs
[2026-02-01T12:33:03.644+0000] {logging_mixin.py:190} INFO - [2026-02-01T12:33:03.644+0000] {dag.py:4180} INFO - Setting next_dagrun for Silver_Dag_1 to None, run_after=None
[2026-02-01T12:33:03.674+0000] {processor.py:208} INFO - Processing /opt/airflow/dags/silver_dag_1.py took 0.161 seconds
[2026-02-01T12:33:33.841+0000] {processor.py:186} INFO - Started process (PID=856) to work on /opt/airflow/dags/silver_dag_1.py
[2026-02-01T12:33:33.844+0000] {processor.py:914} INFO - Processing file /opt/airflow/dags/silver_dag_1.py for tasks to queue
[2026-02-01T12:33:33.853+0000] {logging_mixin.py:190} INFO - [2026-02-01T12:33:33.852+0000] {dagbag.py:588} INFO - Filling up the DagBag from /opt/airflow/dags/silver_dag_1.py
[2026-02-01T12:33:33.886+0000] {processor.py:925} INFO - DAG(s) 'Silver_Dag_1' retrieved from /opt/airflow/dags/silver_dag_1.py
[2026-02-01T12:33:33.930+0000] {logging_mixin.py:190} INFO - [2026-02-01T12:33:33.930+0000] {dag.py:3239} INFO - Sync 1 DAGs
[2026-02-01T12:33:33.952+0000] {logging_mixin.py:190} INFO - [2026-02-01T12:33:33.952+0000] {dag.py:4180} INFO - Setting next_dagrun for Silver_Dag_1 to None, run_after=None
[2026-02-01T12:33:33.975+0000] {processor.py:208} INFO - Processing /opt/airflow/dags/silver_dag_1.py took 0.152 seconds
[2026-02-01T12:34:04.245+0000] {processor.py:186} INFO - Started process (PID=871) to work on /opt/airflow/dags/silver_dag_1.py
[2026-02-01T12:34:04.246+0000] {processor.py:914} INFO - Processing file /opt/airflow/dags/silver_dag_1.py for tasks to queue
[2026-02-01T12:34:04.250+0000] {logging_mixin.py:190} INFO - [2026-02-01T12:34:04.249+0000] {dagbag.py:588} INFO - Filling up the DagBag from /opt/airflow/dags/silver_dag_1.py
[2026-02-01T12:34:04.271+0000] {processor.py:925} INFO - DAG(s) 'Silver_Dag_1' retrieved from /opt/airflow/dags/silver_dag_1.py
[2026-02-01T12:34:04.339+0000] {logging_mixin.py:190} INFO - [2026-02-01T12:34:04.339+0000] {dag.py:3239} INFO - Sync 1 DAGs
[2026-02-01T12:34:04.373+0000] {logging_mixin.py:190} INFO - [2026-02-01T12:34:04.372+0000] {dag.py:4180} INFO - Setting next_dagrun for Silver_Dag_1 to None, run_after=None
[2026-02-01T12:34:04.406+0000] {processor.py:208} INFO - Processing /opt/airflow/dags/silver_dag_1.py took 0.177 seconds
[2026-02-01T12:34:34.761+0000] {processor.py:186} INFO - Started process (PID=887) to work on /opt/airflow/dags/silver_dag_1.py
[2026-02-01T12:34:34.762+0000] {processor.py:914} INFO - Processing file /opt/airflow/dags/silver_dag_1.py for tasks to queue
[2026-02-01T12:34:34.767+0000] {logging_mixin.py:190} INFO - [2026-02-01T12:34:34.766+0000] {dagbag.py:588} INFO - Filling up the DagBag from /opt/airflow/dags/silver_dag_1.py
[2026-02-01T12:34:34.787+0000] {processor.py:925} INFO - DAG(s) 'Silver_Dag_1' retrieved from /opt/airflow/dags/silver_dag_1.py
[2026-02-01T12:34:34.845+0000] {logging_mixin.py:190} INFO - [2026-02-01T12:34:34.844+0000] {dag.py:3239} INFO - Sync 1 DAGs
[2026-02-01T12:34:34.890+0000] {logging_mixin.py:190} INFO - [2026-02-01T12:34:34.890+0000] {dag.py:4180} INFO - Setting next_dagrun for Silver_Dag_1 to None, run_after=None
[2026-02-01T12:34:34.916+0000] {processor.py:208} INFO - Processing /opt/airflow/dags/silver_dag_1.py took 0.161 seconds
