[2026-01-29T14:58:45.653+0000] {local_task_job_runner.py:123} INFO - ::group::Pre task execution logs
[2026-01-29T14:58:45.678+0000] {taskinstance.py:2613} INFO - Dependencies all met for dep_context=non-requeueable deps ti=<TaskInstance: Silver_Dag_1.Silver_Dag_1 manual__2026-01-29T14:58:44.723440+00:00 [queued]>
[2026-01-29T14:58:45.687+0000] {taskinstance.py:2613} INFO - Dependencies all met for dep_context=requeueable deps ti=<TaskInstance: Silver_Dag_1.Silver_Dag_1 manual__2026-01-29T14:58:44.723440+00:00 [queued]>
[2026-01-29T14:58:45.687+0000] {taskinstance.py:2866} INFO - Starting attempt 1 of 1
[2026-01-29T14:58:45.708+0000] {taskinstance.py:2889} INFO - Executing <Task(PythonOperator): Silver_Dag_1> on 2026-01-29 14:58:44.723440+00:00
[2026-01-29T14:58:45.726+0000] {warnings.py:112} WARNING - /home/airflow/.local/lib/python3.12/site-packages/airflow/task/task_runner/standard_task_runner.py:70: DeprecationWarning: This process (pid=10858) is multi-threaded, use of fork() may lead to deadlocks in the child.
  pid = os.fork()

[2026-01-29T14:58:45.730+0000] {standard_task_runner.py:72} INFO - Started process 10859 to run task
[2026-01-29T14:58:45.729+0000] {standard_task_runner.py:104} INFO - Running: ['airflow', 'tasks', 'run', 'Silver_Dag_1', 'Silver_Dag_1', 'manual__2026-01-29T14:58:44.723440+00:00', '--job-id', '1187', '--raw', '--subdir', 'DAGS_FOLDER/silver_dag_1.py', '--cfg-path', '/tmp/tmpo0wf9atw']
[2026-01-29T14:58:45.732+0000] {standard_task_runner.py:105} INFO - Job 1187: Subtask Silver_Dag_1
[2026-01-29T14:58:45.828+0000] {task_command.py:467} INFO - Running <TaskInstance: Silver_Dag_1.Silver_Dag_1 manual__2026-01-29T14:58:44.723440+00:00 [running]> on host eff5ec4100e1
[2026-01-29T14:58:46.013+0000] {taskinstance.py:3132} INFO - Exporting env vars: AIRFLOW_CTX_DAG_OWNER='airflow' AIRFLOW_CTX_DAG_ID='Silver_Dag_1' AIRFLOW_CTX_TASK_ID='Silver_Dag_1' AIRFLOW_CTX_EXECUTION_DATE='2026-01-29T14:58:44.723440+00:00' AIRFLOW_CTX_TRY_NUMBER='1' AIRFLOW_CTX_DAG_RUN_ID='manual__2026-01-29T14:58:44.723440+00:00'
[2026-01-29T14:58:46.014+0000] {taskinstance.py:731} INFO - ::endgroup::
[2026-01-29T14:58:46.057+0000] {logging_mixin.py:190} INFO - RunId for this task instance: manual__2026-01-29T14:58:44.723440+00:00
[2026-01-29T14:59:00.385+0000] {logging_mixin.py:190} INFO - ===== SPARK STDOUT =====
[2026-01-29T14:59:00.385+0000] {logging_mixin.py:190} INFO - :: loading settings :: url = jar:file:/opt/spark/jars/ivy-2.5.1.jar!/org/apache/ivy/core/settings/ivysettings.xml
Raw sys.argv: ['/opt/airflow/RedPluto-Data-Engineering-Tool/main_silver.py', 'manual__2026-01-29T14:58:44.723440+00:00', '{"user": "rpdet_az", "password": "***", "config_db": "config_db", "config_table": "config_table", "application_config": "application_config", "audit_table": "audit_table", "error_table": "error_table", "config_recon": "reconciliation_config", "data_dictionary_table": "data_dictionary_table", "recon_result": "recon_result", "DQ_config": "data_quality_config_table", "DQ_output": "data_quality_output_table", "url": "jdbc:postgresql://74.225.252.224:5432", "driver": "org.postgresql.Driver", "mysql_url": "jdbc:mysql://74.225.252.224:3306", "mysql_driver": "com.mysql.cj.jdbc.Driver", "reference_table": "reference_table", "log_path": "/opt/airflow/spark_logs", "dq_log_path": "/opt/airflow/data_quality_logs", "string_default": "NA", "int_default": 0, "date_default": "01/01/2099"}']
app_prop: {'user': 'rpdet_az', 'password': '***', 'config_db': 'config_db', 'config_table': 'config_table', 'application_config': 'application_config', 'audit_table': 'audit_table', 'error_table': 'error_table', 'config_recon': 'reconciliation_config', 'data_dictionary_table': 'data_dictionary_table', 'recon_result': 'recon_result', 'DQ_config': 'data_quality_config_table', 'DQ_output': 'data_quality_output_table', 'url': 'jdbc:postgresql://74.225.252.224:5432', 'driver': 'org.postgresql.Driver', 'mysql_url': 'jdbc:mysql://74.225.252.224:3306', 'mysql_driver': 'com.mysql.cj.jdbc.Driver', 'reference_table': 'reference_table', 'log_path': '/opt/airflow/spark_logs', 'dq_log_path': '/opt/airflow/data_quality_logs', 'string_default': 'NA', 'int_default': 0, 'date_default': '01/01/2099'}
2026-01-29 14:58:59,356 - INFO - Fetching config table
2026-01-29 14:58:59,369 - ERROR - Error in reading config table: 'application_config_data'
[2026-01-29T14:59:00.386+0000] {logging_mixin.py:190} INFO - ===== SPARK STDERR =====
[2026-01-29T14:59:00.386+0000] {logging_mixin.py:190} INFO - Ivy Default Cache set to: /home/airflow/.ivy2/cache
The jars for the packages stored in: /home/airflow/.ivy2/jars
com.crealytics#spark-excel_2.12 added as a dependency
:: resolving dependencies :: org.apache.spark#spark-submit-parent-91c32412-3afd-4d25-bdfe-1ffee065db33;1.0
	confs: [default]
	found com.crealytics#spark-excel_2.12;0.13.5 in central
	found org.apache.poi#poi;4.1.2 in central
	found commons-codec#commons-codec;1.13 in central
	found org.apache.commons#commons-collections4;4.4 in central
	found org.apache.commons#commons-math3;3.6.1 in central
	found com.zaxxer#SparseBitSet;1.2 in central
	found org.apache.poi#poi-ooxml;4.1.2 in central
	found org.apache.poi#poi-ooxml-schemas;4.1.2 in central
	found org.apache.xmlbeans#xmlbeans;3.1.0 in central
	found com.github.virtuald#curvesapi;1.06 in central
	found com.norbitltd#spoiwo_2.12;1.7.0 in central
	found org.scala-lang.modules#scala-xml_2.12;1.2.0 in central
	found com.github.pjfanning#excel-streaming-reader;2.3.4 in central
	found com.github.pjfanning#poi-shared-strings;1.0.4 in central
	found com.h2database#h2;1.4.200 in central
	found org.apache.commons#commons-text;1.8 in central
	found org.apache.commons#commons-lang3;3.9 in central
	found xml-apis#xml-apis;1.4.01 in central
	found org.slf4j#slf4j-api;1.7.30 in central
	found org.apache.commons#commons-compress;1.20 in central
	found com.fasterxml.jackson.core#jackson-core;2.8.8 in central
:: resolution report :: resolve 1510ms :: artifacts dl 91ms
	:: modules in use:
	com.crealytics#spark-excel_2.12;0.13.5 from central in [default]
	com.fasterxml.jackson.core#jackson-core;2.8.8 from central in [default]
	com.github.pjfanning#excel-streaming-reader;2.3.4 from central in [default]
	com.github.pjfanning#poi-shared-strings;1.0.4 from central in [default]
	com.github.virtuald#curvesapi;1.06 from central in [default]
	com.h2database#h2;1.4.200 from central in [default]
	com.norbitltd#spoiwo_2.12;1.7.0 from central in [default]
	com.zaxxer#SparseBitSet;1.2 from central in [default]
	commons-codec#commons-codec;1.13 from central in [default]
	org.apache.commons#commons-collections4;4.4 from central in [default]
	org.apache.commons#commons-compress;1.20 from central in [default]
	org.apache.commons#commons-lang3;3.9 from central in [default]
	org.apache.commons#commons-math3;3.6.1 from central in [default]
	org.apache.commons#commons-text;1.8 from central in [default]
	org.apache.poi#poi;4.1.2 from central in [default]
	org.apache.poi#poi-ooxml;4.1.2 from central in [default]
	org.apache.poi#poi-ooxml-schemas;4.1.2 from central in [default]
	org.apache.xmlbeans#xmlbeans;3.1.0 from central in [default]
	org.scala-lang.modules#scala-xml_2.12;1.2.0 from central in [default]
	org.slf4j#slf4j-api;1.7.30 from central in [default]
	xml-apis#xml-apis;1.4.01 from central in [default]
	:: evicted modules:
	org.apache.commons#commons-compress;1.19 by [org.apache.commons#commons-compress;1.20] in [default]
	---------------------------------------------------------------------
	|                  |            modules            ||   artifacts   |
	|       conf       | number| search|dwnlded|evicted|| number|dwnlded|
	---------------------------------------------------------------------
	|      default     |   22  |   0   |   0   |   1   ||   21  |   0   |
	---------------------------------------------------------------------
:: retrieving :: org.apache.spark#spark-submit-parent-91c32412-3afd-4d25-bdfe-1ffee065db33
	confs: [default]
	0 artifacts copied, 21 already retrieved (0kB/51ms)
26/01/29 14:58:51 WARN NativeCodeLoader: Unable to load native-hadoop library for your platform... using builtin-java classes where applicable
26/01/29 14:58:54 INFO SparkContext: Running Spark version 3.5.5
26/01/29 14:58:54 INFO SparkContext: OS info Linux, 6.14.0-1017-azure, amd64
26/01/29 14:58:54 INFO SparkContext: Java version 17.0.16
26/01/29 14:58:54 INFO ResourceUtils: ==============================================================
26/01/29 14:58:54 INFO ResourceUtils: No custom resources configured for spark.driver.
26/01/29 14:58:54 INFO ResourceUtils: ==============================================================
26/01/29 14:58:54 INFO SparkContext: Submitted application: audit
26/01/29 14:58:54 INFO ResourceProfile: Default ResourceProfile created, executor resources: Map(cores -> name: cores, amount: 1, script: , vendor: , memory -> name: memory, amount: 1024, script: , vendor: , offHeap -> name: offHeap, amount: 0, script: , vendor: ), task resources: Map(cpus -> name: cpus, amount: 1.0)
26/01/29 14:58:54 INFO ResourceProfile: Limiting resource is cpu
26/01/29 14:58:54 INFO ResourceProfileManager: Added ResourceProfile id: 0
26/01/29 14:58:54 INFO SecurityManager: Changing view acls to: default
26/01/29 14:58:54 INFO SecurityManager: Changing modify acls to: default
26/01/29 14:58:54 INFO SecurityManager: Changing view acls groups to: 
26/01/29 14:58:54 INFO SecurityManager: Changing modify acls groups to: 
26/01/29 14:58:54 INFO SecurityManager: SecurityManager: authentication disabled; ui acls disabled; users with view permissions: default; groups with view permissions: EMPTY; users with modify permissions: default; groups with modify permissions: EMPTY
26/01/29 14:58:54 INFO Utils: Successfully started service 'sparkDriver' on port 38377.
26/01/29 14:58:54 INFO SparkEnv: Registering MapOutputTracker
26/01/29 14:58:54 INFO SparkEnv: Registering BlockManagerMaster
26/01/29 14:58:54 INFO BlockManagerMasterEndpoint: Using org.apache.spark.storage.DefaultTopologyMapper for getting topology information
26/01/29 14:58:54 INFO BlockManagerMasterEndpoint: BlockManagerMasterEndpoint up
26/01/29 14:58:54 INFO SparkEnv: Registering BlockManagerMasterHeartbeat
26/01/29 14:58:54 INFO DiskBlockManager: Created local directory at /tmp/blockmgr-7e47ed90-6322-4ee4-908b-46b2fc9732f4
26/01/29 14:58:54 INFO MemoryStore: MemoryStore started with capacity 434.4 MiB
26/01/29 14:58:54 INFO SparkEnv: Registering OutputCommitCoordinator
26/01/29 14:58:55 INFO JettyUtils: Start Jetty 0.0.0.0:4040 for SparkUI
26/01/29 14:58:55 INFO Utils: Successfully started service 'SparkUI' on port 4040.
26/01/29 14:58:55 ERROR SparkContext: Failed to add mysql-connector-j-8.0.33.jar to Spark environment
java.io.FileNotFoundException: Jar /opt/airflow/mysql-connector-j-8.0.33.jar not found
	at org.apache.spark.SparkContext.addLocalJarFile$1(SparkContext.scala:2095)
	at org.apache.spark.SparkContext.addJar(SparkContext.scala:2151)
	at org.apache.spark.SparkContext.$anonfun$new$15(SparkContext.scala:521)
	at org.apache.spark.SparkContext.$anonfun$new$15$adapted(SparkContext.scala:521)
	at scala.collection.mutable.ResizableArray.foreach(ResizableArray.scala:62)
	at scala.collection.mutable.ResizableArray.foreach$(ResizableArray.scala:55)
	at scala.collection.mutable.ArrayBuffer.foreach(ArrayBuffer.scala:49)
	at org.apache.spark.SparkContext.<init>(SparkContext.scala:521)
	at org.apache.spark.api.java.JavaSparkContext.<init>(JavaSparkContext.scala:58)
	at java.base/jdk.internal.reflect.NativeConstructorAccessorImpl.newInstance0(Native Method)
	at java.base/jdk.internal.reflect.NativeConstructorAccessorImpl.newInstance(NativeConstructorAccessorImpl.java:77)
	at java.base/jdk.internal.reflect.DelegatingConstructorAccessorImpl.newInstance(DelegatingConstructorAccessorImpl.java:45)
	at java.base/java.lang.reflect.Constructor.newInstanceWithCaller(Constructor.java:500)
	at java.base/java.lang.reflect.Constructor.newInstance(Constructor.java:481)
	at py4j.reflection.MethodInvoker.invoke(MethodInvoker.java:247)
	at py4j.reflection.ReflectionEngine.invoke(ReflectionEngine.java:374)
	at py4j.Gateway.invoke(Gateway.java:238)
	at py4j.commands.ConstructorCommand.invokeConstructor(ConstructorCommand.java:80)
	at py4j.commands.ConstructorCommand.execute(ConstructorCommand.java:69)
	at py4j.ClientServerConnection.waitForCommands(ClientServerConnection.java:182)
	at py4j.ClientServerConnection.run(ClientServerConnection.java:106)
	at java.base/java.lang.Thread.run(Thread.java:840)
26/01/29 14:58:55 INFO SparkContext: Added file file:///home/airflow/.ivy2/jars/com.crealytics_spark-excel_2.12-0.13.5.jar at file:///home/airflow/.ivy2/jars/com.crealytics_spark-excel_2.12-0.13.5.jar with timestamp 1769698734027
26/01/29 14:58:55 INFO Utils: Copying /home/airflow/.ivy2/jars/com.crealytics_spark-excel_2.12-0.13.5.jar to /tmp/spark-35ad8a5c-8117-4829-b519-a14eabef7dc7/userFiles-01ba4175-e479-4cd8-b20d-94645245bd2c/com.crealytics_spark-excel_2.12-0.13.5.jar
26/01/29 14:58:55 INFO SparkContext: Added file file:///home/airflow/.ivy2/jars/org.apache.poi_poi-4.1.2.jar at file:///home/airflow/.ivy2/jars/org.apache.poi_poi-4.1.2.jar with timestamp 1769698734027
26/01/29 14:58:55 INFO Utils: Copying /home/airflow/.ivy2/jars/org.apache.poi_poi-4.1.2.jar to /tmp/spark-35ad8a5c-8117-4829-b519-a14eabef7dc7/userFiles-01ba4175-e479-4cd8-b20d-94645245bd2c/org.apache.poi_poi-4.1.2.jar
26/01/29 14:58:55 INFO SparkContext: Added file file:///home/airflow/.ivy2/jars/org.apache.poi_poi-ooxml-4.1.2.jar at file:///home/airflow/.ivy2/jars/org.apache.poi_poi-ooxml-4.1.2.jar with timestamp 1769698734027
26/01/29 14:58:55 INFO Utils: Copying /home/airflow/.ivy2/jars/org.apache.poi_poi-ooxml-4.1.2.jar to /tmp/spark-35ad8a5c-8117-4829-b519-a14eabef7dc7/userFiles-01ba4175-e479-4cd8-b20d-94645245bd2c/org.apache.poi_poi-ooxml-4.1.2.jar
26/01/29 14:58:55 INFO SparkContext: Added file file:///home/airflow/.ivy2/jars/com.norbitltd_spoiwo_2.12-1.7.0.jar at file:///home/airflow/.ivy2/jars/com.norbitltd_spoiwo_2.12-1.7.0.jar with timestamp 1769698734027
26/01/29 14:58:55 INFO Utils: Copying /home/airflow/.ivy2/jars/com.norbitltd_spoiwo_2.12-1.7.0.jar to /tmp/spark-35ad8a5c-8117-4829-b519-a14eabef7dc7/userFiles-01ba4175-e479-4cd8-b20d-94645245bd2c/com.norbitltd_spoiwo_2.12-1.7.0.jar
26/01/29 14:58:55 INFO SparkContext: Added file file:///home/airflow/.ivy2/jars/com.github.pjfanning_excel-streaming-reader-2.3.4.jar at file:///home/airflow/.ivy2/jars/com.github.pjfanning_excel-streaming-reader-2.3.4.jar with timestamp 1769698734027
26/01/29 14:58:55 INFO Utils: Copying /home/airflow/.ivy2/jars/com.github.pjfanning_excel-streaming-reader-2.3.4.jar to /tmp/spark-35ad8a5c-8117-4829-b519-a14eabef7dc7/userFiles-01ba4175-e479-4cd8-b20d-94645245bd2c/com.github.pjfanning_excel-streaming-reader-2.3.4.jar
26/01/29 14:58:55 INFO SparkContext: Added file file:///home/airflow/.ivy2/jars/com.github.pjfanning_poi-shared-strings-1.0.4.jar at file:///home/airflow/.ivy2/jars/com.github.pjfanning_poi-shared-strings-1.0.4.jar with timestamp 1769698734027
26/01/29 14:58:55 INFO Utils: Copying /home/airflow/.ivy2/jars/com.github.pjfanning_poi-shared-strings-1.0.4.jar to /tmp/spark-35ad8a5c-8117-4829-b519-a14eabef7dc7/userFiles-01ba4175-e479-4cd8-b20d-94645245bd2c/com.github.pjfanning_poi-shared-strings-1.0.4.jar
26/01/29 14:58:55 INFO SparkContext: Added file file:///home/airflow/.ivy2/jars/org.apache.commons_commons-compress-1.20.jar at file:///home/airflow/.ivy2/jars/org.apache.commons_commons-compress-1.20.jar with timestamp 1769698734027
26/01/29 14:58:55 INFO Utils: Copying /home/airflow/.ivy2/jars/org.apache.commons_commons-compress-1.20.jar to /tmp/spark-35ad8a5c-8117-4829-b519-a14eabef7dc7/userFiles-01ba4175-e479-4cd8-b20d-94645245bd2c/org.apache.commons_commons-compress-1.20.jar
26/01/29 14:58:55 INFO SparkContext: Added file file:///home/airflow/.ivy2/jars/com.fasterxml.jackson.core_jackson-core-2.8.8.jar at file:///home/airflow/.ivy2/jars/com.fasterxml.jackson.core_jackson-core-2.8.8.jar with timestamp 1769698734027
26/01/29 14:58:55 INFO Utils: Copying /home/airflow/.ivy2/jars/com.fasterxml.jackson.core_jackson-core-2.8.8.jar to /tmp/spark-35ad8a5c-8117-4829-b519-a14eabef7dc7/userFiles-01ba4175-e479-4cd8-b20d-94645245bd2c/com.fasterxml.jackson.core_jackson-core-2.8.8.jar
26/01/29 14:58:55 INFO SparkContext: Added file file:///home/airflow/.ivy2/jars/commons-codec_commons-codec-1.13.jar at file:///home/airflow/.ivy2/jars/commons-codec_commons-codec-1.13.jar with timestamp 1769698734027
26/01/29 14:58:55 INFO Utils: Copying /home/airflow/.ivy2/jars/commons-codec_commons-codec-1.13.jar to /tmp/spark-35ad8a5c-8117-4829-b519-a14eabef7dc7/userFiles-01ba4175-e479-4cd8-b20d-94645245bd2c/commons-codec_commons-codec-1.13.jar
26/01/29 14:58:55 INFO SparkContext: Added file file:///home/airflow/.ivy2/jars/org.apache.commons_commons-collections4-4.4.jar at file:///home/airflow/.ivy2/jars/org.apache.commons_commons-collections4-4.4.jar with timestamp 1769698734027
26/01/29 14:58:55 INFO Utils: Copying /home/airflow/.ivy2/jars/org.apache.commons_commons-collections4-4.4.jar to /tmp/spark-35ad8a5c-8117-4829-b519-a14eabef7dc7/userFiles-01ba4175-e479-4cd8-b20d-94645245bd2c/org.apache.commons_commons-collections4-4.4.jar
26/01/29 14:58:55 INFO SparkContext: Added file file:///home/airflow/.ivy2/jars/org.apache.commons_commons-math3-3.6.1.jar at file:///home/airflow/.ivy2/jars/org.apache.commons_commons-math3-3.6.1.jar with timestamp 1769698734027
26/01/29 14:58:55 INFO Utils: Copying /home/airflow/.ivy2/jars/org.apache.commons_commons-math3-3.6.1.jar to /tmp/spark-35ad8a5c-8117-4829-b519-a14eabef7dc7/userFiles-01ba4175-e479-4cd8-b20d-94645245bd2c/org.apache.commons_commons-math3-3.6.1.jar
26/01/29 14:58:55 INFO SparkContext: Added file file:///home/airflow/.ivy2/jars/com.zaxxer_SparseBitSet-1.2.jar at file:///home/airflow/.ivy2/jars/com.zaxxer_SparseBitSet-1.2.jar with timestamp 1769698734027
26/01/29 14:58:55 INFO Utils: Copying /home/airflow/.ivy2/jars/com.zaxxer_SparseBitSet-1.2.jar to /tmp/spark-35ad8a5c-8117-4829-b519-a14eabef7dc7/userFiles-01ba4175-e479-4cd8-b20d-94645245bd2c/com.zaxxer_SparseBitSet-1.2.jar
26/01/29 14:58:55 INFO SparkContext: Added file file:///home/airflow/.ivy2/jars/org.apache.poi_poi-ooxml-schemas-4.1.2.jar at file:///home/airflow/.ivy2/jars/org.apache.poi_poi-ooxml-schemas-4.1.2.jar with timestamp 1769698734027
26/01/29 14:58:55 INFO Utils: Copying /home/airflow/.ivy2/jars/org.apache.poi_poi-ooxml-schemas-4.1.2.jar to /tmp/spark-35ad8a5c-8117-4829-b519-a14eabef7dc7/userFiles-01ba4175-e479-4cd8-b20d-94645245bd2c/org.apache.poi_poi-ooxml-schemas-4.1.2.jar
26/01/29 14:58:55 INFO SparkContext: Added file file:///home/airflow/.ivy2/jars/com.github.virtuald_curvesapi-1.06.jar at file:///home/airflow/.ivy2/jars/com.github.virtuald_curvesapi-1.06.jar with timestamp 1769698734027
26/01/29 14:58:55 INFO Utils: Copying /home/airflow/.ivy2/jars/com.github.virtuald_curvesapi-1.06.jar to /tmp/spark-35ad8a5c-8117-4829-b519-a14eabef7dc7/userFiles-01ba4175-e479-4cd8-b20d-94645245bd2c/com.github.virtuald_curvesapi-1.06.jar
26/01/29 14:58:55 INFO SparkContext: Added file file:///home/airflow/.ivy2/jars/org.apache.xmlbeans_xmlbeans-3.1.0.jar at file:///home/airflow/.ivy2/jars/org.apache.xmlbeans_xmlbeans-3.1.0.jar with timestamp 1769698734027
26/01/29 14:58:55 INFO Utils: Copying /home/airflow/.ivy2/jars/org.apache.xmlbeans_xmlbeans-3.1.0.jar to /tmp/spark-35ad8a5c-8117-4829-b519-a14eabef7dc7/userFiles-01ba4175-e479-4cd8-b20d-94645245bd2c/org.apache.xmlbeans_xmlbeans-3.1.0.jar
26/01/29 14:58:55 INFO SparkContext: Added file file:///home/airflow/.ivy2/jars/org.scala-lang.modules_scala-xml_2.12-1.2.0.jar at file:///home/airflow/.ivy2/jars/org.scala-lang.modules_scala-xml_2.12-1.2.0.jar with timestamp 1769698734027
26/01/29 14:58:55 INFO Utils: Copying /home/airflow/.ivy2/jars/org.scala-lang.modules_scala-xml_2.12-1.2.0.jar to /tmp/spark-35ad8a5c-8117-4829-b519-a14eabef7dc7/userFiles-01ba4175-e479-4cd8-b20d-94645245bd2c/org.scala-lang.modules_scala-xml_2.12-1.2.0.jar
26/01/29 14:58:55 INFO SparkContext: Added file file:///home/airflow/.ivy2/jars/xml-apis_xml-apis-1.4.01.jar at file:///home/airflow/.ivy2/jars/xml-apis_xml-apis-1.4.01.jar with timestamp 1769698734027
26/01/29 14:58:55 INFO Utils: Copying /home/airflow/.ivy2/jars/xml-apis_xml-apis-1.4.01.jar to /tmp/spark-35ad8a5c-8117-4829-b519-a14eabef7dc7/userFiles-01ba4175-e479-4cd8-b20d-94645245bd2c/xml-apis_xml-apis-1.4.01.jar
26/01/29 14:58:55 INFO SparkContext: Added file file:///home/airflow/.ivy2/jars/org.slf4j_slf4j-api-1.7.30.jar at file:///home/airflow/.ivy2/jars/org.slf4j_slf4j-api-1.7.30.jar with timestamp 1769698734027
26/01/29 14:58:55 INFO Utils: Copying /home/airflow/.ivy2/jars/org.slf4j_slf4j-api-1.7.30.jar to /tmp/spark-35ad8a5c-8117-4829-b519-a14eabef7dc7/userFiles-01ba4175-e479-4cd8-b20d-94645245bd2c/org.slf4j_slf4j-api-1.7.30.jar
26/01/29 14:58:55 INFO SparkContext: Added file file:///home/airflow/.ivy2/jars/com.h2database_h2-1.4.200.jar at file:///home/airflow/.ivy2/jars/com.h2database_h2-1.4.200.jar with timestamp 1769698734027
26/01/29 14:58:55 INFO Utils: Copying /home/airflow/.ivy2/jars/com.h2database_h2-1.4.200.jar to /tmp/spark-35ad8a5c-8117-4829-b519-a14eabef7dc7/userFiles-01ba4175-e479-4cd8-b20d-94645245bd2c/com.h2database_h2-1.4.200.jar
26/01/29 14:58:55 INFO SparkContext: Added file file:///home/airflow/.ivy2/jars/org.apache.commons_commons-text-1.8.jar at file:///home/airflow/.ivy2/jars/org.apache.commons_commons-text-1.8.jar with timestamp 1769698734027
26/01/29 14:58:55 INFO Utils: Copying /home/airflow/.ivy2/jars/org.apache.commons_commons-text-1.8.jar to /tmp/spark-35ad8a5c-8117-4829-b519-a14eabef7dc7/userFiles-01ba4175-e479-4cd8-b20d-94645245bd2c/org.apache.commons_commons-text-1.8.jar
26/01/29 14:58:55 INFO SparkContext: Added file file:///home/airflow/.ivy2/jars/org.apache.commons_commons-lang3-3.9.jar at file:///home/airflow/.ivy2/jars/org.apache.commons_commons-lang3-3.9.jar with timestamp 1769698734027
26/01/29 14:58:55 INFO Utils: Copying /home/airflow/.ivy2/jars/org.apache.commons_commons-lang3-3.9.jar to /tmp/spark-35ad8a5c-8117-4829-b519-a14eabef7dc7/userFiles-01ba4175-e479-4cd8-b20d-94645245bd2c/org.apache.commons_commons-lang3-3.9.jar
26/01/29 14:58:55 INFO Executor: Starting executor ID driver on host eff5ec4100e1
26/01/29 14:58:55 INFO Executor: OS info Linux, 6.14.0-1017-azure, amd64
26/01/29 14:58:55 INFO Executor: Java version 17.0.16
26/01/29 14:58:55 INFO Executor: Starting executor with user classpath (userClassPathFirst = false): ''
26/01/29 14:58:55 INFO Executor: Created or updated repl class loader org.apache.spark.util.MutableURLClassLoader@11ca564e for default.
26/01/29 14:58:55 INFO Executor: Fetching file:///home/airflow/.ivy2/jars/commons-codec_commons-codec-1.13.jar with timestamp 1769698734027
26/01/29 14:58:55 INFO Utils: /home/airflow/.ivy2/jars/commons-codec_commons-codec-1.13.jar has been previously copied to /tmp/spark-35ad8a5c-8117-4829-b519-a14eabef7dc7/userFiles-01ba4175-e479-4cd8-b20d-94645245bd2c/commons-codec_commons-codec-1.13.jar
26/01/29 14:58:55 INFO Executor: Fetching file:///home/airflow/.ivy2/jars/xml-apis_xml-apis-1.4.01.jar with timestamp 1769698734027
26/01/29 14:58:55 INFO Utils: /home/airflow/.ivy2/jars/xml-apis_xml-apis-1.4.01.jar has been previously copied to /tmp/spark-35ad8a5c-8117-4829-b519-a14eabef7dc7/userFiles-01ba4175-e479-4cd8-b20d-94645245bd2c/xml-apis_xml-apis-1.4.01.jar
26/01/29 14:58:55 INFO Executor: Fetching file:///home/airflow/.ivy2/jars/com.zaxxer_SparseBitSet-1.2.jar with timestamp 1769698734027
26/01/29 14:58:55 INFO Utils: /home/airflow/.ivy2/jars/com.zaxxer_SparseBitSet-1.2.jar has been previously copied to /tmp/spark-35ad8a5c-8117-4829-b519-a14eabef7dc7/userFiles-01ba4175-e479-4cd8-b20d-94645245bd2c/com.zaxxer_SparseBitSet-1.2.jar
26/01/29 14:58:55 INFO Executor: Fetching file:///home/airflow/.ivy2/jars/org.apache.commons_commons-compress-1.20.jar with timestamp 1769698734027
26/01/29 14:58:55 INFO Utils: /home/airflow/.ivy2/jars/org.apache.commons_commons-compress-1.20.jar has been previously copied to /tmp/spark-35ad8a5c-8117-4829-b519-a14eabef7dc7/userFiles-01ba4175-e479-4cd8-b20d-94645245bd2c/org.apache.commons_commons-compress-1.20.jar
26/01/29 14:58:55 INFO Executor: Fetching file:///home/airflow/.ivy2/jars/org.slf4j_slf4j-api-1.7.30.jar with timestamp 1769698734027
26/01/29 14:58:55 INFO Utils: /home/airflow/.ivy2/jars/org.slf4j_slf4j-api-1.7.30.jar has been previously copied to /tmp/spark-35ad8a5c-8117-4829-b519-a14eabef7dc7/userFiles-01ba4175-e479-4cd8-b20d-94645245bd2c/org.slf4j_slf4j-api-1.7.30.jar
26/01/29 14:58:55 INFO Executor: Fetching file:///home/airflow/.ivy2/jars/org.apache.xmlbeans_xmlbeans-3.1.0.jar with timestamp 1769698734027
26/01/29 14:58:55 INFO Utils: /home/airflow/.ivy2/jars/org.apache.xmlbeans_xmlbeans-3.1.0.jar has been previously copied to /tmp/spark-35ad8a5c-8117-4829-b519-a14eabef7dc7/userFiles-01ba4175-e479-4cd8-b20d-94645245bd2c/org.apache.xmlbeans_xmlbeans-3.1.0.jar
26/01/29 14:58:55 INFO Executor: Fetching file:///home/airflow/.ivy2/jars/org.apache.poi_poi-ooxml-4.1.2.jar with timestamp 1769698734027
26/01/29 14:58:55 INFO Utils: /home/airflow/.ivy2/jars/org.apache.poi_poi-ooxml-4.1.2.jar has been previously copied to /tmp/spark-35ad8a5c-8117-4829-b519-a14eabef7dc7/userFiles-01ba4175-e479-4cd8-b20d-94645245bd2c/org.apache.poi_poi-ooxml-4.1.2.jar
26/01/29 14:58:55 INFO Executor: Fetching file:///home/airflow/.ivy2/jars/com.github.virtuald_curvesapi-1.06.jar with timestamp 1769698734027
26/01/29 14:58:55 INFO Utils: /home/airflow/.ivy2/jars/com.github.virtuald_curvesapi-1.06.jar has been previously copied to /tmp/spark-35ad8a5c-8117-4829-b519-a14eabef7dc7/userFiles-01ba4175-e479-4cd8-b20d-94645245bd2c/com.github.virtuald_curvesapi-1.06.jar
26/01/29 14:58:55 INFO Executor: Fetching file:///home/airflow/.ivy2/jars/com.crealytics_spark-excel_2.12-0.13.5.jar with timestamp 1769698734027
26/01/29 14:58:55 INFO Utils: /home/airflow/.ivy2/jars/com.crealytics_spark-excel_2.12-0.13.5.jar has been previously copied to /tmp/spark-35ad8a5c-8117-4829-b519-a14eabef7dc7/userFiles-01ba4175-e479-4cd8-b20d-94645245bd2c/com.crealytics_spark-excel_2.12-0.13.5.jar
26/01/29 14:58:55 INFO Executor: Fetching file:///home/airflow/.ivy2/jars/org.apache.commons_commons-collections4-4.4.jar with timestamp 1769698734027
26/01/29 14:58:55 INFO Utils: /home/airflow/.ivy2/jars/org.apache.commons_commons-collections4-4.4.jar has been previously copied to /tmp/spark-35ad8a5c-8117-4829-b519-a14eabef7dc7/userFiles-01ba4175-e479-4cd8-b20d-94645245bd2c/org.apache.commons_commons-collections4-4.4.jar
26/01/29 14:58:55 INFO Executor: Fetching file:///home/airflow/.ivy2/jars/com.github.pjfanning_poi-shared-strings-1.0.4.jar with timestamp 1769698734027
26/01/29 14:58:55 INFO Utils: /home/airflow/.ivy2/jars/com.github.pjfanning_poi-shared-strings-1.0.4.jar has been previously copied to /tmp/spark-35ad8a5c-8117-4829-b519-a14eabef7dc7/userFiles-01ba4175-e479-4cd8-b20d-94645245bd2c/com.github.pjfanning_poi-shared-strings-1.0.4.jar
26/01/29 14:58:55 INFO Executor: Fetching file:///home/airflow/.ivy2/jars/com.h2database_h2-1.4.200.jar with timestamp 1769698734027
26/01/29 14:58:55 INFO Utils: /home/airflow/.ivy2/jars/com.h2database_h2-1.4.200.jar has been previously copied to /tmp/spark-35ad8a5c-8117-4829-b519-a14eabef7dc7/userFiles-01ba4175-e479-4cd8-b20d-94645245bd2c/com.h2database_h2-1.4.200.jar
26/01/29 14:58:55 INFO Executor: Fetching file:///home/airflow/.ivy2/jars/org.apache.commons_commons-math3-3.6.1.jar with timestamp 1769698734027
26/01/29 14:58:55 INFO Utils: /home/airflow/.ivy2/jars/org.apache.commons_commons-math3-3.6.1.jar has been previously copied to /tmp/spark-35ad8a5c-8117-4829-b519-a14eabef7dc7/userFiles-01ba4175-e479-4cd8-b20d-94645245bd2c/org.apache.commons_commons-math3-3.6.1.jar
26/01/29 14:58:55 INFO Executor: Fetching file:///home/airflow/.ivy2/jars/com.github.pjfanning_excel-streaming-reader-2.3.4.jar with timestamp 1769698734027
26/01/29 14:58:55 INFO Utils: /home/airflow/.ivy2/jars/com.github.pjfanning_excel-streaming-reader-2.3.4.jar has been previously copied to /tmp/spark-35ad8a5c-8117-4829-b519-a14eabef7dc7/userFiles-01ba4175-e479-4cd8-b20d-94645245bd2c/com.github.pjfanning_excel-streaming-reader-2.3.4.jar
26/01/29 14:58:55 INFO Executor: Fetching file:///home/airflow/.ivy2/jars/com.fasterxml.jackson.core_jackson-core-2.8.8.jar with timestamp 1769698734027
26/01/29 14:58:55 INFO Utils: /home/airflow/.ivy2/jars/com.fasterxml.jackson.core_jackson-core-2.8.8.jar has been previously copied to /tmp/spark-35ad8a5c-8117-4829-b519-a14eabef7dc7/userFiles-01ba4175-e479-4cd8-b20d-94645245bd2c/com.fasterxml.jackson.core_jackson-core-2.8.8.jar
26/01/29 14:58:55 INFO Executor: Fetching file:///home/airflow/.ivy2/jars/org.apache.commons_commons-lang3-3.9.jar with timestamp 1769698734027
26/01/29 14:58:55 INFO Utils: /home/airflow/.ivy2/jars/org.apache.commons_commons-lang3-3.9.jar has been previously copied to /tmp/spark-35ad8a5c-8117-4829-b519-a14eabef7dc7/userFiles-01ba4175-e479-4cd8-b20d-94645245bd2c/org.apache.commons_commons-lang3-3.9.jar
26/01/29 14:58:55 INFO Executor: Fetching file:///home/airflow/.ivy2/jars/org.apache.poi_poi-ooxml-schemas-4.1.2.jar with timestamp 1769698734027
26/01/29 14:58:55 INFO Utils: /home/airflow/.ivy2/jars/org.apache.poi_poi-ooxml-schemas-4.1.2.jar has been previously copied to /tmp/spark-35ad8a5c-8117-4829-b519-a14eabef7dc7/userFiles-01ba4175-e479-4cd8-b20d-94645245bd2c/org.apache.poi_poi-ooxml-schemas-4.1.2.jar
26/01/29 14:58:55 INFO Executor: Fetching file:///home/airflow/.ivy2/jars/org.scala-lang.modules_scala-xml_2.12-1.2.0.jar with timestamp 1769698734027
26/01/29 14:58:55 INFO Utils: /home/airflow/.ivy2/jars/org.scala-lang.modules_scala-xml_2.12-1.2.0.jar has been previously copied to /tmp/spark-35ad8a5c-8117-4829-b519-a14eabef7dc7/userFiles-01ba4175-e479-4cd8-b20d-94645245bd2c/org.scala-lang.modules_scala-xml_2.12-1.2.0.jar
26/01/29 14:58:55 INFO Executor: Fetching file:///home/airflow/.ivy2/jars/com.norbitltd_spoiwo_2.12-1.7.0.jar with timestamp 1769698734027
26/01/29 14:58:55 INFO Utils: /home/airflow/.ivy2/jars/com.norbitltd_spoiwo_2.12-1.7.0.jar has been previously copied to /tmp/spark-35ad8a5c-8117-4829-b519-a14eabef7dc7/userFiles-01ba4175-e479-4cd8-b20d-94645245bd2c/com.norbitltd_spoiwo_2.12-1.7.0.jar
26/01/29 14:58:55 INFO Executor: Fetching file:///home/airflow/.ivy2/jars/org.apache.poi_poi-4.1.2.jar with timestamp 1769698734027
26/01/29 14:58:55 INFO Utils: /home/airflow/.ivy2/jars/org.apache.poi_poi-4.1.2.jar has been previously copied to /tmp/spark-35ad8a5c-8117-4829-b519-a14eabef7dc7/userFiles-01ba4175-e479-4cd8-b20d-94645245bd2c/org.apache.poi_poi-4.1.2.jar
26/01/29 14:58:55 INFO Executor: Fetching file:///home/airflow/.ivy2/jars/org.apache.commons_commons-text-1.8.jar with timestamp 1769698734027
26/01/29 14:58:55 INFO Utils: /home/airflow/.ivy2/jars/org.apache.commons_commons-text-1.8.jar has been previously copied to /tmp/spark-35ad8a5c-8117-4829-b519-a14eabef7dc7/userFiles-01ba4175-e479-4cd8-b20d-94645245bd2c/org.apache.commons_commons-text-1.8.jar
26/01/29 14:58:55 INFO Utils: Successfully started service 'org.apache.spark.network.netty.NettyBlockTransferService' on port 36383.
26/01/29 14:58:55 INFO NettyBlockTransferService: Server created on eff5ec4100e1:36383
26/01/29 14:58:55 INFO BlockManager: Using org.apache.spark.storage.RandomBlockReplicationPolicy for block replication policy
26/01/29 14:58:55 INFO BlockManagerMaster: Registering BlockManager BlockManagerId(driver, eff5ec4100e1, 36383, None)
26/01/29 14:58:55 INFO BlockManagerMasterEndpoint: Registering block manager eff5ec4100e1:36383 with 434.4 MiB RAM, BlockManagerId(driver, eff5ec4100e1, 36383, None)
26/01/29 14:58:55 INFO BlockManagerMaster: Registered BlockManager BlockManagerId(driver, eff5ec4100e1, 36383, None)
26/01/29 14:58:55 INFO BlockManager: Initialized BlockManager: BlockManagerId(driver, eff5ec4100e1, 36383, None)
26/01/29 14:58:56 INFO SharedState: Setting hive.metastore.warehouse.dir ('null') to the value of spark.sql.warehouse.dir.
26/01/29 14:58:56 INFO SharedState: Warehouse path is 'file:/opt/airflow/spark-warehouse'.
26/01/29 14:58:57 WARN SparkSession: Using an existing Spark session; only runtime SQL configurations will take effect.
26/01/29 14:58:57 WARN SparkSession: Using an existing Spark session; only runtime SQL configurations will take effect.
26/01/29 14:58:57 WARN SparkSession: Using an existing Spark session; only runtime SQL configurations will take effect.
26/01/29 14:58:59 WARN SparkSession: Using an existing Spark session; only runtime SQL configurations will take effect.
26/01/29 14:58:59 WARN SparkSession: Using an existing Spark session; only runtime SQL configurations will take effect.
26/01/29 14:58:59 WARN SparkSession: Using an existing Spark session; only runtime SQL configurations will take effect.
26/01/29 14:58:59 WARN SparkSession: Using an existing Spark session; only runtime SQL configurations will take effect.
26/01/29 14:58:59 WARN SparkSession: Using an existing Spark session; only runtime SQL configurations will take effect.
26/01/29 14:58:59 WARN SparkSession: Using an existing Spark session; only runtime SQL configurations will take effect.
26/01/29 14:58:59 WARN SparkSession: Using an existing Spark session; only runtime SQL configurations will take effect.
26/01/29 14:58:59 WARN SparkSession: Using an existing Spark session; only runtime SQL configurations will take effect.
26/01/29 14:58:59 WARN SparkSession: Using an existing Spark session; only runtime SQL configurations will take effect.
26/01/29 14:58:59 WARN SparkSession: Using an existing Spark session; only runtime SQL configurations will take effect.
26/01/29 14:58:59 WARN SparkSession: Using an existing Spark session; only runtime SQL configurations will take effect.
26/01/29 14:58:59 WARN SparkSession: Using an existing Spark session; only runtime SQL configurations will take effect.
26/01/29 14:58:59 WARN SparkSession: Using an existing Spark session; only runtime SQL configurations will take effect.
26/01/29 14:58:59 WARN SparkSession: Using an existing Spark session; only runtime SQL configurations will take effect.
26/01/29 14:58:59 INFO SparkContext: SparkContext is stopping with exitCode 0.
26/01/29 14:58:59 INFO SparkUI: Stopped Spark web UI at http://eff5ec4100e1:4040
26/01/29 14:58:59 INFO MapOutputTrackerMasterEndpoint: MapOutputTrackerMasterEndpoint stopped!
26/01/29 14:58:59 INFO MemoryStore: MemoryStore cleared
26/01/29 14:58:59 INFO BlockManager: BlockManager stopped
26/01/29 14:58:59 INFO BlockManagerMaster: BlockManagerMaster stopped
26/01/29 14:58:59 INFO OutputCommitCoordinator$OutputCommitCoordinatorEndpoint: OutputCommitCoordinator stopped!
26/01/29 14:58:59 INFO SparkContext: Successfully stopped SparkContext
26/01/29 14:59:00 INFO ShutdownHookManager: Shutdown hook called
26/01/29 14:59:00 INFO ShutdownHookManager: Deleting directory /tmp/spark-2a068e84-4c89-4d1f-bced-b9c7e0eaf3b3
26/01/29 14:59:00 INFO ShutdownHookManager: Deleting directory /tmp/spark-35ad8a5c-8117-4829-b519-a14eabef7dc7/pyspark-c39706c3-d74d-4361-bff7-5012a946a1a8
26/01/29 14:59:00 INFO ShutdownHookManager: Deleting directory /tmp/spark-35ad8a5c-8117-4829-b519-a14eabef7dc7
[2026-01-29T14:59:00.387+0000] {python.py:240} INFO - Done. Returned value was: :: loading settings :: url = jar:file:/opt/spark/jars/ivy-2.5.1.jar!/org/apache/ivy/core/settings/ivysettings.xml
Raw sys.argv: ['/opt/airflow/RedPluto-Data-Engineering-Tool/main_silver.py', 'manual__2026-01-29T14:58:44.723440+00:00', '{"user": "rpdet_az", "password": "***", "config_db": "config_db", "config_table": "config_table", "application_config": "application_config", "audit_table": "audit_table", "error_table": "error_table", "config_recon": "reconciliation_config", "data_dictionary_table": "data_dictionary_table", "recon_result": "recon_result", "DQ_config": "data_quality_config_table", "DQ_output": "data_quality_output_table", "url": "jdbc:postgresql://74.225.252.224:5432", "driver": "org.postgresql.Driver", "mysql_url": "jdbc:mysql://74.225.252.224:3306", "mysql_driver": "com.mysql.cj.jdbc.Driver", "reference_table": "reference_table", "log_path": "/opt/airflow/spark_logs", "dq_log_path": "/opt/airflow/data_quality_logs", "string_default": "NA", "int_default": 0, "date_default": "01/01/2099"}']
app_prop: {'user': 'rpdet_az', 'password': '***', 'config_db': 'config_db', 'config_table': 'config_table', 'application_config': 'application_config', 'audit_table': 'audit_table', 'error_table': 'error_table', 'config_recon': 'reconciliation_config', 'data_dictionary_table': 'data_dictionary_table', 'recon_result': 'recon_result', 'DQ_config': 'data_quality_config_table', 'DQ_output': 'data_quality_output_table', 'url': 'jdbc:postgresql://74.225.252.224:5432', 'driver': 'org.postgresql.Driver', 'mysql_url': 'jdbc:mysql://74.225.252.224:3306', 'mysql_driver': 'com.mysql.cj.jdbc.Driver', 'reference_table': 'reference_table', 'log_path': '/opt/airflow/spark_logs', 'dq_log_path': '/opt/airflow/data_quality_logs', 'string_default': 'NA', 'int_default': 0, 'date_default': '01/01/2099'}
2026-01-29 14:58:59,356 - INFO - Fetching config table
2026-01-29 14:58:59,369 - ERROR - Error in reading config table: 'application_config_data'

[2026-01-29T14:59:00.432+0000] {taskinstance.py:340} INFO - ::group::Post task execution logs
[2026-01-29T14:59:00.432+0000] {taskinstance.py:352} INFO - Marking task as SUCCESS. dag_id=Silver_Dag_1, task_id=Silver_Dag_1, run_id=manual__2026-01-29T14:58:44.723440+00:00, execution_date=20260129T145844, start_date=20260129T145845, end_date=20260129T145900
[2026-01-29T14:59:00.486+0000] {local_task_job_runner.py:266} INFO - Task exited with return code 0
[2026-01-29T14:59:00.516+0000] {taskinstance.py:3895} INFO - 0 downstream tasks scheduled from follow-on schedule check
[2026-01-29T14:59:00.519+0000] {local_task_job_runner.py:245} INFO - ::endgroup::
