[2026-01-29T11:57:57.084+0000] {local_task_job_runner.py:123} INFO - ::group::Pre task execution logs
[2026-01-29T11:57:57.101+0000] {taskinstance.py:2613} INFO - Dependencies all met for dep_context=non-requeueable deps ti=<TaskInstance: Silver_Dag_1.Silver_Dag_1 manual__2026-01-29T11:57:56.468642+00:00 [queued]>
[2026-01-29T11:57:57.110+0000] {taskinstance.py:2613} INFO - Dependencies all met for dep_context=requeueable deps ti=<TaskInstance: Silver_Dag_1.Silver_Dag_1 manual__2026-01-29T11:57:56.468642+00:00 [queued]>
[2026-01-29T11:57:57.110+0000] {taskinstance.py:2866} INFO - Starting attempt 1 of 1
[2026-01-29T11:57:57.127+0000] {taskinstance.py:2889} INFO - Executing <Task(PythonOperator): Silver_Dag_1> on 2026-01-29 11:57:56.468642+00:00
[2026-01-29T11:57:57.139+0000] {warnings.py:112} WARNING - /home/airflow/.local/lib/python3.12/site-packages/airflow/task/task_runner/standard_task_runner.py:70: DeprecationWarning: This process (pid=7648) is multi-threaded, use of fork() may lead to deadlocks in the child.
  pid = os.fork()

[2026-01-29T11:57:57.142+0000] {standard_task_runner.py:72} INFO - Started process 7649 to run task
[2026-01-29T11:57:57.149+0000] {standard_task_runner.py:104} INFO - Running: ['airflow', 'tasks', 'run', 'Silver_Dag_1', 'Silver_Dag_1', 'manual__2026-01-29T11:57:56.468642+00:00', '--job-id', '1181', '--raw', '--subdir', 'DAGS_FOLDER/silver_dag_1.py', '--cfg-path', '/tmp/tmp800h0oxt']
[2026-01-29T11:57:57.150+0000] {standard_task_runner.py:105} INFO - Job 1181: Subtask Silver_Dag_1
[2026-01-29T11:57:57.207+0000] {task_command.py:467} INFO - Running <TaskInstance: Silver_Dag_1.Silver_Dag_1 manual__2026-01-29T11:57:56.468642+00:00 [running]> on host eff5ec4100e1
[2026-01-29T11:57:57.331+0000] {taskinstance.py:3132} INFO - Exporting env vars: AIRFLOW_CTX_DAG_OWNER='airflow' AIRFLOW_CTX_DAG_ID='Silver_Dag_1' AIRFLOW_CTX_TASK_ID='Silver_Dag_1' AIRFLOW_CTX_EXECUTION_DATE='2026-01-29T11:57:56.468642+00:00' AIRFLOW_CTX_TRY_NUMBER='1' AIRFLOW_CTX_DAG_RUN_ID='manual__2026-01-29T11:57:56.468642+00:00'
[2026-01-29T11:57:57.332+0000] {taskinstance.py:731} INFO - ::endgroup::
[2026-01-29T11:57:57.350+0000] {logging_mixin.py:190} INFO - RunId for this task instance: manual__2026-01-29T11:57:56.468642+00:00
[2026-01-29T11:58:17.278+0000] {logging_mixin.py:190} INFO - ===== SPARK STDOUT =====
[2026-01-29T11:58:17.279+0000] {logging_mixin.py:190} INFO - :: loading settings :: url = jar:file:/opt/spark/jars/ivy-2.5.1.jar!/org/apache/ivy/core/settings/ivysettings.xml
2026-01-29 11:58:13,202 - INFO - fetching config table
2026-01-29 11:58:16,613 - INFO - fetching application config table
2026-01-29 11:58:16,614 - INFO - Error in reading application config table'application_config'
[2026-01-29T11:58:17.279+0000] {logging_mixin.py:190} INFO - ===== SPARK STDERR =====
[2026-01-29T11:58:17.279+0000] {logging_mixin.py:190} INFO - Ivy Default Cache set to: /home/airflow/.ivy2/cache
The jars for the packages stored in: /home/airflow/.ivy2/jars
com.crealytics#spark-excel_2.12 added as a dependency
:: resolving dependencies :: org.apache.spark#spark-submit-parent-6722d7cc-b5d1-4927-8483-75f842ec1722;1.0
	confs: [default]
	found com.crealytics#spark-excel_2.12;0.13.5 in central
	found org.apache.poi#poi;4.1.2 in central
	found commons-codec#commons-codec;1.13 in central
	found org.apache.commons#commons-collections4;4.4 in central
	found org.apache.commons#commons-math3;3.6.1 in central
	found com.zaxxer#SparseBitSet;1.2 in central
	found org.apache.poi#poi-ooxml;4.1.2 in central
	found org.apache.poi#poi-ooxml-schemas;4.1.2 in central
	found org.apache.xmlbeans#xmlbeans;3.1.0 in central
	found com.github.virtuald#curvesapi;1.06 in central
	found com.norbitltd#spoiwo_2.12;1.7.0 in central
	found org.scala-lang.modules#scala-xml_2.12;1.2.0 in central
	found com.github.pjfanning#excel-streaming-reader;2.3.4 in central
	found com.github.pjfanning#poi-shared-strings;1.0.4 in central
	found com.h2database#h2;1.4.200 in central
	found org.apache.commons#commons-text;1.8 in central
	found org.apache.commons#commons-lang3;3.9 in central
	found xml-apis#xml-apis;1.4.01 in central
	found org.slf4j#slf4j-api;1.7.30 in central
	found org.apache.commons#commons-compress;1.20 in central
	found com.fasterxml.jackson.core#jackson-core;2.8.8 in central
:: resolution report :: resolve 1222ms :: artifacts dl 66ms
	:: modules in use:
	com.crealytics#spark-excel_2.12;0.13.5 from central in [default]
	com.fasterxml.jackson.core#jackson-core;2.8.8 from central in [default]
	com.github.pjfanning#excel-streaming-reader;2.3.4 from central in [default]
	com.github.pjfanning#poi-shared-strings;1.0.4 from central in [default]
	com.github.virtuald#curvesapi;1.06 from central in [default]
	com.h2database#h2;1.4.200 from central in [default]
	com.norbitltd#spoiwo_2.12;1.7.0 from central in [default]
	com.zaxxer#SparseBitSet;1.2 from central in [default]
	commons-codec#commons-codec;1.13 from central in [default]
	org.apache.commons#commons-collections4;4.4 from central in [default]
	org.apache.commons#commons-compress;1.20 from central in [default]
	org.apache.commons#commons-lang3;3.9 from central in [default]
	org.apache.commons#commons-math3;3.6.1 from central in [default]
	org.apache.commons#commons-text;1.8 from central in [default]
	org.apache.poi#poi;4.1.2 from central in [default]
	org.apache.poi#poi-ooxml;4.1.2 from central in [default]
	org.apache.poi#poi-ooxml-schemas;4.1.2 from central in [default]
	org.apache.xmlbeans#xmlbeans;3.1.0 from central in [default]
	org.scala-lang.modules#scala-xml_2.12;1.2.0 from central in [default]
	org.slf4j#slf4j-api;1.7.30 from central in [default]
	xml-apis#xml-apis;1.4.01 from central in [default]
	:: evicted modules:
	org.apache.commons#commons-compress;1.19 by [org.apache.commons#commons-compress;1.20] in [default]
	---------------------------------------------------------------------
	|                  |            modules            ||   artifacts   |
	|       conf       | number| search|dwnlded|evicted|| number|dwnlded|
	---------------------------------------------------------------------
	|      default     |   22  |   0   |   0   |   1   ||   21  |   0   |
	---------------------------------------------------------------------
:: retrieving :: org.apache.spark#spark-submit-parent-6722d7cc-b5d1-4927-8483-75f842ec1722
	confs: [default]
	0 artifacts copied, 21 already retrieved (0kB/44ms)
26/01/29 11:58:01 WARN NativeCodeLoader: Unable to load native-hadoop library for your platform... using builtin-java classes where applicable
26/01/29 11:58:05 INFO SparkContext: Running Spark version 3.5.5
26/01/29 11:58:05 INFO SparkContext: OS info Linux, 6.14.0-1017-azure, amd64
26/01/29 11:58:05 INFO SparkContext: Java version 17.0.16
26/01/29 11:58:05 INFO ResourceUtils: ==============================================================
26/01/29 11:58:05 INFO ResourceUtils: No custom resources configured for spark.driver.
26/01/29 11:58:05 INFO ResourceUtils: ==============================================================
26/01/29 11:58:05 INFO SparkContext: Submitted application: audit
26/01/29 11:58:05 INFO ResourceProfile: Default ResourceProfile created, executor resources: Map(cores -> name: cores, amount: 1, script: , vendor: , memory -> name: memory, amount: 1024, script: , vendor: , offHeap -> name: offHeap, amount: 0, script: , vendor: ), task resources: Map(cpus -> name: cpus, amount: 1.0)
26/01/29 11:58:05 INFO ResourceProfile: Limiting resource is cpu
26/01/29 11:58:05 INFO ResourceProfileManager: Added ResourceProfile id: 0
26/01/29 11:58:05 INFO SecurityManager: Changing view acls to: default
26/01/29 11:58:05 INFO SecurityManager: Changing modify acls to: default
26/01/29 11:58:05 INFO SecurityManager: Changing view acls groups to: 
26/01/29 11:58:05 INFO SecurityManager: Changing modify acls groups to: 
26/01/29 11:58:05 INFO SecurityManager: SecurityManager: authentication disabled; ui acls disabled; users with view permissions: default; groups with view permissions: EMPTY; users with modify permissions: default; groups with modify permissions: EMPTY
26/01/29 11:58:06 INFO Utils: Successfully started service 'sparkDriver' on port 45109.
26/01/29 11:58:06 INFO SparkEnv: Registering MapOutputTracker
26/01/29 11:58:06 INFO SparkEnv: Registering BlockManagerMaster
26/01/29 11:58:06 INFO BlockManagerMasterEndpoint: Using org.apache.spark.storage.DefaultTopologyMapper for getting topology information
26/01/29 11:58:06 INFO BlockManagerMasterEndpoint: BlockManagerMasterEndpoint up
26/01/29 11:58:06 INFO SparkEnv: Registering BlockManagerMasterHeartbeat
26/01/29 11:58:06 INFO DiskBlockManager: Created local directory at /tmp/blockmgr-ca4e696e-7f2a-44d5-991f-5746b713e232
26/01/29 11:58:06 INFO MemoryStore: MemoryStore started with capacity 434.4 MiB
26/01/29 11:58:06 INFO SparkEnv: Registering OutputCommitCoordinator
26/01/29 11:58:07 INFO JettyUtils: Start Jetty 0.0.0.0:4040 for SparkUI
26/01/29 11:58:07 INFO Utils: Successfully started service 'SparkUI' on port 4040.
26/01/29 11:58:07 ERROR SparkContext: Failed to add mysql-connector-j-8.0.33.jar to Spark environment
java.io.FileNotFoundException: Jar /opt/airflow/mysql-connector-j-8.0.33.jar not found
	at org.apache.spark.SparkContext.addLocalJarFile$1(SparkContext.scala:2095)
	at org.apache.spark.SparkContext.addJar(SparkContext.scala:2151)
	at org.apache.spark.SparkContext.$anonfun$new$15(SparkContext.scala:521)
	at org.apache.spark.SparkContext.$anonfun$new$15$adapted(SparkContext.scala:521)
	at scala.collection.mutable.ResizableArray.foreach(ResizableArray.scala:62)
	at scala.collection.mutable.ResizableArray.foreach$(ResizableArray.scala:55)
	at scala.collection.mutable.ArrayBuffer.foreach(ArrayBuffer.scala:49)
	at org.apache.spark.SparkContext.<init>(SparkContext.scala:521)
	at org.apache.spark.api.java.JavaSparkContext.<init>(JavaSparkContext.scala:58)
	at java.base/jdk.internal.reflect.NativeConstructorAccessorImpl.newInstance0(Native Method)
	at java.base/jdk.internal.reflect.NativeConstructorAccessorImpl.newInstance(NativeConstructorAccessorImpl.java:77)
	at java.base/jdk.internal.reflect.DelegatingConstructorAccessorImpl.newInstance(DelegatingConstructorAccessorImpl.java:45)
	at java.base/java.lang.reflect.Constructor.newInstanceWithCaller(Constructor.java:500)
	at java.base/java.lang.reflect.Constructor.newInstance(Constructor.java:481)
	at py4j.reflection.MethodInvoker.invoke(MethodInvoker.java:247)
	at py4j.reflection.ReflectionEngine.invoke(ReflectionEngine.java:374)
	at py4j.Gateway.invoke(Gateway.java:238)
	at py4j.commands.ConstructorCommand.invokeConstructor(ConstructorCommand.java:80)
	at py4j.commands.ConstructorCommand.execute(ConstructorCommand.java:69)
	at py4j.ClientServerConnection.waitForCommands(ClientServerConnection.java:182)
	at py4j.ClientServerConnection.run(ClientServerConnection.java:106)
	at java.base/java.lang.Thread.run(Thread.java:840)
26/01/29 11:58:07 INFO SparkContext: Added file file:///home/airflow/.ivy2/jars/com.crealytics_spark-excel_2.12-0.13.5.jar at file:///home/airflow/.ivy2/jars/com.crealytics_spark-excel_2.12-0.13.5.jar with timestamp 1769687885407
26/01/29 11:58:07 INFO Utils: Copying /home/airflow/.ivy2/jars/com.crealytics_spark-excel_2.12-0.13.5.jar to /tmp/spark-9f66ba8a-8cb5-4aaf-82d2-8c6b7cedf80c/userFiles-a3856bfc-99a3-4ba1-92e0-6cde56d43ea2/com.crealytics_spark-excel_2.12-0.13.5.jar
26/01/29 11:58:07 INFO SparkContext: Added file file:///home/airflow/.ivy2/jars/org.apache.poi_poi-4.1.2.jar at file:///home/airflow/.ivy2/jars/org.apache.poi_poi-4.1.2.jar with timestamp 1769687885407
26/01/29 11:58:07 INFO Utils: Copying /home/airflow/.ivy2/jars/org.apache.poi_poi-4.1.2.jar to /tmp/spark-9f66ba8a-8cb5-4aaf-82d2-8c6b7cedf80c/userFiles-a3856bfc-99a3-4ba1-92e0-6cde56d43ea2/org.apache.poi_poi-4.1.2.jar
26/01/29 11:58:07 INFO SparkContext: Added file file:///home/airflow/.ivy2/jars/org.apache.poi_poi-ooxml-4.1.2.jar at file:///home/airflow/.ivy2/jars/org.apache.poi_poi-ooxml-4.1.2.jar with timestamp 1769687885407
26/01/29 11:58:07 INFO Utils: Copying /home/airflow/.ivy2/jars/org.apache.poi_poi-ooxml-4.1.2.jar to /tmp/spark-9f66ba8a-8cb5-4aaf-82d2-8c6b7cedf80c/userFiles-a3856bfc-99a3-4ba1-92e0-6cde56d43ea2/org.apache.poi_poi-ooxml-4.1.2.jar
26/01/29 11:58:07 INFO SparkContext: Added file file:///home/airflow/.ivy2/jars/com.norbitltd_spoiwo_2.12-1.7.0.jar at file:///home/airflow/.ivy2/jars/com.norbitltd_spoiwo_2.12-1.7.0.jar with timestamp 1769687885407
26/01/29 11:58:07 INFO Utils: Copying /home/airflow/.ivy2/jars/com.norbitltd_spoiwo_2.12-1.7.0.jar to /tmp/spark-9f66ba8a-8cb5-4aaf-82d2-8c6b7cedf80c/userFiles-a3856bfc-99a3-4ba1-92e0-6cde56d43ea2/com.norbitltd_spoiwo_2.12-1.7.0.jar
26/01/29 11:58:07 INFO SparkContext: Added file file:///home/airflow/.ivy2/jars/com.github.pjfanning_excel-streaming-reader-2.3.4.jar at file:///home/airflow/.ivy2/jars/com.github.pjfanning_excel-streaming-reader-2.3.4.jar with timestamp 1769687885407
26/01/29 11:58:07 INFO Utils: Copying /home/airflow/.ivy2/jars/com.github.pjfanning_excel-streaming-reader-2.3.4.jar to /tmp/spark-9f66ba8a-8cb5-4aaf-82d2-8c6b7cedf80c/userFiles-a3856bfc-99a3-4ba1-92e0-6cde56d43ea2/com.github.pjfanning_excel-streaming-reader-2.3.4.jar
26/01/29 11:58:07 INFO SparkContext: Added file file:///home/airflow/.ivy2/jars/com.github.pjfanning_poi-shared-strings-1.0.4.jar at file:///home/airflow/.ivy2/jars/com.github.pjfanning_poi-shared-strings-1.0.4.jar with timestamp 1769687885407
26/01/29 11:58:07 INFO Utils: Copying /home/airflow/.ivy2/jars/com.github.pjfanning_poi-shared-strings-1.0.4.jar to /tmp/spark-9f66ba8a-8cb5-4aaf-82d2-8c6b7cedf80c/userFiles-a3856bfc-99a3-4ba1-92e0-6cde56d43ea2/com.github.pjfanning_poi-shared-strings-1.0.4.jar
26/01/29 11:58:07 INFO SparkContext: Added file file:///home/airflow/.ivy2/jars/org.apache.commons_commons-compress-1.20.jar at file:///home/airflow/.ivy2/jars/org.apache.commons_commons-compress-1.20.jar with timestamp 1769687885407
26/01/29 11:58:07 INFO Utils: Copying /home/airflow/.ivy2/jars/org.apache.commons_commons-compress-1.20.jar to /tmp/spark-9f66ba8a-8cb5-4aaf-82d2-8c6b7cedf80c/userFiles-a3856bfc-99a3-4ba1-92e0-6cde56d43ea2/org.apache.commons_commons-compress-1.20.jar
26/01/29 11:58:07 INFO SparkContext: Added file file:///home/airflow/.ivy2/jars/com.fasterxml.jackson.core_jackson-core-2.8.8.jar at file:///home/airflow/.ivy2/jars/com.fasterxml.jackson.core_jackson-core-2.8.8.jar with timestamp 1769687885407
26/01/29 11:58:07 INFO Utils: Copying /home/airflow/.ivy2/jars/com.fasterxml.jackson.core_jackson-core-2.8.8.jar to /tmp/spark-9f66ba8a-8cb5-4aaf-82d2-8c6b7cedf80c/userFiles-a3856bfc-99a3-4ba1-92e0-6cde56d43ea2/com.fasterxml.jackson.core_jackson-core-2.8.8.jar
26/01/29 11:58:07 INFO SparkContext: Added file file:///home/airflow/.ivy2/jars/commons-codec_commons-codec-1.13.jar at file:///home/airflow/.ivy2/jars/commons-codec_commons-codec-1.13.jar with timestamp 1769687885407
26/01/29 11:58:07 INFO Utils: Copying /home/airflow/.ivy2/jars/commons-codec_commons-codec-1.13.jar to /tmp/spark-9f66ba8a-8cb5-4aaf-82d2-8c6b7cedf80c/userFiles-a3856bfc-99a3-4ba1-92e0-6cde56d43ea2/commons-codec_commons-codec-1.13.jar
26/01/29 11:58:07 INFO SparkContext: Added file file:///home/airflow/.ivy2/jars/org.apache.commons_commons-collections4-4.4.jar at file:///home/airflow/.ivy2/jars/org.apache.commons_commons-collections4-4.4.jar with timestamp 1769687885407
26/01/29 11:58:07 INFO Utils: Copying /home/airflow/.ivy2/jars/org.apache.commons_commons-collections4-4.4.jar to /tmp/spark-9f66ba8a-8cb5-4aaf-82d2-8c6b7cedf80c/userFiles-a3856bfc-99a3-4ba1-92e0-6cde56d43ea2/org.apache.commons_commons-collections4-4.4.jar
26/01/29 11:58:07 INFO SparkContext: Added file file:///home/airflow/.ivy2/jars/org.apache.commons_commons-math3-3.6.1.jar at file:///home/airflow/.ivy2/jars/org.apache.commons_commons-math3-3.6.1.jar with timestamp 1769687885407
26/01/29 11:58:07 INFO Utils: Copying /home/airflow/.ivy2/jars/org.apache.commons_commons-math3-3.6.1.jar to /tmp/spark-9f66ba8a-8cb5-4aaf-82d2-8c6b7cedf80c/userFiles-a3856bfc-99a3-4ba1-92e0-6cde56d43ea2/org.apache.commons_commons-math3-3.6.1.jar
26/01/29 11:58:07 INFO SparkContext: Added file file:///home/airflow/.ivy2/jars/com.zaxxer_SparseBitSet-1.2.jar at file:///home/airflow/.ivy2/jars/com.zaxxer_SparseBitSet-1.2.jar with timestamp 1769687885407
26/01/29 11:58:07 INFO Utils: Copying /home/airflow/.ivy2/jars/com.zaxxer_SparseBitSet-1.2.jar to /tmp/spark-9f66ba8a-8cb5-4aaf-82d2-8c6b7cedf80c/userFiles-a3856bfc-99a3-4ba1-92e0-6cde56d43ea2/com.zaxxer_SparseBitSet-1.2.jar
26/01/29 11:58:07 INFO SparkContext: Added file file:///home/airflow/.ivy2/jars/org.apache.poi_poi-ooxml-schemas-4.1.2.jar at file:///home/airflow/.ivy2/jars/org.apache.poi_poi-ooxml-schemas-4.1.2.jar with timestamp 1769687885407
26/01/29 11:58:07 INFO Utils: Copying /home/airflow/.ivy2/jars/org.apache.poi_poi-ooxml-schemas-4.1.2.jar to /tmp/spark-9f66ba8a-8cb5-4aaf-82d2-8c6b7cedf80c/userFiles-a3856bfc-99a3-4ba1-92e0-6cde56d43ea2/org.apache.poi_poi-ooxml-schemas-4.1.2.jar
26/01/29 11:58:07 INFO SparkContext: Added file file:///home/airflow/.ivy2/jars/com.github.virtuald_curvesapi-1.06.jar at file:///home/airflow/.ivy2/jars/com.github.virtuald_curvesapi-1.06.jar with timestamp 1769687885407
26/01/29 11:58:07 INFO Utils: Copying /home/airflow/.ivy2/jars/com.github.virtuald_curvesapi-1.06.jar to /tmp/spark-9f66ba8a-8cb5-4aaf-82d2-8c6b7cedf80c/userFiles-a3856bfc-99a3-4ba1-92e0-6cde56d43ea2/com.github.virtuald_curvesapi-1.06.jar
26/01/29 11:58:07 INFO SparkContext: Added file file:///home/airflow/.ivy2/jars/org.apache.xmlbeans_xmlbeans-3.1.0.jar at file:///home/airflow/.ivy2/jars/org.apache.xmlbeans_xmlbeans-3.1.0.jar with timestamp 1769687885407
26/01/29 11:58:07 INFO Utils: Copying /home/airflow/.ivy2/jars/org.apache.xmlbeans_xmlbeans-3.1.0.jar to /tmp/spark-9f66ba8a-8cb5-4aaf-82d2-8c6b7cedf80c/userFiles-a3856bfc-99a3-4ba1-92e0-6cde56d43ea2/org.apache.xmlbeans_xmlbeans-3.1.0.jar
26/01/29 11:58:07 INFO SparkContext: Added file file:///home/airflow/.ivy2/jars/org.scala-lang.modules_scala-xml_2.12-1.2.0.jar at file:///home/airflow/.ivy2/jars/org.scala-lang.modules_scala-xml_2.12-1.2.0.jar with timestamp 1769687885407
26/01/29 11:58:07 INFO Utils: Copying /home/airflow/.ivy2/jars/org.scala-lang.modules_scala-xml_2.12-1.2.0.jar to /tmp/spark-9f66ba8a-8cb5-4aaf-82d2-8c6b7cedf80c/userFiles-a3856bfc-99a3-4ba1-92e0-6cde56d43ea2/org.scala-lang.modules_scala-xml_2.12-1.2.0.jar
26/01/29 11:58:07 INFO SparkContext: Added file file:///home/airflow/.ivy2/jars/xml-apis_xml-apis-1.4.01.jar at file:///home/airflow/.ivy2/jars/xml-apis_xml-apis-1.4.01.jar with timestamp 1769687885407
26/01/29 11:58:07 INFO Utils: Copying /home/airflow/.ivy2/jars/xml-apis_xml-apis-1.4.01.jar to /tmp/spark-9f66ba8a-8cb5-4aaf-82d2-8c6b7cedf80c/userFiles-a3856bfc-99a3-4ba1-92e0-6cde56d43ea2/xml-apis_xml-apis-1.4.01.jar
26/01/29 11:58:07 INFO SparkContext: Added file file:///home/airflow/.ivy2/jars/org.slf4j_slf4j-api-1.7.30.jar at file:///home/airflow/.ivy2/jars/org.slf4j_slf4j-api-1.7.30.jar with timestamp 1769687885407
26/01/29 11:58:07 INFO Utils: Copying /home/airflow/.ivy2/jars/org.slf4j_slf4j-api-1.7.30.jar to /tmp/spark-9f66ba8a-8cb5-4aaf-82d2-8c6b7cedf80c/userFiles-a3856bfc-99a3-4ba1-92e0-6cde56d43ea2/org.slf4j_slf4j-api-1.7.30.jar
26/01/29 11:58:07 INFO SparkContext: Added file file:///home/airflow/.ivy2/jars/com.h2database_h2-1.4.200.jar at file:///home/airflow/.ivy2/jars/com.h2database_h2-1.4.200.jar with timestamp 1769687885407
26/01/29 11:58:07 INFO Utils: Copying /home/airflow/.ivy2/jars/com.h2database_h2-1.4.200.jar to /tmp/spark-9f66ba8a-8cb5-4aaf-82d2-8c6b7cedf80c/userFiles-a3856bfc-99a3-4ba1-92e0-6cde56d43ea2/com.h2database_h2-1.4.200.jar
26/01/29 11:58:07 INFO SparkContext: Added file file:///home/airflow/.ivy2/jars/org.apache.commons_commons-text-1.8.jar at file:///home/airflow/.ivy2/jars/org.apache.commons_commons-text-1.8.jar with timestamp 1769687885407
26/01/29 11:58:07 INFO Utils: Copying /home/airflow/.ivy2/jars/org.apache.commons_commons-text-1.8.jar to /tmp/spark-9f66ba8a-8cb5-4aaf-82d2-8c6b7cedf80c/userFiles-a3856bfc-99a3-4ba1-92e0-6cde56d43ea2/org.apache.commons_commons-text-1.8.jar
26/01/29 11:58:07 INFO SparkContext: Added file file:///home/airflow/.ivy2/jars/org.apache.commons_commons-lang3-3.9.jar at file:///home/airflow/.ivy2/jars/org.apache.commons_commons-lang3-3.9.jar with timestamp 1769687885407
26/01/29 11:58:07 INFO Utils: Copying /home/airflow/.ivy2/jars/org.apache.commons_commons-lang3-3.9.jar to /tmp/spark-9f66ba8a-8cb5-4aaf-82d2-8c6b7cedf80c/userFiles-a3856bfc-99a3-4ba1-92e0-6cde56d43ea2/org.apache.commons_commons-lang3-3.9.jar
26/01/29 11:58:07 INFO Executor: Starting executor ID driver on host eff5ec4100e1
26/01/29 11:58:07 INFO Executor: OS info Linux, 6.14.0-1017-azure, amd64
26/01/29 11:58:07 INFO Executor: Java version 17.0.16
26/01/29 11:58:07 INFO Executor: Starting executor with user classpath (userClassPathFirst = false): ''
26/01/29 11:58:07 INFO Executor: Created or updated repl class loader org.apache.spark.util.MutableURLClassLoader@3f491e87 for default.
26/01/29 11:58:07 INFO Executor: Fetching file:///home/airflow/.ivy2/jars/commons-codec_commons-codec-1.13.jar with timestamp 1769687885407
26/01/29 11:58:07 INFO Utils: /home/airflow/.ivy2/jars/commons-codec_commons-codec-1.13.jar has been previously copied to /tmp/spark-9f66ba8a-8cb5-4aaf-82d2-8c6b7cedf80c/userFiles-a3856bfc-99a3-4ba1-92e0-6cde56d43ea2/commons-codec_commons-codec-1.13.jar
26/01/29 11:58:07 INFO Executor: Fetching file:///home/airflow/.ivy2/jars/xml-apis_xml-apis-1.4.01.jar with timestamp 1769687885407
26/01/29 11:58:07 INFO Utils: /home/airflow/.ivy2/jars/xml-apis_xml-apis-1.4.01.jar has been previously copied to /tmp/spark-9f66ba8a-8cb5-4aaf-82d2-8c6b7cedf80c/userFiles-a3856bfc-99a3-4ba1-92e0-6cde56d43ea2/xml-apis_xml-apis-1.4.01.jar
26/01/29 11:58:07 INFO Executor: Fetching file:///home/airflow/.ivy2/jars/com.zaxxer_SparseBitSet-1.2.jar with timestamp 1769687885407
26/01/29 11:58:07 INFO Utils: /home/airflow/.ivy2/jars/com.zaxxer_SparseBitSet-1.2.jar has been previously copied to /tmp/spark-9f66ba8a-8cb5-4aaf-82d2-8c6b7cedf80c/userFiles-a3856bfc-99a3-4ba1-92e0-6cde56d43ea2/com.zaxxer_SparseBitSet-1.2.jar
26/01/29 11:58:08 INFO Executor: Fetching file:///home/airflow/.ivy2/jars/org.apache.commons_commons-compress-1.20.jar with timestamp 1769687885407
26/01/29 11:58:08 INFO Utils: /home/airflow/.ivy2/jars/org.apache.commons_commons-compress-1.20.jar has been previously copied to /tmp/spark-9f66ba8a-8cb5-4aaf-82d2-8c6b7cedf80c/userFiles-a3856bfc-99a3-4ba1-92e0-6cde56d43ea2/org.apache.commons_commons-compress-1.20.jar
26/01/29 11:58:08 INFO Executor: Fetching file:///home/airflow/.ivy2/jars/org.slf4j_slf4j-api-1.7.30.jar with timestamp 1769687885407
26/01/29 11:58:08 INFO Utils: /home/airflow/.ivy2/jars/org.slf4j_slf4j-api-1.7.30.jar has been previously copied to /tmp/spark-9f66ba8a-8cb5-4aaf-82d2-8c6b7cedf80c/userFiles-a3856bfc-99a3-4ba1-92e0-6cde56d43ea2/org.slf4j_slf4j-api-1.7.30.jar
26/01/29 11:58:08 INFO Executor: Fetching file:///home/airflow/.ivy2/jars/org.apache.xmlbeans_xmlbeans-3.1.0.jar with timestamp 1769687885407
26/01/29 11:58:08 INFO Utils: /home/airflow/.ivy2/jars/org.apache.xmlbeans_xmlbeans-3.1.0.jar has been previously copied to /tmp/spark-9f66ba8a-8cb5-4aaf-82d2-8c6b7cedf80c/userFiles-a3856bfc-99a3-4ba1-92e0-6cde56d43ea2/org.apache.xmlbeans_xmlbeans-3.1.0.jar
26/01/29 11:58:08 INFO Executor: Fetching file:///home/airflow/.ivy2/jars/org.apache.poi_poi-ooxml-4.1.2.jar with timestamp 1769687885407
26/01/29 11:58:08 INFO Utils: /home/airflow/.ivy2/jars/org.apache.poi_poi-ooxml-4.1.2.jar has been previously copied to /tmp/spark-9f66ba8a-8cb5-4aaf-82d2-8c6b7cedf80c/userFiles-a3856bfc-99a3-4ba1-92e0-6cde56d43ea2/org.apache.poi_poi-ooxml-4.1.2.jar
26/01/29 11:58:08 INFO Executor: Fetching file:///home/airflow/.ivy2/jars/com.github.virtuald_curvesapi-1.06.jar with timestamp 1769687885407
26/01/29 11:58:08 INFO Utils: /home/airflow/.ivy2/jars/com.github.virtuald_curvesapi-1.06.jar has been previously copied to /tmp/spark-9f66ba8a-8cb5-4aaf-82d2-8c6b7cedf80c/userFiles-a3856bfc-99a3-4ba1-92e0-6cde56d43ea2/com.github.virtuald_curvesapi-1.06.jar
26/01/29 11:58:08 INFO Executor: Fetching file:///home/airflow/.ivy2/jars/com.crealytics_spark-excel_2.12-0.13.5.jar with timestamp 1769687885407
26/01/29 11:58:08 INFO Utils: /home/airflow/.ivy2/jars/com.crealytics_spark-excel_2.12-0.13.5.jar has been previously copied to /tmp/spark-9f66ba8a-8cb5-4aaf-82d2-8c6b7cedf80c/userFiles-a3856bfc-99a3-4ba1-92e0-6cde56d43ea2/com.crealytics_spark-excel_2.12-0.13.5.jar
26/01/29 11:58:08 INFO Executor: Fetching file:///home/airflow/.ivy2/jars/org.apache.commons_commons-collections4-4.4.jar with timestamp 1769687885407
26/01/29 11:58:08 INFO Utils: /home/airflow/.ivy2/jars/org.apache.commons_commons-collections4-4.4.jar has been previously copied to /tmp/spark-9f66ba8a-8cb5-4aaf-82d2-8c6b7cedf80c/userFiles-a3856bfc-99a3-4ba1-92e0-6cde56d43ea2/org.apache.commons_commons-collections4-4.4.jar
26/01/29 11:58:08 INFO Executor: Fetching file:///home/airflow/.ivy2/jars/com.github.pjfanning_poi-shared-strings-1.0.4.jar with timestamp 1769687885407
26/01/29 11:58:08 INFO Utils: /home/airflow/.ivy2/jars/com.github.pjfanning_poi-shared-strings-1.0.4.jar has been previously copied to /tmp/spark-9f66ba8a-8cb5-4aaf-82d2-8c6b7cedf80c/userFiles-a3856bfc-99a3-4ba1-92e0-6cde56d43ea2/com.github.pjfanning_poi-shared-strings-1.0.4.jar
26/01/29 11:58:08 INFO Executor: Fetching file:///home/airflow/.ivy2/jars/com.h2database_h2-1.4.200.jar with timestamp 1769687885407
26/01/29 11:58:08 INFO Utils: /home/airflow/.ivy2/jars/com.h2database_h2-1.4.200.jar has been previously copied to /tmp/spark-9f66ba8a-8cb5-4aaf-82d2-8c6b7cedf80c/userFiles-a3856bfc-99a3-4ba1-92e0-6cde56d43ea2/com.h2database_h2-1.4.200.jar
26/01/29 11:58:08 INFO Executor: Fetching file:///home/airflow/.ivy2/jars/org.apache.commons_commons-math3-3.6.1.jar with timestamp 1769687885407
26/01/29 11:58:08 INFO Utils: /home/airflow/.ivy2/jars/org.apache.commons_commons-math3-3.6.1.jar has been previously copied to /tmp/spark-9f66ba8a-8cb5-4aaf-82d2-8c6b7cedf80c/userFiles-a3856bfc-99a3-4ba1-92e0-6cde56d43ea2/org.apache.commons_commons-math3-3.6.1.jar
26/01/29 11:58:08 INFO Executor: Fetching file:///home/airflow/.ivy2/jars/com.github.pjfanning_excel-streaming-reader-2.3.4.jar with timestamp 1769687885407
26/01/29 11:58:08 INFO Utils: /home/airflow/.ivy2/jars/com.github.pjfanning_excel-streaming-reader-2.3.4.jar has been previously copied to /tmp/spark-9f66ba8a-8cb5-4aaf-82d2-8c6b7cedf80c/userFiles-a3856bfc-99a3-4ba1-92e0-6cde56d43ea2/com.github.pjfanning_excel-streaming-reader-2.3.4.jar
26/01/29 11:58:08 INFO Executor: Fetching file:///home/airflow/.ivy2/jars/com.fasterxml.jackson.core_jackson-core-2.8.8.jar with timestamp 1769687885407
26/01/29 11:58:08 INFO Utils: /home/airflow/.ivy2/jars/com.fasterxml.jackson.core_jackson-core-2.8.8.jar has been previously copied to /tmp/spark-9f66ba8a-8cb5-4aaf-82d2-8c6b7cedf80c/userFiles-a3856bfc-99a3-4ba1-92e0-6cde56d43ea2/com.fasterxml.jackson.core_jackson-core-2.8.8.jar
26/01/29 11:58:08 INFO Executor: Fetching file:///home/airflow/.ivy2/jars/org.apache.commons_commons-lang3-3.9.jar with timestamp 1769687885407
26/01/29 11:58:08 INFO Utils: /home/airflow/.ivy2/jars/org.apache.commons_commons-lang3-3.9.jar has been previously copied to /tmp/spark-9f66ba8a-8cb5-4aaf-82d2-8c6b7cedf80c/userFiles-a3856bfc-99a3-4ba1-92e0-6cde56d43ea2/org.apache.commons_commons-lang3-3.9.jar
26/01/29 11:58:08 INFO Executor: Fetching file:///home/airflow/.ivy2/jars/org.apache.poi_poi-ooxml-schemas-4.1.2.jar with timestamp 1769687885407
26/01/29 11:58:08 INFO Utils: /home/airflow/.ivy2/jars/org.apache.poi_poi-ooxml-schemas-4.1.2.jar has been previously copied to /tmp/spark-9f66ba8a-8cb5-4aaf-82d2-8c6b7cedf80c/userFiles-a3856bfc-99a3-4ba1-92e0-6cde56d43ea2/org.apache.poi_poi-ooxml-schemas-4.1.2.jar
26/01/29 11:58:08 INFO Executor: Fetching file:///home/airflow/.ivy2/jars/org.scala-lang.modules_scala-xml_2.12-1.2.0.jar with timestamp 1769687885407
26/01/29 11:58:08 INFO Utils: /home/airflow/.ivy2/jars/org.scala-lang.modules_scala-xml_2.12-1.2.0.jar has been previously copied to /tmp/spark-9f66ba8a-8cb5-4aaf-82d2-8c6b7cedf80c/userFiles-a3856bfc-99a3-4ba1-92e0-6cde56d43ea2/org.scala-lang.modules_scala-xml_2.12-1.2.0.jar
26/01/29 11:58:08 INFO Executor: Fetching file:///home/airflow/.ivy2/jars/com.norbitltd_spoiwo_2.12-1.7.0.jar with timestamp 1769687885407
26/01/29 11:58:08 INFO Utils: /home/airflow/.ivy2/jars/com.norbitltd_spoiwo_2.12-1.7.0.jar has been previously copied to /tmp/spark-9f66ba8a-8cb5-4aaf-82d2-8c6b7cedf80c/userFiles-a3856bfc-99a3-4ba1-92e0-6cde56d43ea2/com.norbitltd_spoiwo_2.12-1.7.0.jar
26/01/29 11:58:08 INFO Executor: Fetching file:///home/airflow/.ivy2/jars/org.apache.poi_poi-4.1.2.jar with timestamp 1769687885407
26/01/29 11:58:08 INFO Utils: /home/airflow/.ivy2/jars/org.apache.poi_poi-4.1.2.jar has been previously copied to /tmp/spark-9f66ba8a-8cb5-4aaf-82d2-8c6b7cedf80c/userFiles-a3856bfc-99a3-4ba1-92e0-6cde56d43ea2/org.apache.poi_poi-4.1.2.jar
26/01/29 11:58:08 INFO Executor: Fetching file:///home/airflow/.ivy2/jars/org.apache.commons_commons-text-1.8.jar with timestamp 1769687885407
26/01/29 11:58:08 INFO Utils: /home/airflow/.ivy2/jars/org.apache.commons_commons-text-1.8.jar has been previously copied to /tmp/spark-9f66ba8a-8cb5-4aaf-82d2-8c6b7cedf80c/userFiles-a3856bfc-99a3-4ba1-92e0-6cde56d43ea2/org.apache.commons_commons-text-1.8.jar
26/01/29 11:58:08 INFO Utils: Successfully started service 'org.apache.spark.network.netty.NettyBlockTransferService' on port 41655.
26/01/29 11:58:08 INFO NettyBlockTransferService: Server created on eff5ec4100e1:41655
26/01/29 11:58:08 INFO BlockManager: Using org.apache.spark.storage.RandomBlockReplicationPolicy for block replication policy
26/01/29 11:58:08 INFO BlockManagerMaster: Registering BlockManager BlockManagerId(driver, eff5ec4100e1, 41655, None)
26/01/29 11:58:08 INFO BlockManagerMasterEndpoint: Registering block manager eff5ec4100e1:41655 with 434.4 MiB RAM, BlockManagerId(driver, eff5ec4100e1, 41655, None)
26/01/29 11:58:08 INFO BlockManagerMaster: Registered BlockManager BlockManagerId(driver, eff5ec4100e1, 41655, None)
26/01/29 11:58:08 INFO BlockManager: Initialized BlockManager: BlockManagerId(driver, eff5ec4100e1, 41655, None)
26/01/29 11:58:09 INFO SharedState: Setting hive.metastore.warehouse.dir ('null') to the value of spark.sql.warehouse.dir.
26/01/29 11:58:09 INFO SharedState: Warehouse path is 'file:/opt/airflow/spark-warehouse'.
26/01/29 11:58:11 WARN SparkSession: Using an existing Spark session; only runtime SQL configurations will take effect.
26/01/29 11:58:11 WARN SparkSession: Using an existing Spark session; only runtime SQL configurations will take effect.
26/01/29 11:58:11 WARN SparkSession: Using an existing Spark session; only runtime SQL configurations will take effect.
26/01/29 11:58:12 WARN SparkSession: Using an existing Spark session; only runtime SQL configurations will take effect.
26/01/29 11:58:12 WARN SparkSession: Using an existing Spark session; only runtime SQL configurations will take effect.
26/01/29 11:58:13 WARN SparkSession: Using an existing Spark session; only runtime SQL configurations will take effect.
26/01/29 11:58:13 WARN SparkSession: Using an existing Spark session; only runtime SQL configurations will take effect.
26/01/29 11:58:13 WARN SparkSession: Using an existing Spark session; only runtime SQL configurations will take effect.
26/01/29 11:58:13 WARN SparkSession: Using an existing Spark session; only runtime SQL configurations will take effect.
26/01/29 11:58:13 WARN SparkSession: Using an existing Spark session; only runtime SQL configurations will take effect.
26/01/29 11:58:13 WARN SparkSession: Using an existing Spark session; only runtime SQL configurations will take effect.
26/01/29 11:58:13 WARN SparkSession: Using an existing Spark session; only runtime SQL configurations will take effect.
26/01/29 11:58:13 WARN SparkSession: Using an existing Spark session; only runtime SQL configurations will take effect.
26/01/29 11:58:13 WARN SparkSession: Using an existing Spark session; only runtime SQL configurations will take effect.
26/01/29 11:58:13 WARN SparkSession: Using an existing Spark session; only runtime SQL configurations will take effect.
26/01/29 11:58:13 WARN SparkSession: Using an existing Spark session; only runtime SQL configurations will take effect.
26/01/29 11:58:13 WARN SparkSession: Using an existing Spark session; only runtime SQL configurations will take effect.
26/01/29 11:58:16 INFO SparkContext: SparkContext is stopping with exitCode 0.
26/01/29 11:58:16 INFO SparkUI: Stopped Spark web UI at http://eff5ec4100e1:4040
26/01/29 11:58:16 INFO MapOutputTrackerMasterEndpoint: MapOutputTrackerMasterEndpoint stopped!
26/01/29 11:58:16 INFO MemoryStore: MemoryStore cleared
26/01/29 11:58:16 INFO BlockManager: BlockManager stopped
26/01/29 11:58:16 INFO BlockManagerMaster: BlockManagerMaster stopped
26/01/29 11:58:16 INFO OutputCommitCoordinator$OutputCommitCoordinatorEndpoint: OutputCommitCoordinator stopped!
26/01/29 11:58:16 INFO SparkContext: Successfully stopped SparkContext
26/01/29 11:58:17 INFO ShutdownHookManager: Shutdown hook called
26/01/29 11:58:17 INFO ShutdownHookManager: Deleting directory /tmp/spark-6505b1e4-9147-4fab-bc98-14a9de5bda37
26/01/29 11:58:17 INFO ShutdownHookManager: Deleting directory /tmp/spark-9f66ba8a-8cb5-4aaf-82d2-8c6b7cedf80c/pyspark-8aa7f301-f402-4d39-96d7-82f73bbb36ca
26/01/29 11:58:17 INFO ShutdownHookManager: Deleting directory /tmp/spark-9f66ba8a-8cb5-4aaf-82d2-8c6b7cedf80c
[2026-01-29T11:58:17.280+0000] {python.py:240} INFO - Done. Returned value was: :: loading settings :: url = jar:file:/opt/spark/jars/ivy-2.5.1.jar!/org/apache/ivy/core/settings/ivysettings.xml
2026-01-29 11:58:13,202 - INFO - fetching config table
2026-01-29 11:58:16,613 - INFO - fetching application config table
2026-01-29 11:58:16,614 - INFO - Error in reading application config table'application_config'

[2026-01-29T11:58:17.307+0000] {taskinstance.py:340} INFO - ::group::Post task execution logs
[2026-01-29T11:58:17.307+0000] {taskinstance.py:352} INFO - Marking task as SUCCESS. dag_id=Silver_Dag_1, task_id=Silver_Dag_1, run_id=manual__2026-01-29T11:57:56.468642+00:00, execution_date=20260129T115756, start_date=20260129T115757, end_date=20260129T115817
[2026-01-29T11:58:17.367+0000] {local_task_job_runner.py:266} INFO - Task exited with return code 0
[2026-01-29T11:58:17.380+0000] {taskinstance.py:3895} INFO - 0 downstream tasks scheduled from follow-on schedule check
[2026-01-29T11:58:17.384+0000] {local_task_job_runner.py:245} INFO - ::endgroup::
