[2026-02-05T12:21:30.355+0000] {local_task_job_runner.py:123} INFO - ::group::Pre task execution logs
[2026-02-05T12:21:30.374+0000] {taskinstance.py:2613} INFO - Dependencies all met for dep_context=non-requeueable deps ti=<TaskInstance: Bronze_Dag_1.Bronze_Dag_1 manual__2026-02-05T12:21:29.741554+00:00 [queued]>
[2026-02-05T12:21:30.383+0000] {taskinstance.py:2613} INFO - Dependencies all met for dep_context=requeueable deps ti=<TaskInstance: Bronze_Dag_1.Bronze_Dag_1 manual__2026-02-05T12:21:29.741554+00:00 [queued]>
[2026-02-05T12:21:30.383+0000] {taskinstance.py:2866} INFO - Starting attempt 1 of 1
[2026-02-05T12:21:30.401+0000] {taskinstance.py:2889} INFO - Executing <Task(PythonOperator): Bronze_Dag_1> on 2026-02-05 12:21:29.741554+00:00
[2026-02-05T12:21:30.412+0000] {warnings.py:112} WARNING - /home/airflow/.local/lib/python3.12/site-packages/airflow/task/task_runner/standard_task_runner.py:70: DeprecationWarning: This process (pid=11079) is multi-threaded, use of fork() may lead to deadlocks in the child.
  pid = os.fork()

[2026-02-05T12:21:30.414+0000] {standard_task_runner.py:72} INFO - Started process 11080 to run task
[2026-02-05T12:21:30.414+0000] {standard_task_runner.py:104} INFO - Running: ['airflow', 'tasks', 'run', 'Bronze_Dag_1', 'Bronze_Dag_1', 'manual__2026-02-05T12:21:29.741554+00:00', '--job-id', '1291', '--raw', '--subdir', 'DAGS_FOLDER/bronze_dag_1.py', '--cfg-path', '/tmp/tmpmu1dj_7_']
[2026-02-05T12:21:30.416+0000] {standard_task_runner.py:105} INFO - Job 1291: Subtask Bronze_Dag_1
[2026-02-05T12:21:30.484+0000] {task_command.py:467} INFO - Running <TaskInstance: Bronze_Dag_1.Bronze_Dag_1 manual__2026-02-05T12:21:29.741554+00:00 [running]> on host eff5ec4100e1
[2026-02-05T12:21:30.591+0000] {taskinstance.py:3132} INFO - Exporting env vars: AIRFLOW_CTX_DAG_OWNER='airflow' AIRFLOW_CTX_DAG_ID='Bronze_Dag_1' AIRFLOW_CTX_TASK_ID='Bronze_Dag_1' AIRFLOW_CTX_EXECUTION_DATE='2026-02-05T12:21:29.741554+00:00' AIRFLOW_CTX_TRY_NUMBER='1' AIRFLOW_CTX_DAG_RUN_ID='manual__2026-02-05T12:21:29.741554+00:00'
[2026-02-05T12:21:30.592+0000] {taskinstance.py:731} INFO - ::endgroup::
[2026-02-05T12:21:30.612+0000] {logging_mixin.py:190} INFO - RunId for this task instance: manual__2026-02-05T12:21:29.741554+00:00
[2026-02-05T12:22:14.967+0000] {python.py:240} INFO - Done. Returned value was: :: loading settings :: url = jar:file:/opt/spark/jars/ivy-2.5.1.jar!/org/apache/ivy/core/settings/ivysettings.xml
Raw sys.argv: ['/opt/airflow/RedPluto-Data-Engineering-Tool/main_bronze.py', 'manual__2026-02-05T12:21:29.741554+00:00', '{"user": "rpdet_az", "password": "***", "config_db": "config_db", "config_table": "config_table", "application_config": "application_config", "audit_table": "audit_table", "error_table": "error_table", "config_recon": "reconciliation_config", "data_dictionary_table": "data_dictionary_table", "recon_result": "recon_result", "DQ_config": "data_quality_config_table", "DQ_output": "data_quality_output_table", "url": "jdbc:postgresql://74.225.252.224:5432", "driver": "org.postgresql.Driver", "mysql_url": "jdbc:mysql://74.225.252.224:3306", "mysql_driver": "com.mysql.cj.jdbc.Driver", "reference_table": "reference_table", "log_path": "/opt/airflow/spark_logs", "dq_log_path": "/opt/airflow/data_quality_logs", "string_default": "NA", "int_default": 0, "date_default": "01/01/2099"}']
app_prop: {'user': 'rpdet_az', 'password': '***', 'config_db': 'config_db', 'config_table': 'config_table', 'application_config': 'application_config', 'audit_table': 'audit_table', 'error_table': 'error_table', 'config_recon': 'reconciliation_config', 'data_dictionary_table': 'data_dictionary_table', 'recon_result': 'recon_result', 'DQ_config': 'data_quality_config_table', 'DQ_output': 'data_quality_output_table', 'url': 'jdbc:postgresql://74.225.252.224:5432', 'driver': 'org.postgresql.Driver', 'mysql_url': 'jdbc:mysql://74.225.252.224:3306', 'mysql_driver': 'com.mysql.cj.jdbc.Driver', 'reference_table': 'reference_table', 'log_path': '/opt/airflow/spark_logs', 'dq_log_path': '/opt/airflow/data_quality_logs', 'string_default': 'NA', 'int_default': 0, 'date_default': '01/01/2099'}
2026-02-05 12:21:43,890 - INFO - Fetching config table
2026-02-05 12:21:46,466 - INFO - Fetching application config table
2026-02-05 12:21:46,716 - INFO - Enriching config data with target application name
2026-02-05 12:21:47,139 - INFO - Fetching Bronze Tables
+----------+---------------+-------------+-----------+--------------------+----------------+---------------------+------------------+--------------------+-----------+----------------+---------------------+------------------+----------------------+--------------------+----------------+--------------+---------------------+--------------------+-----------+------------------+---------------------+-----------+----------------------+--------------------+------------+-------------+--------------------+---------------------+---------------------+--------------------+--------------------+-----------------------+
|config_key|execution_layer|source_system|source_type|    source_file_path|source_file_name|source_file_delimiter|source_schema_name|   source_table_name|target_type|target_file_path|target_file_delimiter|target_schema_name|temporary_target_table|   target_table_name|       load_type|   primary_key|effective_date_column|         md5_columns|custom_code|execution_sequence|enable_dynamic_schema|active_flag|full_data_refresh_flag|source_connection_id|target_layer|target_system|target_connection_id|source_application_id|target_application_id|          created_at|          updated_at|target_application_name|
+----------+---------------+-------------+-----------+--------------------+----------------+---------------------+------------------+--------------------+-----------+----------------+---------------------+------------------+----------------------+--------------------+----------------+--------------+---------------------+--------------------+-----------+------------------+---------------------+-----------+----------------------+--------------------+------------+-------------+--------------------+---------------------+---------------------+--------------------+--------------------+-----------------------+
|         1|         bronze|        mysql|      table|                  NA|              NA|                    N|     insurance_sec|             Address|      table|              NA|                   NA|  insurance_bronze|                    NA|             address|incremental_load|     AddressID|         last_updated|                  NA|         NA|              None|                    Y|          N|                     N|                NULL|        NULL|         NULL|                NULL|                 NULL|                 NULL|2025-11-14 13:15:...|2025-11-14 13:15:...|                   NULL|
|         2|         bronze|        excel|       file|/opt/airflow/sour...|Benificiary.xlsx|                    N|                NA|                  NA|      table|              NA|                   NA|  insurance_bronze|                    NA|         beneficiary|incremental_load| BeneficiaryID|         last_updated|                  NA|         NA|              None|                    Y|          N|                     N|                NULL|        NULL|         NULL|                NULL|                 NULL|                 NULL|2025-11-14 13:15:...|2025-11-14 13:15:...|                   NULL|
|         3|         bronze|        mysql|      table|                  NA|              NA|                    N|     insurance_sec|               Claim|      table|              NA|                   NA|  insurance_bronze|                    NA|               claim|incremental_load|       ClaimID|         last_updated|                  NA|         NA|              None|                    Y|          N|                     N|                NULL|        NULL|         NULL|                NULL|                 NULL|                 NULL|2025-11-14 13:15:...|2025-11-14 13:15:...|                   NULL|
|         4|         bronze|      parquet|       file|/opt/airflow/sour...| contact.parquet|                    N|                NA|                  NA|      table|              NA|                   NA|            bronze|                    NA|             contact|incremental_load|     ContactID|         last_updated|                  NA|         NA|              None|                    Y|          N|                     N|                NULL|        NULL|         NULL|                NULL|                 NULL|                 NULL|2025-11-14 13:15:...|2025-11-14 13:15:...|                   NULL|
|         5|         bronze|        mysql|      table|                  NA|              NA|                    N|     insurance_sec|            Coverage|      table|              NA|                   NA|  insurance_bronze|                    NA|            coverage|incremental_load|    CoverageID|         last_updated|                  NA|         NA|              None|                    Y|          N|                     N|                NULL|        NULL|         NULL|                NULL|                 NULL|                 NULL|2025-11-14 13:15:...|2025-11-14 13:15:...|                   NULL|
|         6|         bronze|        mysql|      table|                  NA|              NA|                    N|     insurance_sec|            Customer|      table|              NA|                   NA|  insurance_bronze|                    NA|            customer|   truncate_load|    CustomerID|         last_updated|                  NA|         NA|              None|                    N|          N|                     N|                NULL|        NULL|         NULL|                NULL|                 NULL|                 NULL|2025-11-14 13:15:...|2025-11-14 13:15:...|                   NULL|
|         7|         bronze|        mysql|      table|                  NA|              NA|                    N|     insurance_sec|             Payment|      table|              NA|                   NA|  insurance_bronze|                    NA|             payment|   truncate_load|     PaymentID|         last_updated|                  NA|         NA|              None|                    Y|          N|                     N|                NULL|        NULL|         NULL|                NULL|                 NULL|                 NULL|2025-11-14 13:15:...|2025-11-14 13:15:...|                   NULL|
|         8|         bronze|        mysql|      table|                  NA|              NA|                    N|     insurance_sec|              Policy|      table|              NA|                   NA|  insurance_bronze|                    NA|              policy|   truncate_load|      PolicyID|         last_updated|                  NA|         NA|              None|                    Y|          N|                     N|                NULL|        NULL|         NULL|                NULL|                 NULL|                 NULL|2025-11-14 13:15:...|2025-11-14 13:15:...|                   NULL|
|         9|         bronze|          csv|       file|/opt/airflow/sour...|    Property.csv|                    N|                NA|                  NA|      table|              NA|                   NA|  insurance_bronze|                    NA|            property|incremental_load|    PropertyID|         last_updated|                  NA|         NA|              None|                    Y|          N|                     N|                NULL|        NULL|         NULL|                NULL|                 NULL|                 NULL|2025-11-14 13:15:...|2025-11-14 13:15:...|                   NULL|
|        10|         bronze|         json|       file|/opt/airflow/sour...|     mtcars.json|                    N|                NA|                  NA|      table|              NA|                   NA|            bronze|                    NA|              mtcars|   truncate_load|         model|                   NA|                  NA|         NA|              None|                    Y|          N|                     N|                NULL|        NULL|         NULL|                NULL|                 NULL|                 NULL|2025-11-14 13:15:...|2025-11-14 13:15:...|                   NULL|
|        27|         bronze|      parquet|       file|/opt/airflow/sour...| titanic.parquet|                    N|                NA|                  NA|      table|              NA|                   NA|            bronze|                    NA|             titanic|   truncate_load|   PassengerId|                   NA|                  NA|         NA|                NA|                    Y|          N|                     N|                NULL|        NULL|         NULL|                NULL|                 NULL|                 NULL|2025-11-14 13:15:...|2025-11-14 13:15:...|                   NULL|
|        30|         bronze|        mysql|      table|                  NA|              NA|                    N|           banking|           customers|      table|              NA|                   NA|    banking_bronze|                    NA|           customers|incremental_load|   customer_id|         last_updated|customer_id,first...|         NA|                NA|                    Y|          N|                     N|                NULL|        NULL|         NULL|                NULL|                 NULL|                 NULL|2025-11-14 13:15:...|2025-11-14 13:15:...|                   NULL|
|        33|         bronze|        mysql|      table|                  NA|              NA|                    N|           banking|        transactions|      table|              NA|                   NA|    banking_bronze|                    NA|        transactions|   truncate_load|transaction_id|         last_updated|transaction_id,ac...|         NA|                NA|                    Y|          N|                     Y|                NULL|        NULL|         NULL|                NULL|                 NULL|                 NULL|2025-11-14 13:15:...|2025-11-14 13:15:...|                   NULL|
|        37|         bronze|        mysql|      table|                  NA|              NA|                    N|    banking_bronze|           customers|      table|              NA|                   NA|    banking_silver|                    NA|           customers|   truncate_load|   customer_id|         last_updated|customer_id,first...|         NA|                NA|                    Y|          N|                     Y|                NULL|        NULL|         NULL|                NULL|                 NULL|                 NULL|2025-11-14 13:15:...|2025-11-14 13:15:...|                   NULL|
|        80|         bronze|        mysql|      table|                  NA|              NA|                   NA|         office_db|              assets|      table|              NA|                   NA|  office_db_bronze|                    NA|              assets|   truncate_load|      asset_id|         last_updated|                  NA|         NA|              None|                    Y|          N|                     N|                NULL|        NULL|         NULL|                NULL|                 NULL|                 NULL|2025-11-14 13:15:...|2025-11-14 13:15:...|                   NULL|
|      3018|         bronze|        mysql|      table|                  NA|              NA|                   NA|     school_source|          class_info|      table|              NA|                   NA|     school_bronze|                    NA|          class_info|   truncate_load|      class_id|             class_id|                  NA|         NA|                NA|                    N|          N|                     N|                   3|          NA|        mysql|                   3|                    5|                    5|2025-12-23 13:08:...|2026-01-20 09:54:...|           Student_Data|
|      3017|         bronze|        mysql|      table|                  NA|              NA|                   NA|     school_source|        teacher_info|      table|              NA|                   NA|     school_bronze|                    NA|        teacher_info|incremental_load|    teacher_id|           teacher_id|                  NA|         NA|                NA|                    N|          N|                     N|                   3|          NA|        mysql|                   3|                    5|                    5|2025-12-22 14:18:...|2025-12-23 05:26:...|           Student_Data|
|      3016|         bronze|        mysql|      table|                  NA|              NA|                   NA|     school_source|        student_info|      table|              NA|                   NA|     school_bronze|                    NA|        student_info|   truncate_load|    student_id|         last_updated|                  NA|         NA|                na|                    Y|          Y|                     N|                   3|          NA|        mysql|                   3|                    5|                    5|2025-11-20 10:24:...|2026-01-20 07:02:...|           Student_Data|
|      3026|         bronze|        mysql|      table|                  NA|              NA|                   NA|       finance_etl|fin_transactions_...|      table|              NA|                   NA|       finance_etl|                    NA|fin_transactions_...|   truncate_load|        txn_id|         last_updated|                  NA|         NA|                NA|                    Y|          N|                     N|                   4|          NA|        mysql|                   4|                    2|                    2|2026-01-26 11:04:...|2026-01-28 11:03:...|           HospitalData|
|      3023|         bronze|        mysql|      table|                  NA|              NA|                   NA|       finance_etl|fin_transactions_src|      table|              NA|                   NA|       finance_etl|                    NA|fin_transactions_...|   truncate_load|        txn_id|         last_updated|                  NA|         NA|                NA|                    N|          N|                     N|                   4|          NA|        mysql|                   4|                    2|                    2|2026-01-19 14:40:...|2026-01-22 09:26:...|           HospitalData|
+----------+---------------+-------------+-----------+--------------------+----------------+---------------------+------------------+--------------------+-----------+----------------+---------------------+------------------+----------------------+--------------------+----------------+--------------+---------------------+--------------------+-----------+------------------+---------------------+-----------+----------------------+--------------------+------------+-------------+--------------------+---------------------+---------------------+--------------------+--------------------+-----------------------+
only showing top 20 rows

2026-02-05 12:21:56,878 - INFO - Reading Config Table Arguments
2026-02-05 12:22:00,199 - INFO - Looping through Config Table Arguments Layer-Bronze
2026-02-05 12:22:00,199 - INFO - Checking for Null Values in Config Data
2026-02-05 12:22:00,200 - INFO - Validation Done for NULL check in Config Data
2026-02-05 12:22:00,200 - INFO - truncate_load,SourceTable = student_info.TargetTable = student_info
2026-02-05 12:22:00,200 - INFO - truncate_load,SourceTable = student_info.TargetTable = student_info
2026-02-05 12:22:00,206 - INFO - Calling Bronze TruncateLoad Function SourceTable - student_info,TargetTable -student_info
2026-02-05 12:22:00,206 - INFO - Calling Bronze TruncateLoad Function SourceTable - student_info,TargetTable -student_info
2026-02-05 12:22:00,206 - INFO - Calling Bronze TruncateLoad Function SourceTable - student_info,TargetTable -student_info
2026-02-05 12:22:00,206 - INFO - Fetching SQL Source and Target Data for TruncateLoad
2026-02-05 12:22:00,206 - INFO - Fetching SQL Source and Target Data for TruncateLoad
2026-02-05 12:22:00,206 - INFO - Reading SQL Source Data
2026-02-05 12:22:00,206 - INFO - Reading SQL Source Data
+----------+----------+---------+------+-------------+--------------------+---------+--------------+-------+-------------------+
|student_id|first_name|last_name|gender|date_of_birth|               email|     city|         state|country|       last_updated|
+----------+----------+---------+------+-------------+--------------------+---------+--------------+-------+-------------------+
|         1|     Aarav|   Sharma|  Male|   2010-05-14|aarav.sharma@exam...|     Pune|   Maharashtra|  India|2025-11-13 09:43:37|
|         2|      Diya|    Patel|Female|   2011-09-23|diya.patel@exampl...|Ahmedabad|       Gujarat|  India|2025-11-13 09:43:37|
|         3|     Rohan|    Verma|  Male|   2010-03-17|rohan.verma@examp...|    Delhi|         Delhi|  India|2025-11-13 09:43:37|
|         4|     Anaya|     Nair|Female|   2012-07-02|anaya.nair@exampl...|    Kochi|        Kerala|  India|2025-11-13 09:43:37|
|         5|    Vivaan|    Mehta|  Male|   2009-12-11|vivaan.mehta@exam...|   Mumbai|   Maharashtra|  India|2025-11-13 09:43:37|
|         6|      Isha|    Reddy|Female|   2011-02-25|isha.reddy@exampl...|Hyderabad|     Telangana|  India|2025-11-13 09:43:37|
|         7|     Kabir|    Singh|  Male|   2010-08-19|kabir.singh@examp...|   Jaipur|     Rajasthan|  India|2025-11-13 09:43:37|
|         8|     Rahul|    Joshi|  Male|   2010-04-21|rahul.joshi@examp...|   Nagpur|   Maharashtra|  India|2026-02-05 12:04:56|
|         9|     Sneha|    Gupta|Female|   2011-12-05|sneha.gupta@examp...|   Indore|Madhya Pradesh|  India|2026-02-05 12:04:56|
+----------+----------+---------+------+-------------+--------------------+---------+--------------+-------+-------------------+

2026-02-05 12:22:02,088 - INFO - Reading SQL Target Data
2026-02-05 12:22:02,088 - INFO - Reading SQL Target Data
+----------+----------+---------+------+-------------+--------------------+---------+-------+-------------------+-------------------+-------------------+--------------------+--------------------+
|student_id|first_name|last_name|gender|date_of_birth|               email|     city|country|       last_updated|        insert_date|        update_date|       insert_run_id|       update_run_id|
+----------+----------+---------+------+-------------+--------------------+---------+-------+-------------------+-------------------+-------------------+--------------------+--------------------+
|         1|     Aarav|   Sharma|  Male|   2010-05-14|aarav.sharma@exam...|     Pune|  India|2025-11-13 09:43:37|2025-11-20 10:24:59|2025-11-13 09:43:37|manual__2025-11-2...|manual__2025-11-2...|
|         2|      Diya|    Patel|Female|   2011-09-23|diya.patel@exampl...|Ahmedabad|  India|2025-11-13 09:43:37|2025-11-20 10:24:59|2025-11-13 09:43:37|manual__2025-11-2...|manual__2025-11-2...|
|         3|     Rohan|    Verma|  Male|   2010-03-17|rohan.verma@examp...|    Delhi|  India|2025-11-13 09:43:37|2025-11-20 10:24:59|2025-11-13 09:43:37|manual__2025-11-2...|manual__2025-11-2...|
|         4|     Anaya|     Nair|Female|   2012-07-02|anaya.nair@exampl...|    Kochi|  India|2025-11-13 09:43:37|2025-11-20 10:24:59|2025-11-13 09:43:37|manual__2025-11-2...|manual__2025-11-2...|
|         5|    Vivaan|    Mehta|  Male|   2009-12-11|vivaan.mehta@exam...|   Mumbai|  India|2025-11-13 09:43:37|2025-11-20 10:24:59|2025-11-13 09:43:37|manual__2025-11-2...|manual__2025-11-2...|
|         6|      Isha|    Reddy|Female|   2011-02-25|isha.reddy@exampl...|Hyderabad|  India|2025-11-13 09:43:37|2025-11-20 10:24:59|2025-11-13 09:43:37|manual__2025-11-2...|manual__2025-11-2...|
|         7|     Kabir|    Singh|  Male|   2010-08-19|kabir.singh@examp...|   Jaipur|  India|2025-11-13 09:43:37|2025-11-20 10:24:59|2025-11-13 09:43:37|manual__2025-11-2...|manual__2025-11-2...|
+----------+----------+---------+------+-------------+--------------------+---------+-------+-------------------+-------------------+-------------------+--------------------+--------------------+

2026-02-05 12:22:02,755 - INFO - Adding insert_date and update_date to source_data for Bronze layer
2026-02-05 12:22:02,755 - INFO - Adding insert_date and update_date to source_data for Bronze layer
2026-02-05 12:22:02,807 - INFO - Collected SQL Source and Target Data for TruncateLoad
2026-02-05 12:22:02,807 - INFO - Collected SQL Source and Target Data for TruncateLoad
2026-02-05 12:22:02,808 - INFO - Checking if there is a schema change in truncate_load layer
2026-02-05 12:22:02,808 - INFO - Checking if there is a schema change in truncate_load layer
2026-02-05 12:22:02,808 - INFO - Fetching Data Dictionary Table
2026-02-05 12:22:02,808 - INFO - Fetching Data Dictionary Table
Schema change needed check: new_columns=[], changed_columns=[], columns_to_drop=['student_id', 'first_name', 'last_name', 'gender', 'date_of_birth', 'email', 'city', 'country', 'last_updated', 'insert_date', 'update_date', 'insert_run_id', 'update_run_id']
Schema change needed: True
2026-02-05 12:22:06,917 - INFO - Schema change detection results for student_info:
2026-02-05 12:22:06,917 - INFO - Schema change detection results for student_info:
2026-02-05 12:22:06,918 - INFO -   - New columns: 0 []
2026-02-05 12:22:06,918 - INFO -   - New columns: 0 []
2026-02-05 12:22:06,919 - INFO -   - Columns with type changes: 0 []
2026-02-05 12:22:06,919 - INFO -   - Columns with type changes: 0 []
2026-02-05 12:22:06,919 - INFO -   - Columns to drop: 13 ['student_id', 'first_name', 'last_name', 'gender', 'date_of_birth', 'email', 'city', 'country', 'last_updated', 'insert_date', 'update_date', 'insert_run_id', 'update_run_id']
2026-02-05 12:22:06,919 - INFO -   - Columns to drop: 13 ['student_id', 'first_name', 'last_name', 'gender', 'date_of_birth', 'email', 'city', 'country', 'last_updated', 'insert_date', 'update_date', 'insert_run_id', 'update_run_id']
2026-02-05 12:22:06,919 - INFO -   - Schema change needed: True
2026-02-05 12:22:06,919 - INFO -   - Schema change needed: True
2026-02-05 12:22:06,919 - INFO - Proceeding with schema updates for student_info since enable_dynamic_schema = 'Y'
2026-02-05 12:22:06,919 - INFO - Proceeding with schema updates for student_info since enable_dynamic_schema = 'Y'
2026-02-05 12:22:06,919 - INFO - FORCING SCHEMA UPDATE due to detected differences
2026-02-05 12:22:06,919 - INFO - FORCING SCHEMA UPDATE due to detected differences
Current columns in database: {'student_id': 'int', 'first_name': 'varchar(100)', 'last_name': 'varchar(100)', 'gender': 'varchar(10)', 'date_of_birth': 'date', 'email': 'varchar(255)', 'city': 'varchar(100)', 'country': 'varchar(100)', 'last_updated': 'timestamp', 'insert_date': 'timestamp', 'update_date': 'timestamp', 'insert_run_id': 'varchar(50)', 'update_run_id': 'varchar(50)'}
Found 0 entries in data dictionary
+-------------------+----------+-----------+----------+--------------+---------+---------------+------+---------------+-----+-----------+--------------+--------------+-----------+-----------+-----------+------------------+----------+----------+
|data_dictionary_key|config_key|schema_name|table_name|attribute_name|data_type|execution_layer|length|precision_value|scale|is_not_null|is_primary_key|is_foreign_key|active_flag|insert_date|update_date|column_description|created_by|updated_by|
+-------------------+----------+-----------+----------+--------------+---------+---------------+------+---------------+-----+-----------+--------------+--------------+-----------+-----------+-----------+------------------+----------+----------+
+-------------------+----------+-----------+----------+--------------+---------+---------------+------+---------------+-----+-----------+--------------+--------------+-----------+-----------+-----------+------------------+----------+----------+

Data dictionary lookup: {}
No entry found in data dictionary for config_key: 3016
Skipping schema update to prevent unintended column dropping.
MySQL connection is closed
2026-02-05 12:22:08,483 - ERROR - Failed to update schema for student_info
2026-02-05 12:22:08,483 - ERROR - Failed to update schema for student_info
2026-02-05 12:22:08,483 - INFO - Schema update failed for student_info - There is a error in schema change for this table student_info according to Data Dictionary Table
2026-02-05 12:22:08,483 - INFO - Schema update failed for student_info - There is a error in schema change for this table student_info according to Data Dictionary Table
2026-02-05 12:22:08,484 - INFO - Writing into Audit Table
2026-02-05 12:22:08,484 - INFO - Writing into Audit Table
+----------+-------------+--------------------+-------------+-------------+-----------------+----------------+--------------------+--------------------+------------------+-----------------+-----------------+-------------------+------+--------------------+
|config_key|    code_name|              run_id|source_system|  schema_name|target_table_name|source_file_name|          start_time|            end_time|inserted_row_count|updated_row_count|deleted_row_count|no_change_row_count|status|    last_pulled_time|
+----------+-------------+--------------------+-------------+-------------+-----------------+----------------+--------------------+--------------------+------------------+-----------------+-----------------+-------------------+------+--------------------+
|      3016|truncate_load|manual__2026-02-0...|        mysql|school_bronze|     student_info|              NA|2026-02-05 12:22:...|2026-02-05 12:22:...|                 0|                0|                0|                  0|  Fail|2026-02-05 12:22:...|
+----------+-------------+--------------------+-------------+-------------+-----------------+----------------+--------------------+--------------------+------------------+-----------------+-----------------+-------------------+------+--------------------+

Hi Check
1946
2026-02-05 12:22:11,772 - INFO - Writing error log to error table
2026-02-05 12:22:11,772 - INFO - Writing error log to error table
+----------+---------+-------------+--------------------+-------------+-------------+-----------------+----------------+--------------------+--------------------+
|config_key|audit_key|    code_name|              run_id|source_system|  schema_name|target_table_name|source_file_name|      execution_time|       error_details|
+----------+---------+-------------+--------------------+-------------+-------------+-----------------+----------------+--------------------+--------------------+
|      3016|     1946|truncate_load|manual__2026-02-0...|        mysql|school_bronze|     student_info|              NA|2026-02-05 12:22:...|Schema update fai...|
+----------+---------+-------------+--------------------+-------------+-------------+-----------------+----------------+--------------------+--------------------+

2026-02-05 12:22:13,879 - INFO - Loading Truncate&Load - student_info student_info is not completed
2026-02-05 12:22:13,879 - INFO - Loading Truncate&Load - student_info student_info is not completed
2026-02-05 12:22:13,879 - INFO - Loading Truncate&Load - student_info student_info is not completed

[2026-02-05T12:22:15.029+0000] {taskinstance.py:340} INFO - ::group::Post task execution logs
[2026-02-05T12:22:15.029+0000] {taskinstance.py:352} INFO - Marking task as SUCCESS. dag_id=Bronze_Dag_1, task_id=Bronze_Dag_1, run_id=manual__2026-02-05T12:21:29.741554+00:00, execution_date=20260205T122129, start_date=20260205T122130, end_date=20260205T122215
[2026-02-05T12:22:15.099+0000] {local_task_job_runner.py:266} INFO - Task exited with return code 0
[2026-02-05T12:22:15.129+0000] {taskinstance.py:3895} INFO - 0 downstream tasks scheduled from follow-on schedule check
[2026-02-05T12:22:15.136+0000] {local_task_job_runner.py:245} INFO - ::endgroup::
