[2026-01-29T15:00:51.013+0000] {local_task_job_runner.py:123} INFO - ::group::Pre task execution logs
[2026-01-29T15:00:51.031+0000] {taskinstance.py:2613} INFO - Dependencies all met for dep_context=non-requeueable deps ti=<TaskInstance: Silver_Dag_1.Silver_Dag_1 manual__2026-01-29T15:00:50.391861+00:00 [queued]>
[2026-01-29T15:00:51.040+0000] {taskinstance.py:2613} INFO - Dependencies all met for dep_context=requeueable deps ti=<TaskInstance: Silver_Dag_1.Silver_Dag_1 manual__2026-01-29T15:00:50.391861+00:00 [queued]>
[2026-01-29T15:00:51.040+0000] {taskinstance.py:2866} INFO - Starting attempt 1 of 1
[2026-01-29T15:00:51.052+0000] {taskinstance.py:2889} INFO - Executing <Task(PythonOperator): Silver_Dag_1> on 2026-01-29 15:00:50.391861+00:00
[2026-01-29T15:00:51.065+0000] {warnings.py:112} WARNING - /home/airflow/.local/lib/python3.12/site-packages/airflow/task/task_runner/standard_task_runner.py:70: DeprecationWarning: This process (pid=11083) is multi-threaded, use of fork() may lead to deadlocks in the child.
  pid = os.fork()

[2026-01-29T15:00:51.066+0000] {standard_task_runner.py:72} INFO - Started process 11084 to run task
[2026-01-29T15:00:51.070+0000] {standard_task_runner.py:104} INFO - Running: ['airflow', 'tasks', 'run', 'Silver_Dag_1', 'Silver_Dag_1', 'manual__2026-01-29T15:00:50.391861+00:00', '--job-id', '1188', '--raw', '--subdir', 'DAGS_FOLDER/silver_dag_1.py', '--cfg-path', '/tmp/tmp3kvhi3_1']
[2026-01-29T15:00:51.071+0000] {standard_task_runner.py:105} INFO - Job 1188: Subtask Silver_Dag_1
[2026-01-29T15:00:51.133+0000] {task_command.py:467} INFO - Running <TaskInstance: Silver_Dag_1.Silver_Dag_1 manual__2026-01-29T15:00:50.391861+00:00 [running]> on host eff5ec4100e1
[2026-01-29T15:00:51.239+0000] {taskinstance.py:3132} INFO - Exporting env vars: AIRFLOW_CTX_DAG_OWNER='airflow' AIRFLOW_CTX_DAG_ID='Silver_Dag_1' AIRFLOW_CTX_TASK_ID='Silver_Dag_1' AIRFLOW_CTX_EXECUTION_DATE='2026-01-29T15:00:50.391861+00:00' AIRFLOW_CTX_TRY_NUMBER='1' AIRFLOW_CTX_DAG_RUN_ID='manual__2026-01-29T15:00:50.391861+00:00'
[2026-01-29T15:00:51.240+0000] {taskinstance.py:731} INFO - ::endgroup::
[2026-01-29T15:00:51.257+0000] {logging_mixin.py:190} INFO - RunId for this task instance: manual__2026-01-29T15:00:50.391861+00:00
[2026-01-29T15:01:07.310+0000] {logging_mixin.py:190} INFO - ===== SPARK STDOUT =====
[2026-01-29T15:01:07.310+0000] {logging_mixin.py:190} INFO - :: loading settings :: url = jar:file:/opt/spark/jars/ivy-2.5.1.jar!/org/apache/ivy/core/settings/ivysettings.xml
Raw sys.argv: ['/opt/airflow/RedPluto-Data-Engineering-Tool/main_silver.py', 'manual__2026-01-29T15:00:50.391861+00:00', '{"user": "rpdet_az", "password": "***", "config_db": "config_db", "config_table": "config_table", "application_config": "application_config", "audit_table": "audit_table", "error_table": "error_table", "config_recon": "reconciliation_config", "data_dictionary_table": "data_dictionary_table", "recon_result": "recon_result", "DQ_config": "data_quality_config_table", "DQ_output": "data_quality_output_table", "url": "jdbc:postgresql://74.225.252.224:5432", "driver": "org.postgresql.Driver", "mysql_url": "jdbc:mysql://74.225.252.224:3306", "mysql_driver": "com.mysql.cj.jdbc.Driver", "reference_table": "reference_table", "log_path": "/opt/airflow/spark_logs", "dq_log_path": "/opt/airflow/data_quality_logs", "string_default": "NA", "int_default": 0, "date_default": "01/01/2099"}']
app_prop: {'user': 'rpdet_az', 'password': '***', 'config_db': 'config_db', 'config_table': 'config_table', 'application_config': 'application_config', 'audit_table': 'audit_table', 'error_table': 'error_table', 'config_recon': 'reconciliation_config', 'data_dictionary_table': 'data_dictionary_table', 'recon_result': 'recon_result', 'DQ_config': 'data_quality_config_table', 'DQ_output': 'data_quality_output_table', 'url': 'jdbc:postgresql://74.225.252.224:5432', 'driver': 'org.postgresql.Driver', 'mysql_url': 'jdbc:mysql://74.225.252.224:3306', 'mysql_driver': 'com.mysql.cj.jdbc.Driver', 'reference_table': 'reference_table', 'log_path': '/opt/airflow/spark_logs', 'dq_log_path': '/opt/airflow/data_quality_logs', 'string_default': 'NA', 'int_default': 0, 'date_default': '01/01/2099'}
2026-01-29 15:01:06,478 - INFO - Fetching config table
2026-01-29 15:01:06,503 - ERROR - Error in reading config table: 'application_config_data'
[2026-01-29T15:01:07.311+0000] {logging_mixin.py:190} INFO - ===== SPARK STDERR =====
[2026-01-29T15:01:07.311+0000] {logging_mixin.py:190} INFO - Ivy Default Cache set to: /home/airflow/.ivy2/cache
The jars for the packages stored in: /home/airflow/.ivy2/jars
com.crealytics#spark-excel_2.12 added as a dependency
:: resolving dependencies :: org.apache.spark#spark-submit-parent-8c695bab-7d22-4c9d-8cfe-a053bf918882;1.0
	confs: [default]
	found com.crealytics#spark-excel_2.12;0.13.5 in central
	found org.apache.poi#poi;4.1.2 in central
	found commons-codec#commons-codec;1.13 in central
	found org.apache.commons#commons-collections4;4.4 in central
	found org.apache.commons#commons-math3;3.6.1 in central
	found com.zaxxer#SparseBitSet;1.2 in central
	found org.apache.poi#poi-ooxml;4.1.2 in central
	found org.apache.poi#poi-ooxml-schemas;4.1.2 in central
	found org.apache.xmlbeans#xmlbeans;3.1.0 in central
	found com.github.virtuald#curvesapi;1.06 in central
	found com.norbitltd#spoiwo_2.12;1.7.0 in central
	found org.scala-lang.modules#scala-xml_2.12;1.2.0 in central
	found com.github.pjfanning#excel-streaming-reader;2.3.4 in central
	found com.github.pjfanning#poi-shared-strings;1.0.4 in central
	found com.h2database#h2;1.4.200 in central
	found org.apache.commons#commons-text;1.8 in central
	found org.apache.commons#commons-lang3;3.9 in central
	found xml-apis#xml-apis;1.4.01 in central
	found org.slf4j#slf4j-api;1.7.30 in central
	found org.apache.commons#commons-compress;1.20 in central
	found com.fasterxml.jackson.core#jackson-core;2.8.8 in central
:: resolution report :: resolve 1176ms :: artifacts dl 49ms
	:: modules in use:
	com.crealytics#spark-excel_2.12;0.13.5 from central in [default]
	com.fasterxml.jackson.core#jackson-core;2.8.8 from central in [default]
	com.github.pjfanning#excel-streaming-reader;2.3.4 from central in [default]
	com.github.pjfanning#poi-shared-strings;1.0.4 from central in [default]
	com.github.virtuald#curvesapi;1.06 from central in [default]
	com.h2database#h2;1.4.200 from central in [default]
	com.norbitltd#spoiwo_2.12;1.7.0 from central in [default]
	com.zaxxer#SparseBitSet;1.2 from central in [default]
	commons-codec#commons-codec;1.13 from central in [default]
	org.apache.commons#commons-collections4;4.4 from central in [default]
	org.apache.commons#commons-compress;1.20 from central in [default]
	org.apache.commons#commons-lang3;3.9 from central in [default]
	org.apache.commons#commons-math3;3.6.1 from central in [default]
	org.apache.commons#commons-text;1.8 from central in [default]
	org.apache.poi#poi;4.1.2 from central in [default]
	org.apache.poi#poi-ooxml;4.1.2 from central in [default]
	org.apache.poi#poi-ooxml-schemas;4.1.2 from central in [default]
	org.apache.xmlbeans#xmlbeans;3.1.0 from central in [default]
	org.scala-lang.modules#scala-xml_2.12;1.2.0 from central in [default]
	org.slf4j#slf4j-api;1.7.30 from central in [default]
	xml-apis#xml-apis;1.4.01 from central in [default]
	:: evicted modules:
	org.apache.commons#commons-compress;1.19 by [org.apache.commons#commons-compress;1.20] in [default]
	---------------------------------------------------------------------
	|                  |            modules            ||   artifacts   |
	|       conf       | number| search|dwnlded|evicted|| number|dwnlded|
	---------------------------------------------------------------------
	|      default     |   22  |   0   |   0   |   1   ||   21  |   0   |
	---------------------------------------------------------------------
:: retrieving :: org.apache.spark#spark-submit-parent-8c695bab-7d22-4c9d-8cfe-a053bf918882
	confs: [default]
	0 artifacts copied, 21 already retrieved (0kB/51ms)
26/01/29 15:00:56 WARN NativeCodeLoader: Unable to load native-hadoop library for your platform... using builtin-java classes where applicable
26/01/29 15:00:59 INFO SparkContext: Running Spark version 3.5.5
26/01/29 15:00:59 INFO SparkContext: OS info Linux, 6.14.0-1017-azure, amd64
26/01/29 15:00:59 INFO SparkContext: Java version 17.0.16
26/01/29 15:00:59 INFO ResourceUtils: ==============================================================
26/01/29 15:00:59 INFO ResourceUtils: No custom resources configured for spark.driver.
26/01/29 15:00:59 INFO ResourceUtils: ==============================================================
26/01/29 15:00:59 INFO SparkContext: Submitted application: audit
26/01/29 15:00:59 INFO ResourceProfile: Default ResourceProfile created, executor resources: Map(cores -> name: cores, amount: 1, script: , vendor: , memory -> name: memory, amount: 1024, script: , vendor: , offHeap -> name: offHeap, amount: 0, script: , vendor: ), task resources: Map(cpus -> name: cpus, amount: 1.0)
26/01/29 15:00:59 INFO ResourceProfile: Limiting resource is cpu
26/01/29 15:00:59 INFO ResourceProfileManager: Added ResourceProfile id: 0
26/01/29 15:00:59 INFO SecurityManager: Changing view acls to: default
26/01/29 15:00:59 INFO SecurityManager: Changing modify acls to: default
26/01/29 15:00:59 INFO SecurityManager: Changing view acls groups to: 
26/01/29 15:00:59 INFO SecurityManager: Changing modify acls groups to: 
26/01/29 15:00:59 INFO SecurityManager: SecurityManager: authentication disabled; ui acls disabled; users with view permissions: default; groups with view permissions: EMPTY; users with modify permissions: default; groups with modify permissions: EMPTY
26/01/29 15:01:00 INFO Utils: Successfully started service 'sparkDriver' on port 45795.
26/01/29 15:01:00 INFO SparkEnv: Registering MapOutputTracker
26/01/29 15:01:00 INFO SparkEnv: Registering BlockManagerMaster
26/01/29 15:01:00 INFO BlockManagerMasterEndpoint: Using org.apache.spark.storage.DefaultTopologyMapper for getting topology information
26/01/29 15:01:00 INFO BlockManagerMasterEndpoint: BlockManagerMasterEndpoint up
26/01/29 15:01:00 INFO SparkEnv: Registering BlockManagerMasterHeartbeat
26/01/29 15:01:00 INFO DiskBlockManager: Created local directory at /tmp/blockmgr-9d34891d-adb6-4ec1-8781-f85b1fc6e86d
26/01/29 15:01:00 INFO MemoryStore: MemoryStore started with capacity 434.4 MiB
26/01/29 15:01:00 INFO SparkEnv: Registering OutputCommitCoordinator
26/01/29 15:01:00 INFO JettyUtils: Start Jetty 0.0.0.0:4040 for SparkUI
26/01/29 15:01:01 INFO Utils: Successfully started service 'SparkUI' on port 4040.
26/01/29 15:01:01 ERROR SparkContext: Failed to add mysql-connector-j-8.0.33.jar to Spark environment
java.io.FileNotFoundException: Jar /opt/airflow/mysql-connector-j-8.0.33.jar not found
	at org.apache.spark.SparkContext.addLocalJarFile$1(SparkContext.scala:2095)
	at org.apache.spark.SparkContext.addJar(SparkContext.scala:2151)
	at org.apache.spark.SparkContext.$anonfun$new$15(SparkContext.scala:521)
	at org.apache.spark.SparkContext.$anonfun$new$15$adapted(SparkContext.scala:521)
	at scala.collection.mutable.ResizableArray.foreach(ResizableArray.scala:62)
	at scala.collection.mutable.ResizableArray.foreach$(ResizableArray.scala:55)
	at scala.collection.mutable.ArrayBuffer.foreach(ArrayBuffer.scala:49)
	at org.apache.spark.SparkContext.<init>(SparkContext.scala:521)
	at org.apache.spark.api.java.JavaSparkContext.<init>(JavaSparkContext.scala:58)
	at java.base/jdk.internal.reflect.NativeConstructorAccessorImpl.newInstance0(Native Method)
	at java.base/jdk.internal.reflect.NativeConstructorAccessorImpl.newInstance(NativeConstructorAccessorImpl.java:77)
	at java.base/jdk.internal.reflect.DelegatingConstructorAccessorImpl.newInstance(DelegatingConstructorAccessorImpl.java:45)
	at java.base/java.lang.reflect.Constructor.newInstanceWithCaller(Constructor.java:500)
	at java.base/java.lang.reflect.Constructor.newInstance(Constructor.java:481)
	at py4j.reflection.MethodInvoker.invoke(MethodInvoker.java:247)
	at py4j.reflection.ReflectionEngine.invoke(ReflectionEngine.java:374)
	at py4j.Gateway.invoke(Gateway.java:238)
	at py4j.commands.ConstructorCommand.invokeConstructor(ConstructorCommand.java:80)
	at py4j.commands.ConstructorCommand.execute(ConstructorCommand.java:69)
	at py4j.ClientServerConnection.waitForCommands(ClientServerConnection.java:182)
	at py4j.ClientServerConnection.run(ClientServerConnection.java:106)
	at java.base/java.lang.Thread.run(Thread.java:840)
26/01/29 15:01:01 INFO SparkContext: Added file file:///home/airflow/.ivy2/jars/com.crealytics_spark-excel_2.12-0.13.5.jar at file:///home/airflow/.ivy2/jars/com.crealytics_spark-excel_2.12-0.13.5.jar with timestamp 1769698859310
26/01/29 15:01:01 INFO Utils: Copying /home/airflow/.ivy2/jars/com.crealytics_spark-excel_2.12-0.13.5.jar to /tmp/spark-451fd003-f5fe-447c-9df1-c3194eb82c64/userFiles-aa05d514-8b41-4696-bdb0-3562996512d7/com.crealytics_spark-excel_2.12-0.13.5.jar
26/01/29 15:01:01 INFO SparkContext: Added file file:///home/airflow/.ivy2/jars/org.apache.poi_poi-4.1.2.jar at file:///home/airflow/.ivy2/jars/org.apache.poi_poi-4.1.2.jar with timestamp 1769698859310
26/01/29 15:01:01 INFO Utils: Copying /home/airflow/.ivy2/jars/org.apache.poi_poi-4.1.2.jar to /tmp/spark-451fd003-f5fe-447c-9df1-c3194eb82c64/userFiles-aa05d514-8b41-4696-bdb0-3562996512d7/org.apache.poi_poi-4.1.2.jar
26/01/29 15:01:01 INFO SparkContext: Added file file:///home/airflow/.ivy2/jars/org.apache.poi_poi-ooxml-4.1.2.jar at file:///home/airflow/.ivy2/jars/org.apache.poi_poi-ooxml-4.1.2.jar with timestamp 1769698859310
26/01/29 15:01:01 INFO Utils: Copying /home/airflow/.ivy2/jars/org.apache.poi_poi-ooxml-4.1.2.jar to /tmp/spark-451fd003-f5fe-447c-9df1-c3194eb82c64/userFiles-aa05d514-8b41-4696-bdb0-3562996512d7/org.apache.poi_poi-ooxml-4.1.2.jar
26/01/29 15:01:01 INFO SparkContext: Added file file:///home/airflow/.ivy2/jars/com.norbitltd_spoiwo_2.12-1.7.0.jar at file:///home/airflow/.ivy2/jars/com.norbitltd_spoiwo_2.12-1.7.0.jar with timestamp 1769698859310
26/01/29 15:01:01 INFO Utils: Copying /home/airflow/.ivy2/jars/com.norbitltd_spoiwo_2.12-1.7.0.jar to /tmp/spark-451fd003-f5fe-447c-9df1-c3194eb82c64/userFiles-aa05d514-8b41-4696-bdb0-3562996512d7/com.norbitltd_spoiwo_2.12-1.7.0.jar
26/01/29 15:01:01 INFO SparkContext: Added file file:///home/airflow/.ivy2/jars/com.github.pjfanning_excel-streaming-reader-2.3.4.jar at file:///home/airflow/.ivy2/jars/com.github.pjfanning_excel-streaming-reader-2.3.4.jar with timestamp 1769698859310
26/01/29 15:01:01 INFO Utils: Copying /home/airflow/.ivy2/jars/com.github.pjfanning_excel-streaming-reader-2.3.4.jar to /tmp/spark-451fd003-f5fe-447c-9df1-c3194eb82c64/userFiles-aa05d514-8b41-4696-bdb0-3562996512d7/com.github.pjfanning_excel-streaming-reader-2.3.4.jar
26/01/29 15:01:01 INFO SparkContext: Added file file:///home/airflow/.ivy2/jars/com.github.pjfanning_poi-shared-strings-1.0.4.jar at file:///home/airflow/.ivy2/jars/com.github.pjfanning_poi-shared-strings-1.0.4.jar with timestamp 1769698859310
26/01/29 15:01:01 INFO Utils: Copying /home/airflow/.ivy2/jars/com.github.pjfanning_poi-shared-strings-1.0.4.jar to /tmp/spark-451fd003-f5fe-447c-9df1-c3194eb82c64/userFiles-aa05d514-8b41-4696-bdb0-3562996512d7/com.github.pjfanning_poi-shared-strings-1.0.4.jar
26/01/29 15:01:01 INFO SparkContext: Added file file:///home/airflow/.ivy2/jars/org.apache.commons_commons-compress-1.20.jar at file:///home/airflow/.ivy2/jars/org.apache.commons_commons-compress-1.20.jar with timestamp 1769698859310
26/01/29 15:01:01 INFO Utils: Copying /home/airflow/.ivy2/jars/org.apache.commons_commons-compress-1.20.jar to /tmp/spark-451fd003-f5fe-447c-9df1-c3194eb82c64/userFiles-aa05d514-8b41-4696-bdb0-3562996512d7/org.apache.commons_commons-compress-1.20.jar
26/01/29 15:01:01 INFO SparkContext: Added file file:///home/airflow/.ivy2/jars/com.fasterxml.jackson.core_jackson-core-2.8.8.jar at file:///home/airflow/.ivy2/jars/com.fasterxml.jackson.core_jackson-core-2.8.8.jar with timestamp 1769698859310
26/01/29 15:01:01 INFO Utils: Copying /home/airflow/.ivy2/jars/com.fasterxml.jackson.core_jackson-core-2.8.8.jar to /tmp/spark-451fd003-f5fe-447c-9df1-c3194eb82c64/userFiles-aa05d514-8b41-4696-bdb0-3562996512d7/com.fasterxml.jackson.core_jackson-core-2.8.8.jar
26/01/29 15:01:01 INFO SparkContext: Added file file:///home/airflow/.ivy2/jars/commons-codec_commons-codec-1.13.jar at file:///home/airflow/.ivy2/jars/commons-codec_commons-codec-1.13.jar with timestamp 1769698859310
26/01/29 15:01:01 INFO Utils: Copying /home/airflow/.ivy2/jars/commons-codec_commons-codec-1.13.jar to /tmp/spark-451fd003-f5fe-447c-9df1-c3194eb82c64/userFiles-aa05d514-8b41-4696-bdb0-3562996512d7/commons-codec_commons-codec-1.13.jar
26/01/29 15:01:01 INFO SparkContext: Added file file:///home/airflow/.ivy2/jars/org.apache.commons_commons-collections4-4.4.jar at file:///home/airflow/.ivy2/jars/org.apache.commons_commons-collections4-4.4.jar with timestamp 1769698859310
26/01/29 15:01:01 INFO Utils: Copying /home/airflow/.ivy2/jars/org.apache.commons_commons-collections4-4.4.jar to /tmp/spark-451fd003-f5fe-447c-9df1-c3194eb82c64/userFiles-aa05d514-8b41-4696-bdb0-3562996512d7/org.apache.commons_commons-collections4-4.4.jar
26/01/29 15:01:01 INFO SparkContext: Added file file:///home/airflow/.ivy2/jars/org.apache.commons_commons-math3-3.6.1.jar at file:///home/airflow/.ivy2/jars/org.apache.commons_commons-math3-3.6.1.jar with timestamp 1769698859310
26/01/29 15:01:01 INFO Utils: Copying /home/airflow/.ivy2/jars/org.apache.commons_commons-math3-3.6.1.jar to /tmp/spark-451fd003-f5fe-447c-9df1-c3194eb82c64/userFiles-aa05d514-8b41-4696-bdb0-3562996512d7/org.apache.commons_commons-math3-3.6.1.jar
26/01/29 15:01:01 INFO SparkContext: Added file file:///home/airflow/.ivy2/jars/com.zaxxer_SparseBitSet-1.2.jar at file:///home/airflow/.ivy2/jars/com.zaxxer_SparseBitSet-1.2.jar with timestamp 1769698859310
26/01/29 15:01:01 INFO Utils: Copying /home/airflow/.ivy2/jars/com.zaxxer_SparseBitSet-1.2.jar to /tmp/spark-451fd003-f5fe-447c-9df1-c3194eb82c64/userFiles-aa05d514-8b41-4696-bdb0-3562996512d7/com.zaxxer_SparseBitSet-1.2.jar
26/01/29 15:01:01 INFO SparkContext: Added file file:///home/airflow/.ivy2/jars/org.apache.poi_poi-ooxml-schemas-4.1.2.jar at file:///home/airflow/.ivy2/jars/org.apache.poi_poi-ooxml-schemas-4.1.2.jar with timestamp 1769698859310
26/01/29 15:01:01 INFO Utils: Copying /home/airflow/.ivy2/jars/org.apache.poi_poi-ooxml-schemas-4.1.2.jar to /tmp/spark-451fd003-f5fe-447c-9df1-c3194eb82c64/userFiles-aa05d514-8b41-4696-bdb0-3562996512d7/org.apache.poi_poi-ooxml-schemas-4.1.2.jar
26/01/29 15:01:01 INFO SparkContext: Added file file:///home/airflow/.ivy2/jars/com.github.virtuald_curvesapi-1.06.jar at file:///home/airflow/.ivy2/jars/com.github.virtuald_curvesapi-1.06.jar with timestamp 1769698859310
26/01/29 15:01:01 INFO Utils: Copying /home/airflow/.ivy2/jars/com.github.virtuald_curvesapi-1.06.jar to /tmp/spark-451fd003-f5fe-447c-9df1-c3194eb82c64/userFiles-aa05d514-8b41-4696-bdb0-3562996512d7/com.github.virtuald_curvesapi-1.06.jar
26/01/29 15:01:01 INFO SparkContext: Added file file:///home/airflow/.ivy2/jars/org.apache.xmlbeans_xmlbeans-3.1.0.jar at file:///home/airflow/.ivy2/jars/org.apache.xmlbeans_xmlbeans-3.1.0.jar with timestamp 1769698859310
26/01/29 15:01:01 INFO Utils: Copying /home/airflow/.ivy2/jars/org.apache.xmlbeans_xmlbeans-3.1.0.jar to /tmp/spark-451fd003-f5fe-447c-9df1-c3194eb82c64/userFiles-aa05d514-8b41-4696-bdb0-3562996512d7/org.apache.xmlbeans_xmlbeans-3.1.0.jar
26/01/29 15:01:01 INFO SparkContext: Added file file:///home/airflow/.ivy2/jars/org.scala-lang.modules_scala-xml_2.12-1.2.0.jar at file:///home/airflow/.ivy2/jars/org.scala-lang.modules_scala-xml_2.12-1.2.0.jar with timestamp 1769698859310
26/01/29 15:01:01 INFO Utils: Copying /home/airflow/.ivy2/jars/org.scala-lang.modules_scala-xml_2.12-1.2.0.jar to /tmp/spark-451fd003-f5fe-447c-9df1-c3194eb82c64/userFiles-aa05d514-8b41-4696-bdb0-3562996512d7/org.scala-lang.modules_scala-xml_2.12-1.2.0.jar
26/01/29 15:01:01 INFO SparkContext: Added file file:///home/airflow/.ivy2/jars/xml-apis_xml-apis-1.4.01.jar at file:///home/airflow/.ivy2/jars/xml-apis_xml-apis-1.4.01.jar with timestamp 1769698859310
26/01/29 15:01:01 INFO Utils: Copying /home/airflow/.ivy2/jars/xml-apis_xml-apis-1.4.01.jar to /tmp/spark-451fd003-f5fe-447c-9df1-c3194eb82c64/userFiles-aa05d514-8b41-4696-bdb0-3562996512d7/xml-apis_xml-apis-1.4.01.jar
26/01/29 15:01:01 INFO SparkContext: Added file file:///home/airflow/.ivy2/jars/org.slf4j_slf4j-api-1.7.30.jar at file:///home/airflow/.ivy2/jars/org.slf4j_slf4j-api-1.7.30.jar with timestamp 1769698859310
26/01/29 15:01:01 INFO Utils: Copying /home/airflow/.ivy2/jars/org.slf4j_slf4j-api-1.7.30.jar to /tmp/spark-451fd003-f5fe-447c-9df1-c3194eb82c64/userFiles-aa05d514-8b41-4696-bdb0-3562996512d7/org.slf4j_slf4j-api-1.7.30.jar
26/01/29 15:01:01 INFO SparkContext: Added file file:///home/airflow/.ivy2/jars/com.h2database_h2-1.4.200.jar at file:///home/airflow/.ivy2/jars/com.h2database_h2-1.4.200.jar with timestamp 1769698859310
26/01/29 15:01:01 INFO Utils: Copying /home/airflow/.ivy2/jars/com.h2database_h2-1.4.200.jar to /tmp/spark-451fd003-f5fe-447c-9df1-c3194eb82c64/userFiles-aa05d514-8b41-4696-bdb0-3562996512d7/com.h2database_h2-1.4.200.jar
26/01/29 15:01:01 INFO SparkContext: Added file file:///home/airflow/.ivy2/jars/org.apache.commons_commons-text-1.8.jar at file:///home/airflow/.ivy2/jars/org.apache.commons_commons-text-1.8.jar with timestamp 1769698859310
26/01/29 15:01:01 INFO Utils: Copying /home/airflow/.ivy2/jars/org.apache.commons_commons-text-1.8.jar to /tmp/spark-451fd003-f5fe-447c-9df1-c3194eb82c64/userFiles-aa05d514-8b41-4696-bdb0-3562996512d7/org.apache.commons_commons-text-1.8.jar
26/01/29 15:01:01 INFO SparkContext: Added file file:///home/airflow/.ivy2/jars/org.apache.commons_commons-lang3-3.9.jar at file:///home/airflow/.ivy2/jars/org.apache.commons_commons-lang3-3.9.jar with timestamp 1769698859310
26/01/29 15:01:01 INFO Utils: Copying /home/airflow/.ivy2/jars/org.apache.commons_commons-lang3-3.9.jar to /tmp/spark-451fd003-f5fe-447c-9df1-c3194eb82c64/userFiles-aa05d514-8b41-4696-bdb0-3562996512d7/org.apache.commons_commons-lang3-3.9.jar
26/01/29 15:01:01 INFO Executor: Starting executor ID driver on host eff5ec4100e1
26/01/29 15:01:01 INFO Executor: OS info Linux, 6.14.0-1017-azure, amd64
26/01/29 15:01:01 INFO Executor: Java version 17.0.16
26/01/29 15:01:01 INFO Executor: Starting executor with user classpath (userClassPathFirst = false): ''
26/01/29 15:01:01 INFO Executor: Created or updated repl class loader org.apache.spark.util.MutableURLClassLoader@11ca564e for default.
26/01/29 15:01:01 INFO Executor: Fetching file:///home/airflow/.ivy2/jars/commons-codec_commons-codec-1.13.jar with timestamp 1769698859310
26/01/29 15:01:01 INFO Utils: /home/airflow/.ivy2/jars/commons-codec_commons-codec-1.13.jar has been previously copied to /tmp/spark-451fd003-f5fe-447c-9df1-c3194eb82c64/userFiles-aa05d514-8b41-4696-bdb0-3562996512d7/commons-codec_commons-codec-1.13.jar
26/01/29 15:01:01 INFO Executor: Fetching file:///home/airflow/.ivy2/jars/xml-apis_xml-apis-1.4.01.jar with timestamp 1769698859310
26/01/29 15:01:01 INFO Utils: /home/airflow/.ivy2/jars/xml-apis_xml-apis-1.4.01.jar has been previously copied to /tmp/spark-451fd003-f5fe-447c-9df1-c3194eb82c64/userFiles-aa05d514-8b41-4696-bdb0-3562996512d7/xml-apis_xml-apis-1.4.01.jar
26/01/29 15:01:01 INFO Executor: Fetching file:///home/airflow/.ivy2/jars/com.zaxxer_SparseBitSet-1.2.jar with timestamp 1769698859310
26/01/29 15:01:01 INFO Utils: /home/airflow/.ivy2/jars/com.zaxxer_SparseBitSet-1.2.jar has been previously copied to /tmp/spark-451fd003-f5fe-447c-9df1-c3194eb82c64/userFiles-aa05d514-8b41-4696-bdb0-3562996512d7/com.zaxxer_SparseBitSet-1.2.jar
26/01/29 15:01:01 INFO Executor: Fetching file:///home/airflow/.ivy2/jars/org.apache.commons_commons-compress-1.20.jar with timestamp 1769698859310
26/01/29 15:01:01 INFO Utils: /home/airflow/.ivy2/jars/org.apache.commons_commons-compress-1.20.jar has been previously copied to /tmp/spark-451fd003-f5fe-447c-9df1-c3194eb82c64/userFiles-aa05d514-8b41-4696-bdb0-3562996512d7/org.apache.commons_commons-compress-1.20.jar
26/01/29 15:01:01 INFO Executor: Fetching file:///home/airflow/.ivy2/jars/org.slf4j_slf4j-api-1.7.30.jar with timestamp 1769698859310
26/01/29 15:01:01 INFO Utils: /home/airflow/.ivy2/jars/org.slf4j_slf4j-api-1.7.30.jar has been previously copied to /tmp/spark-451fd003-f5fe-447c-9df1-c3194eb82c64/userFiles-aa05d514-8b41-4696-bdb0-3562996512d7/org.slf4j_slf4j-api-1.7.30.jar
26/01/29 15:01:01 INFO Executor: Fetching file:///home/airflow/.ivy2/jars/org.apache.xmlbeans_xmlbeans-3.1.0.jar with timestamp 1769698859310
26/01/29 15:01:01 INFO Utils: /home/airflow/.ivy2/jars/org.apache.xmlbeans_xmlbeans-3.1.0.jar has been previously copied to /tmp/spark-451fd003-f5fe-447c-9df1-c3194eb82c64/userFiles-aa05d514-8b41-4696-bdb0-3562996512d7/org.apache.xmlbeans_xmlbeans-3.1.0.jar
26/01/29 15:01:01 INFO Executor: Fetching file:///home/airflow/.ivy2/jars/org.apache.poi_poi-ooxml-4.1.2.jar with timestamp 1769698859310
26/01/29 15:01:01 INFO Utils: /home/airflow/.ivy2/jars/org.apache.poi_poi-ooxml-4.1.2.jar has been previously copied to /tmp/spark-451fd003-f5fe-447c-9df1-c3194eb82c64/userFiles-aa05d514-8b41-4696-bdb0-3562996512d7/org.apache.poi_poi-ooxml-4.1.2.jar
26/01/29 15:01:01 INFO Executor: Fetching file:///home/airflow/.ivy2/jars/com.github.virtuald_curvesapi-1.06.jar with timestamp 1769698859310
26/01/29 15:01:01 INFO Utils: /home/airflow/.ivy2/jars/com.github.virtuald_curvesapi-1.06.jar has been previously copied to /tmp/spark-451fd003-f5fe-447c-9df1-c3194eb82c64/userFiles-aa05d514-8b41-4696-bdb0-3562996512d7/com.github.virtuald_curvesapi-1.06.jar
26/01/29 15:01:01 INFO Executor: Fetching file:///home/airflow/.ivy2/jars/com.crealytics_spark-excel_2.12-0.13.5.jar with timestamp 1769698859310
26/01/29 15:01:01 INFO Utils: /home/airflow/.ivy2/jars/com.crealytics_spark-excel_2.12-0.13.5.jar has been previously copied to /tmp/spark-451fd003-f5fe-447c-9df1-c3194eb82c64/userFiles-aa05d514-8b41-4696-bdb0-3562996512d7/com.crealytics_spark-excel_2.12-0.13.5.jar
26/01/29 15:01:02 INFO Executor: Fetching file:///home/airflow/.ivy2/jars/org.apache.commons_commons-collections4-4.4.jar with timestamp 1769698859310
26/01/29 15:01:02 INFO Utils: /home/airflow/.ivy2/jars/org.apache.commons_commons-collections4-4.4.jar has been previously copied to /tmp/spark-451fd003-f5fe-447c-9df1-c3194eb82c64/userFiles-aa05d514-8b41-4696-bdb0-3562996512d7/org.apache.commons_commons-collections4-4.4.jar
26/01/29 15:01:02 INFO Executor: Fetching file:///home/airflow/.ivy2/jars/com.github.pjfanning_poi-shared-strings-1.0.4.jar with timestamp 1769698859310
26/01/29 15:01:02 INFO Utils: /home/airflow/.ivy2/jars/com.github.pjfanning_poi-shared-strings-1.0.4.jar has been previously copied to /tmp/spark-451fd003-f5fe-447c-9df1-c3194eb82c64/userFiles-aa05d514-8b41-4696-bdb0-3562996512d7/com.github.pjfanning_poi-shared-strings-1.0.4.jar
26/01/29 15:01:02 INFO Executor: Fetching file:///home/airflow/.ivy2/jars/com.h2database_h2-1.4.200.jar with timestamp 1769698859310
26/01/29 15:01:02 INFO Utils: /home/airflow/.ivy2/jars/com.h2database_h2-1.4.200.jar has been previously copied to /tmp/spark-451fd003-f5fe-447c-9df1-c3194eb82c64/userFiles-aa05d514-8b41-4696-bdb0-3562996512d7/com.h2database_h2-1.4.200.jar
26/01/29 15:01:02 INFO Executor: Fetching file:///home/airflow/.ivy2/jars/org.apache.commons_commons-math3-3.6.1.jar with timestamp 1769698859310
26/01/29 15:01:02 INFO Utils: /home/airflow/.ivy2/jars/org.apache.commons_commons-math3-3.6.1.jar has been previously copied to /tmp/spark-451fd003-f5fe-447c-9df1-c3194eb82c64/userFiles-aa05d514-8b41-4696-bdb0-3562996512d7/org.apache.commons_commons-math3-3.6.1.jar
26/01/29 15:01:02 INFO Executor: Fetching file:///home/airflow/.ivy2/jars/com.github.pjfanning_excel-streaming-reader-2.3.4.jar with timestamp 1769698859310
26/01/29 15:01:02 INFO Utils: /home/airflow/.ivy2/jars/com.github.pjfanning_excel-streaming-reader-2.3.4.jar has been previously copied to /tmp/spark-451fd003-f5fe-447c-9df1-c3194eb82c64/userFiles-aa05d514-8b41-4696-bdb0-3562996512d7/com.github.pjfanning_excel-streaming-reader-2.3.4.jar
26/01/29 15:01:02 INFO Executor: Fetching file:///home/airflow/.ivy2/jars/com.fasterxml.jackson.core_jackson-core-2.8.8.jar with timestamp 1769698859310
26/01/29 15:01:02 INFO Utils: /home/airflow/.ivy2/jars/com.fasterxml.jackson.core_jackson-core-2.8.8.jar has been previously copied to /tmp/spark-451fd003-f5fe-447c-9df1-c3194eb82c64/userFiles-aa05d514-8b41-4696-bdb0-3562996512d7/com.fasterxml.jackson.core_jackson-core-2.8.8.jar
26/01/29 15:01:02 INFO Executor: Fetching file:///home/airflow/.ivy2/jars/org.apache.commons_commons-lang3-3.9.jar with timestamp 1769698859310
26/01/29 15:01:02 INFO Utils: /home/airflow/.ivy2/jars/org.apache.commons_commons-lang3-3.9.jar has been previously copied to /tmp/spark-451fd003-f5fe-447c-9df1-c3194eb82c64/userFiles-aa05d514-8b41-4696-bdb0-3562996512d7/org.apache.commons_commons-lang3-3.9.jar
26/01/29 15:01:02 INFO Executor: Fetching file:///home/airflow/.ivy2/jars/org.apache.poi_poi-ooxml-schemas-4.1.2.jar with timestamp 1769698859310
26/01/29 15:01:02 INFO Utils: /home/airflow/.ivy2/jars/org.apache.poi_poi-ooxml-schemas-4.1.2.jar has been previously copied to /tmp/spark-451fd003-f5fe-447c-9df1-c3194eb82c64/userFiles-aa05d514-8b41-4696-bdb0-3562996512d7/org.apache.poi_poi-ooxml-schemas-4.1.2.jar
26/01/29 15:01:02 INFO Executor: Fetching file:///home/airflow/.ivy2/jars/org.scala-lang.modules_scala-xml_2.12-1.2.0.jar with timestamp 1769698859310
26/01/29 15:01:02 INFO Utils: /home/airflow/.ivy2/jars/org.scala-lang.modules_scala-xml_2.12-1.2.0.jar has been previously copied to /tmp/spark-451fd003-f5fe-447c-9df1-c3194eb82c64/userFiles-aa05d514-8b41-4696-bdb0-3562996512d7/org.scala-lang.modules_scala-xml_2.12-1.2.0.jar
26/01/29 15:01:02 INFO Executor: Fetching file:///home/airflow/.ivy2/jars/com.norbitltd_spoiwo_2.12-1.7.0.jar with timestamp 1769698859310
26/01/29 15:01:02 INFO Utils: /home/airflow/.ivy2/jars/com.norbitltd_spoiwo_2.12-1.7.0.jar has been previously copied to /tmp/spark-451fd003-f5fe-447c-9df1-c3194eb82c64/userFiles-aa05d514-8b41-4696-bdb0-3562996512d7/com.norbitltd_spoiwo_2.12-1.7.0.jar
26/01/29 15:01:02 INFO Executor: Fetching file:///home/airflow/.ivy2/jars/org.apache.poi_poi-4.1.2.jar with timestamp 1769698859310
26/01/29 15:01:02 INFO Utils: /home/airflow/.ivy2/jars/org.apache.poi_poi-4.1.2.jar has been previously copied to /tmp/spark-451fd003-f5fe-447c-9df1-c3194eb82c64/userFiles-aa05d514-8b41-4696-bdb0-3562996512d7/org.apache.poi_poi-4.1.2.jar
26/01/29 15:01:02 INFO Executor: Fetching file:///home/airflow/.ivy2/jars/org.apache.commons_commons-text-1.8.jar with timestamp 1769698859310
26/01/29 15:01:02 INFO Utils: /home/airflow/.ivy2/jars/org.apache.commons_commons-text-1.8.jar has been previously copied to /tmp/spark-451fd003-f5fe-447c-9df1-c3194eb82c64/userFiles-aa05d514-8b41-4696-bdb0-3562996512d7/org.apache.commons_commons-text-1.8.jar
26/01/29 15:01:02 INFO Utils: Successfully started service 'org.apache.spark.network.netty.NettyBlockTransferService' on port 41955.
26/01/29 15:01:02 INFO NettyBlockTransferService: Server created on eff5ec4100e1:41955
26/01/29 15:01:02 INFO BlockManager: Using org.apache.spark.storage.RandomBlockReplicationPolicy for block replication policy
26/01/29 15:01:02 INFO BlockManagerMaster: Registering BlockManager BlockManagerId(driver, eff5ec4100e1, 41955, None)
26/01/29 15:01:02 INFO BlockManagerMasterEndpoint: Registering block manager eff5ec4100e1:41955 with 434.4 MiB RAM, BlockManagerId(driver, eff5ec4100e1, 41955, None)
26/01/29 15:01:02 INFO BlockManagerMaster: Registered BlockManager BlockManagerId(driver, eff5ec4100e1, 41955, None)
26/01/29 15:01:02 INFO BlockManager: Initialized BlockManager: BlockManagerId(driver, eff5ec4100e1, 41955, None)
26/01/29 15:01:03 INFO SharedState: Setting hive.metastore.warehouse.dir ('null') to the value of spark.sql.warehouse.dir.
26/01/29 15:01:03 INFO SharedState: Warehouse path is 'file:/opt/airflow/spark-warehouse'.
26/01/29 15:01:04 WARN SparkSession: Using an existing Spark session; only runtime SQL configurations will take effect.
26/01/29 15:01:04 WARN SparkSession: Using an existing Spark session; only runtime SQL configurations will take effect.
26/01/29 15:01:04 WARN SparkSession: Using an existing Spark session; only runtime SQL configurations will take effect.
26/01/29 15:01:06 WARN SparkSession: Using an existing Spark session; only runtime SQL configurations will take effect.
26/01/29 15:01:06 WARN SparkSession: Using an existing Spark session; only runtime SQL configurations will take effect.
26/01/29 15:01:06 WARN SparkSession: Using an existing Spark session; only runtime SQL configurations will take effect.
26/01/29 15:01:06 WARN SparkSession: Using an existing Spark session; only runtime SQL configurations will take effect.
26/01/29 15:01:06 WARN SparkSession: Using an existing Spark session; only runtime SQL configurations will take effect.
26/01/29 15:01:06 WARN SparkSession: Using an existing Spark session; only runtime SQL configurations will take effect.
26/01/29 15:01:06 WARN SparkSession: Using an existing Spark session; only runtime SQL configurations will take effect.
26/01/29 15:01:06 WARN SparkSession: Using an existing Spark session; only runtime SQL configurations will take effect.
26/01/29 15:01:06 WARN SparkSession: Using an existing Spark session; only runtime SQL configurations will take effect.
26/01/29 15:01:06 WARN SparkSession: Using an existing Spark session; only runtime SQL configurations will take effect.
26/01/29 15:01:06 WARN SparkSession: Using an existing Spark session; only runtime SQL configurations will take effect.
26/01/29 15:01:06 WARN SparkSession: Using an existing Spark session; only runtime SQL configurations will take effect.
26/01/29 15:01:06 WARN SparkSession: Using an existing Spark session; only runtime SQL configurations will take effect.
26/01/29 15:01:06 WARN SparkSession: Using an existing Spark session; only runtime SQL configurations will take effect.
26/01/29 15:01:06 INFO SparkContext: SparkContext is stopping with exitCode 0.
26/01/29 15:01:06 INFO SparkUI: Stopped Spark web UI at http://eff5ec4100e1:4040
26/01/29 15:01:06 INFO MapOutputTrackerMasterEndpoint: MapOutputTrackerMasterEndpoint stopped!
26/01/29 15:01:06 INFO MemoryStore: MemoryStore cleared
26/01/29 15:01:06 INFO BlockManager: BlockManager stopped
26/01/29 15:01:06 INFO BlockManagerMaster: BlockManagerMaster stopped
26/01/29 15:01:06 INFO OutputCommitCoordinator$OutputCommitCoordinatorEndpoint: OutputCommitCoordinator stopped!
26/01/29 15:01:06 INFO SparkContext: Successfully stopped SparkContext
26/01/29 15:01:07 INFO ShutdownHookManager: Shutdown hook called
26/01/29 15:01:07 INFO ShutdownHookManager: Deleting directory /tmp/spark-451fd003-f5fe-447c-9df1-c3194eb82c64/pyspark-e87e12bd-2e26-49b3-a157-8735d183ecc1
26/01/29 15:01:07 INFO ShutdownHookManager: Deleting directory /tmp/spark-5d6d4b8f-c50c-41cd-959c-0972c714978e
26/01/29 15:01:07 INFO ShutdownHookManager: Deleting directory /tmp/spark-451fd003-f5fe-447c-9df1-c3194eb82c64
[2026-01-29T15:01:07.312+0000] {python.py:240} INFO - Done. Returned value was: :: loading settings :: url = jar:file:/opt/spark/jars/ivy-2.5.1.jar!/org/apache/ivy/core/settings/ivysettings.xml
Raw sys.argv: ['/opt/airflow/RedPluto-Data-Engineering-Tool/main_silver.py', 'manual__2026-01-29T15:00:50.391861+00:00', '{"user": "rpdet_az", "password": "***", "config_db": "config_db", "config_table": "config_table", "application_config": "application_config", "audit_table": "audit_table", "error_table": "error_table", "config_recon": "reconciliation_config", "data_dictionary_table": "data_dictionary_table", "recon_result": "recon_result", "DQ_config": "data_quality_config_table", "DQ_output": "data_quality_output_table", "url": "jdbc:postgresql://74.225.252.224:5432", "driver": "org.postgresql.Driver", "mysql_url": "jdbc:mysql://74.225.252.224:3306", "mysql_driver": "com.mysql.cj.jdbc.Driver", "reference_table": "reference_table", "log_path": "/opt/airflow/spark_logs", "dq_log_path": "/opt/airflow/data_quality_logs", "string_default": "NA", "int_default": 0, "date_default": "01/01/2099"}']
app_prop: {'user': 'rpdet_az', 'password': '***', 'config_db': 'config_db', 'config_table': 'config_table', 'application_config': 'application_config', 'audit_table': 'audit_table', 'error_table': 'error_table', 'config_recon': 'reconciliation_config', 'data_dictionary_table': 'data_dictionary_table', 'recon_result': 'recon_result', 'DQ_config': 'data_quality_config_table', 'DQ_output': 'data_quality_output_table', 'url': 'jdbc:postgresql://74.225.252.224:5432', 'driver': 'org.postgresql.Driver', 'mysql_url': 'jdbc:mysql://74.225.252.224:3306', 'mysql_driver': 'com.mysql.cj.jdbc.Driver', 'reference_table': 'reference_table', 'log_path': '/opt/airflow/spark_logs', 'dq_log_path': '/opt/airflow/data_quality_logs', 'string_default': 'NA', 'int_default': 0, 'date_default': '01/01/2099'}
2026-01-29 15:01:06,478 - INFO - Fetching config table
2026-01-29 15:01:06,503 - ERROR - Error in reading config table: 'application_config_data'

[2026-01-29T15:01:07.339+0000] {taskinstance.py:340} INFO - ::group::Post task execution logs
[2026-01-29T15:01:07.340+0000] {taskinstance.py:352} INFO - Marking task as SUCCESS. dag_id=Silver_Dag_1, task_id=Silver_Dag_1, run_id=manual__2026-01-29T15:00:50.391861+00:00, execution_date=20260129T150050, start_date=20260129T150051, end_date=20260129T150107
[2026-01-29T15:01:07.397+0000] {local_task_job_runner.py:266} INFO - Task exited with return code 0
[2026-01-29T15:01:07.411+0000] {taskinstance.py:3895} INFO - 0 downstream tasks scheduled from follow-on schedule check
[2026-01-29T15:01:07.413+0000] {local_task_job_runner.py:245} INFO - ::endgroup::
