[2026-02-01T12:08:35.387+0000] {processor.py:186} INFO - Started process (PID=75) to work on /opt/airflow/dags/User_2/bronze_dag_2.py
[2026-02-01T12:08:35.389+0000] {processor.py:914} INFO - Processing file /opt/airflow/dags/User_2/bronze_dag_2.py for tasks to queue
[2026-02-01T12:08:35.394+0000] {logging_mixin.py:190} INFO - [2026-02-01T12:08:35.393+0000] {dagbag.py:588} INFO - Filling up the DagBag from /opt/airflow/dags/User_2/bronze_dag_2.py
[2026-02-01T12:08:35.415+0000] {processor.py:925} INFO - DAG(s) 'Bronze_Dag_2' retrieved from /opt/airflow/dags/User_2/bronze_dag_2.py
[2026-02-01T12:08:35.506+0000] {logging_mixin.py:190} INFO - [2026-02-01T12:08:35.505+0000] {dag.py:3239} INFO - Sync 1 DAGs
[2026-02-01T12:08:35.569+0000] {logging_mixin.py:190} INFO - [2026-02-01T12:08:35.569+0000] {dag.py:4180} INFO - Setting next_dagrun for Bronze_Dag_2 to None, run_after=None
[2026-02-01T12:08:35.608+0000] {processor.py:208} INFO - Processing /opt/airflow/dags/User_2/bronze_dag_2.py took 0.247 seconds
[2026-02-01T12:09:06.328+0000] {processor.py:186} INFO - Started process (PID=91) to work on /opt/airflow/dags/User_2/bronze_dag_2.py
[2026-02-01T12:09:06.330+0000] {processor.py:914} INFO - Processing file /opt/airflow/dags/User_2/bronze_dag_2.py for tasks to queue
[2026-02-01T12:09:06.334+0000] {logging_mixin.py:190} INFO - [2026-02-01T12:09:06.334+0000] {dagbag.py:588} INFO - Filling up the DagBag from /opt/airflow/dags/User_2/bronze_dag_2.py
[2026-02-01T12:09:06.352+0000] {processor.py:925} INFO - DAG(s) 'Bronze_Dag_2' retrieved from /opt/airflow/dags/User_2/bronze_dag_2.py
[2026-02-01T12:09:06.387+0000] {logging_mixin.py:190} INFO - [2026-02-01T12:09:06.387+0000] {dag.py:3239} INFO - Sync 1 DAGs
[2026-02-01T12:09:06.415+0000] {logging_mixin.py:190} INFO - [2026-02-01T12:09:06.414+0000] {dag.py:4180} INFO - Setting next_dagrun for Bronze_Dag_2 to None, run_after=None
[2026-02-01T12:09:06.433+0000] {processor.py:208} INFO - Processing /opt/airflow/dags/User_2/bronze_dag_2.py took 0.121 seconds
[2026-02-01T12:09:36.749+0000] {processor.py:186} INFO - Started process (PID=108) to work on /opt/airflow/dags/User_2/bronze_dag_2.py
[2026-02-01T12:09:36.749+0000] {processor.py:914} INFO - Processing file /opt/airflow/dags/User_2/bronze_dag_2.py for tasks to queue
[2026-02-01T12:09:36.751+0000] {logging_mixin.py:190} INFO - [2026-02-01T12:09:36.751+0000] {dagbag.py:588} INFO - Filling up the DagBag from /opt/airflow/dags/User_2/bronze_dag_2.py
[2026-02-01T12:09:36.775+0000] {processor.py:925} INFO - DAG(s) 'Bronze_Dag_2' retrieved from /opt/airflow/dags/User_2/bronze_dag_2.py
[2026-02-01T12:09:36.801+0000] {logging_mixin.py:190} INFO - [2026-02-01T12:09:36.801+0000] {dag.py:3239} INFO - Sync 1 DAGs
[2026-02-01T12:09:36.818+0000] {logging_mixin.py:190} INFO - [2026-02-01T12:09:36.818+0000] {dag.py:4180} INFO - Setting next_dagrun for Bronze_Dag_2 to None, run_after=None
[2026-02-01T12:09:36.833+0000] {processor.py:208} INFO - Processing /opt/airflow/dags/User_2/bronze_dag_2.py took 0.094 seconds
[2026-02-01T12:10:08.013+0000] {processor.py:186} INFO - Started process (PID=124) to work on /opt/airflow/dags/User_2/bronze_dag_2.py
[2026-02-01T12:10:08.015+0000] {processor.py:914} INFO - Processing file /opt/airflow/dags/User_2/bronze_dag_2.py for tasks to queue
[2026-02-01T12:10:08.019+0000] {logging_mixin.py:190} INFO - [2026-02-01T12:10:08.018+0000] {dagbag.py:588} INFO - Filling up the DagBag from /opt/airflow/dags/User_2/bronze_dag_2.py
[2026-02-01T12:10:08.047+0000] {processor.py:925} INFO - DAG(s) 'Bronze_Dag_2' retrieved from /opt/airflow/dags/User_2/bronze_dag_2.py
[2026-02-01T12:10:08.094+0000] {logging_mixin.py:190} INFO - [2026-02-01T12:10:08.094+0000] {dag.py:3239} INFO - Sync 1 DAGs
[2026-02-01T12:10:08.398+0000] {logging_mixin.py:190} INFO - [2026-02-01T12:10:08.398+0000] {dag.py:4180} INFO - Setting next_dagrun for Bronze_Dag_2 to None, run_after=None
[2026-02-01T12:10:08.416+0000] {processor.py:208} INFO - Processing /opt/airflow/dags/User_2/bronze_dag_2.py took 0.415 seconds
[2026-02-01T12:10:39.824+0000] {processor.py:186} INFO - Started process (PID=140) to work on /opt/airflow/dags/User_2/bronze_dag_2.py
[2026-02-01T12:10:39.825+0000] {processor.py:914} INFO - Processing file /opt/airflow/dags/User_2/bronze_dag_2.py for tasks to queue
[2026-02-01T12:10:39.835+0000] {logging_mixin.py:190} INFO - [2026-02-01T12:10:39.832+0000] {dagbag.py:588} INFO - Filling up the DagBag from /opt/airflow/dags/User_2/bronze_dag_2.py
[2026-02-01T12:10:39.857+0000] {processor.py:925} INFO - DAG(s) 'Bronze_Dag_2' retrieved from /opt/airflow/dags/User_2/bronze_dag_2.py
[2026-02-01T12:10:39.927+0000] {logging_mixin.py:190} INFO - [2026-02-01T12:10:39.927+0000] {dag.py:3239} INFO - Sync 1 DAGs
[2026-02-01T12:10:39.973+0000] {logging_mixin.py:190} INFO - [2026-02-01T12:10:39.973+0000] {dag.py:4180} INFO - Setting next_dagrun for Bronze_Dag_2 to None, run_after=None
[2026-02-01T12:10:40.014+0000] {processor.py:208} INFO - Processing /opt/airflow/dags/User_2/bronze_dag_2.py took 0.205 seconds
[2026-02-01T12:11:10.954+0000] {processor.py:186} INFO - Started process (PID=157) to work on /opt/airflow/dags/User_2/bronze_dag_2.py
[2026-02-01T12:11:10.958+0000] {processor.py:914} INFO - Processing file /opt/airflow/dags/User_2/bronze_dag_2.py for tasks to queue
[2026-02-01T12:11:10.966+0000] {logging_mixin.py:190} INFO - [2026-02-01T12:11:10.966+0000] {dagbag.py:588} INFO - Filling up the DagBag from /opt/airflow/dags/User_2/bronze_dag_2.py
[2026-02-01T12:11:10.998+0000] {processor.py:925} INFO - DAG(s) 'Bronze_Dag_2' retrieved from /opt/airflow/dags/User_2/bronze_dag_2.py
[2026-02-01T12:11:11.081+0000] {logging_mixin.py:190} INFO - [2026-02-01T12:11:11.080+0000] {dag.py:3239} INFO - Sync 1 DAGs
[2026-02-01T12:11:11.145+0000] {logging_mixin.py:190} INFO - [2026-02-01T12:11:11.144+0000] {dag.py:4180} INFO - Setting next_dagrun for Bronze_Dag_2 to None, run_after=None
[2026-02-01T12:11:11.791+0000] {processor.py:208} INFO - Processing /opt/airflow/dags/User_2/bronze_dag_2.py took 0.863 seconds
[2026-02-01T12:11:41.917+0000] {processor.py:186} INFO - Started process (PID=172) to work on /opt/airflow/dags/User_2/bronze_dag_2.py
[2026-02-01T12:11:41.918+0000] {processor.py:914} INFO - Processing file /opt/airflow/dags/User_2/bronze_dag_2.py for tasks to queue
[2026-02-01T12:11:41.919+0000] {logging_mixin.py:190} INFO - [2026-02-01T12:11:41.919+0000] {dagbag.py:588} INFO - Filling up the DagBag from /opt/airflow/dags/User_2/bronze_dag_2.py
[2026-02-01T12:11:41.928+0000] {processor.py:925} INFO - DAG(s) 'Bronze_Dag_2' retrieved from /opt/airflow/dags/User_2/bronze_dag_2.py
[2026-02-01T12:11:42.142+0000] {logging_mixin.py:190} INFO - [2026-02-01T12:11:42.142+0000] {dag.py:3239} INFO - Sync 1 DAGs
[2026-02-01T12:11:42.155+0000] {logging_mixin.py:190} INFO - [2026-02-01T12:11:42.155+0000] {dag.py:4180} INFO - Setting next_dagrun for Bronze_Dag_2 to None, run_after=None
[2026-02-01T12:11:42.170+0000] {processor.py:208} INFO - Processing /opt/airflow/dags/User_2/bronze_dag_2.py took 0.258 seconds
[2026-02-01T12:12:12.829+0000] {processor.py:186} INFO - Started process (PID=188) to work on /opt/airflow/dags/User_2/bronze_dag_2.py
[2026-02-01T12:12:12.831+0000] {processor.py:914} INFO - Processing file /opt/airflow/dags/User_2/bronze_dag_2.py for tasks to queue
[2026-02-01T12:12:12.836+0000] {logging_mixin.py:190} INFO - [2026-02-01T12:12:12.835+0000] {dagbag.py:588} INFO - Filling up the DagBag from /opt/airflow/dags/User_2/bronze_dag_2.py
[2026-02-01T12:12:12.853+0000] {processor.py:925} INFO - DAG(s) 'Bronze_Dag_2' retrieved from /opt/airflow/dags/User_2/bronze_dag_2.py
[2026-02-01T12:12:12.903+0000] {logging_mixin.py:190} INFO - [2026-02-01T12:12:12.902+0000] {dag.py:3239} INFO - Sync 1 DAGs
[2026-02-01T12:12:12.938+0000] {logging_mixin.py:190} INFO - [2026-02-01T12:12:12.938+0000] {dag.py:4180} INFO - Setting next_dagrun for Bronze_Dag_2 to None, run_after=None
[2026-02-01T12:12:12.965+0000] {processor.py:208} INFO - Processing /opt/airflow/dags/User_2/bronze_dag_2.py took 0.143 seconds
[2026-02-01T12:12:43.289+0000] {processor.py:186} INFO - Started process (PID=204) to work on /opt/airflow/dags/User_2/bronze_dag_2.py
[2026-02-01T12:12:43.290+0000] {processor.py:914} INFO - Processing file /opt/airflow/dags/User_2/bronze_dag_2.py for tasks to queue
[2026-02-01T12:12:43.297+0000] {logging_mixin.py:190} INFO - [2026-02-01T12:12:43.295+0000] {dagbag.py:588} INFO - Filling up the DagBag from /opt/airflow/dags/User_2/bronze_dag_2.py
[2026-02-01T12:12:43.313+0000] {processor.py:925} INFO - DAG(s) 'Bronze_Dag_2' retrieved from /opt/airflow/dags/User_2/bronze_dag_2.py
[2026-02-01T12:12:43.354+0000] {logging_mixin.py:190} INFO - [2026-02-01T12:12:43.354+0000] {dag.py:3239} INFO - Sync 1 DAGs
[2026-02-01T12:12:43.381+0000] {logging_mixin.py:190} INFO - [2026-02-01T12:12:43.380+0000] {dag.py:4180} INFO - Setting next_dagrun for Bronze_Dag_2 to None, run_after=None
[2026-02-01T12:12:43.407+0000] {processor.py:208} INFO - Processing /opt/airflow/dags/User_2/bronze_dag_2.py took 0.142 seconds
[2026-02-01T12:13:13.633+0000] {processor.py:186} INFO - Started process (PID=220) to work on /opt/airflow/dags/User_2/bronze_dag_2.py
[2026-02-01T12:13:13.634+0000] {processor.py:914} INFO - Processing file /opt/airflow/dags/User_2/bronze_dag_2.py for tasks to queue
[2026-02-01T12:13:13.639+0000] {logging_mixin.py:190} INFO - [2026-02-01T12:13:13.638+0000] {dagbag.py:588} INFO - Filling up the DagBag from /opt/airflow/dags/User_2/bronze_dag_2.py
[2026-02-01T12:13:13.653+0000] {processor.py:925} INFO - DAG(s) 'Bronze_Dag_2' retrieved from /opt/airflow/dags/User_2/bronze_dag_2.py
[2026-02-01T12:13:13.694+0000] {logging_mixin.py:190} INFO - [2026-02-01T12:13:13.693+0000] {dag.py:3239} INFO - Sync 1 DAGs
[2026-02-01T12:13:13.714+0000] {logging_mixin.py:190} INFO - [2026-02-01T12:13:13.714+0000] {dag.py:4180} INFO - Setting next_dagrun for Bronze_Dag_2 to None, run_after=None
[2026-02-01T12:13:13.744+0000] {processor.py:208} INFO - Processing /opt/airflow/dags/User_2/bronze_dag_2.py took 0.119 seconds
[2026-02-01T12:13:43.952+0000] {processor.py:186} INFO - Started process (PID=236) to work on /opt/airflow/dags/User_2/bronze_dag_2.py
[2026-02-01T12:13:43.953+0000] {processor.py:914} INFO - Processing file /opt/airflow/dags/User_2/bronze_dag_2.py for tasks to queue
[2026-02-01T12:13:43.955+0000] {logging_mixin.py:190} INFO - [2026-02-01T12:13:43.955+0000] {dagbag.py:588} INFO - Filling up the DagBag from /opt/airflow/dags/User_2/bronze_dag_2.py
[2026-02-01T12:13:43.965+0000] {processor.py:925} INFO - DAG(s) 'Bronze_Dag_2' retrieved from /opt/airflow/dags/User_2/bronze_dag_2.py
[2026-02-01T12:13:44.020+0000] {logging_mixin.py:190} INFO - [2026-02-01T12:13:44.020+0000] {dag.py:3239} INFO - Sync 1 DAGs
[2026-02-01T12:13:44.063+0000] {logging_mixin.py:190} INFO - [2026-02-01T12:13:44.063+0000] {dag.py:4180} INFO - Setting next_dagrun for Bronze_Dag_2 to None, run_after=None
[2026-02-01T12:13:44.094+0000] {processor.py:208} INFO - Processing /opt/airflow/dags/User_2/bronze_dag_2.py took 0.148 seconds
[2026-02-01T12:14:14.376+0000] {processor.py:186} INFO - Started process (PID=252) to work on /opt/airflow/dags/User_2/bronze_dag_2.py
[2026-02-01T12:14:14.378+0000] {processor.py:914} INFO - Processing file /opt/airflow/dags/User_2/bronze_dag_2.py for tasks to queue
[2026-02-01T12:14:14.382+0000] {logging_mixin.py:190} INFO - [2026-02-01T12:14:14.382+0000] {dagbag.py:588} INFO - Filling up the DagBag from /opt/airflow/dags/User_2/bronze_dag_2.py
[2026-02-01T12:14:14.402+0000] {processor.py:925} INFO - DAG(s) 'Bronze_Dag_2' retrieved from /opt/airflow/dags/User_2/bronze_dag_2.py
[2026-02-01T12:14:14.452+0000] {logging_mixin.py:190} INFO - [2026-02-01T12:14:14.451+0000] {dag.py:3239} INFO - Sync 1 DAGs
[2026-02-01T12:14:14.481+0000] {logging_mixin.py:190} INFO - [2026-02-01T12:14:14.481+0000] {dag.py:4180} INFO - Setting next_dagrun for Bronze_Dag_2 to None, run_after=None
[2026-02-01T12:14:14.508+0000] {processor.py:208} INFO - Processing /opt/airflow/dags/User_2/bronze_dag_2.py took 0.143 seconds
[2026-02-01T12:14:44.636+0000] {processor.py:186} INFO - Started process (PID=267) to work on /opt/airflow/dags/User_2/bronze_dag_2.py
[2026-02-01T12:14:44.637+0000] {processor.py:914} INFO - Processing file /opt/airflow/dags/User_2/bronze_dag_2.py for tasks to queue
[2026-02-01T12:14:44.653+0000] {logging_mixin.py:190} INFO - [2026-02-01T12:14:44.653+0000] {dagbag.py:588} INFO - Filling up the DagBag from /opt/airflow/dags/User_2/bronze_dag_2.py
[2026-02-01T12:14:44.694+0000] {processor.py:925} INFO - DAG(s) 'Bronze_Dag_2' retrieved from /opt/airflow/dags/User_2/bronze_dag_2.py
[2026-02-01T12:14:44.788+0000] {logging_mixin.py:190} INFO - [2026-02-01T12:14:44.787+0000] {dag.py:3239} INFO - Sync 1 DAGs
[2026-02-01T12:14:44.829+0000] {logging_mixin.py:190} INFO - [2026-02-01T12:14:44.829+0000] {dag.py:4180} INFO - Setting next_dagrun for Bronze_Dag_2 to None, run_after=None
[2026-02-01T12:14:44.860+0000] {processor.py:208} INFO - Processing /opt/airflow/dags/User_2/bronze_dag_2.py took 0.257 seconds
[2026-02-01T12:15:15.482+0000] {processor.py:186} INFO - Started process (PID=284) to work on /opt/airflow/dags/User_2/bronze_dag_2.py
[2026-02-01T12:15:15.484+0000] {processor.py:914} INFO - Processing file /opt/airflow/dags/User_2/bronze_dag_2.py for tasks to queue
[2026-02-01T12:15:15.495+0000] {logging_mixin.py:190} INFO - [2026-02-01T12:15:15.488+0000] {dagbag.py:588} INFO - Filling up the DagBag from /opt/airflow/dags/User_2/bronze_dag_2.py
[2026-02-01T12:15:15.534+0000] {processor.py:925} INFO - DAG(s) 'Bronze_Dag_2' retrieved from /opt/airflow/dags/User_2/bronze_dag_2.py
[2026-02-01T12:15:15.622+0000] {logging_mixin.py:190} INFO - [2026-02-01T12:15:15.621+0000] {dag.py:3239} INFO - Sync 1 DAGs
[2026-02-01T12:15:15.670+0000] {logging_mixin.py:190} INFO - [2026-02-01T12:15:15.669+0000] {dag.py:4180} INFO - Setting next_dagrun for Bronze_Dag_2 to None, run_after=None
[2026-02-01T12:15:15.727+0000] {processor.py:208} INFO - Processing /opt/airflow/dags/User_2/bronze_dag_2.py took 0.271 seconds
[2026-02-01T12:15:46.026+0000] {processor.py:186} INFO - Started process (PID=300) to work on /opt/airflow/dags/User_2/bronze_dag_2.py
[2026-02-01T12:15:46.027+0000] {processor.py:914} INFO - Processing file /opt/airflow/dags/User_2/bronze_dag_2.py for tasks to queue
[2026-02-01T12:15:46.029+0000] {logging_mixin.py:190} INFO - [2026-02-01T12:15:46.029+0000] {dagbag.py:588} INFO - Filling up the DagBag from /opt/airflow/dags/User_2/bronze_dag_2.py
[2026-02-01T12:15:46.040+0000] {processor.py:925} INFO - DAG(s) 'Bronze_Dag_2' retrieved from /opt/airflow/dags/User_2/bronze_dag_2.py
[2026-02-01T12:15:46.074+0000] {logging_mixin.py:190} INFO - [2026-02-01T12:15:46.074+0000] {dag.py:3239} INFO - Sync 1 DAGs
[2026-02-01T12:15:46.100+0000] {logging_mixin.py:190} INFO - [2026-02-01T12:15:46.100+0000] {dag.py:4180} INFO - Setting next_dagrun for Bronze_Dag_2 to None, run_after=None
[2026-02-01T12:15:46.121+0000] {processor.py:208} INFO - Processing /opt/airflow/dags/User_2/bronze_dag_2.py took 0.102 seconds
[2026-02-01T12:16:16.414+0000] {processor.py:186} INFO - Started process (PID=317) to work on /opt/airflow/dags/User_2/bronze_dag_2.py
[2026-02-01T12:16:16.417+0000] {processor.py:914} INFO - Processing file /opt/airflow/dags/User_2/bronze_dag_2.py for tasks to queue
[2026-02-01T12:16:16.431+0000] {logging_mixin.py:190} INFO - [2026-02-01T12:16:16.430+0000] {dagbag.py:588} INFO - Filling up the DagBag from /opt/airflow/dags/User_2/bronze_dag_2.py
[2026-02-01T12:16:16.445+0000] {processor.py:925} INFO - DAG(s) 'Bronze_Dag_2' retrieved from /opt/airflow/dags/User_2/bronze_dag_2.py
[2026-02-01T12:16:16.499+0000] {logging_mixin.py:190} INFO - [2026-02-01T12:16:16.498+0000] {dag.py:3239} INFO - Sync 1 DAGs
[2026-02-01T12:16:16.527+0000] {logging_mixin.py:190} INFO - [2026-02-01T12:16:16.526+0000] {dag.py:4180} INFO - Setting next_dagrun for Bronze_Dag_2 to None, run_after=None
[2026-02-01T12:16:16.545+0000] {processor.py:208} INFO - Processing /opt/airflow/dags/User_2/bronze_dag_2.py took 0.146 seconds
[2026-02-01T12:16:46.785+0000] {processor.py:186} INFO - Started process (PID=333) to work on /opt/airflow/dags/User_2/bronze_dag_2.py
[2026-02-01T12:16:46.786+0000] {processor.py:914} INFO - Processing file /opt/airflow/dags/User_2/bronze_dag_2.py for tasks to queue
[2026-02-01T12:16:46.789+0000] {logging_mixin.py:190} INFO - [2026-02-01T12:16:46.788+0000] {dagbag.py:588} INFO - Filling up the DagBag from /opt/airflow/dags/User_2/bronze_dag_2.py
[2026-02-01T12:16:46.799+0000] {processor.py:925} INFO - DAG(s) 'Bronze_Dag_2' retrieved from /opt/airflow/dags/User_2/bronze_dag_2.py
[2026-02-01T12:16:46.839+0000] {logging_mixin.py:190} INFO - [2026-02-01T12:16:46.838+0000] {dag.py:3239} INFO - Sync 1 DAGs
[2026-02-01T12:16:46.866+0000] {logging_mixin.py:190} INFO - [2026-02-01T12:16:46.865+0000] {dag.py:4180} INFO - Setting next_dagrun for Bronze_Dag_2 to None, run_after=None
[2026-02-01T12:16:46.893+0000] {processor.py:208} INFO - Processing /opt/airflow/dags/User_2/bronze_dag_2.py took 0.115 seconds
[2026-02-01T12:17:17.230+0000] {processor.py:186} INFO - Started process (PID=349) to work on /opt/airflow/dags/User_2/bronze_dag_2.py
[2026-02-01T12:17:17.232+0000] {processor.py:914} INFO - Processing file /opt/airflow/dags/User_2/bronze_dag_2.py for tasks to queue
[2026-02-01T12:17:17.240+0000] {logging_mixin.py:190} INFO - [2026-02-01T12:17:17.240+0000] {dagbag.py:588} INFO - Filling up the DagBag from /opt/airflow/dags/User_2/bronze_dag_2.py
[2026-02-01T12:17:17.258+0000] {processor.py:925} INFO - DAG(s) 'Bronze_Dag_2' retrieved from /opt/airflow/dags/User_2/bronze_dag_2.py
[2026-02-01T12:17:17.296+0000] {logging_mixin.py:190} INFO - [2026-02-01T12:17:17.296+0000] {dag.py:3239} INFO - Sync 1 DAGs
[2026-02-01T12:17:17.315+0000] {logging_mixin.py:190} INFO - [2026-02-01T12:17:17.315+0000] {dag.py:4180} INFO - Setting next_dagrun for Bronze_Dag_2 to None, run_after=None
[2026-02-01T12:17:17.338+0000] {processor.py:208} INFO - Processing /opt/airflow/dags/User_2/bronze_dag_2.py took 0.115 seconds
[2026-02-01T12:17:47.582+0000] {processor.py:186} INFO - Started process (PID=365) to work on /opt/airflow/dags/User_2/bronze_dag_2.py
[2026-02-01T12:17:47.582+0000] {processor.py:914} INFO - Processing file /opt/airflow/dags/User_2/bronze_dag_2.py for tasks to queue
[2026-02-01T12:17:47.585+0000] {logging_mixin.py:190} INFO - [2026-02-01T12:17:47.584+0000] {dagbag.py:588} INFO - Filling up the DagBag from /opt/airflow/dags/User_2/bronze_dag_2.py
[2026-02-01T12:17:47.594+0000] {processor.py:925} INFO - DAG(s) 'Bronze_Dag_2' retrieved from /opt/airflow/dags/User_2/bronze_dag_2.py
[2026-02-01T12:17:47.620+0000] {logging_mixin.py:190} INFO - [2026-02-01T12:17:47.619+0000] {dag.py:3239} INFO - Sync 1 DAGs
[2026-02-01T12:17:47.638+0000] {logging_mixin.py:190} INFO - [2026-02-01T12:17:47.638+0000] {dag.py:4180} INFO - Setting next_dagrun for Bronze_Dag_2 to None, run_after=None
[2026-02-01T12:17:47.654+0000] {processor.py:208} INFO - Processing /opt/airflow/dags/User_2/bronze_dag_2.py took 0.077 seconds
[2026-02-01T12:18:17.934+0000] {processor.py:186} INFO - Started process (PID=381) to work on /opt/airflow/dags/User_2/bronze_dag_2.py
[2026-02-01T12:18:17.938+0000] {processor.py:914} INFO - Processing file /opt/airflow/dags/User_2/bronze_dag_2.py for tasks to queue
[2026-02-01T12:18:17.947+0000] {logging_mixin.py:190} INFO - [2026-02-01T12:18:17.943+0000] {dagbag.py:588} INFO - Filling up the DagBag from /opt/airflow/dags/User_2/bronze_dag_2.py
[2026-02-01T12:18:17.970+0000] {processor.py:925} INFO - DAG(s) 'Bronze_Dag_2' retrieved from /opt/airflow/dags/User_2/bronze_dag_2.py
[2026-02-01T12:18:18.018+0000] {logging_mixin.py:190} INFO - [2026-02-01T12:18:18.018+0000] {dag.py:3239} INFO - Sync 1 DAGs
[2026-02-01T12:18:18.039+0000] {logging_mixin.py:190} INFO - [2026-02-01T12:18:18.039+0000] {dag.py:4180} INFO - Setting next_dagrun for Bronze_Dag_2 to None, run_after=None
[2026-02-01T12:18:18.055+0000] {processor.py:208} INFO - Processing /opt/airflow/dags/User_2/bronze_dag_2.py took 0.136 seconds
[2026-02-01T12:18:48.576+0000] {processor.py:186} INFO - Started process (PID=397) to work on /opt/airflow/dags/User_2/bronze_dag_2.py
[2026-02-01T12:18:48.576+0000] {processor.py:914} INFO - Processing file /opt/airflow/dags/User_2/bronze_dag_2.py for tasks to queue
[2026-02-01T12:18:48.580+0000] {logging_mixin.py:190} INFO - [2026-02-01T12:18:48.580+0000] {dagbag.py:588} INFO - Filling up the DagBag from /opt/airflow/dags/User_2/bronze_dag_2.py
[2026-02-01T12:18:48.594+0000] {processor.py:925} INFO - DAG(s) 'Bronze_Dag_2' retrieved from /opt/airflow/dags/User_2/bronze_dag_2.py
[2026-02-01T12:18:48.622+0000] {logging_mixin.py:190} INFO - [2026-02-01T12:18:48.622+0000] {dag.py:3239} INFO - Sync 1 DAGs
[2026-02-01T12:18:48.638+0000] {logging_mixin.py:190} INFO - [2026-02-01T12:18:48.638+0000] {dag.py:4180} INFO - Setting next_dagrun for Bronze_Dag_2 to None, run_after=None
[2026-02-01T12:18:48.657+0000] {processor.py:208} INFO - Processing /opt/airflow/dags/User_2/bronze_dag_2.py took 0.087 seconds
[2026-02-01T12:19:19.722+0000] {processor.py:186} INFO - Started process (PID=413) to work on /opt/airflow/dags/User_2/bronze_dag_2.py
[2026-02-01T12:19:19.723+0000] {processor.py:914} INFO - Processing file /opt/airflow/dags/User_2/bronze_dag_2.py for tasks to queue
[2026-02-01T12:19:19.728+0000] {logging_mixin.py:190} INFO - [2026-02-01T12:19:19.727+0000] {dagbag.py:588} INFO - Filling up the DagBag from /opt/airflow/dags/User_2/bronze_dag_2.py
[2026-02-01T12:19:19.741+0000] {processor.py:925} INFO - DAG(s) 'Bronze_Dag_2' retrieved from /opt/airflow/dags/User_2/bronze_dag_2.py
[2026-02-01T12:19:19.777+0000] {logging_mixin.py:190} INFO - [2026-02-01T12:19:19.777+0000] {dag.py:3239} INFO - Sync 1 DAGs
[2026-02-01T12:19:19.810+0000] {logging_mixin.py:190} INFO - [2026-02-01T12:19:19.810+0000] {dag.py:4180} INFO - Setting next_dagrun for Bronze_Dag_2 to None, run_after=None
[2026-02-01T12:19:19.843+0000] {processor.py:208} INFO - Processing /opt/airflow/dags/User_2/bronze_dag_2.py took 0.129 seconds
[2026-02-01T12:19:50.470+0000] {processor.py:186} INFO - Started process (PID=429) to work on /opt/airflow/dags/User_2/bronze_dag_2.py
[2026-02-01T12:19:50.471+0000] {processor.py:914} INFO - Processing file /opt/airflow/dags/User_2/bronze_dag_2.py for tasks to queue
[2026-02-01T12:19:50.474+0000] {logging_mixin.py:190} INFO - [2026-02-01T12:19:50.474+0000] {dagbag.py:588} INFO - Filling up the DagBag from /opt/airflow/dags/User_2/bronze_dag_2.py
[2026-02-01T12:19:50.482+0000] {processor.py:925} INFO - DAG(s) 'Bronze_Dag_2' retrieved from /opt/airflow/dags/User_2/bronze_dag_2.py
[2026-02-01T12:19:50.515+0000] {logging_mixin.py:190} INFO - [2026-02-01T12:19:50.514+0000] {dag.py:3239} INFO - Sync 1 DAGs
[2026-02-01T12:19:50.533+0000] {logging_mixin.py:190} INFO - [2026-02-01T12:19:50.532+0000] {dag.py:4180} INFO - Setting next_dagrun for Bronze_Dag_2 to None, run_after=None
[2026-02-01T12:19:50.559+0000] {processor.py:208} INFO - Processing /opt/airflow/dags/User_2/bronze_dag_2.py took 0.096 seconds
[2026-02-01T12:20:21.284+0000] {processor.py:186} INFO - Started process (PID=444) to work on /opt/airflow/dags/User_2/bronze_dag_2.py
[2026-02-01T12:20:21.286+0000] {processor.py:914} INFO - Processing file /opt/airflow/dags/User_2/bronze_dag_2.py for tasks to queue
[2026-02-01T12:20:21.289+0000] {logging_mixin.py:190} INFO - [2026-02-01T12:20:21.289+0000] {dagbag.py:588} INFO - Filling up the DagBag from /opt/airflow/dags/User_2/bronze_dag_2.py
[2026-02-01T12:20:21.305+0000] {processor.py:925} INFO - DAG(s) 'Bronze_Dag_2' retrieved from /opt/airflow/dags/User_2/bronze_dag_2.py
[2026-02-01T12:20:21.348+0000] {logging_mixin.py:190} INFO - [2026-02-01T12:20:21.347+0000] {dag.py:3239} INFO - Sync 1 DAGs
[2026-02-01T12:20:21.376+0000] {logging_mixin.py:190} INFO - [2026-02-01T12:20:21.376+0000] {dag.py:4180} INFO - Setting next_dagrun for Bronze_Dag_2 to None, run_after=None
[2026-02-01T12:20:21.413+0000] {processor.py:208} INFO - Processing /opt/airflow/dags/User_2/bronze_dag_2.py took 0.137 seconds
[2026-02-01T12:20:51.786+0000] {processor.py:186} INFO - Started process (PID=459) to work on /opt/airflow/dags/User_2/bronze_dag_2.py
[2026-02-01T12:20:51.788+0000] {processor.py:914} INFO - Processing file /opt/airflow/dags/User_2/bronze_dag_2.py for tasks to queue
[2026-02-01T12:20:51.800+0000] {logging_mixin.py:190} INFO - [2026-02-01T12:20:51.798+0000] {dagbag.py:588} INFO - Filling up the DagBag from /opt/airflow/dags/User_2/bronze_dag_2.py
[2026-02-01T12:20:51.823+0000] {processor.py:925} INFO - DAG(s) 'Bronze_Dag_2' retrieved from /opt/airflow/dags/User_2/bronze_dag_2.py
[2026-02-01T12:20:51.873+0000] {logging_mixin.py:190} INFO - [2026-02-01T12:20:51.872+0000] {dag.py:3239} INFO - Sync 1 DAGs
[2026-02-01T12:20:51.892+0000] {logging_mixin.py:190} INFO - [2026-02-01T12:20:51.891+0000] {dag.py:4180} INFO - Setting next_dagrun for Bronze_Dag_2 to None, run_after=None
[2026-02-01T12:20:51.939+0000] {processor.py:208} INFO - Processing /opt/airflow/dags/User_2/bronze_dag_2.py took 0.175 seconds
[2026-02-01T12:21:22.344+0000] {processor.py:186} INFO - Started process (PID=475) to work on /opt/airflow/dags/User_2/bronze_dag_2.py
[2026-02-01T12:21:22.345+0000] {processor.py:914} INFO - Processing file /opt/airflow/dags/User_2/bronze_dag_2.py for tasks to queue
[2026-02-01T12:21:22.353+0000] {logging_mixin.py:190} INFO - [2026-02-01T12:21:22.352+0000] {dagbag.py:588} INFO - Filling up the DagBag from /opt/airflow/dags/User_2/bronze_dag_2.py
[2026-02-01T12:21:22.373+0000] {processor.py:925} INFO - DAG(s) 'Bronze_Dag_2' retrieved from /opt/airflow/dags/User_2/bronze_dag_2.py
[2026-02-01T12:21:22.399+0000] {logging_mixin.py:190} INFO - [2026-02-01T12:21:22.399+0000] {dag.py:3239} INFO - Sync 1 DAGs
[2026-02-01T12:21:22.414+0000] {logging_mixin.py:190} INFO - [2026-02-01T12:21:22.414+0000] {dag.py:4180} INFO - Setting next_dagrun for Bronze_Dag_2 to None, run_after=None
[2026-02-01T12:21:22.431+0000] {processor.py:208} INFO - Processing /opt/airflow/dags/User_2/bronze_dag_2.py took 0.093 seconds
[2026-02-01T12:21:52.681+0000] {processor.py:186} INFO - Started process (PID=497) to work on /opt/airflow/dags/User_2/bronze_dag_2.py
[2026-02-01T12:21:52.682+0000] {processor.py:914} INFO - Processing file /opt/airflow/dags/User_2/bronze_dag_2.py for tasks to queue
[2026-02-01T12:21:52.684+0000] {logging_mixin.py:190} INFO - [2026-02-01T12:21:52.684+0000] {dagbag.py:588} INFO - Filling up the DagBag from /opt/airflow/dags/User_2/bronze_dag_2.py
[2026-02-01T12:21:52.699+0000] {processor.py:925} INFO - DAG(s) 'Bronze_Dag_2' retrieved from /opt/airflow/dags/User_2/bronze_dag_2.py
[2026-02-01T12:21:52.729+0000] {logging_mixin.py:190} INFO - [2026-02-01T12:21:52.728+0000] {dag.py:3239} INFO - Sync 1 DAGs
[2026-02-01T12:21:52.744+0000] {logging_mixin.py:190} INFO - [2026-02-01T12:21:52.744+0000] {dag.py:4180} INFO - Setting next_dagrun for Bronze_Dag_2 to None, run_after=None
[2026-02-01T12:21:52.762+0000] {processor.py:208} INFO - Processing /opt/airflow/dags/User_2/bronze_dag_2.py took 0.088 seconds
[2026-02-01T12:22:23.249+0000] {processor.py:186} INFO - Started process (PID=513) to work on /opt/airflow/dags/User_2/bronze_dag_2.py
[2026-02-01T12:22:23.250+0000] {processor.py:914} INFO - Processing file /opt/airflow/dags/User_2/bronze_dag_2.py for tasks to queue
[2026-02-01T12:22:23.253+0000] {logging_mixin.py:190} INFO - [2026-02-01T12:22:23.252+0000] {dagbag.py:588} INFO - Filling up the DagBag from /opt/airflow/dags/User_2/bronze_dag_2.py
[2026-02-01T12:22:23.261+0000] {processor.py:925} INFO - DAG(s) 'Bronze_Dag_2' retrieved from /opt/airflow/dags/User_2/bronze_dag_2.py
[2026-02-01T12:22:23.288+0000] {logging_mixin.py:190} INFO - [2026-02-01T12:22:23.288+0000] {dag.py:3239} INFO - Sync 1 DAGs
[2026-02-01T12:22:23.306+0000] {logging_mixin.py:190} INFO - [2026-02-01T12:22:23.306+0000] {dag.py:4180} INFO - Setting next_dagrun for Bronze_Dag_2 to None, run_after=None
[2026-02-01T12:22:23.325+0000] {processor.py:208} INFO - Processing /opt/airflow/dags/User_2/bronze_dag_2.py took 0.083 seconds
[2026-02-01T12:22:53.600+0000] {processor.py:186} INFO - Started process (PID=528) to work on /opt/airflow/dags/User_2/bronze_dag_2.py
[2026-02-01T12:22:53.601+0000] {processor.py:914} INFO - Processing file /opt/airflow/dags/User_2/bronze_dag_2.py for tasks to queue
[2026-02-01T12:22:53.605+0000] {logging_mixin.py:190} INFO - [2026-02-01T12:22:53.604+0000] {dagbag.py:588} INFO - Filling up the DagBag from /opt/airflow/dags/User_2/bronze_dag_2.py
[2026-02-01T12:22:53.621+0000] {processor.py:925} INFO - DAG(s) 'Bronze_Dag_2' retrieved from /opt/airflow/dags/User_2/bronze_dag_2.py
[2026-02-01T12:22:53.645+0000] {logging_mixin.py:190} INFO - [2026-02-01T12:22:53.645+0000] {dag.py:3239} INFO - Sync 1 DAGs
[2026-02-01T12:22:53.663+0000] {logging_mixin.py:190} INFO - [2026-02-01T12:22:53.663+0000] {dag.py:4180} INFO - Setting next_dagrun for Bronze_Dag_2 to None, run_after=None
[2026-02-01T12:22:53.679+0000] {processor.py:208} INFO - Processing /opt/airflow/dags/User_2/bronze_dag_2.py took 0.099 seconds
[2026-02-01T12:23:24.011+0000] {processor.py:186} INFO - Started process (PID=545) to work on /opt/airflow/dags/User_2/bronze_dag_2.py
[2026-02-01T12:23:24.012+0000] {processor.py:914} INFO - Processing file /opt/airflow/dags/User_2/bronze_dag_2.py for tasks to queue
[2026-02-01T12:23:24.015+0000] {logging_mixin.py:190} INFO - [2026-02-01T12:23:24.015+0000] {dagbag.py:588} INFO - Filling up the DagBag from /opt/airflow/dags/User_2/bronze_dag_2.py
[2026-02-01T12:23:24.024+0000] {processor.py:925} INFO - DAG(s) 'Bronze_Dag_2' retrieved from /opt/airflow/dags/User_2/bronze_dag_2.py
[2026-02-01T12:23:24.058+0000] {logging_mixin.py:190} INFO - [2026-02-01T12:23:24.058+0000] {dag.py:3239} INFO - Sync 1 DAGs
[2026-02-01T12:23:24.084+0000] {logging_mixin.py:190} INFO - [2026-02-01T12:23:24.084+0000] {dag.py:4180} INFO - Setting next_dagrun for Bronze_Dag_2 to None, run_after=None
[2026-02-01T12:23:24.111+0000] {processor.py:208} INFO - Processing /opt/airflow/dags/User_2/bronze_dag_2.py took 0.107 seconds
[2026-02-01T12:23:54.536+0000] {processor.py:186} INFO - Started process (PID=561) to work on /opt/airflow/dags/User_2/bronze_dag_2.py
[2026-02-01T12:23:54.537+0000] {processor.py:914} INFO - Processing file /opt/airflow/dags/User_2/bronze_dag_2.py for tasks to queue
[2026-02-01T12:23:54.542+0000] {logging_mixin.py:190} INFO - [2026-02-01T12:23:54.541+0000] {dagbag.py:588} INFO - Filling up the DagBag from /opt/airflow/dags/User_2/bronze_dag_2.py
[2026-02-01T12:23:54.556+0000] {processor.py:925} INFO - DAG(s) 'Bronze_Dag_2' retrieved from /opt/airflow/dags/User_2/bronze_dag_2.py
[2026-02-01T12:23:54.603+0000] {logging_mixin.py:190} INFO - [2026-02-01T12:23:54.603+0000] {dag.py:3239} INFO - Sync 1 DAGs
[2026-02-01T12:23:54.624+0000] {logging_mixin.py:190} INFO - [2026-02-01T12:23:54.623+0000] {dag.py:4180} INFO - Setting next_dagrun for Bronze_Dag_2 to None, run_after=None
[2026-02-01T12:23:54.646+0000] {processor.py:208} INFO - Processing /opt/airflow/dags/User_2/bronze_dag_2.py took 0.119 seconds
[2026-02-01T12:24:25.353+0000] {processor.py:186} INFO - Started process (PID=577) to work on /opt/airflow/dags/User_2/bronze_dag_2.py
[2026-02-01T12:24:25.355+0000] {processor.py:914} INFO - Processing file /opt/airflow/dags/User_2/bronze_dag_2.py for tasks to queue
[2026-02-01T12:24:25.359+0000] {logging_mixin.py:190} INFO - [2026-02-01T12:24:25.359+0000] {dagbag.py:588} INFO - Filling up the DagBag from /opt/airflow/dags/User_2/bronze_dag_2.py
[2026-02-01T12:24:25.376+0000] {processor.py:925} INFO - DAG(s) 'Bronze_Dag_2' retrieved from /opt/airflow/dags/User_2/bronze_dag_2.py
[2026-02-01T12:24:25.404+0000] {logging_mixin.py:190} INFO - [2026-02-01T12:24:25.404+0000] {dag.py:3239} INFO - Sync 1 DAGs
[2026-02-01T12:24:25.422+0000] {logging_mixin.py:190} INFO - [2026-02-01T12:24:25.422+0000] {dag.py:4180} INFO - Setting next_dagrun for Bronze_Dag_2 to None, run_after=None
[2026-02-01T12:24:25.444+0000] {processor.py:208} INFO - Processing /opt/airflow/dags/User_2/bronze_dag_2.py took 0.099 seconds
[2026-02-01T12:24:56.194+0000] {processor.py:186} INFO - Started process (PID=592) to work on /opt/airflow/dags/User_2/bronze_dag_2.py
[2026-02-01T12:24:56.198+0000] {processor.py:914} INFO - Processing file /opt/airflow/dags/User_2/bronze_dag_2.py for tasks to queue
[2026-02-01T12:24:56.208+0000] {logging_mixin.py:190} INFO - [2026-02-01T12:24:56.208+0000] {dagbag.py:588} INFO - Filling up the DagBag from /opt/airflow/dags/User_2/bronze_dag_2.py
[2026-02-01T12:24:56.230+0000] {processor.py:925} INFO - DAG(s) 'Bronze_Dag_2' retrieved from /opt/airflow/dags/User_2/bronze_dag_2.py
[2026-02-01T12:24:56.276+0000] {logging_mixin.py:190} INFO - [2026-02-01T12:24:56.276+0000] {dag.py:3239} INFO - Sync 1 DAGs
[2026-02-01T12:24:56.310+0000] {logging_mixin.py:190} INFO - [2026-02-01T12:24:56.309+0000] {dag.py:4180} INFO - Setting next_dagrun for Bronze_Dag_2 to None, run_after=None
[2026-02-01T12:24:56.333+0000] {processor.py:208} INFO - Processing /opt/airflow/dags/User_2/bronze_dag_2.py took 0.150 seconds
[2026-02-01T12:25:26.653+0000] {processor.py:186} INFO - Started process (PID=608) to work on /opt/airflow/dags/User_2/bronze_dag_2.py
[2026-02-01T12:25:26.654+0000] {processor.py:914} INFO - Processing file /opt/airflow/dags/User_2/bronze_dag_2.py for tasks to queue
[2026-02-01T12:25:26.661+0000] {logging_mixin.py:190} INFO - [2026-02-01T12:25:26.661+0000] {dagbag.py:588} INFO - Filling up the DagBag from /opt/airflow/dags/User_2/bronze_dag_2.py
[2026-02-01T12:25:26.686+0000] {processor.py:925} INFO - DAG(s) 'Bronze_Dag_2' retrieved from /opt/airflow/dags/User_2/bronze_dag_2.py
[2026-02-01T12:25:26.717+0000] {logging_mixin.py:190} INFO - [2026-02-01T12:25:26.717+0000] {dag.py:3239} INFO - Sync 1 DAGs
[2026-02-01T12:25:26.730+0000] {logging_mixin.py:190} INFO - [2026-02-01T12:25:26.729+0000] {dag.py:4180} INFO - Setting next_dagrun for Bronze_Dag_2 to None, run_after=None
[2026-02-01T12:25:26.749+0000] {processor.py:208} INFO - Processing /opt/airflow/dags/User_2/bronze_dag_2.py took 0.108 seconds
[2026-02-01T12:25:57.465+0000] {processor.py:186} INFO - Started process (PID=624) to work on /opt/airflow/dags/User_2/bronze_dag_2.py
[2026-02-01T12:25:57.466+0000] {processor.py:914} INFO - Processing file /opt/airflow/dags/User_2/bronze_dag_2.py for tasks to queue
[2026-02-01T12:25:57.474+0000] {logging_mixin.py:190} INFO - [2026-02-01T12:25:57.473+0000] {dagbag.py:588} INFO - Filling up the DagBag from /opt/airflow/dags/User_2/bronze_dag_2.py
[2026-02-01T12:25:57.505+0000] {processor.py:925} INFO - DAG(s) 'Bronze_Dag_2' retrieved from /opt/airflow/dags/User_2/bronze_dag_2.py
[2026-02-01T12:25:57.559+0000] {logging_mixin.py:190} INFO - [2026-02-01T12:25:57.558+0000] {dag.py:3239} INFO - Sync 1 DAGs
[2026-02-01T12:25:57.586+0000] {logging_mixin.py:190} INFO - [2026-02-01T12:25:57.585+0000] {dag.py:4180} INFO - Setting next_dagrun for Bronze_Dag_2 to None, run_after=None
[2026-02-01T12:25:57.614+0000] {processor.py:208} INFO - Processing /opt/airflow/dags/User_2/bronze_dag_2.py took 0.167 seconds
[2026-02-01T12:26:28.629+0000] {processor.py:186} INFO - Started process (PID=640) to work on /opt/airflow/dags/User_2/bronze_dag_2.py
[2026-02-01T12:26:28.630+0000] {processor.py:914} INFO - Processing file /opt/airflow/dags/User_2/bronze_dag_2.py for tasks to queue
[2026-02-01T12:26:28.634+0000] {logging_mixin.py:190} INFO - [2026-02-01T12:26:28.634+0000] {dagbag.py:588} INFO - Filling up the DagBag from /opt/airflow/dags/User_2/bronze_dag_2.py
[2026-02-01T12:26:28.648+0000] {processor.py:925} INFO - DAG(s) 'Bronze_Dag_2' retrieved from /opt/airflow/dags/User_2/bronze_dag_2.py
[2026-02-01T12:26:28.676+0000] {logging_mixin.py:190} INFO - [2026-02-01T12:26:28.676+0000] {dag.py:3239} INFO - Sync 1 DAGs
[2026-02-01T12:26:28.695+0000] {logging_mixin.py:190} INFO - [2026-02-01T12:26:28.695+0000] {dag.py:4180} INFO - Setting next_dagrun for Bronze_Dag_2 to None, run_after=None
[2026-02-01T12:26:28.710+0000] {processor.py:208} INFO - Processing /opt/airflow/dags/User_2/bronze_dag_2.py took 0.092 seconds
[2026-02-01T12:26:58.950+0000] {processor.py:186} INFO - Started process (PID=655) to work on /opt/airflow/dags/User_2/bronze_dag_2.py
[2026-02-01T12:26:58.951+0000] {processor.py:914} INFO - Processing file /opt/airflow/dags/User_2/bronze_dag_2.py for tasks to queue
[2026-02-01T12:26:58.952+0000] {logging_mixin.py:190} INFO - [2026-02-01T12:26:58.952+0000] {dagbag.py:588} INFO - Filling up the DagBag from /opt/airflow/dags/User_2/bronze_dag_2.py
[2026-02-01T12:26:58.960+0000] {processor.py:925} INFO - DAG(s) 'Bronze_Dag_2' retrieved from /opt/airflow/dags/User_2/bronze_dag_2.py
[2026-02-01T12:26:58.986+0000] {logging_mixin.py:190} INFO - [2026-02-01T12:26:58.986+0000] {dag.py:3239} INFO - Sync 1 DAGs
[2026-02-01T12:26:59.005+0000] {logging_mixin.py:190} INFO - [2026-02-01T12:26:59.005+0000] {dag.py:4180} INFO - Setting next_dagrun for Bronze_Dag_2 to None, run_after=None
[2026-02-01T12:26:59.021+0000] {processor.py:208} INFO - Processing /opt/airflow/dags/User_2/bronze_dag_2.py took 0.076 seconds
[2026-02-01T12:27:29.372+0000] {processor.py:186} INFO - Started process (PID=671) to work on /opt/airflow/dags/User_2/bronze_dag_2.py
[2026-02-01T12:27:29.374+0000] {processor.py:914} INFO - Processing file /opt/airflow/dags/User_2/bronze_dag_2.py for tasks to queue
[2026-02-01T12:27:29.378+0000] {logging_mixin.py:190} INFO - [2026-02-01T12:27:29.378+0000] {dagbag.py:588} INFO - Filling up the DagBag from /opt/airflow/dags/User_2/bronze_dag_2.py
[2026-02-01T12:27:29.392+0000] {processor.py:925} INFO - DAG(s) 'Bronze_Dag_2' retrieved from /opt/airflow/dags/User_2/bronze_dag_2.py
[2026-02-01T12:27:29.421+0000] {logging_mixin.py:190} INFO - [2026-02-01T12:27:29.421+0000] {dag.py:3239} INFO - Sync 1 DAGs
[2026-02-01T12:27:29.436+0000] {logging_mixin.py:190} INFO - [2026-02-01T12:27:29.436+0000] {dag.py:4180} INFO - Setting next_dagrun for Bronze_Dag_2 to None, run_after=None
[2026-02-01T12:27:29.458+0000] {processor.py:208} INFO - Processing /opt/airflow/dags/User_2/bronze_dag_2.py took 0.092 seconds
[2026-02-01T12:27:59.736+0000] {processor.py:186} INFO - Started process (PID=687) to work on /opt/airflow/dags/User_2/bronze_dag_2.py
[2026-02-01T12:27:59.737+0000] {processor.py:914} INFO - Processing file /opt/airflow/dags/User_2/bronze_dag_2.py for tasks to queue
[2026-02-01T12:27:59.742+0000] {logging_mixin.py:190} INFO - [2026-02-01T12:27:59.741+0000] {dagbag.py:588} INFO - Filling up the DagBag from /opt/airflow/dags/User_2/bronze_dag_2.py
[2026-02-01T12:27:59.767+0000] {processor.py:925} INFO - DAG(s) 'Bronze_Dag_2' retrieved from /opt/airflow/dags/User_2/bronze_dag_2.py
[2026-02-01T12:27:59.812+0000] {logging_mixin.py:190} INFO - [2026-02-01T12:27:59.812+0000] {dag.py:3239} INFO - Sync 1 DAGs
[2026-02-01T12:27:59.825+0000] {logging_mixin.py:190} INFO - [2026-02-01T12:27:59.825+0000] {dag.py:4180} INFO - Setting next_dagrun for Bronze_Dag_2 to None, run_after=None
[2026-02-01T12:27:59.844+0000] {processor.py:208} INFO - Processing /opt/airflow/dags/User_2/bronze_dag_2.py took 0.119 seconds
[2026-02-01T12:28:30.228+0000] {processor.py:186} INFO - Started process (PID=705) to work on /opt/airflow/dags/User_2/bronze_dag_2.py
[2026-02-01T12:28:30.229+0000] {processor.py:914} INFO - Processing file /opt/airflow/dags/User_2/bronze_dag_2.py for tasks to queue
[2026-02-01T12:28:30.231+0000] {logging_mixin.py:190} INFO - [2026-02-01T12:28:30.230+0000] {dagbag.py:588} INFO - Filling up the DagBag from /opt/airflow/dags/User_2/bronze_dag_2.py
[2026-02-01T12:28:30.238+0000] {processor.py:925} INFO - DAG(s) 'Bronze_Dag_2' retrieved from /opt/airflow/dags/User_2/bronze_dag_2.py
[2026-02-01T12:28:30.265+0000] {logging_mixin.py:190} INFO - [2026-02-01T12:28:30.265+0000] {dag.py:3239} INFO - Sync 1 DAGs
[2026-02-01T12:28:30.284+0000] {logging_mixin.py:190} INFO - [2026-02-01T12:28:30.284+0000] {dag.py:4180} INFO - Setting next_dagrun for Bronze_Dag_2 to None, run_after=None
[2026-02-01T12:28:30.299+0000] {processor.py:208} INFO - Processing /opt/airflow/dags/User_2/bronze_dag_2.py took 0.077 seconds
[2026-02-01T12:29:00.526+0000] {processor.py:186} INFO - Started process (PID=721) to work on /opt/airflow/dags/User_2/bronze_dag_2.py
[2026-02-01T12:29:00.527+0000] {processor.py:914} INFO - Processing file /opt/airflow/dags/User_2/bronze_dag_2.py for tasks to queue
[2026-02-01T12:29:00.529+0000] {logging_mixin.py:190} INFO - [2026-02-01T12:29:00.529+0000] {dagbag.py:588} INFO - Filling up the DagBag from /opt/airflow/dags/User_2/bronze_dag_2.py
[2026-02-01T12:29:00.538+0000] {processor.py:925} INFO - DAG(s) 'Bronze_Dag_2' retrieved from /opt/airflow/dags/User_2/bronze_dag_2.py
[2026-02-01T12:29:00.564+0000] {logging_mixin.py:190} INFO - [2026-02-01T12:29:00.563+0000] {dag.py:3239} INFO - Sync 1 DAGs
[2026-02-01T12:29:00.582+0000] {logging_mixin.py:190} INFO - [2026-02-01T12:29:00.582+0000] {dag.py:4180} INFO - Setting next_dagrun for Bronze_Dag_2 to None, run_after=None
[2026-02-01T12:29:00.598+0000] {processor.py:208} INFO - Processing /opt/airflow/dags/User_2/bronze_dag_2.py took 0.077 seconds
[2026-02-01T12:29:30.914+0000] {processor.py:186} INFO - Started process (PID=736) to work on /opt/airflow/dags/User_2/bronze_dag_2.py
[2026-02-01T12:29:30.916+0000] {processor.py:914} INFO - Processing file /opt/airflow/dags/User_2/bronze_dag_2.py for tasks to queue
[2026-02-01T12:29:30.926+0000] {logging_mixin.py:190} INFO - [2026-02-01T12:29:30.922+0000] {dagbag.py:588} INFO - Filling up the DagBag from /opt/airflow/dags/User_2/bronze_dag_2.py
[2026-02-01T12:29:30.944+0000] {processor.py:925} INFO - DAG(s) 'Bronze_Dag_2' retrieved from /opt/airflow/dags/User_2/bronze_dag_2.py
[2026-02-01T12:29:30.988+0000] {logging_mixin.py:190} INFO - [2026-02-01T12:29:30.987+0000] {dag.py:3239} INFO - Sync 1 DAGs
[2026-02-01T12:29:31.015+0000] {logging_mixin.py:190} INFO - [2026-02-01T12:29:31.014+0000] {dag.py:4180} INFO - Setting next_dagrun for Bronze_Dag_2 to None, run_after=None
[2026-02-01T12:29:31.044+0000] {processor.py:208} INFO - Processing /opt/airflow/dags/User_2/bronze_dag_2.py took 0.141 seconds
[2026-02-01T12:30:01.913+0000] {processor.py:186} INFO - Started process (PID=752) to work on /opt/airflow/dags/User_2/bronze_dag_2.py
[2026-02-01T12:30:01.914+0000] {processor.py:914} INFO - Processing file /opt/airflow/dags/User_2/bronze_dag_2.py for tasks to queue
[2026-02-01T12:30:01.916+0000] {logging_mixin.py:190} INFO - [2026-02-01T12:30:01.916+0000] {dagbag.py:588} INFO - Filling up the DagBag from /opt/airflow/dags/User_2/bronze_dag_2.py
[2026-02-01T12:30:01.924+0000] {processor.py:925} INFO - DAG(s) 'Bronze_Dag_2' retrieved from /opt/airflow/dags/User_2/bronze_dag_2.py
[2026-02-01T12:30:01.954+0000] {logging_mixin.py:190} INFO - [2026-02-01T12:30:01.954+0000] {dag.py:3239} INFO - Sync 1 DAGs
[2026-02-01T12:30:01.971+0000] {logging_mixin.py:190} INFO - [2026-02-01T12:30:01.971+0000] {dag.py:4180} INFO - Setting next_dagrun for Bronze_Dag_2 to None, run_after=None
[2026-02-01T12:30:01.989+0000] {processor.py:208} INFO - Processing /opt/airflow/dags/User_2/bronze_dag_2.py took 0.084 seconds
[2026-02-01T12:30:32.468+0000] {processor.py:186} INFO - Started process (PID=768) to work on /opt/airflow/dags/User_2/bronze_dag_2.py
[2026-02-01T12:30:32.471+0000] {processor.py:914} INFO - Processing file /opt/airflow/dags/User_2/bronze_dag_2.py for tasks to queue
[2026-02-01T12:30:32.479+0000] {logging_mixin.py:190} INFO - [2026-02-01T12:30:32.478+0000] {dagbag.py:588} INFO - Filling up the DagBag from /opt/airflow/dags/User_2/bronze_dag_2.py
[2026-02-01T12:30:32.506+0000] {processor.py:925} INFO - DAG(s) 'Bronze_Dag_2' retrieved from /opt/airflow/dags/User_2/bronze_dag_2.py
[2026-02-01T12:30:32.546+0000] {logging_mixin.py:190} INFO - [2026-02-01T12:30:32.546+0000] {dag.py:3239} INFO - Sync 1 DAGs
[2026-02-01T12:30:32.567+0000] {logging_mixin.py:190} INFO - [2026-02-01T12:30:32.566+0000] {dag.py:4180} INFO - Setting next_dagrun for Bronze_Dag_2 to None, run_after=None
[2026-02-01T12:30:32.595+0000] {processor.py:208} INFO - Processing /opt/airflow/dags/User_2/bronze_dag_2.py took 0.138 seconds
[2026-02-01T12:31:02.738+0000] {processor.py:186} INFO - Started process (PID=784) to work on /opt/airflow/dags/User_2/bronze_dag_2.py
[2026-02-01T12:31:02.739+0000] {processor.py:914} INFO - Processing file /opt/airflow/dags/User_2/bronze_dag_2.py for tasks to queue
[2026-02-01T12:31:02.742+0000] {logging_mixin.py:190} INFO - [2026-02-01T12:31:02.742+0000] {dagbag.py:588} INFO - Filling up the DagBag from /opt/airflow/dags/User_2/bronze_dag_2.py
[2026-02-01T12:31:02.753+0000] {processor.py:925} INFO - DAG(s) 'Bronze_Dag_2' retrieved from /opt/airflow/dags/User_2/bronze_dag_2.py
[2026-02-01T12:31:02.781+0000] {logging_mixin.py:190} INFO - [2026-02-01T12:31:02.781+0000] {dag.py:3239} INFO - Sync 1 DAGs
[2026-02-01T12:31:02.799+0000] {logging_mixin.py:190} INFO - [2026-02-01T12:31:02.799+0000] {dag.py:4180} INFO - Setting next_dagrun for Bronze_Dag_2 to None, run_after=None
[2026-02-01T12:31:02.816+0000] {processor.py:208} INFO - Processing /opt/airflow/dags/User_2/bronze_dag_2.py took 0.090 seconds
[2026-02-01T12:31:33.591+0000] {processor.py:186} INFO - Started process (PID=800) to work on /opt/airflow/dags/User_2/bronze_dag_2.py
[2026-02-01T12:31:33.592+0000] {processor.py:914} INFO - Processing file /opt/airflow/dags/User_2/bronze_dag_2.py for tasks to queue
[2026-02-01T12:31:33.604+0000] {logging_mixin.py:190} INFO - [2026-02-01T12:31:33.602+0000] {dagbag.py:588} INFO - Filling up the DagBag from /opt/airflow/dags/User_2/bronze_dag_2.py
[2026-02-01T12:31:33.658+0000] {processor.py:925} INFO - DAG(s) 'Bronze_Dag_2' retrieved from /opt/airflow/dags/User_2/bronze_dag_2.py
[2026-02-01T12:31:33.716+0000] {logging_mixin.py:190} INFO - [2026-02-01T12:31:33.715+0000] {dag.py:3239} INFO - Sync 1 DAGs
[2026-02-01T12:31:33.739+0000] {logging_mixin.py:190} INFO - [2026-02-01T12:31:33.739+0000] {dag.py:4180} INFO - Setting next_dagrun for Bronze_Dag_2 to None, run_after=None
[2026-02-01T12:31:33.760+0000] {processor.py:208} INFO - Processing /opt/airflow/dags/User_2/bronze_dag_2.py took 0.179 seconds
[2026-02-01T12:32:04.360+0000] {processor.py:186} INFO - Started process (PID=817) to work on /opt/airflow/dags/User_2/bronze_dag_2.py
[2026-02-01T12:32:04.364+0000] {processor.py:914} INFO - Processing file /opt/airflow/dags/User_2/bronze_dag_2.py for tasks to queue
[2026-02-01T12:32:04.373+0000] {logging_mixin.py:190} INFO - [2026-02-01T12:32:04.373+0000] {dagbag.py:588} INFO - Filling up the DagBag from /opt/airflow/dags/User_2/bronze_dag_2.py
[2026-02-01T12:32:04.388+0000] {processor.py:925} INFO - DAG(s) 'Bronze_Dag_2' retrieved from /opt/airflow/dags/User_2/bronze_dag_2.py
[2026-02-01T12:32:04.435+0000] {logging_mixin.py:190} INFO - [2026-02-01T12:32:04.435+0000] {dag.py:3239} INFO - Sync 1 DAGs
[2026-02-01T12:32:04.467+0000] {logging_mixin.py:190} INFO - [2026-02-01T12:32:04.467+0000] {dag.py:4180} INFO - Setting next_dagrun for Bronze_Dag_2 to None, run_after=None
[2026-02-01T12:32:04.504+0000] {processor.py:208} INFO - Processing /opt/airflow/dags/User_2/bronze_dag_2.py took 0.176 seconds
[2026-02-01T12:32:34.946+0000] {processor.py:186} INFO - Started process (PID=833) to work on /opt/airflow/dags/User_2/bronze_dag_2.py
[2026-02-01T12:32:34.948+0000] {processor.py:914} INFO - Processing file /opt/airflow/dags/User_2/bronze_dag_2.py for tasks to queue
[2026-02-01T12:32:34.953+0000] {logging_mixin.py:190} INFO - [2026-02-01T12:32:34.952+0000] {dagbag.py:588} INFO - Filling up the DagBag from /opt/airflow/dags/User_2/bronze_dag_2.py
[2026-02-01T12:32:34.976+0000] {processor.py:925} INFO - DAG(s) 'Bronze_Dag_2' retrieved from /opt/airflow/dags/User_2/bronze_dag_2.py
[2026-02-01T12:32:35.012+0000] {logging_mixin.py:190} INFO - [2026-02-01T12:32:35.011+0000] {dag.py:3239} INFO - Sync 1 DAGs
[2026-02-01T12:32:35.033+0000] {logging_mixin.py:190} INFO - [2026-02-01T12:32:35.033+0000] {dag.py:4180} INFO - Setting next_dagrun for Bronze_Dag_2 to None, run_after=None
[2026-02-01T12:32:35.058+0000] {processor.py:208} INFO - Processing /opt/airflow/dags/User_2/bronze_dag_2.py took 0.121 seconds
[2026-02-01T12:33:05.107+0000] {processor.py:186} INFO - Started process (PID=848) to work on /opt/airflow/dags/User_2/bronze_dag_2.py
[2026-02-01T12:33:05.109+0000] {processor.py:914} INFO - Processing file /opt/airflow/dags/User_2/bronze_dag_2.py for tasks to queue
[2026-02-01T12:33:05.114+0000] {logging_mixin.py:190} INFO - [2026-02-01T12:33:05.112+0000] {dagbag.py:588} INFO - Filling up the DagBag from /opt/airflow/dags/User_2/bronze_dag_2.py
[2026-02-01T12:33:05.127+0000] {processor.py:925} INFO - DAG(s) 'Bronze_Dag_2' retrieved from /opt/airflow/dags/User_2/bronze_dag_2.py
[2026-02-01T12:33:05.164+0000] {logging_mixin.py:190} INFO - [2026-02-01T12:33:05.163+0000] {dag.py:3239} INFO - Sync 1 DAGs
[2026-02-01T12:33:05.192+0000] {logging_mixin.py:190} INFO - [2026-02-01T12:33:05.192+0000] {dag.py:4180} INFO - Setting next_dagrun for Bronze_Dag_2 to None, run_after=None
[2026-02-01T12:33:05.219+0000] {processor.py:208} INFO - Processing /opt/airflow/dags/User_2/bronze_dag_2.py took 0.120 seconds
[2026-02-01T12:33:35.725+0000] {processor.py:186} INFO - Started process (PID=865) to work on /opt/airflow/dags/User_2/bronze_dag_2.py
[2026-02-01T12:33:35.727+0000] {processor.py:914} INFO - Processing file /opt/airflow/dags/User_2/bronze_dag_2.py for tasks to queue
[2026-02-01T12:33:35.729+0000] {logging_mixin.py:190} INFO - [2026-02-01T12:33:35.729+0000] {dagbag.py:588} INFO - Filling up the DagBag from /opt/airflow/dags/User_2/bronze_dag_2.py
[2026-02-01T12:33:35.743+0000] {processor.py:925} INFO - DAG(s) 'Bronze_Dag_2' retrieved from /opt/airflow/dags/User_2/bronze_dag_2.py
[2026-02-01T12:33:35.774+0000] {logging_mixin.py:190} INFO - [2026-02-01T12:33:35.774+0000] {dag.py:3239} INFO - Sync 1 DAGs
[2026-02-01T12:33:35.791+0000] {logging_mixin.py:190} INFO - [2026-02-01T12:33:35.791+0000] {dag.py:4180} INFO - Setting next_dagrun for Bronze_Dag_2 to None, run_after=None
[2026-02-01T12:33:35.810+0000] {processor.py:208} INFO - Processing /opt/airflow/dags/User_2/bronze_dag_2.py took 0.094 seconds
[2026-02-01T12:34:06.112+0000] {processor.py:186} INFO - Started process (PID=880) to work on /opt/airflow/dags/User_2/bronze_dag_2.py
[2026-02-01T12:34:06.115+0000] {processor.py:914} INFO - Processing file /opt/airflow/dags/User_2/bronze_dag_2.py for tasks to queue
[2026-02-01T12:34:06.120+0000] {logging_mixin.py:190} INFO - [2026-02-01T12:34:06.119+0000] {dagbag.py:588} INFO - Filling up the DagBag from /opt/airflow/dags/User_2/bronze_dag_2.py
[2026-02-01T12:34:06.140+0000] {processor.py:925} INFO - DAG(s) 'Bronze_Dag_2' retrieved from /opt/airflow/dags/User_2/bronze_dag_2.py
[2026-02-01T12:34:06.199+0000] {logging_mixin.py:190} INFO - [2026-02-01T12:34:06.198+0000] {dag.py:3239} INFO - Sync 1 DAGs
[2026-02-01T12:34:06.234+0000] {logging_mixin.py:190} INFO - [2026-02-01T12:34:06.233+0000] {dag.py:4180} INFO - Setting next_dagrun for Bronze_Dag_2 to None, run_after=None
[2026-02-01T12:34:06.274+0000] {processor.py:208} INFO - Processing /opt/airflow/dags/User_2/bronze_dag_2.py took 0.170 seconds
[2026-02-01T12:34:36.539+0000] {processor.py:186} INFO - Started process (PID=896) to work on /opt/airflow/dags/User_2/bronze_dag_2.py
[2026-02-01T12:34:36.540+0000] {processor.py:914} INFO - Processing file /opt/airflow/dags/User_2/bronze_dag_2.py for tasks to queue
[2026-02-01T12:34:36.546+0000] {logging_mixin.py:190} INFO - [2026-02-01T12:34:36.546+0000] {dagbag.py:588} INFO - Filling up the DagBag from /opt/airflow/dags/User_2/bronze_dag_2.py
[2026-02-01T12:34:36.566+0000] {processor.py:925} INFO - DAG(s) 'Bronze_Dag_2' retrieved from /opt/airflow/dags/User_2/bronze_dag_2.py
[2026-02-01T12:34:36.624+0000] {logging_mixin.py:190} INFO - [2026-02-01T12:34:36.623+0000] {dag.py:3239} INFO - Sync 1 DAGs
[2026-02-01T12:34:36.657+0000] {logging_mixin.py:190} INFO - [2026-02-01T12:34:36.657+0000] {dag.py:4180} INFO - Setting next_dagrun for Bronze_Dag_2 to None, run_after=None
[2026-02-01T12:34:36.689+0000] {processor.py:208} INFO - Processing /opt/airflow/dags/User_2/bronze_dag_2.py took 0.157 seconds
