[2026-02-01T12:08:34.565+0000] {processor.py:186} INFO - Started process (PID=71) to work on /opt/airflow/dags/User_2/data_quality_dag_2.py
[2026-02-01T12:08:34.568+0000] {processor.py:914} INFO - Processing file /opt/airflow/dags/User_2/data_quality_dag_2.py for tasks to queue
[2026-02-01T12:08:34.573+0000] {logging_mixin.py:190} INFO - [2026-02-01T12:08:34.572+0000] {dagbag.py:588} INFO - Filling up the DagBag from /opt/airflow/dags/User_2/data_quality_dag_2.py
[2026-02-01T12:08:34.595+0000] {processor.py:925} INFO - DAG(s) 'Data_Quality_Dag_2' retrieved from /opt/airflow/dags/User_2/data_quality_dag_2.py
[2026-02-01T12:08:34.663+0000] {logging_mixin.py:190} INFO - [2026-02-01T12:08:34.661+0000] {dag.py:3239} INFO - Sync 1 DAGs
[2026-02-01T12:08:34.712+0000] {logging_mixin.py:190} INFO - [2026-02-01T12:08:34.712+0000] {dag.py:4180} INFO - Setting next_dagrun for Data_Quality_Dag_2 to None, run_after=None
[2026-02-01T12:08:34.759+0000] {processor.py:208} INFO - Processing /opt/airflow/dags/User_2/data_quality_dag_2.py took 0.211 seconds
[2026-02-01T12:09:05.450+0000] {processor.py:186} INFO - Started process (PID=87) to work on /opt/airflow/dags/User_2/data_quality_dag_2.py
[2026-02-01T12:09:05.453+0000] {processor.py:914} INFO - Processing file /opt/airflow/dags/User_2/data_quality_dag_2.py for tasks to queue
[2026-02-01T12:09:05.457+0000] {logging_mixin.py:190} INFO - [2026-02-01T12:09:05.457+0000] {dagbag.py:588} INFO - Filling up the DagBag from /opt/airflow/dags/User_2/data_quality_dag_2.py
[2026-02-01T12:09:05.483+0000] {processor.py:925} INFO - DAG(s) 'Data_Quality_Dag_2' retrieved from /opt/airflow/dags/User_2/data_quality_dag_2.py
[2026-02-01T12:09:05.909+0000] {logging_mixin.py:190} INFO - [2026-02-01T12:09:05.909+0000] {dag.py:3239} INFO - Sync 1 DAGs
[2026-02-01T12:09:05.936+0000] {logging_mixin.py:190} INFO - [2026-02-01T12:09:05.934+0000] {dag.py:4180} INFO - Setting next_dagrun for Data_Quality_Dag_2 to None, run_after=None
[2026-02-01T12:09:05.983+0000] {processor.py:208} INFO - Processing /opt/airflow/dags/User_2/data_quality_dag_2.py took 0.545 seconds
[2026-02-01T12:09:36.346+0000] {processor.py:186} INFO - Started process (PID=104) to work on /opt/airflow/dags/User_2/data_quality_dag_2.py
[2026-02-01T12:09:36.347+0000] {processor.py:914} INFO - Processing file /opt/airflow/dags/User_2/data_quality_dag_2.py for tasks to queue
[2026-02-01T12:09:36.349+0000] {logging_mixin.py:190} INFO - [2026-02-01T12:09:36.348+0000] {dagbag.py:588} INFO - Filling up the DagBag from /opt/airflow/dags/User_2/data_quality_dag_2.py
[2026-02-01T12:09:36.370+0000] {processor.py:925} INFO - DAG(s) 'Data_Quality_Dag_2' retrieved from /opt/airflow/dags/User_2/data_quality_dag_2.py
[2026-02-01T12:09:36.404+0000] {logging_mixin.py:190} INFO - [2026-02-01T12:09:36.403+0000] {dag.py:3239} INFO - Sync 1 DAGs
[2026-02-01T12:09:36.429+0000] {logging_mixin.py:190} INFO - [2026-02-01T12:09:36.428+0000] {dag.py:4180} INFO - Setting next_dagrun for Data_Quality_Dag_2 to None, run_after=None
[2026-02-01T12:09:36.456+0000] {processor.py:208} INFO - Processing /opt/airflow/dags/User_2/data_quality_dag_2.py took 0.117 seconds
[2026-02-01T12:10:06.972+0000] {processor.py:186} INFO - Started process (PID=120) to work on /opt/airflow/dags/User_2/data_quality_dag_2.py
[2026-02-01T12:10:06.975+0000] {processor.py:914} INFO - Processing file /opt/airflow/dags/User_2/data_quality_dag_2.py for tasks to queue
[2026-02-01T12:10:06.978+0000] {logging_mixin.py:190} INFO - [2026-02-01T12:10:06.977+0000] {dagbag.py:588} INFO - Filling up the DagBag from /opt/airflow/dags/User_2/data_quality_dag_2.py
[2026-02-01T12:10:06.993+0000] {processor.py:925} INFO - DAG(s) 'Data_Quality_Dag_2' retrieved from /opt/airflow/dags/User_2/data_quality_dag_2.py
[2026-02-01T12:10:07.063+0000] {logging_mixin.py:190} INFO - [2026-02-01T12:10:07.063+0000] {dag.py:3239} INFO - Sync 1 DAGs
[2026-02-01T12:10:07.400+0000] {logging_mixin.py:190} INFO - [2026-02-01T12:10:07.399+0000] {dag.py:4180} INFO - Setting next_dagrun for Data_Quality_Dag_2 to None, run_after=None
[2026-02-01T12:10:07.422+0000] {processor.py:208} INFO - Processing /opt/airflow/dags/User_2/data_quality_dag_2.py took 0.457 seconds
[2026-02-01T12:10:38.574+0000] {processor.py:186} INFO - Started process (PID=136) to work on /opt/airflow/dags/User_2/data_quality_dag_2.py
[2026-02-01T12:10:38.578+0000] {processor.py:914} INFO - Processing file /opt/airflow/dags/User_2/data_quality_dag_2.py for tasks to queue
[2026-02-01T12:10:38.590+0000] {logging_mixin.py:190} INFO - [2026-02-01T12:10:38.590+0000] {dagbag.py:588} INFO - Filling up the DagBag from /opt/airflow/dags/User_2/data_quality_dag_2.py
[2026-02-01T12:10:38.633+0000] {processor.py:925} INFO - DAG(s) 'Data_Quality_Dag_2' retrieved from /opt/airflow/dags/User_2/data_quality_dag_2.py
[2026-02-01T12:10:38.731+0000] {logging_mixin.py:190} INFO - [2026-02-01T12:10:38.730+0000] {dag.py:3239} INFO - Sync 1 DAGs
[2026-02-01T12:10:38.795+0000] {logging_mixin.py:190} INFO - [2026-02-01T12:10:38.794+0000] {dag.py:4180} INFO - Setting next_dagrun for Data_Quality_Dag_2 to None, run_after=None
[2026-02-01T12:10:38.873+0000] {processor.py:208} INFO - Processing /opt/airflow/dags/User_2/data_quality_dag_2.py took 0.339 seconds
[2026-02-01T12:11:09.567+0000] {processor.py:186} INFO - Started process (PID=153) to work on /opt/airflow/dags/User_2/data_quality_dag_2.py
[2026-02-01T12:11:09.569+0000] {processor.py:914} INFO - Processing file /opt/airflow/dags/User_2/data_quality_dag_2.py for tasks to queue
[2026-02-01T12:11:09.574+0000] {logging_mixin.py:190} INFO - [2026-02-01T12:11:09.573+0000] {dagbag.py:588} INFO - Filling up the DagBag from /opt/airflow/dags/User_2/data_quality_dag_2.py
[2026-02-01T12:11:09.593+0000] {processor.py:925} INFO - DAG(s) 'Data_Quality_Dag_2' retrieved from /opt/airflow/dags/User_2/data_quality_dag_2.py
[2026-02-01T12:11:09.639+0000] {logging_mixin.py:190} INFO - [2026-02-01T12:11:09.639+0000] {dag.py:3239} INFO - Sync 1 DAGs
[2026-02-01T12:11:09.671+0000] {logging_mixin.py:190} INFO - [2026-02-01T12:11:09.671+0000] {dag.py:4180} INFO - Setting next_dagrun for Data_Quality_Dag_2 to None, run_after=None
[2026-02-01T12:11:09.691+0000] {processor.py:208} INFO - Processing /opt/airflow/dags/User_2/data_quality_dag_2.py took 0.130 seconds
[2026-02-01T12:11:40.573+0000] {processor.py:186} INFO - Started process (PID=168) to work on /opt/airflow/dags/User_2/data_quality_dag_2.py
[2026-02-01T12:11:40.574+0000] {processor.py:914} INFO - Processing file /opt/airflow/dags/User_2/data_quality_dag_2.py for tasks to queue
[2026-02-01T12:11:40.577+0000] {logging_mixin.py:190} INFO - [2026-02-01T12:11:40.577+0000] {dagbag.py:588} INFO - Filling up the DagBag from /opt/airflow/dags/User_2/data_quality_dag_2.py
[2026-02-01T12:11:40.587+0000] {processor.py:925} INFO - DAG(s) 'Data_Quality_Dag_2' retrieved from /opt/airflow/dags/User_2/data_quality_dag_2.py
[2026-02-01T12:11:40.652+0000] {logging_mixin.py:190} INFO - [2026-02-01T12:11:40.651+0000] {dag.py:3239} INFO - Sync 1 DAGs
[2026-02-01T12:11:41.035+0000] {logging_mixin.py:190} INFO - [2026-02-01T12:11:41.035+0000] {dag.py:4180} INFO - Setting next_dagrun for Data_Quality_Dag_2 to None, run_after=None
[2026-02-01T12:11:41.057+0000] {processor.py:208} INFO - Processing /opt/airflow/dags/User_2/data_quality_dag_2.py took 0.491 seconds
[2026-02-01T12:12:11.491+0000] {processor.py:186} INFO - Started process (PID=184) to work on /opt/airflow/dags/User_2/data_quality_dag_2.py
[2026-02-01T12:12:11.493+0000] {processor.py:914} INFO - Processing file /opt/airflow/dags/User_2/data_quality_dag_2.py for tasks to queue
[2026-02-01T12:12:11.501+0000] {logging_mixin.py:190} INFO - [2026-02-01T12:12:11.500+0000] {dagbag.py:588} INFO - Filling up the DagBag from /opt/airflow/dags/User_2/data_quality_dag_2.py
[2026-02-01T12:12:11.524+0000] {processor.py:925} INFO - DAG(s) 'Data_Quality_Dag_2' retrieved from /opt/airflow/dags/User_2/data_quality_dag_2.py
[2026-02-01T12:12:11.561+0000] {logging_mixin.py:190} INFO - [2026-02-01T12:12:11.561+0000] {dag.py:3239} INFO - Sync 1 DAGs
[2026-02-01T12:12:11.586+0000] {logging_mixin.py:190} INFO - [2026-02-01T12:12:11.586+0000] {dag.py:4180} INFO - Setting next_dagrun for Data_Quality_Dag_2 to None, run_after=None
[2026-02-01T12:12:11.622+0000] {processor.py:208} INFO - Processing /opt/airflow/dags/User_2/data_quality_dag_2.py took 0.151 seconds
[2026-02-01T12:12:41.889+0000] {processor.py:186} INFO - Started process (PID=200) to work on /opt/airflow/dags/User_2/data_quality_dag_2.py
[2026-02-01T12:12:41.890+0000] {processor.py:914} INFO - Processing file /opt/airflow/dags/User_2/data_quality_dag_2.py for tasks to queue
[2026-02-01T12:12:41.892+0000] {logging_mixin.py:190} INFO - [2026-02-01T12:12:41.892+0000] {dagbag.py:588} INFO - Filling up the DagBag from /opt/airflow/dags/User_2/data_quality_dag_2.py
[2026-02-01T12:12:41.903+0000] {processor.py:925} INFO - DAG(s) 'Data_Quality_Dag_2' retrieved from /opt/airflow/dags/User_2/data_quality_dag_2.py
[2026-02-01T12:12:41.972+0000] {logging_mixin.py:190} INFO - [2026-02-01T12:12:41.971+0000] {dag.py:3239} INFO - Sync 1 DAGs
[2026-02-01T12:12:42.007+0000] {logging_mixin.py:190} INFO - [2026-02-01T12:12:42.006+0000] {dag.py:4180} INFO - Setting next_dagrun for Data_Quality_Dag_2 to None, run_after=None
[2026-02-01T12:12:42.043+0000] {processor.py:208} INFO - Processing /opt/airflow/dags/User_2/data_quality_dag_2.py took 0.162 seconds
[2026-02-01T12:13:12.302+0000] {processor.py:186} INFO - Started process (PID=216) to work on /opt/airflow/dags/User_2/data_quality_dag_2.py
[2026-02-01T12:13:12.305+0000] {processor.py:914} INFO - Processing file /opt/airflow/dags/User_2/data_quality_dag_2.py for tasks to queue
[2026-02-01T12:13:12.313+0000] {logging_mixin.py:190} INFO - [2026-02-01T12:13:12.312+0000] {dagbag.py:588} INFO - Filling up the DagBag from /opt/airflow/dags/User_2/data_quality_dag_2.py
[2026-02-01T12:13:12.335+0000] {processor.py:925} INFO - DAG(s) 'Data_Quality_Dag_2' retrieved from /opt/airflow/dags/User_2/data_quality_dag_2.py
[2026-02-01T12:13:12.370+0000] {logging_mixin.py:190} INFO - [2026-02-01T12:13:12.370+0000] {dag.py:3239} INFO - Sync 1 DAGs
[2026-02-01T12:13:12.396+0000] {logging_mixin.py:190} INFO - [2026-02-01T12:13:12.395+0000] {dag.py:4180} INFO - Setting next_dagrun for Data_Quality_Dag_2 to None, run_after=None
[2026-02-01T12:13:12.420+0000] {processor.py:208} INFO - Processing /opt/airflow/dags/User_2/data_quality_dag_2.py took 0.127 seconds
[2026-02-01T12:13:42.643+0000] {processor.py:186} INFO - Started process (PID=232) to work on /opt/airflow/dags/User_2/data_quality_dag_2.py
[2026-02-01T12:13:42.645+0000] {processor.py:914} INFO - Processing file /opt/airflow/dags/User_2/data_quality_dag_2.py for tasks to queue
[2026-02-01T12:13:42.652+0000] {logging_mixin.py:190} INFO - [2026-02-01T12:13:42.651+0000] {dagbag.py:588} INFO - Filling up the DagBag from /opt/airflow/dags/User_2/data_quality_dag_2.py
[2026-02-01T12:13:42.669+0000] {processor.py:925} INFO - DAG(s) 'Data_Quality_Dag_2' retrieved from /opt/airflow/dags/User_2/data_quality_dag_2.py
[2026-02-01T12:13:42.727+0000] {logging_mixin.py:190} INFO - [2026-02-01T12:13:42.726+0000] {dag.py:3239} INFO - Sync 1 DAGs
[2026-02-01T12:13:42.750+0000] {logging_mixin.py:190} INFO - [2026-02-01T12:13:42.750+0000] {dag.py:4180} INFO - Setting next_dagrun for Data_Quality_Dag_2 to None, run_after=None
[2026-02-01T12:13:42.769+0000] {processor.py:208} INFO - Processing /opt/airflow/dags/User_2/data_quality_dag_2.py took 0.143 seconds
[2026-02-01T12:14:13.022+0000] {processor.py:186} INFO - Started process (PID=248) to work on /opt/airflow/dags/User_2/data_quality_dag_2.py
[2026-02-01T12:14:13.026+0000] {processor.py:914} INFO - Processing file /opt/airflow/dags/User_2/data_quality_dag_2.py for tasks to queue
[2026-02-01T12:14:13.030+0000] {logging_mixin.py:190} INFO - [2026-02-01T12:14:13.030+0000] {dagbag.py:588} INFO - Filling up the DagBag from /opt/airflow/dags/User_2/data_quality_dag_2.py
[2026-02-01T12:14:13.059+0000] {processor.py:925} INFO - DAG(s) 'Data_Quality_Dag_2' retrieved from /opt/airflow/dags/User_2/data_quality_dag_2.py
[2026-02-01T12:14:13.105+0000] {logging_mixin.py:190} INFO - [2026-02-01T12:14:13.105+0000] {dag.py:3239} INFO - Sync 1 DAGs
[2026-02-01T12:14:13.125+0000] {logging_mixin.py:190} INFO - [2026-02-01T12:14:13.125+0000] {dag.py:4180} INFO - Setting next_dagrun for Data_Quality_Dag_2 to None, run_after=None
[2026-02-01T12:14:13.145+0000] {processor.py:208} INFO - Processing /opt/airflow/dags/User_2/data_quality_dag_2.py took 0.156 seconds
[2026-02-01T12:14:43.394+0000] {processor.py:186} INFO - Started process (PID=263) to work on /opt/airflow/dags/User_2/data_quality_dag_2.py
[2026-02-01T12:14:43.401+0000] {processor.py:914} INFO - Processing file /opt/airflow/dags/User_2/data_quality_dag_2.py for tasks to queue
[2026-02-01T12:14:43.413+0000] {logging_mixin.py:190} INFO - [2026-02-01T12:14:43.408+0000] {dagbag.py:588} INFO - Filling up the DagBag from /opt/airflow/dags/User_2/data_quality_dag_2.py
[2026-02-01T12:14:43.452+0000] {processor.py:925} INFO - DAG(s) 'Data_Quality_Dag_2' retrieved from /opt/airflow/dags/User_2/data_quality_dag_2.py
[2026-02-01T12:14:43.566+0000] {logging_mixin.py:190} INFO - [2026-02-01T12:14:43.565+0000] {dag.py:3239} INFO - Sync 1 DAGs
[2026-02-01T12:14:43.644+0000] {logging_mixin.py:190} INFO - [2026-02-01T12:14:43.643+0000] {dag.py:4180} INFO - Setting next_dagrun for Data_Quality_Dag_2 to None, run_after=None
[2026-02-01T12:14:43.718+0000] {processor.py:208} INFO - Processing /opt/airflow/dags/User_2/data_quality_dag_2.py took 0.374 seconds
[2026-02-01T12:15:14.658+0000] {processor.py:186} INFO - Started process (PID=280) to work on /opt/airflow/dags/User_2/data_quality_dag_2.py
[2026-02-01T12:15:14.660+0000] {processor.py:914} INFO - Processing file /opt/airflow/dags/User_2/data_quality_dag_2.py for tasks to queue
[2026-02-01T12:15:14.666+0000] {logging_mixin.py:190} INFO - [2026-02-01T12:15:14.665+0000] {dagbag.py:588} INFO - Filling up the DagBag from /opt/airflow/dags/User_2/data_quality_dag_2.py
[2026-02-01T12:15:14.702+0000] {processor.py:925} INFO - DAG(s) 'Data_Quality_Dag_2' retrieved from /opt/airflow/dags/User_2/data_quality_dag_2.py
[2026-02-01T12:15:14.818+0000] {logging_mixin.py:190} INFO - [2026-02-01T12:15:14.818+0000] {dag.py:3239} INFO - Sync 1 DAGs
[2026-02-01T12:15:14.864+0000] {logging_mixin.py:190} INFO - [2026-02-01T12:15:14.863+0000] {dag.py:4180} INFO - Setting next_dagrun for Data_Quality_Dag_2 to None, run_after=None
[2026-02-01T12:15:14.908+0000] {processor.py:208} INFO - Processing /opt/airflow/dags/User_2/data_quality_dag_2.py took 0.257 seconds
[2026-02-01T12:15:45.613+0000] {processor.py:186} INFO - Started process (PID=296) to work on /opt/airflow/dags/User_2/data_quality_dag_2.py
[2026-02-01T12:15:45.614+0000] {processor.py:914} INFO - Processing file /opt/airflow/dags/User_2/data_quality_dag_2.py for tasks to queue
[2026-02-01T12:15:45.617+0000] {logging_mixin.py:190} INFO - [2026-02-01T12:15:45.616+0000] {dagbag.py:588} INFO - Filling up the DagBag from /opt/airflow/dags/User_2/data_quality_dag_2.py
[2026-02-01T12:15:45.626+0000] {processor.py:925} INFO - DAG(s) 'Data_Quality_Dag_2' retrieved from /opt/airflow/dags/User_2/data_quality_dag_2.py
[2026-02-01T12:15:45.698+0000] {logging_mixin.py:190} INFO - [2026-02-01T12:15:45.697+0000] {dag.py:3239} INFO - Sync 1 DAGs
[2026-02-01T12:15:45.719+0000] {logging_mixin.py:190} INFO - [2026-02-01T12:15:45.719+0000] {dag.py:4180} INFO - Setting next_dagrun for Data_Quality_Dag_2 to None, run_after=None
[2026-02-01T12:15:45.746+0000] {processor.py:208} INFO - Processing /opt/airflow/dags/User_2/data_quality_dag_2.py took 0.142 seconds
[2026-02-01T12:16:16.004+0000] {processor.py:186} INFO - Started process (PID=313) to work on /opt/airflow/dags/User_2/data_quality_dag_2.py
[2026-02-01T12:16:16.005+0000] {processor.py:914} INFO - Processing file /opt/airflow/dags/User_2/data_quality_dag_2.py for tasks to queue
[2026-02-01T12:16:16.014+0000] {logging_mixin.py:190} INFO - [2026-02-01T12:16:16.010+0000] {dagbag.py:588} INFO - Filling up the DagBag from /opt/airflow/dags/User_2/data_quality_dag_2.py
[2026-02-01T12:16:16.029+0000] {processor.py:925} INFO - DAG(s) 'Data_Quality_Dag_2' retrieved from /opt/airflow/dags/User_2/data_quality_dag_2.py
[2026-02-01T12:16:16.060+0000] {logging_mixin.py:190} INFO - [2026-02-01T12:16:16.059+0000] {dag.py:3239} INFO - Sync 1 DAGs
[2026-02-01T12:16:16.080+0000] {logging_mixin.py:190} INFO - [2026-02-01T12:16:16.080+0000] {dag.py:4180} INFO - Setting next_dagrun for Data_Quality_Dag_2 to None, run_after=None
[2026-02-01T12:16:16.107+0000] {processor.py:208} INFO - Processing /opt/airflow/dags/User_2/data_quality_dag_2.py took 0.111 seconds
[2026-02-01T12:16:46.393+0000] {processor.py:186} INFO - Started process (PID=329) to work on /opt/airflow/dags/User_2/data_quality_dag_2.py
[2026-02-01T12:16:46.395+0000] {processor.py:914} INFO - Processing file /opt/airflow/dags/User_2/data_quality_dag_2.py for tasks to queue
[2026-02-01T12:16:46.405+0000] {logging_mixin.py:190} INFO - [2026-02-01T12:16:46.403+0000] {dagbag.py:588} INFO - Filling up the DagBag from /opt/airflow/dags/User_2/data_quality_dag_2.py
[2026-02-01T12:16:46.423+0000] {processor.py:925} INFO - DAG(s) 'Data_Quality_Dag_2' retrieved from /opt/airflow/dags/User_2/data_quality_dag_2.py
[2026-02-01T12:16:46.481+0000] {logging_mixin.py:190} INFO - [2026-02-01T12:16:46.481+0000] {dag.py:3239} INFO - Sync 1 DAGs
[2026-02-01T12:16:46.502+0000] {logging_mixin.py:190} INFO - [2026-02-01T12:16:46.502+0000] {dag.py:4180} INFO - Setting next_dagrun for Data_Quality_Dag_2 to None, run_after=None
[2026-02-01T12:16:46.525+0000] {processor.py:208} INFO - Processing /opt/airflow/dags/User_2/data_quality_dag_2.py took 0.149 seconds
[2026-02-01T12:17:16.827+0000] {processor.py:186} INFO - Started process (PID=345) to work on /opt/airflow/dags/User_2/data_quality_dag_2.py
[2026-02-01T12:17:16.831+0000] {processor.py:914} INFO - Processing file /opt/airflow/dags/User_2/data_quality_dag_2.py for tasks to queue
[2026-02-01T12:17:16.840+0000] {logging_mixin.py:190} INFO - [2026-02-01T12:17:16.836+0000] {dagbag.py:588} INFO - Filling up the DagBag from /opt/airflow/dags/User_2/data_quality_dag_2.py
[2026-02-01T12:17:16.859+0000] {processor.py:925} INFO - DAG(s) 'Data_Quality_Dag_2' retrieved from /opt/airflow/dags/User_2/data_quality_dag_2.py
[2026-02-01T12:17:16.918+0000] {logging_mixin.py:190} INFO - [2026-02-01T12:17:16.918+0000] {dag.py:3239} INFO - Sync 1 DAGs
[2026-02-01T12:17:16.944+0000] {logging_mixin.py:190} INFO - [2026-02-01T12:17:16.944+0000] {dag.py:4180} INFO - Setting next_dagrun for Data_Quality_Dag_2 to None, run_after=None
[2026-02-01T12:17:16.965+0000] {processor.py:208} INFO - Processing /opt/airflow/dags/User_2/data_quality_dag_2.py took 0.154 seconds
[2026-02-01T12:17:47.116+0000] {processor.py:186} INFO - Started process (PID=361) to work on /opt/airflow/dags/User_2/data_quality_dag_2.py
[2026-02-01T12:17:47.118+0000] {processor.py:914} INFO - Processing file /opt/airflow/dags/User_2/data_quality_dag_2.py for tasks to queue
[2026-02-01T12:17:47.123+0000] {logging_mixin.py:190} INFO - [2026-02-01T12:17:47.123+0000] {dagbag.py:588} INFO - Filling up the DagBag from /opt/airflow/dags/User_2/data_quality_dag_2.py
[2026-02-01T12:17:47.137+0000] {processor.py:925} INFO - DAG(s) 'Data_Quality_Dag_2' retrieved from /opt/airflow/dags/User_2/data_quality_dag_2.py
[2026-02-01T12:17:47.184+0000] {logging_mixin.py:190} INFO - [2026-02-01T12:17:47.183+0000] {dag.py:3239} INFO - Sync 1 DAGs
[2026-02-01T12:17:47.216+0000] {logging_mixin.py:190} INFO - [2026-02-01T12:17:47.216+0000] {dag.py:4180} INFO - Setting next_dagrun for Data_Quality_Dag_2 to None, run_after=None
[2026-02-01T12:17:47.247+0000] {processor.py:208} INFO - Processing /opt/airflow/dags/User_2/data_quality_dag_2.py took 0.143 seconds
[2026-02-01T12:18:17.477+0000] {processor.py:186} INFO - Started process (PID=377) to work on /opt/airflow/dags/User_2/data_quality_dag_2.py
[2026-02-01T12:18:17.479+0000] {processor.py:914} INFO - Processing file /opt/airflow/dags/User_2/data_quality_dag_2.py for tasks to queue
[2026-02-01T12:18:17.485+0000] {logging_mixin.py:190} INFO - [2026-02-01T12:18:17.483+0000] {dagbag.py:588} INFO - Filling up the DagBag from /opt/airflow/dags/User_2/data_quality_dag_2.py
[2026-02-01T12:18:17.503+0000] {processor.py:925} INFO - DAG(s) 'Data_Quality_Dag_2' retrieved from /opt/airflow/dags/User_2/data_quality_dag_2.py
[2026-02-01T12:18:17.556+0000] {logging_mixin.py:190} INFO - [2026-02-01T12:18:17.556+0000] {dag.py:3239} INFO - Sync 1 DAGs
[2026-02-01T12:18:17.579+0000] {logging_mixin.py:190} INFO - [2026-02-01T12:18:17.579+0000] {dag.py:4180} INFO - Setting next_dagrun for Data_Quality_Dag_2 to None, run_after=None
[2026-02-01T12:18:17.613+0000] {processor.py:208} INFO - Processing /opt/airflow/dags/User_2/data_quality_dag_2.py took 0.154 seconds
[2026-02-01T12:18:48.060+0000] {processor.py:186} INFO - Started process (PID=393) to work on /opt/airflow/dags/User_2/data_quality_dag_2.py
[2026-02-01T12:18:48.061+0000] {processor.py:914} INFO - Processing file /opt/airflow/dags/User_2/data_quality_dag_2.py for tasks to queue
[2026-02-01T12:18:48.064+0000] {logging_mixin.py:190} INFO - [2026-02-01T12:18:48.064+0000] {dagbag.py:588} INFO - Filling up the DagBag from /opt/airflow/dags/User_2/data_quality_dag_2.py
[2026-02-01T12:18:48.075+0000] {processor.py:925} INFO - DAG(s) 'Data_Quality_Dag_2' retrieved from /opt/airflow/dags/User_2/data_quality_dag_2.py
[2026-02-01T12:18:48.135+0000] {logging_mixin.py:190} INFO - [2026-02-01T12:18:48.135+0000] {dag.py:3239} INFO - Sync 1 DAGs
[2026-02-01T12:18:48.184+0000] {logging_mixin.py:190} INFO - [2026-02-01T12:18:48.182+0000] {dag.py:4180} INFO - Setting next_dagrun for Data_Quality_Dag_2 to None, run_after=None
[2026-02-01T12:18:48.203+0000] {processor.py:208} INFO - Processing /opt/airflow/dags/User_2/data_quality_dag_2.py took 0.150 seconds
[2026-02-01T12:19:18.818+0000] {processor.py:186} INFO - Started process (PID=409) to work on /opt/airflow/dags/User_2/data_quality_dag_2.py
[2026-02-01T12:19:18.820+0000] {processor.py:914} INFO - Processing file /opt/airflow/dags/User_2/data_quality_dag_2.py for tasks to queue
[2026-02-01T12:19:18.824+0000] {logging_mixin.py:190} INFO - [2026-02-01T12:19:18.824+0000] {dagbag.py:588} INFO - Filling up the DagBag from /opt/airflow/dags/User_2/data_quality_dag_2.py
[2026-02-01T12:19:18.860+0000] {processor.py:925} INFO - DAG(s) 'Data_Quality_Dag_2' retrieved from /opt/airflow/dags/User_2/data_quality_dag_2.py
[2026-02-01T12:19:19.017+0000] {logging_mixin.py:190} INFO - [2026-02-01T12:19:19.016+0000] {dag.py:3239} INFO - Sync 1 DAGs
[2026-02-01T12:19:19.063+0000] {logging_mixin.py:190} INFO - [2026-02-01T12:19:19.063+0000] {dag.py:4180} INFO - Setting next_dagrun for Data_Quality_Dag_2 to None, run_after=None
[2026-02-01T12:19:19.109+0000] {processor.py:208} INFO - Processing /opt/airflow/dags/User_2/data_quality_dag_2.py took 0.318 seconds
[2026-02-01T12:19:49.742+0000] {processor.py:186} INFO - Started process (PID=425) to work on /opt/airflow/dags/User_2/data_quality_dag_2.py
[2026-02-01T12:19:49.745+0000] {processor.py:914} INFO - Processing file /opt/airflow/dags/User_2/data_quality_dag_2.py for tasks to queue
[2026-02-01T12:19:49.753+0000] {logging_mixin.py:190} INFO - [2026-02-01T12:19:49.753+0000] {dagbag.py:588} INFO - Filling up the DagBag from /opt/airflow/dags/User_2/data_quality_dag_2.py
[2026-02-01T12:19:49.771+0000] {processor.py:925} INFO - DAG(s) 'Data_Quality_Dag_2' retrieved from /opt/airflow/dags/User_2/data_quality_dag_2.py
[2026-02-01T12:19:49.898+0000] {logging_mixin.py:190} INFO - [2026-02-01T12:19:49.898+0000] {dag.py:3239} INFO - Sync 1 DAGs
[2026-02-01T12:19:49.934+0000] {logging_mixin.py:190} INFO - [2026-02-01T12:19:49.933+0000] {dag.py:4180} INFO - Setting next_dagrun for Data_Quality_Dag_2 to None, run_after=None
[2026-02-01T12:19:49.966+0000] {processor.py:208} INFO - Processing /opt/airflow/dags/User_2/data_quality_dag_2.py took 0.238 seconds
[2026-02-01T12:20:20.454+0000] {processor.py:186} INFO - Started process (PID=440) to work on /opt/airflow/dags/User_2/data_quality_dag_2.py
[2026-02-01T12:20:20.459+0000] {processor.py:914} INFO - Processing file /opt/airflow/dags/User_2/data_quality_dag_2.py for tasks to queue
[2026-02-01T12:20:20.469+0000] {logging_mixin.py:190} INFO - [2026-02-01T12:20:20.467+0000] {dagbag.py:588} INFO - Filling up the DagBag from /opt/airflow/dags/User_2/data_quality_dag_2.py
[2026-02-01T12:20:20.492+0000] {processor.py:925} INFO - DAG(s) 'Data_Quality_Dag_2' retrieved from /opt/airflow/dags/User_2/data_quality_dag_2.py
[2026-02-01T12:20:20.575+0000] {logging_mixin.py:190} INFO - [2026-02-01T12:20:20.574+0000] {dag.py:3239} INFO - Sync 1 DAGs
[2026-02-01T12:20:20.625+0000] {logging_mixin.py:190} INFO - [2026-02-01T12:20:20.625+0000] {dag.py:4180} INFO - Setting next_dagrun for Data_Quality_Dag_2 to None, run_after=None
[2026-02-01T12:20:20.659+0000] {processor.py:208} INFO - Processing /opt/airflow/dags/User_2/data_quality_dag_2.py took 0.219 seconds
[2026-02-01T12:20:51.193+0000] {processor.py:186} INFO - Started process (PID=455) to work on /opt/airflow/dags/User_2/data_quality_dag_2.py
[2026-02-01T12:20:51.194+0000] {processor.py:914} INFO - Processing file /opt/airflow/dags/User_2/data_quality_dag_2.py for tasks to queue
[2026-02-01T12:20:51.195+0000] {logging_mixin.py:190} INFO - [2026-02-01T12:20:51.195+0000] {dagbag.py:588} INFO - Filling up the DagBag from /opt/airflow/dags/User_2/data_quality_dag_2.py
[2026-02-01T12:20:51.206+0000] {processor.py:925} INFO - DAG(s) 'Data_Quality_Dag_2' retrieved from /opt/airflow/dags/User_2/data_quality_dag_2.py
[2026-02-01T12:20:51.256+0000] {logging_mixin.py:190} INFO - [2026-02-01T12:20:51.256+0000] {dag.py:3239} INFO - Sync 1 DAGs
[2026-02-01T12:20:51.302+0000] {logging_mixin.py:190} INFO - [2026-02-01T12:20:51.302+0000] {dag.py:4180} INFO - Setting next_dagrun for Data_Quality_Dag_2 to None, run_after=None
[2026-02-01T12:20:51.390+0000] {processor.py:208} INFO - Processing /opt/airflow/dags/User_2/data_quality_dag_2.py took 0.204 seconds
[2026-02-01T12:21:21.859+0000] {processor.py:186} INFO - Started process (PID=471) to work on /opt/airflow/dags/User_2/data_quality_dag_2.py
[2026-02-01T12:21:21.861+0000] {processor.py:914} INFO - Processing file /opt/airflow/dags/User_2/data_quality_dag_2.py for tasks to queue
[2026-02-01T12:21:21.866+0000] {logging_mixin.py:190} INFO - [2026-02-01T12:21:21.866+0000] {dagbag.py:588} INFO - Filling up the DagBag from /opt/airflow/dags/User_2/data_quality_dag_2.py
[2026-02-01T12:21:21.886+0000] {processor.py:925} INFO - DAG(s) 'Data_Quality_Dag_2' retrieved from /opt/airflow/dags/User_2/data_quality_dag_2.py
[2026-02-01T12:21:21.929+0000] {logging_mixin.py:190} INFO - [2026-02-01T12:21:21.929+0000] {dag.py:3239} INFO - Sync 1 DAGs
[2026-02-01T12:21:21.956+0000] {logging_mixin.py:190} INFO - [2026-02-01T12:21:21.955+0000] {dag.py:4180} INFO - Setting next_dagrun for Data_Quality_Dag_2 to None, run_after=None
[2026-02-01T12:21:21.985+0000] {processor.py:208} INFO - Processing /opt/airflow/dags/User_2/data_quality_dag_2.py took 0.135 seconds
[2026-02-01T12:21:52.189+0000] {processor.py:186} INFO - Started process (PID=486) to work on /opt/airflow/dags/User_2/data_quality_dag_2.py
[2026-02-01T12:21:52.190+0000] {processor.py:914} INFO - Processing file /opt/airflow/dags/User_2/data_quality_dag_2.py for tasks to queue
[2026-02-01T12:21:52.192+0000] {logging_mixin.py:190} INFO - [2026-02-01T12:21:52.192+0000] {dagbag.py:588} INFO - Filling up the DagBag from /opt/airflow/dags/User_2/data_quality_dag_2.py
[2026-02-01T12:21:52.202+0000] {processor.py:925} INFO - DAG(s) 'Data_Quality_Dag_2' retrieved from /opt/airflow/dags/User_2/data_quality_dag_2.py
[2026-02-01T12:21:52.230+0000] {logging_mixin.py:190} INFO - [2026-02-01T12:21:52.230+0000] {dag.py:3239} INFO - Sync 1 DAGs
[2026-02-01T12:21:52.248+0000] {logging_mixin.py:190} INFO - [2026-02-01T12:21:52.248+0000] {dag.py:4180} INFO - Setting next_dagrun for Data_Quality_Dag_2 to None, run_after=None
[2026-02-01T12:21:52.281+0000] {processor.py:208} INFO - Processing /opt/airflow/dags/User_2/data_quality_dag_2.py took 0.098 seconds
[2026-02-01T12:22:22.625+0000] {processor.py:186} INFO - Started process (PID=503) to work on /opt/airflow/dags/User_2/data_quality_dag_2.py
[2026-02-01T12:22:22.628+0000] {processor.py:914} INFO - Processing file /opt/airflow/dags/User_2/data_quality_dag_2.py for tasks to queue
[2026-02-01T12:22:22.634+0000] {logging_mixin.py:190} INFO - [2026-02-01T12:22:22.633+0000] {dagbag.py:588} INFO - Filling up the DagBag from /opt/airflow/dags/User_2/data_quality_dag_2.py
[2026-02-01T12:22:22.661+0000] {processor.py:925} INFO - DAG(s) 'Data_Quality_Dag_2' retrieved from /opt/airflow/dags/User_2/data_quality_dag_2.py
[2026-02-01T12:22:22.732+0000] {logging_mixin.py:190} INFO - [2026-02-01T12:22:22.732+0000] {dag.py:3239} INFO - Sync 1 DAGs
[2026-02-01T12:22:22.767+0000] {logging_mixin.py:190} INFO - [2026-02-01T12:22:22.767+0000] {dag.py:4180} INFO - Setting next_dagrun for Data_Quality_Dag_2 to None, run_after=None
[2026-02-01T12:22:22.796+0000] {processor.py:208} INFO - Processing /opt/airflow/dags/User_2/data_quality_dag_2.py took 0.179 seconds
[2026-02-01T12:22:53.158+0000] {processor.py:186} INFO - Started process (PID=524) to work on /opt/airflow/dags/User_2/data_quality_dag_2.py
[2026-02-01T12:22:53.158+0000] {processor.py:914} INFO - Processing file /opt/airflow/dags/User_2/data_quality_dag_2.py for tasks to queue
[2026-02-01T12:22:53.160+0000] {logging_mixin.py:190} INFO - [2026-02-01T12:22:53.160+0000] {dagbag.py:588} INFO - Filling up the DagBag from /opt/airflow/dags/User_2/data_quality_dag_2.py
[2026-02-01T12:22:53.170+0000] {processor.py:925} INFO - DAG(s) 'Data_Quality_Dag_2' retrieved from /opt/airflow/dags/User_2/data_quality_dag_2.py
[2026-02-01T12:22:53.215+0000] {logging_mixin.py:190} INFO - [2026-02-01T12:22:53.215+0000] {dag.py:3239} INFO - Sync 1 DAGs
[2026-02-01T12:22:53.235+0000] {logging_mixin.py:190} INFO - [2026-02-01T12:22:53.234+0000] {dag.py:4180} INFO - Setting next_dagrun for Data_Quality_Dag_2 to None, run_after=None
[2026-02-01T12:22:53.258+0000] {processor.py:208} INFO - Processing /opt/airflow/dags/User_2/data_quality_dag_2.py took 0.108 seconds
[2026-02-01T12:23:23.589+0000] {processor.py:186} INFO - Started process (PID=541) to work on /opt/airflow/dags/User_2/data_quality_dag_2.py
[2026-02-01T12:23:23.592+0000] {processor.py:914} INFO - Processing file /opt/airflow/dags/User_2/data_quality_dag_2.py for tasks to queue
[2026-02-01T12:23:23.599+0000] {logging_mixin.py:190} INFO - [2026-02-01T12:23:23.598+0000] {dagbag.py:588} INFO - Filling up the DagBag from /opt/airflow/dags/User_2/data_quality_dag_2.py
[2026-02-01T12:23:23.618+0000] {processor.py:925} INFO - DAG(s) 'Data_Quality_Dag_2' retrieved from /opt/airflow/dags/User_2/data_quality_dag_2.py
[2026-02-01T12:23:23.647+0000] {logging_mixin.py:190} INFO - [2026-02-01T12:23:23.647+0000] {dag.py:3239} INFO - Sync 1 DAGs
[2026-02-01T12:23:23.669+0000] {logging_mixin.py:190} INFO - [2026-02-01T12:23:23.669+0000] {dag.py:4180} INFO - Setting next_dagrun for Data_Quality_Dag_2 to None, run_after=None
[2026-02-01T12:23:23.708+0000] {processor.py:208} INFO - Processing /opt/airflow/dags/User_2/data_quality_dag_2.py took 0.131 seconds
[2026-02-01T12:23:54.110+0000] {processor.py:186} INFO - Started process (PID=557) to work on /opt/airflow/dags/User_2/data_quality_dag_2.py
[2026-02-01T12:23:54.113+0000] {processor.py:914} INFO - Processing file /opt/airflow/dags/User_2/data_quality_dag_2.py for tasks to queue
[2026-02-01T12:23:54.118+0000] {logging_mixin.py:190} INFO - [2026-02-01T12:23:54.115+0000] {dagbag.py:588} INFO - Filling up the DagBag from /opt/airflow/dags/User_2/data_quality_dag_2.py
[2026-02-01T12:23:54.132+0000] {processor.py:925} INFO - DAG(s) 'Data_Quality_Dag_2' retrieved from /opt/airflow/dags/User_2/data_quality_dag_2.py
[2026-02-01T12:23:54.181+0000] {logging_mixin.py:190} INFO - [2026-02-01T12:23:54.181+0000] {dag.py:3239} INFO - Sync 1 DAGs
[2026-02-01T12:23:54.213+0000] {logging_mixin.py:190} INFO - [2026-02-01T12:23:54.213+0000] {dag.py:4180} INFO - Setting next_dagrun for Data_Quality_Dag_2 to None, run_after=None
[2026-02-01T12:23:54.239+0000] {processor.py:208} INFO - Processing /opt/airflow/dags/User_2/data_quality_dag_2.py took 0.141 seconds
[2026-02-01T12:24:24.705+0000] {processor.py:186} INFO - Started process (PID=573) to work on /opt/airflow/dags/User_2/data_quality_dag_2.py
[2026-02-01T12:24:24.709+0000] {processor.py:914} INFO - Processing file /opt/airflow/dags/User_2/data_quality_dag_2.py for tasks to queue
[2026-02-01T12:24:24.715+0000] {logging_mixin.py:190} INFO - [2026-02-01T12:24:24.714+0000] {dagbag.py:588} INFO - Filling up the DagBag from /opt/airflow/dags/User_2/data_quality_dag_2.py
[2026-02-01T12:24:24.747+0000] {processor.py:925} INFO - DAG(s) 'Data_Quality_Dag_2' retrieved from /opt/airflow/dags/User_2/data_quality_dag_2.py
[2026-02-01T12:24:24.835+0000] {logging_mixin.py:190} INFO - [2026-02-01T12:24:24.835+0000] {dag.py:3239} INFO - Sync 1 DAGs
[2026-02-01T12:24:24.883+0000] {logging_mixin.py:190} INFO - [2026-02-01T12:24:24.882+0000] {dag.py:4180} INFO - Setting next_dagrun for Data_Quality_Dag_2 to None, run_after=None
[2026-02-01T12:24:24.933+0000] {processor.py:208} INFO - Processing /opt/airflow/dags/User_2/data_quality_dag_2.py took 0.235 seconds
[2026-02-01T12:24:55.314+0000] {processor.py:186} INFO - Started process (PID=588) to work on /opt/airflow/dags/User_2/data_quality_dag_2.py
[2026-02-01T12:24:55.319+0000] {processor.py:914} INFO - Processing file /opt/airflow/dags/User_2/data_quality_dag_2.py for tasks to queue
[2026-02-01T12:24:55.325+0000] {logging_mixin.py:190} INFO - [2026-02-01T12:24:55.324+0000] {dagbag.py:588} INFO - Filling up the DagBag from /opt/airflow/dags/User_2/data_quality_dag_2.py
[2026-02-01T12:24:55.353+0000] {processor.py:925} INFO - DAG(s) 'Data_Quality_Dag_2' retrieved from /opt/airflow/dags/User_2/data_quality_dag_2.py
[2026-02-01T12:24:55.438+0000] {logging_mixin.py:190} INFO - [2026-02-01T12:24:55.438+0000] {dag.py:3239} INFO - Sync 1 DAGs
[2026-02-01T12:24:55.472+0000] {logging_mixin.py:190} INFO - [2026-02-01T12:24:55.472+0000] {dag.py:4180} INFO - Setting next_dagrun for Data_Quality_Dag_2 to None, run_after=None
[2026-02-01T12:24:55.505+0000] {processor.py:208} INFO - Processing /opt/airflow/dags/User_2/data_quality_dag_2.py took 0.203 seconds
[2026-02-01T12:25:26.151+0000] {processor.py:186} INFO - Started process (PID=604) to work on /opt/airflow/dags/User_2/data_quality_dag_2.py
[2026-02-01T12:25:26.155+0000] {processor.py:914} INFO - Processing file /opt/airflow/dags/User_2/data_quality_dag_2.py for tasks to queue
[2026-02-01T12:25:26.163+0000] {logging_mixin.py:190} INFO - [2026-02-01T12:25:26.162+0000] {dagbag.py:588} INFO - Filling up the DagBag from /opt/airflow/dags/User_2/data_quality_dag_2.py
[2026-02-01T12:25:26.179+0000] {processor.py:925} INFO - DAG(s) 'Data_Quality_Dag_2' retrieved from /opt/airflow/dags/User_2/data_quality_dag_2.py
[2026-02-01T12:25:26.238+0000] {logging_mixin.py:190} INFO - [2026-02-01T12:25:26.238+0000] {dag.py:3239} INFO - Sync 1 DAGs
[2026-02-01T12:25:26.263+0000] {logging_mixin.py:190} INFO - [2026-02-01T12:25:26.262+0000] {dag.py:4180} INFO - Setting next_dagrun for Data_Quality_Dag_2 to None, run_after=None
[2026-02-01T12:25:26.290+0000] {processor.py:208} INFO - Processing /opt/airflow/dags/User_2/data_quality_dag_2.py took 0.152 seconds
[2026-02-01T12:25:56.632+0000] {processor.py:186} INFO - Started process (PID=620) to work on /opt/airflow/dags/User_2/data_quality_dag_2.py
[2026-02-01T12:25:56.633+0000] {processor.py:914} INFO - Processing file /opt/airflow/dags/User_2/data_quality_dag_2.py for tasks to queue
[2026-02-01T12:25:56.652+0000] {logging_mixin.py:190} INFO - [2026-02-01T12:25:56.650+0000] {dagbag.py:588} INFO - Filling up the DagBag from /opt/airflow/dags/User_2/data_quality_dag_2.py
[2026-02-01T12:25:56.736+0000] {processor.py:925} INFO - DAG(s) 'Data_Quality_Dag_2' retrieved from /opt/airflow/dags/User_2/data_quality_dag_2.py
[2026-02-01T12:25:56.875+0000] {logging_mixin.py:190} INFO - [2026-02-01T12:25:56.875+0000] {dag.py:3239} INFO - Sync 1 DAGs
[2026-02-01T12:25:56.916+0000] {logging_mixin.py:190} INFO - [2026-02-01T12:25:56.915+0000] {dag.py:4180} INFO - Setting next_dagrun for Data_Quality_Dag_2 to None, run_after=None
[2026-02-01T12:25:56.961+0000] {processor.py:208} INFO - Processing /opt/airflow/dags/User_2/data_quality_dag_2.py took 0.367 seconds
[2026-02-01T12:26:27.315+0000] {processor.py:186} INFO - Started process (PID=636) to work on /opt/airflow/dags/User_2/data_quality_dag_2.py
[2026-02-01T12:26:27.317+0000] {processor.py:914} INFO - Processing file /opt/airflow/dags/User_2/data_quality_dag_2.py for tasks to queue
[2026-02-01T12:26:27.322+0000] {logging_mixin.py:190} INFO - [2026-02-01T12:26:27.321+0000] {dagbag.py:588} INFO - Filling up the DagBag from /opt/airflow/dags/User_2/data_quality_dag_2.py
[2026-02-01T12:26:27.337+0000] {processor.py:925} INFO - DAG(s) 'Data_Quality_Dag_2' retrieved from /opt/airflow/dags/User_2/data_quality_dag_2.py
[2026-02-01T12:26:27.373+0000] {logging_mixin.py:190} INFO - [2026-02-01T12:26:27.372+0000] {dag.py:3239} INFO - Sync 1 DAGs
[2026-02-01T12:26:27.394+0000] {logging_mixin.py:190} INFO - [2026-02-01T12:26:27.394+0000] {dag.py:4180} INFO - Setting next_dagrun for Data_Quality_Dag_2 to None, run_after=None
[2026-02-01T12:26:27.421+0000] {processor.py:208} INFO - Processing /opt/airflow/dags/User_2/data_quality_dag_2.py took 0.122 seconds
[2026-02-01T12:26:57.628+0000] {processor.py:186} INFO - Started process (PID=651) to work on /opt/airflow/dags/User_2/data_quality_dag_2.py
[2026-02-01T12:26:57.628+0000] {processor.py:914} INFO - Processing file /opt/airflow/dags/User_2/data_quality_dag_2.py for tasks to queue
[2026-02-01T12:26:57.634+0000] {logging_mixin.py:190} INFO - [2026-02-01T12:26:57.634+0000] {dagbag.py:588} INFO - Filling up the DagBag from /opt/airflow/dags/User_2/data_quality_dag_2.py
[2026-02-01T12:26:57.659+0000] {processor.py:925} INFO - DAG(s) 'Data_Quality_Dag_2' retrieved from /opt/airflow/dags/User_2/data_quality_dag_2.py
[2026-02-01T12:26:57.705+0000] {logging_mixin.py:190} INFO - [2026-02-01T12:26:57.705+0000] {dag.py:3239} INFO - Sync 1 DAGs
[2026-02-01T12:26:57.725+0000] {logging_mixin.py:190} INFO - [2026-02-01T12:26:57.724+0000] {dag.py:4180} INFO - Setting next_dagrun for Data_Quality_Dag_2 to None, run_after=None
[2026-02-01T12:26:57.747+0000] {processor.py:208} INFO - Processing /opt/airflow/dags/User_2/data_quality_dag_2.py took 0.127 seconds
[2026-02-01T12:27:27.965+0000] {processor.py:186} INFO - Started process (PID=667) to work on /opt/airflow/dags/User_2/data_quality_dag_2.py
[2026-02-01T12:27:27.967+0000] {processor.py:914} INFO - Processing file /opt/airflow/dags/User_2/data_quality_dag_2.py for tasks to queue
[2026-02-01T12:27:27.972+0000] {logging_mixin.py:190} INFO - [2026-02-01T12:27:27.970+0000] {dagbag.py:588} INFO - Filling up the DagBag from /opt/airflow/dags/User_2/data_quality_dag_2.py
[2026-02-01T12:27:27.991+0000] {processor.py:925} INFO - DAG(s) 'Data_Quality_Dag_2' retrieved from /opt/airflow/dags/User_2/data_quality_dag_2.py
[2026-02-01T12:27:28.025+0000] {logging_mixin.py:190} INFO - [2026-02-01T12:27:28.025+0000] {dag.py:3239} INFO - Sync 1 DAGs
[2026-02-01T12:27:28.045+0000] {logging_mixin.py:190} INFO - [2026-02-01T12:27:28.045+0000] {dag.py:4180} INFO - Setting next_dagrun for Data_Quality_Dag_2 to None, run_after=None
[2026-02-01T12:27:28.061+0000] {processor.py:208} INFO - Processing /opt/airflow/dags/User_2/data_quality_dag_2.py took 0.108 seconds
[2026-02-01T12:27:58.417+0000] {processor.py:186} INFO - Started process (PID=683) to work on /opt/airflow/dags/User_2/data_quality_dag_2.py
[2026-02-01T12:27:58.418+0000] {processor.py:914} INFO - Processing file /opt/airflow/dags/User_2/data_quality_dag_2.py for tasks to queue
[2026-02-01T12:27:58.421+0000] {logging_mixin.py:190} INFO - [2026-02-01T12:27:58.421+0000] {dagbag.py:588} INFO - Filling up the DagBag from /opt/airflow/dags/User_2/data_quality_dag_2.py
[2026-02-01T12:27:58.440+0000] {processor.py:925} INFO - DAG(s) 'Data_Quality_Dag_2' retrieved from /opt/airflow/dags/User_2/data_quality_dag_2.py
[2026-02-01T12:27:58.466+0000] {logging_mixin.py:190} INFO - [2026-02-01T12:27:58.466+0000] {dag.py:3239} INFO - Sync 1 DAGs
[2026-02-01T12:27:58.483+0000] {logging_mixin.py:190} INFO - [2026-02-01T12:27:58.483+0000] {dag.py:4180} INFO - Setting next_dagrun for Data_Quality_Dag_2 to None, run_after=None
[2026-02-01T12:27:58.499+0000] {processor.py:208} INFO - Processing /opt/airflow/dags/User_2/data_quality_dag_2.py took 0.096 seconds
[2026-02-01T12:28:28.818+0000] {processor.py:186} INFO - Started process (PID=701) to work on /opt/airflow/dags/User_2/data_quality_dag_2.py
[2026-02-01T12:28:28.819+0000] {processor.py:914} INFO - Processing file /opt/airflow/dags/User_2/data_quality_dag_2.py for tasks to queue
[2026-02-01T12:28:28.825+0000] {logging_mixin.py:190} INFO - [2026-02-01T12:28:28.825+0000] {dagbag.py:588} INFO - Filling up the DagBag from /opt/airflow/dags/User_2/data_quality_dag_2.py
[2026-02-01T12:28:28.839+0000] {processor.py:925} INFO - DAG(s) 'Data_Quality_Dag_2' retrieved from /opt/airflow/dags/User_2/data_quality_dag_2.py
[2026-02-01T12:28:28.877+0000] {logging_mixin.py:190} INFO - [2026-02-01T12:28:28.876+0000] {dag.py:3239} INFO - Sync 1 DAGs
[2026-02-01T12:28:28.897+0000] {logging_mixin.py:190} INFO - [2026-02-01T12:28:28.897+0000] {dag.py:4180} INFO - Setting next_dagrun for Data_Quality_Dag_2 to None, run_after=None
[2026-02-01T12:28:28.913+0000] {processor.py:208} INFO - Processing /opt/airflow/dags/User_2/data_quality_dag_2.py took 0.108 seconds
[2026-02-01T12:28:59.197+0000] {processor.py:186} INFO - Started process (PID=717) to work on /opt/airflow/dags/User_2/data_quality_dag_2.py
[2026-02-01T12:28:59.198+0000] {processor.py:914} INFO - Processing file /opt/airflow/dags/User_2/data_quality_dag_2.py for tasks to queue
[2026-02-01T12:28:59.199+0000] {logging_mixin.py:190} INFO - [2026-02-01T12:28:59.199+0000] {dagbag.py:588} INFO - Filling up the DagBag from /opt/airflow/dags/User_2/data_quality_dag_2.py
[2026-02-01T12:28:59.208+0000] {processor.py:925} INFO - DAG(s) 'Data_Quality_Dag_2' retrieved from /opt/airflow/dags/User_2/data_quality_dag_2.py
[2026-02-01T12:28:59.234+0000] {logging_mixin.py:190} INFO - [2026-02-01T12:28:59.234+0000] {dag.py:3239} INFO - Sync 1 DAGs
[2026-02-01T12:28:59.253+0000] {logging_mixin.py:190} INFO - [2026-02-01T12:28:59.253+0000] {dag.py:4180} INFO - Setting next_dagrun for Data_Quality_Dag_2 to None, run_after=None
[2026-02-01T12:28:59.269+0000] {processor.py:208} INFO - Processing /opt/airflow/dags/User_2/data_quality_dag_2.py took 0.076 seconds
[2026-02-01T12:29:29.507+0000] {processor.py:186} INFO - Started process (PID=732) to work on /opt/airflow/dags/User_2/data_quality_dag_2.py
[2026-02-01T12:29:29.509+0000] {processor.py:914} INFO - Processing file /opt/airflow/dags/User_2/data_quality_dag_2.py for tasks to queue
[2026-02-01T12:29:29.515+0000] {logging_mixin.py:190} INFO - [2026-02-01T12:29:29.514+0000] {dagbag.py:588} INFO - Filling up the DagBag from /opt/airflow/dags/User_2/data_quality_dag_2.py
[2026-02-01T12:29:29.536+0000] {processor.py:925} INFO - DAG(s) 'Data_Quality_Dag_2' retrieved from /opt/airflow/dags/User_2/data_quality_dag_2.py
[2026-02-01T12:29:29.574+0000] {logging_mixin.py:190} INFO - [2026-02-01T12:29:29.574+0000] {dag.py:3239} INFO - Sync 1 DAGs
[2026-02-01T12:29:29.594+0000] {logging_mixin.py:190} INFO - [2026-02-01T12:29:29.594+0000] {dag.py:4180} INFO - Setting next_dagrun for Data_Quality_Dag_2 to None, run_after=None
[2026-02-01T12:29:29.617+0000] {processor.py:208} INFO - Processing /opt/airflow/dags/User_2/data_quality_dag_2.py took 0.123 seconds
[2026-02-01T12:30:00.321+0000] {processor.py:186} INFO - Started process (PID=748) to work on /opt/airflow/dags/User_2/data_quality_dag_2.py
[2026-02-01T12:30:00.322+0000] {processor.py:914} INFO - Processing file /opt/airflow/dags/User_2/data_quality_dag_2.py for tasks to queue
[2026-02-01T12:30:00.329+0000] {logging_mixin.py:190} INFO - [2026-02-01T12:30:00.328+0000] {dagbag.py:588} INFO - Filling up the DagBag from /opt/airflow/dags/User_2/data_quality_dag_2.py
[2026-02-01T12:30:00.350+0000] {processor.py:925} INFO - DAG(s) 'Data_Quality_Dag_2' retrieved from /opt/airflow/dags/User_2/data_quality_dag_2.py
[2026-02-01T12:30:00.413+0000] {logging_mixin.py:190} INFO - [2026-02-01T12:30:00.413+0000] {dag.py:3239} INFO - Sync 1 DAGs
[2026-02-01T12:30:00.455+0000] {logging_mixin.py:190} INFO - [2026-02-01T12:30:00.454+0000] {dag.py:4180} INFO - Setting next_dagrun for Data_Quality_Dag_2 to None, run_after=None
[2026-02-01T12:30:00.502+0000] {processor.py:208} INFO - Processing /opt/airflow/dags/User_2/data_quality_dag_2.py took 0.196 seconds
[2026-02-01T12:30:30.797+0000] {processor.py:186} INFO - Started process (PID=764) to work on /opt/airflow/dags/User_2/data_quality_dag_2.py
[2026-02-01T12:30:30.799+0000] {processor.py:914} INFO - Processing file /opt/airflow/dags/User_2/data_quality_dag_2.py for tasks to queue
[2026-02-01T12:30:30.812+0000] {logging_mixin.py:190} INFO - [2026-02-01T12:30:30.811+0000] {dagbag.py:588} INFO - Filling up the DagBag from /opt/airflow/dags/User_2/data_quality_dag_2.py
[2026-02-01T12:30:30.839+0000] {processor.py:925} INFO - DAG(s) 'Data_Quality_Dag_2' retrieved from /opt/airflow/dags/User_2/data_quality_dag_2.py
[2026-02-01T12:30:30.880+0000] {logging_mixin.py:190} INFO - [2026-02-01T12:30:30.879+0000] {dag.py:3239} INFO - Sync 1 DAGs
[2026-02-01T12:30:30.912+0000] {logging_mixin.py:190} INFO - [2026-02-01T12:30:30.912+0000] {dag.py:4180} INFO - Setting next_dagrun for Data_Quality_Dag_2 to None, run_after=None
[2026-02-01T12:30:30.927+0000] {processor.py:208} INFO - Processing /opt/airflow/dags/User_2/data_quality_dag_2.py took 0.141 seconds
[2026-02-01T12:31:01.373+0000] {processor.py:186} INFO - Started process (PID=780) to work on /opt/airflow/dags/User_2/data_quality_dag_2.py
[2026-02-01T12:31:01.374+0000] {processor.py:914} INFO - Processing file /opt/airflow/dags/User_2/data_quality_dag_2.py for tasks to queue
[2026-02-01T12:31:01.377+0000] {logging_mixin.py:190} INFO - [2026-02-01T12:31:01.376+0000] {dagbag.py:588} INFO - Filling up the DagBag from /opt/airflow/dags/User_2/data_quality_dag_2.py
[2026-02-01T12:31:01.387+0000] {processor.py:925} INFO - DAG(s) 'Data_Quality_Dag_2' retrieved from /opt/airflow/dags/User_2/data_quality_dag_2.py
[2026-02-01T12:31:01.413+0000] {logging_mixin.py:190} INFO - [2026-02-01T12:31:01.413+0000] {dag.py:3239} INFO - Sync 1 DAGs
[2026-02-01T12:31:01.425+0000] {logging_mixin.py:190} INFO - [2026-02-01T12:31:01.425+0000] {dag.py:4180} INFO - Setting next_dagrun for Data_Quality_Dag_2 to None, run_after=None
[2026-02-01T12:31:01.446+0000] {processor.py:208} INFO - Processing /opt/airflow/dags/User_2/data_quality_dag_2.py took 0.082 seconds
[2026-02-01T12:31:32.598+0000] {processor.py:186} INFO - Started process (PID=796) to work on /opt/airflow/dags/User_2/data_quality_dag_2.py
[2026-02-01T12:31:32.601+0000] {processor.py:914} INFO - Processing file /opt/airflow/dags/User_2/data_quality_dag_2.py for tasks to queue
[2026-02-01T12:31:32.622+0000] {logging_mixin.py:190} INFO - [2026-02-01T12:31:32.621+0000] {dagbag.py:588} INFO - Filling up the DagBag from /opt/airflow/dags/User_2/data_quality_dag_2.py
[2026-02-01T12:31:32.662+0000] {processor.py:925} INFO - DAG(s) 'Data_Quality_Dag_2' retrieved from /opt/airflow/dags/User_2/data_quality_dag_2.py
[2026-02-01T12:31:32.741+0000] {logging_mixin.py:190} INFO - [2026-02-01T12:31:32.740+0000] {dag.py:3239} INFO - Sync 1 DAGs
[2026-02-01T12:31:32.786+0000] {logging_mixin.py:190} INFO - [2026-02-01T12:31:32.786+0000] {dag.py:4180} INFO - Setting next_dagrun for Data_Quality_Dag_2 to None, run_after=None
[2026-02-01T12:31:32.858+0000] {processor.py:208} INFO - Processing /opt/airflow/dags/User_2/data_quality_dag_2.py took 0.299 seconds
[2026-02-01T12:32:03.505+0000] {processor.py:186} INFO - Started process (PID=813) to work on /opt/airflow/dags/User_2/data_quality_dag_2.py
[2026-02-01T12:32:03.507+0000] {processor.py:914} INFO - Processing file /opt/airflow/dags/User_2/data_quality_dag_2.py for tasks to queue
[2026-02-01T12:32:03.513+0000] {logging_mixin.py:190} INFO - [2026-02-01T12:32:03.512+0000] {dagbag.py:588} INFO - Filling up the DagBag from /opt/airflow/dags/User_2/data_quality_dag_2.py
[2026-02-01T12:32:03.541+0000] {processor.py:925} INFO - DAG(s) 'Data_Quality_Dag_2' retrieved from /opt/airflow/dags/User_2/data_quality_dag_2.py
[2026-02-01T12:32:03.642+0000] {logging_mixin.py:190} INFO - [2026-02-01T12:32:03.642+0000] {dag.py:3239} INFO - Sync 1 DAGs
[2026-02-01T12:32:03.713+0000] {logging_mixin.py:190} INFO - [2026-02-01T12:32:03.713+0000] {dag.py:4180} INFO - Setting next_dagrun for Data_Quality_Dag_2 to None, run_after=None
[2026-02-01T12:32:03.758+0000] {processor.py:208} INFO - Processing /opt/airflow/dags/User_2/data_quality_dag_2.py took 0.273 seconds
[2026-02-01T12:32:34.526+0000] {processor.py:186} INFO - Started process (PID=829) to work on /opt/airflow/dags/User_2/data_quality_dag_2.py
[2026-02-01T12:32:34.528+0000] {processor.py:914} INFO - Processing file /opt/airflow/dags/User_2/data_quality_dag_2.py for tasks to queue
[2026-02-01T12:32:34.532+0000] {logging_mixin.py:190} INFO - [2026-02-01T12:32:34.532+0000] {dagbag.py:588} INFO - Filling up the DagBag from /opt/airflow/dags/User_2/data_quality_dag_2.py
[2026-02-01T12:32:34.548+0000] {processor.py:925} INFO - DAG(s) 'Data_Quality_Dag_2' retrieved from /opt/airflow/dags/User_2/data_quality_dag_2.py
[2026-02-01T12:32:34.583+0000] {logging_mixin.py:190} INFO - [2026-02-01T12:32:34.583+0000] {dag.py:3239} INFO - Sync 1 DAGs
[2026-02-01T12:32:34.604+0000] {logging_mixin.py:190} INFO - [2026-02-01T12:32:34.604+0000] {dag.py:4180} INFO - Setting next_dagrun for Data_Quality_Dag_2 to None, run_after=None
[2026-02-01T12:32:34.634+0000] {processor.py:208} INFO - Processing /opt/airflow/dags/User_2/data_quality_dag_2.py took 0.117 seconds
[2026-02-01T12:33:04.784+0000] {processor.py:186} INFO - Started process (PID=845) to work on /opt/airflow/dags/User_2/data_quality_dag_2.py
[2026-02-01T12:33:04.785+0000] {processor.py:914} INFO - Processing file /opt/airflow/dags/User_2/data_quality_dag_2.py for tasks to queue
[2026-02-01T12:33:04.787+0000] {logging_mixin.py:190} INFO - [2026-02-01T12:33:04.787+0000] {dagbag.py:588} INFO - Filling up the DagBag from /opt/airflow/dags/User_2/data_quality_dag_2.py
[2026-02-01T12:33:04.797+0000] {processor.py:925} INFO - DAG(s) 'Data_Quality_Dag_2' retrieved from /opt/airflow/dags/User_2/data_quality_dag_2.py
[2026-02-01T12:33:04.831+0000] {logging_mixin.py:190} INFO - [2026-02-01T12:33:04.830+0000] {dag.py:3239} INFO - Sync 1 DAGs
[2026-02-01T12:33:04.851+0000] {logging_mixin.py:190} INFO - [2026-02-01T12:33:04.851+0000] {dag.py:4180} INFO - Setting next_dagrun for Data_Quality_Dag_2 to None, run_after=None
[2026-02-01T12:33:04.881+0000] {processor.py:208} INFO - Processing /opt/airflow/dags/User_2/data_quality_dag_2.py took 0.103 seconds
[2026-02-01T12:33:35.234+0000] {processor.py:186} INFO - Started process (PID=861) to work on /opt/airflow/dags/User_2/data_quality_dag_2.py
[2026-02-01T12:33:35.237+0000] {processor.py:914} INFO - Processing file /opt/airflow/dags/User_2/data_quality_dag_2.py for tasks to queue
[2026-02-01T12:33:35.251+0000] {logging_mixin.py:190} INFO - [2026-02-01T12:33:35.248+0000] {dagbag.py:588} INFO - Filling up the DagBag from /opt/airflow/dags/User_2/data_quality_dag_2.py
[2026-02-01T12:33:35.267+0000] {processor.py:925} INFO - DAG(s) 'Data_Quality_Dag_2' retrieved from /opt/airflow/dags/User_2/data_quality_dag_2.py
[2026-02-01T12:33:35.325+0000] {logging_mixin.py:190} INFO - [2026-02-01T12:33:35.325+0000] {dag.py:3239} INFO - Sync 1 DAGs
[2026-02-01T12:33:35.355+0000] {logging_mixin.py:190} INFO - [2026-02-01T12:33:35.355+0000] {dag.py:4180} INFO - Setting next_dagrun for Data_Quality_Dag_2 to None, run_after=None
[2026-02-01T12:33:35.379+0000] {processor.py:208} INFO - Processing /opt/airflow/dags/User_2/data_quality_dag_2.py took 0.164 seconds
[2026-02-01T12:34:05.637+0000] {processor.py:186} INFO - Started process (PID=876) to work on /opt/airflow/dags/User_2/data_quality_dag_2.py
[2026-02-01T12:34:05.638+0000] {processor.py:914} INFO - Processing file /opt/airflow/dags/User_2/data_quality_dag_2.py for tasks to queue
[2026-02-01T12:34:05.641+0000] {logging_mixin.py:190} INFO - [2026-02-01T12:34:05.640+0000] {dagbag.py:588} INFO - Filling up the DagBag from /opt/airflow/dags/User_2/data_quality_dag_2.py
[2026-02-01T12:34:05.657+0000] {processor.py:925} INFO - DAG(s) 'Data_Quality_Dag_2' retrieved from /opt/airflow/dags/User_2/data_quality_dag_2.py
[2026-02-01T12:34:05.694+0000] {logging_mixin.py:190} INFO - [2026-02-01T12:34:05.693+0000] {dag.py:3239} INFO - Sync 1 DAGs
[2026-02-01T12:34:05.729+0000] {logging_mixin.py:190} INFO - [2026-02-01T12:34:05.729+0000] {dag.py:4180} INFO - Setting next_dagrun for Data_Quality_Dag_2 to None, run_after=None
[2026-02-01T12:34:05.767+0000] {processor.py:208} INFO - Processing /opt/airflow/dags/User_2/data_quality_dag_2.py took 0.140 seconds
[2026-02-01T12:34:36.108+0000] {processor.py:186} INFO - Started process (PID=892) to work on /opt/airflow/dags/User_2/data_quality_dag_2.py
[2026-02-01T12:34:36.110+0000] {processor.py:914} INFO - Processing file /opt/airflow/dags/User_2/data_quality_dag_2.py for tasks to queue
[2026-02-01T12:34:36.116+0000] {logging_mixin.py:190} INFO - [2026-02-01T12:34:36.116+0000] {dagbag.py:588} INFO - Filling up the DagBag from /opt/airflow/dags/User_2/data_quality_dag_2.py
[2026-02-01T12:34:36.131+0000] {processor.py:925} INFO - DAG(s) 'Data_Quality_Dag_2' retrieved from /opt/airflow/dags/User_2/data_quality_dag_2.py
[2026-02-01T12:34:36.166+0000] {logging_mixin.py:190} INFO - [2026-02-01T12:34:36.166+0000] {dag.py:3239} INFO - Sync 1 DAGs
[2026-02-01T12:34:36.188+0000] {logging_mixin.py:190} INFO - [2026-02-01T12:34:36.188+0000] {dag.py:4180} INFO - Setting next_dagrun for Data_Quality_Dag_2 to None, run_after=None
[2026-02-01T12:34:36.218+0000] {processor.py:208} INFO - Processing /opt/airflow/dags/User_2/data_quality_dag_2.py took 0.117 seconds
