[2026-02-01T12:08:34.907+0000] {processor.py:186} INFO - Started process (PID=73) to work on /opt/airflow/dags/User_2/data_reconciliation_dag_2.py
[2026-02-01T12:08:34.910+0000] {processor.py:914} INFO - Processing file /opt/airflow/dags/User_2/data_reconciliation_dag_2.py for tasks to queue
[2026-02-01T12:08:34.923+0000] {logging_mixin.py:190} INFO - [2026-02-01T12:08:34.920+0000] {dagbag.py:588} INFO - Filling up the DagBag from /opt/airflow/dags/User_2/data_reconciliation_dag_2.py
[2026-02-01T12:08:34.964+0000] {processor.py:925} INFO - DAG(s) 'Data_Reconciliation_Dag_2' retrieved from /opt/airflow/dags/User_2/data_reconciliation_dag_2.py
[2026-02-01T12:08:35.024+0000] {logging_mixin.py:190} INFO - [2026-02-01T12:08:35.024+0000] {dag.py:3239} INFO - Sync 1 DAGs
[2026-02-01T12:08:35.069+0000] {logging_mixin.py:190} INFO - [2026-02-01T12:08:35.069+0000] {dag.py:4180} INFO - Setting next_dagrun for Data_Reconciliation_Dag_2 to None, run_after=None
[2026-02-01T12:08:35.161+0000] {processor.py:208} INFO - Processing /opt/airflow/dags/User_2/data_reconciliation_dag_2.py took 0.275 seconds
[2026-02-01T12:09:06.085+0000] {processor.py:186} INFO - Started process (PID=89) to work on /opt/airflow/dags/User_2/data_reconciliation_dag_2.py
[2026-02-01T12:09:06.086+0000] {processor.py:914} INFO - Processing file /opt/airflow/dags/User_2/data_reconciliation_dag_2.py for tasks to queue
[2026-02-01T12:09:06.089+0000] {logging_mixin.py:190} INFO - [2026-02-01T12:09:06.089+0000] {dagbag.py:588} INFO - Filling up the DagBag from /opt/airflow/dags/User_2/data_reconciliation_dag_2.py
[2026-02-01T12:09:06.098+0000] {processor.py:925} INFO - DAG(s) 'Data_Reconciliation_Dag_2' retrieved from /opt/airflow/dags/User_2/data_reconciliation_dag_2.py
[2026-02-01T12:09:06.132+0000] {logging_mixin.py:190} INFO - [2026-02-01T12:09:06.131+0000] {dag.py:3239} INFO - Sync 1 DAGs
[2026-02-01T12:09:06.155+0000] {logging_mixin.py:190} INFO - [2026-02-01T12:09:06.155+0000] {dag.py:4180} INFO - Setting next_dagrun for Data_Reconciliation_Dag_2 to None, run_after=None
[2026-02-01T12:09:06.189+0000] {processor.py:208} INFO - Processing /opt/airflow/dags/User_2/data_reconciliation_dag_2.py took 0.110 seconds
[2026-02-01T12:09:36.547+0000] {processor.py:186} INFO - Started process (PID=106) to work on /opt/airflow/dags/User_2/data_reconciliation_dag_2.py
[2026-02-01T12:09:36.549+0000] {processor.py:914} INFO - Processing file /opt/airflow/dags/User_2/data_reconciliation_dag_2.py for tasks to queue
[2026-02-01T12:09:36.553+0000] {logging_mixin.py:190} INFO - [2026-02-01T12:09:36.553+0000] {dagbag.py:588} INFO - Filling up the DagBag from /opt/airflow/dags/User_2/data_reconciliation_dag_2.py
[2026-02-01T12:09:36.569+0000] {processor.py:925} INFO - DAG(s) 'Data_Reconciliation_Dag_2' retrieved from /opt/airflow/dags/User_2/data_reconciliation_dag_2.py
[2026-02-01T12:09:36.608+0000] {logging_mixin.py:190} INFO - [2026-02-01T12:09:36.607+0000] {dag.py:3239} INFO - Sync 1 DAGs
[2026-02-01T12:09:36.635+0000] {logging_mixin.py:190} INFO - [2026-02-01T12:09:36.635+0000] {dag.py:4180} INFO - Setting next_dagrun for Data_Reconciliation_Dag_2 to None, run_after=None
[2026-02-01T12:09:36.662+0000] {processor.py:208} INFO - Processing /opt/airflow/dags/User_2/data_reconciliation_dag_2.py took 0.129 seconds
[2026-02-01T12:10:07.511+0000] {processor.py:186} INFO - Started process (PID=122) to work on /opt/airflow/dags/User_2/data_reconciliation_dag_2.py
[2026-02-01T12:10:07.513+0000] {processor.py:914} INFO - Processing file /opt/airflow/dags/User_2/data_reconciliation_dag_2.py for tasks to queue
[2026-02-01T12:10:07.517+0000] {logging_mixin.py:190} INFO - [2026-02-01T12:10:07.516+0000] {dagbag.py:588} INFO - Filling up the DagBag from /opt/airflow/dags/User_2/data_reconciliation_dag_2.py
[2026-02-01T12:10:07.527+0000] {processor.py:925} INFO - DAG(s) 'Data_Reconciliation_Dag_2' retrieved from /opt/airflow/dags/User_2/data_reconciliation_dag_2.py
[2026-02-01T12:10:07.581+0000] {logging_mixin.py:190} INFO - [2026-02-01T12:10:07.581+0000] {dag.py:3239} INFO - Sync 1 DAGs
[2026-02-01T12:10:07.911+0000] {logging_mixin.py:190} INFO - [2026-02-01T12:10:07.910+0000] {dag.py:4180} INFO - Setting next_dagrun for Data_Reconciliation_Dag_2 to None, run_after=None
[2026-02-01T12:10:07.928+0000] {processor.py:208} INFO - Processing /opt/airflow/dags/User_2/data_reconciliation_dag_2.py took 0.425 seconds
[2026-02-01T12:10:39.331+0000] {processor.py:186} INFO - Started process (PID=138) to work on /opt/airflow/dags/User_2/data_reconciliation_dag_2.py
[2026-02-01T12:10:39.338+0000] {processor.py:914} INFO - Processing file /opt/airflow/dags/User_2/data_reconciliation_dag_2.py for tasks to queue
[2026-02-01T12:10:39.347+0000] {logging_mixin.py:190} INFO - [2026-02-01T12:10:39.347+0000] {dagbag.py:588} INFO - Filling up the DagBag from /opt/airflow/dags/User_2/data_reconciliation_dag_2.py
[2026-02-01T12:10:39.400+0000] {processor.py:925} INFO - DAG(s) 'Data_Reconciliation_Dag_2' retrieved from /opt/airflow/dags/User_2/data_reconciliation_dag_2.py
[2026-02-01T12:10:39.509+0000] {logging_mixin.py:190} INFO - [2026-02-01T12:10:39.509+0000] {dag.py:3239} INFO - Sync 1 DAGs
[2026-02-01T12:10:39.573+0000] {logging_mixin.py:190} INFO - [2026-02-01T12:10:39.573+0000] {dag.py:4180} INFO - Setting next_dagrun for Data_Reconciliation_Dag_2 to None, run_after=None
[2026-02-01T12:10:39.652+0000] {processor.py:208} INFO - Processing /opt/airflow/dags/User_2/data_reconciliation_dag_2.py took 0.341 seconds
[2026-02-01T12:11:09.856+0000] {processor.py:186} INFO - Started process (PID=155) to work on /opt/airflow/dags/User_2/data_reconciliation_dag_2.py
[2026-02-01T12:11:09.858+0000] {processor.py:914} INFO - Processing file /opt/airflow/dags/User_2/data_reconciliation_dag_2.py for tasks to queue
[2026-02-01T12:11:09.862+0000] {logging_mixin.py:190} INFO - [2026-02-01T12:11:09.862+0000] {dagbag.py:588} INFO - Filling up the DagBag from /opt/airflow/dags/User_2/data_reconciliation_dag_2.py
[2026-02-01T12:11:09.880+0000] {processor.py:925} INFO - DAG(s) 'Data_Reconciliation_Dag_2' retrieved from /opt/airflow/dags/User_2/data_reconciliation_dag_2.py
[2026-02-01T12:11:09.930+0000] {logging_mixin.py:190} INFO - [2026-02-01T12:11:09.929+0000] {dag.py:3239} INFO - Sync 1 DAGs
[2026-02-01T12:11:09.964+0000] {logging_mixin.py:190} INFO - [2026-02-01T12:11:09.963+0000] {dag.py:4180} INFO - Setting next_dagrun for Data_Reconciliation_Dag_2 to None, run_after=None
[2026-02-01T12:11:09.997+0000] {processor.py:208} INFO - Processing /opt/airflow/dags/User_2/data_reconciliation_dag_2.py took 0.151 seconds
[2026-02-01T12:11:41.133+0000] {processor.py:186} INFO - Started process (PID=170) to work on /opt/airflow/dags/User_2/data_reconciliation_dag_2.py
[2026-02-01T12:11:41.136+0000] {processor.py:914} INFO - Processing file /opt/airflow/dags/User_2/data_reconciliation_dag_2.py for tasks to queue
[2026-02-01T12:11:41.140+0000] {logging_mixin.py:190} INFO - [2026-02-01T12:11:41.139+0000] {dagbag.py:588} INFO - Filling up the DagBag from /opt/airflow/dags/User_2/data_reconciliation_dag_2.py
[2026-02-01T12:11:41.154+0000] {processor.py:925} INFO - DAG(s) 'Data_Reconciliation_Dag_2' retrieved from /opt/airflow/dags/User_2/data_reconciliation_dag_2.py
[2026-02-01T12:11:41.213+0000] {logging_mixin.py:190} INFO - [2026-02-01T12:11:41.212+0000] {dag.py:3239} INFO - Sync 1 DAGs
[2026-02-01T12:11:41.549+0000] {logging_mixin.py:190} INFO - [2026-02-01T12:11:41.549+0000] {dag.py:4180} INFO - Setting next_dagrun for Data_Reconciliation_Dag_2 to None, run_after=None
[2026-02-01T12:11:41.575+0000] {processor.py:208} INFO - Processing /opt/airflow/dags/User_2/data_reconciliation_dag_2.py took 0.451 seconds
[2026-02-01T12:12:11.788+0000] {processor.py:186} INFO - Started process (PID=186) to work on /opt/airflow/dags/User_2/data_reconciliation_dag_2.py
[2026-02-01T12:12:11.789+0000] {processor.py:914} INFO - Processing file /opt/airflow/dags/User_2/data_reconciliation_dag_2.py for tasks to queue
[2026-02-01T12:12:11.792+0000] {logging_mixin.py:190} INFO - [2026-02-01T12:12:11.791+0000] {dagbag.py:588} INFO - Filling up the DagBag from /opt/airflow/dags/User_2/data_reconciliation_dag_2.py
[2026-02-01T12:12:11.801+0000] {processor.py:925} INFO - DAG(s) 'Data_Reconciliation_Dag_2' retrieved from /opt/airflow/dags/User_2/data_reconciliation_dag_2.py
[2026-02-01T12:12:11.824+0000] {logging_mixin.py:190} INFO - [2026-02-01T12:12:11.824+0000] {dag.py:3239} INFO - Sync 1 DAGs
[2026-02-01T12:12:11.841+0000] {logging_mixin.py:190} INFO - [2026-02-01T12:12:11.840+0000] {dag.py:4180} INFO - Setting next_dagrun for Data_Reconciliation_Dag_2 to None, run_after=None
[2026-02-01T12:12:11.857+0000] {processor.py:208} INFO - Processing /opt/airflow/dags/User_2/data_reconciliation_dag_2.py took 0.073 seconds
[2026-02-01T12:12:42.132+0000] {processor.py:186} INFO - Started process (PID=202) to work on /opt/airflow/dags/User_2/data_reconciliation_dag_2.py
[2026-02-01T12:12:42.133+0000] {processor.py:914} INFO - Processing file /opt/airflow/dags/User_2/data_reconciliation_dag_2.py for tasks to queue
[2026-02-01T12:12:42.136+0000] {logging_mixin.py:190} INFO - [2026-02-01T12:12:42.136+0000] {dagbag.py:588} INFO - Filling up the DagBag from /opt/airflow/dags/User_2/data_reconciliation_dag_2.py
[2026-02-01T12:12:42.158+0000] {processor.py:925} INFO - DAG(s) 'Data_Reconciliation_Dag_2' retrieved from /opt/airflow/dags/User_2/data_reconciliation_dag_2.py
[2026-02-01T12:12:42.196+0000] {logging_mixin.py:190} INFO - [2026-02-01T12:12:42.196+0000] {dag.py:3239} INFO - Sync 1 DAGs
[2026-02-01T12:12:42.216+0000] {logging_mixin.py:190} INFO - [2026-02-01T12:12:42.216+0000] {dag.py:4180} INFO - Setting next_dagrun for Data_Reconciliation_Dag_2 to None, run_after=None
[2026-02-01T12:12:42.232+0000] {processor.py:208} INFO - Processing /opt/airflow/dags/User_2/data_reconciliation_dag_2.py took 0.115 seconds
[2026-02-01T12:13:12.598+0000] {processor.py:186} INFO - Started process (PID=218) to work on /opt/airflow/dags/User_2/data_reconciliation_dag_2.py
[2026-02-01T12:13:12.599+0000] {processor.py:914} INFO - Processing file /opt/airflow/dags/User_2/data_reconciliation_dag_2.py for tasks to queue
[2026-02-01T12:13:12.601+0000] {logging_mixin.py:190} INFO - [2026-02-01T12:13:12.601+0000] {dagbag.py:588} INFO - Filling up the DagBag from /opt/airflow/dags/User_2/data_reconciliation_dag_2.py
[2026-02-01T12:13:12.614+0000] {processor.py:925} INFO - DAG(s) 'Data_Reconciliation_Dag_2' retrieved from /opt/airflow/dags/User_2/data_reconciliation_dag_2.py
[2026-02-01T12:13:12.643+0000] {logging_mixin.py:190} INFO - [2026-02-01T12:13:12.643+0000] {dag.py:3239} INFO - Sync 1 DAGs
[2026-02-01T12:13:12.662+0000] {logging_mixin.py:190} INFO - [2026-02-01T12:13:12.662+0000] {dag.py:4180} INFO - Setting next_dagrun for Data_Reconciliation_Dag_2 to None, run_after=None
[2026-02-01T12:13:12.679+0000] {processor.py:208} INFO - Processing /opt/airflow/dags/User_2/data_reconciliation_dag_2.py took 0.089 seconds
[2026-02-01T12:13:42.916+0000] {processor.py:186} INFO - Started process (PID=234) to work on /opt/airflow/dags/User_2/data_reconciliation_dag_2.py
[2026-02-01T12:13:42.917+0000] {processor.py:914} INFO - Processing file /opt/airflow/dags/User_2/data_reconciliation_dag_2.py for tasks to queue
[2026-02-01T12:13:42.919+0000] {logging_mixin.py:190} INFO - [2026-02-01T12:13:42.919+0000] {dagbag.py:588} INFO - Filling up the DagBag from /opt/airflow/dags/User_2/data_reconciliation_dag_2.py
[2026-02-01T12:13:42.929+0000] {processor.py:925} INFO - DAG(s) 'Data_Reconciliation_Dag_2' retrieved from /opt/airflow/dags/User_2/data_reconciliation_dag_2.py
[2026-02-01T12:13:42.956+0000] {logging_mixin.py:190} INFO - [2026-02-01T12:13:42.956+0000] {dag.py:3239} INFO - Sync 1 DAGs
[2026-02-01T12:13:42.976+0000] {logging_mixin.py:190} INFO - [2026-02-01T12:13:42.976+0000] {dag.py:4180} INFO - Setting next_dagrun for Data_Reconciliation_Dag_2 to None, run_after=None
[2026-02-01T12:13:42.995+0000] {processor.py:208} INFO - Processing /opt/airflow/dags/User_2/data_reconciliation_dag_2.py took 0.085 seconds
[2026-02-01T12:14:13.222+0000] {processor.py:186} INFO - Started process (PID=250) to work on /opt/airflow/dags/User_2/data_reconciliation_dag_2.py
[2026-02-01T12:14:13.223+0000] {processor.py:914} INFO - Processing file /opt/airflow/dags/User_2/data_reconciliation_dag_2.py for tasks to queue
[2026-02-01T12:14:13.227+0000] {logging_mixin.py:190} INFO - [2026-02-01T12:14:13.225+0000] {dagbag.py:588} INFO - Filling up the DagBag from /opt/airflow/dags/User_2/data_reconciliation_dag_2.py
[2026-02-01T12:14:13.248+0000] {processor.py:925} INFO - DAG(s) 'Data_Reconciliation_Dag_2' retrieved from /opt/airflow/dags/User_2/data_reconciliation_dag_2.py
[2026-02-01T12:14:13.283+0000] {logging_mixin.py:190} INFO - [2026-02-01T12:14:13.283+0000] {dag.py:3239} INFO - Sync 1 DAGs
[2026-02-01T12:14:13.305+0000] {logging_mixin.py:190} INFO - [2026-02-01T12:14:13.305+0000] {dag.py:4180} INFO - Setting next_dagrun for Data_Reconciliation_Dag_2 to None, run_after=None
[2026-02-01T12:14:13.323+0000] {processor.py:208} INFO - Processing /opt/airflow/dags/User_2/data_reconciliation_dag_2.py took 0.108 seconds
[2026-02-01T12:14:44.215+0000] {processor.py:186} INFO - Started process (PID=265) to work on /opt/airflow/dags/User_2/data_reconciliation_dag_2.py
[2026-02-01T12:14:44.218+0000] {processor.py:914} INFO - Processing file /opt/airflow/dags/User_2/data_reconciliation_dag_2.py for tasks to queue
[2026-02-01T12:14:44.230+0000] {logging_mixin.py:190} INFO - [2026-02-01T12:14:44.229+0000] {dagbag.py:588} INFO - Filling up the DagBag from /opt/airflow/dags/User_2/data_reconciliation_dag_2.py
[2026-02-01T12:14:44.275+0000] {processor.py:925} INFO - DAG(s) 'Data_Reconciliation_Dag_2' retrieved from /opt/airflow/dags/User_2/data_reconciliation_dag_2.py
[2026-02-01T12:14:44.370+0000] {logging_mixin.py:190} INFO - [2026-02-01T12:14:44.368+0000] {dag.py:3239} INFO - Sync 1 DAGs
[2026-02-01T12:14:44.432+0000] {logging_mixin.py:190} INFO - [2026-02-01T12:14:44.429+0000] {dag.py:4180} INFO - Setting next_dagrun for Data_Reconciliation_Dag_2 to None, run_after=None
[2026-02-01T12:14:44.486+0000] {processor.py:208} INFO - Processing /opt/airflow/dags/User_2/data_reconciliation_dag_2.py took 0.300 seconds
[2026-02-01T12:15:15.193+0000] {processor.py:186} INFO - Started process (PID=282) to work on /opt/airflow/dags/User_2/data_reconciliation_dag_2.py
[2026-02-01T12:15:15.196+0000] {processor.py:914} INFO - Processing file /opt/airflow/dags/User_2/data_reconciliation_dag_2.py for tasks to queue
[2026-02-01T12:15:15.203+0000] {logging_mixin.py:190} INFO - [2026-02-01T12:15:15.202+0000] {dagbag.py:588} INFO - Filling up the DagBag from /opt/airflow/dags/User_2/data_reconciliation_dag_2.py
[2026-02-01T12:15:15.226+0000] {processor.py:925} INFO - DAG(s) 'Data_Reconciliation_Dag_2' retrieved from /opt/airflow/dags/User_2/data_reconciliation_dag_2.py
[2026-02-01T12:15:15.277+0000] {logging_mixin.py:190} INFO - [2026-02-01T12:15:15.276+0000] {dag.py:3239} INFO - Sync 1 DAGs
[2026-02-01T12:15:15.309+0000] {logging_mixin.py:190} INFO - [2026-02-01T12:15:15.309+0000] {dag.py:4180} INFO - Setting next_dagrun for Data_Reconciliation_Dag_2 to None, run_after=None
[2026-02-01T12:15:15.344+0000] {processor.py:208} INFO - Processing /opt/airflow/dags/User_2/data_reconciliation_dag_2.py took 0.166 seconds
[2026-02-01T12:15:45.823+0000] {processor.py:186} INFO - Started process (PID=298) to work on /opt/airflow/dags/User_2/data_reconciliation_dag_2.py
[2026-02-01T12:15:45.825+0000] {processor.py:914} INFO - Processing file /opt/airflow/dags/User_2/data_reconciliation_dag_2.py for tasks to queue
[2026-02-01T12:15:45.837+0000] {logging_mixin.py:190} INFO - [2026-02-01T12:15:45.836+0000] {dagbag.py:588} INFO - Filling up the DagBag from /opt/airflow/dags/User_2/data_reconciliation_dag_2.py
[2026-02-01T12:15:45.855+0000] {processor.py:925} INFO - DAG(s) 'Data_Reconciliation_Dag_2' retrieved from /opt/airflow/dags/User_2/data_reconciliation_dag_2.py
[2026-02-01T12:15:45.900+0000] {logging_mixin.py:190} INFO - [2026-02-01T12:15:45.900+0000] {dag.py:3239} INFO - Sync 1 DAGs
[2026-02-01T12:15:45.926+0000] {logging_mixin.py:190} INFO - [2026-02-01T12:15:45.926+0000] {dag.py:4180} INFO - Setting next_dagrun for Data_Reconciliation_Dag_2 to None, run_after=None
[2026-02-01T12:15:45.947+0000] {processor.py:208} INFO - Processing /opt/airflow/dags/User_2/data_reconciliation_dag_2.py took 0.138 seconds
[2026-02-01T12:16:16.277+0000] {processor.py:186} INFO - Started process (PID=315) to work on /opt/airflow/dags/User_2/data_reconciliation_dag_2.py
[2026-02-01T12:16:16.278+0000] {processor.py:914} INFO - Processing file /opt/airflow/dags/User_2/data_reconciliation_dag_2.py for tasks to queue
[2026-02-01T12:16:16.279+0000] {logging_mixin.py:190} INFO - [2026-02-01T12:16:16.279+0000] {dagbag.py:588} INFO - Filling up the DagBag from /opt/airflow/dags/User_2/data_reconciliation_dag_2.py
[2026-02-01T12:16:16.289+0000] {processor.py:925} INFO - DAG(s) 'Data_Reconciliation_Dag_2' retrieved from /opt/airflow/dags/User_2/data_reconciliation_dag_2.py
[2026-02-01T12:16:16.314+0000] {logging_mixin.py:190} INFO - [2026-02-01T12:16:16.313+0000] {dag.py:3239} INFO - Sync 1 DAGs
[2026-02-01T12:16:16.332+0000] {logging_mixin.py:190} INFO - [2026-02-01T12:16:16.332+0000] {dag.py:4180} INFO - Setting next_dagrun for Data_Reconciliation_Dag_2 to None, run_after=None
[2026-02-01T12:16:16.348+0000] {processor.py:208} INFO - Processing /opt/airflow/dags/User_2/data_reconciliation_dag_2.py took 0.076 seconds
[2026-02-01T12:16:46.605+0000] {processor.py:186} INFO - Started process (PID=331) to work on /opt/airflow/dags/User_2/data_reconciliation_dag_2.py
[2026-02-01T12:16:46.607+0000] {processor.py:914} INFO - Processing file /opt/airflow/dags/User_2/data_reconciliation_dag_2.py for tasks to queue
[2026-02-01T12:16:46.611+0000] {logging_mixin.py:190} INFO - [2026-02-01T12:16:46.611+0000] {dagbag.py:588} INFO - Filling up the DagBag from /opt/airflow/dags/User_2/data_reconciliation_dag_2.py
[2026-02-01T12:16:46.627+0000] {processor.py:925} INFO - DAG(s) 'Data_Reconciliation_Dag_2' retrieved from /opt/airflow/dags/User_2/data_reconciliation_dag_2.py
[2026-02-01T12:16:46.671+0000] {logging_mixin.py:190} INFO - [2026-02-01T12:16:46.670+0000] {dag.py:3239} INFO - Sync 1 DAGs
[2026-02-01T12:16:46.695+0000] {logging_mixin.py:190} INFO - [2026-02-01T12:16:46.695+0000] {dag.py:4180} INFO - Setting next_dagrun for Data_Reconciliation_Dag_2 to None, run_after=None
[2026-02-01T12:16:46.725+0000] {processor.py:208} INFO - Processing /opt/airflow/dags/User_2/data_reconciliation_dag_2.py took 0.131 seconds
[2026-02-01T12:17:17.040+0000] {processor.py:186} INFO - Started process (PID=347) to work on /opt/airflow/dags/User_2/data_reconciliation_dag_2.py
[2026-02-01T12:17:17.041+0000] {processor.py:914} INFO - Processing file /opt/airflow/dags/User_2/data_reconciliation_dag_2.py for tasks to queue
[2026-02-01T12:17:17.051+0000] {logging_mixin.py:190} INFO - [2026-02-01T12:17:17.050+0000] {dagbag.py:588} INFO - Filling up the DagBag from /opt/airflow/dags/User_2/data_reconciliation_dag_2.py
[2026-02-01T12:17:17.067+0000] {processor.py:925} INFO - DAG(s) 'Data_Reconciliation_Dag_2' retrieved from /opt/airflow/dags/User_2/data_reconciliation_dag_2.py
[2026-02-01T12:17:17.099+0000] {logging_mixin.py:190} INFO - [2026-02-01T12:17:17.099+0000] {dag.py:3239} INFO - Sync 1 DAGs
[2026-02-01T12:17:17.119+0000] {logging_mixin.py:190} INFO - [2026-02-01T12:17:17.119+0000] {dag.py:4180} INFO - Setting next_dagrun for Data_Reconciliation_Dag_2 to None, run_after=None
[2026-02-01T12:17:17.148+0000] {processor.py:208} INFO - Processing /opt/airflow/dags/User_2/data_reconciliation_dag_2.py took 0.116 seconds
[2026-02-01T12:17:47.297+0000] {processor.py:186} INFO - Started process (PID=363) to work on /opt/airflow/dags/User_2/data_reconciliation_dag_2.py
[2026-02-01T12:17:47.298+0000] {processor.py:914} INFO - Processing file /opt/airflow/dags/User_2/data_reconciliation_dag_2.py for tasks to queue
[2026-02-01T12:17:47.301+0000] {logging_mixin.py:190} INFO - [2026-02-01T12:17:47.300+0000] {dagbag.py:588} INFO - Filling up the DagBag from /opt/airflow/dags/User_2/data_reconciliation_dag_2.py
[2026-02-01T12:17:47.311+0000] {processor.py:925} INFO - DAG(s) 'Data_Reconciliation_Dag_2' retrieved from /opt/airflow/dags/User_2/data_reconciliation_dag_2.py
[2026-02-01T12:17:47.350+0000] {logging_mixin.py:190} INFO - [2026-02-01T12:17:47.349+0000] {dag.py:3239} INFO - Sync 1 DAGs
[2026-02-01T12:17:47.376+0000] {logging_mixin.py:190} INFO - [2026-02-01T12:17:47.376+0000] {dag.py:4180} INFO - Setting next_dagrun for Data_Reconciliation_Dag_2 to None, run_after=None
[2026-02-01T12:17:47.407+0000] {processor.py:208} INFO - Processing /opt/airflow/dags/User_2/data_reconciliation_dag_2.py took 0.118 seconds
[2026-02-01T12:18:17.686+0000] {processor.py:186} INFO - Started process (PID=379) to work on /opt/airflow/dags/User_2/data_reconciliation_dag_2.py
[2026-02-01T12:18:17.688+0000] {processor.py:914} INFO - Processing file /opt/airflow/dags/User_2/data_reconciliation_dag_2.py for tasks to queue
[2026-02-01T12:18:17.693+0000] {logging_mixin.py:190} INFO - [2026-02-01T12:18:17.693+0000] {dagbag.py:588} INFO - Filling up the DagBag from /opt/airflow/dags/User_2/data_reconciliation_dag_2.py
[2026-02-01T12:18:17.715+0000] {processor.py:925} INFO - DAG(s) 'Data_Reconciliation_Dag_2' retrieved from /opt/airflow/dags/User_2/data_reconciliation_dag_2.py
[2026-02-01T12:18:17.768+0000] {logging_mixin.py:190} INFO - [2026-02-01T12:18:17.768+0000] {dag.py:3239} INFO - Sync 1 DAGs
[2026-02-01T12:18:17.811+0000] {logging_mixin.py:190} INFO - [2026-02-01T12:18:17.811+0000] {dag.py:4180} INFO - Setting next_dagrun for Data_Reconciliation_Dag_2 to None, run_after=None
[2026-02-01T12:18:17.835+0000] {processor.py:208} INFO - Processing /opt/airflow/dags/User_2/data_reconciliation_dag_2.py took 0.157 seconds
[2026-02-01T12:18:48.369+0000] {processor.py:186} INFO - Started process (PID=395) to work on /opt/airflow/dags/User_2/data_reconciliation_dag_2.py
[2026-02-01T12:18:48.370+0000] {processor.py:914} INFO - Processing file /opt/airflow/dags/User_2/data_reconciliation_dag_2.py for tasks to queue
[2026-02-01T12:18:48.375+0000] {logging_mixin.py:190} INFO - [2026-02-01T12:18:48.375+0000] {dagbag.py:588} INFO - Filling up the DagBag from /opt/airflow/dags/User_2/data_reconciliation_dag_2.py
[2026-02-01T12:18:48.401+0000] {processor.py:925} INFO - DAG(s) 'Data_Reconciliation_Dag_2' retrieved from /opt/airflow/dags/User_2/data_reconciliation_dag_2.py
[2026-02-01T12:18:48.469+0000] {logging_mixin.py:190} INFO - [2026-02-01T12:18:48.469+0000] {dag.py:3239} INFO - Sync 1 DAGs
[2026-02-01T12:18:48.497+0000] {logging_mixin.py:190} INFO - [2026-02-01T12:18:48.497+0000] {dag.py:4180} INFO - Setting next_dagrun for Data_Reconciliation_Dag_2 to None, run_after=None
[2026-02-01T12:18:48.542+0000] {processor.py:208} INFO - Processing /opt/airflow/dags/User_2/data_reconciliation_dag_2.py took 0.181 seconds
[2026-02-01T12:19:19.227+0000] {processor.py:186} INFO - Started process (PID=411) to work on /opt/airflow/dags/User_2/data_reconciliation_dag_2.py
[2026-02-01T12:19:19.230+0000] {processor.py:914} INFO - Processing file /opt/airflow/dags/User_2/data_reconciliation_dag_2.py for tasks to queue
[2026-02-01T12:19:19.232+0000] {logging_mixin.py:190} INFO - [2026-02-01T12:19:19.232+0000] {dagbag.py:588} INFO - Filling up the DagBag from /opt/airflow/dags/User_2/data_reconciliation_dag_2.py
[2026-02-01T12:19:19.250+0000] {processor.py:925} INFO - DAG(s) 'Data_Reconciliation_Dag_2' retrieved from /opt/airflow/dags/User_2/data_reconciliation_dag_2.py
[2026-02-01T12:19:19.328+0000] {logging_mixin.py:190} INFO - [2026-02-01T12:19:19.327+0000] {dag.py:3239} INFO - Sync 1 DAGs
[2026-02-01T12:19:19.364+0000] {logging_mixin.py:190} INFO - [2026-02-01T12:19:19.364+0000] {dag.py:4180} INFO - Setting next_dagrun for Data_Reconciliation_Dag_2 to None, run_after=None
[2026-02-01T12:19:19.409+0000] {processor.py:208} INFO - Processing /opt/airflow/dags/User_2/data_reconciliation_dag_2.py took 0.203 seconds
[2026-02-01T12:19:50.229+0000] {processor.py:186} INFO - Started process (PID=427) to work on /opt/airflow/dags/User_2/data_reconciliation_dag_2.py
[2026-02-01T12:19:50.232+0000] {processor.py:914} INFO - Processing file /opt/airflow/dags/User_2/data_reconciliation_dag_2.py for tasks to queue
[2026-02-01T12:19:50.237+0000] {logging_mixin.py:190} INFO - [2026-02-01T12:19:50.236+0000] {dagbag.py:588} INFO - Filling up the DagBag from /opt/airflow/dags/User_2/data_reconciliation_dag_2.py
[2026-02-01T12:19:50.263+0000] {processor.py:925} INFO - DAG(s) 'Data_Reconciliation_Dag_2' retrieved from /opt/airflow/dags/User_2/data_reconciliation_dag_2.py
[2026-02-01T12:19:50.332+0000] {logging_mixin.py:190} INFO - [2026-02-01T12:19:50.332+0000] {dag.py:3239} INFO - Sync 1 DAGs
[2026-02-01T12:19:50.362+0000] {logging_mixin.py:190} INFO - [2026-02-01T12:19:50.361+0000] {dag.py:4180} INFO - Setting next_dagrun for Data_Reconciliation_Dag_2 to None, run_after=None
[2026-02-01T12:19:50.401+0000] {processor.py:208} INFO - Processing /opt/airflow/dags/User_2/data_reconciliation_dag_2.py took 0.186 seconds
[2026-02-01T12:20:21.048+0000] {processor.py:186} INFO - Started process (PID=442) to work on /opt/airflow/dags/User_2/data_reconciliation_dag_2.py
[2026-02-01T12:20:21.055+0000] {processor.py:914} INFO - Processing file /opt/airflow/dags/User_2/data_reconciliation_dag_2.py for tasks to queue
[2026-02-01T12:20:21.062+0000] {logging_mixin.py:190} INFO - [2026-02-01T12:20:21.060+0000] {dagbag.py:588} INFO - Filling up the DagBag from /opt/airflow/dags/User_2/data_reconciliation_dag_2.py
[2026-02-01T12:20:21.080+0000] {processor.py:925} INFO - DAG(s) 'Data_Reconciliation_Dag_2' retrieved from /opt/airflow/dags/User_2/data_reconciliation_dag_2.py
[2026-02-01T12:20:21.136+0000] {logging_mixin.py:190} INFO - [2026-02-01T12:20:21.136+0000] {dag.py:3239} INFO - Sync 1 DAGs
[2026-02-01T12:20:21.172+0000] {logging_mixin.py:190} INFO - [2026-02-01T12:20:21.172+0000] {dag.py:4180} INFO - Setting next_dagrun for Data_Reconciliation_Dag_2 to None, run_after=None
[2026-02-01T12:20:21.207+0000] {processor.py:208} INFO - Processing /opt/airflow/dags/User_2/data_reconciliation_dag_2.py took 0.171 seconds
[2026-02-01T12:20:51.574+0000] {processor.py:186} INFO - Started process (PID=457) to work on /opt/airflow/dags/User_2/data_reconciliation_dag_2.py
[2026-02-01T12:20:51.575+0000] {processor.py:914} INFO - Processing file /opt/airflow/dags/User_2/data_reconciliation_dag_2.py for tasks to queue
[2026-02-01T12:20:51.578+0000] {logging_mixin.py:190} INFO - [2026-02-01T12:20:51.577+0000] {dagbag.py:588} INFO - Filling up the DagBag from /opt/airflow/dags/User_2/data_reconciliation_dag_2.py
[2026-02-01T12:20:51.595+0000] {processor.py:925} INFO - DAG(s) 'Data_Reconciliation_Dag_2' retrieved from /opt/airflow/dags/User_2/data_reconciliation_dag_2.py
[2026-02-01T12:20:51.632+0000] {logging_mixin.py:190} INFO - [2026-02-01T12:20:51.632+0000] {dag.py:3239} INFO - Sync 1 DAGs
[2026-02-01T12:20:51.659+0000] {logging_mixin.py:190} INFO - [2026-02-01T12:20:51.658+0000] {dag.py:4180} INFO - Setting next_dagrun for Data_Reconciliation_Dag_2 to None, run_after=None
[2026-02-01T12:20:51.693+0000] {processor.py:208} INFO - Processing /opt/airflow/dags/User_2/data_reconciliation_dag_2.py took 0.126 seconds
[2026-02-01T12:21:22.159+0000] {processor.py:186} INFO - Started process (PID=473) to work on /opt/airflow/dags/User_2/data_reconciliation_dag_2.py
[2026-02-01T12:21:22.161+0000] {processor.py:914} INFO - Processing file /opt/airflow/dags/User_2/data_reconciliation_dag_2.py for tasks to queue
[2026-02-01T12:21:22.165+0000] {logging_mixin.py:190} INFO - [2026-02-01T12:21:22.165+0000] {dagbag.py:588} INFO - Filling up the DagBag from /opt/airflow/dags/User_2/data_reconciliation_dag_2.py
[2026-02-01T12:21:22.181+0000] {processor.py:925} INFO - DAG(s) 'Data_Reconciliation_Dag_2' retrieved from /opt/airflow/dags/User_2/data_reconciliation_dag_2.py
[2026-02-01T12:21:22.221+0000] {logging_mixin.py:190} INFO - [2026-02-01T12:21:22.221+0000] {dag.py:3239} INFO - Sync 1 DAGs
[2026-02-01T12:21:22.247+0000] {logging_mixin.py:190} INFO - [2026-02-01T12:21:22.247+0000] {dag.py:4180} INFO - Setting next_dagrun for Data_Reconciliation_Dag_2 to None, run_after=None
[2026-02-01T12:21:22.268+0000] {processor.py:208} INFO - Processing /opt/airflow/dags/User_2/data_reconciliation_dag_2.py took 0.120 seconds
[2026-02-01T12:21:52.459+0000] {processor.py:186} INFO - Started process (PID=488) to work on /opt/airflow/dags/User_2/data_reconciliation_dag_2.py
[2026-02-01T12:21:52.460+0000] {processor.py:914} INFO - Processing file /opt/airflow/dags/User_2/data_reconciliation_dag_2.py for tasks to queue
[2026-02-01T12:21:52.464+0000] {logging_mixin.py:190} INFO - [2026-02-01T12:21:52.464+0000] {dagbag.py:588} INFO - Filling up the DagBag from /opt/airflow/dags/User_2/data_reconciliation_dag_2.py
[2026-02-01T12:21:52.475+0000] {processor.py:925} INFO - DAG(s) 'Data_Reconciliation_Dag_2' retrieved from /opt/airflow/dags/User_2/data_reconciliation_dag_2.py
[2026-02-01T12:21:52.552+0000] {logging_mixin.py:190} INFO - [2026-02-01T12:21:52.550+0000] {dag.py:3239} INFO - Sync 1 DAGs
[2026-02-01T12:21:52.588+0000] {logging_mixin.py:190} INFO - [2026-02-01T12:21:52.588+0000] {dag.py:4180} INFO - Setting next_dagrun for Data_Reconciliation_Dag_2 to None, run_after=None
[2026-02-01T12:21:52.647+0000] {processor.py:208} INFO - Processing /opt/airflow/dags/User_2/data_reconciliation_dag_2.py took 0.202 seconds
[2026-02-01T12:22:23.049+0000] {processor.py:186} INFO - Started process (PID=511) to work on /opt/airflow/dags/User_2/data_reconciliation_dag_2.py
[2026-02-01T12:22:23.050+0000] {processor.py:914} INFO - Processing file /opt/airflow/dags/User_2/data_reconciliation_dag_2.py for tasks to queue
[2026-02-01T12:22:23.054+0000] {logging_mixin.py:190} INFO - [2026-02-01T12:22:23.053+0000] {dagbag.py:588} INFO - Filling up the DagBag from /opt/airflow/dags/User_2/data_reconciliation_dag_2.py
[2026-02-01T12:22:23.070+0000] {processor.py:925} INFO - DAG(s) 'Data_Reconciliation_Dag_2' retrieved from /opt/airflow/dags/User_2/data_reconciliation_dag_2.py
[2026-02-01T12:22:23.105+0000] {logging_mixin.py:190} INFO - [2026-02-01T12:22:23.105+0000] {dag.py:3239} INFO - Sync 1 DAGs
[2026-02-01T12:22:23.152+0000] {logging_mixin.py:190} INFO - [2026-02-01T12:22:23.152+0000] {dag.py:4180} INFO - Setting next_dagrun for Data_Reconciliation_Dag_2 to None, run_after=None
[2026-02-01T12:22:23.179+0000] {processor.py:208} INFO - Processing /opt/airflow/dags/User_2/data_reconciliation_dag_2.py took 0.151 seconds
[2026-02-01T12:22:53.437+0000] {processor.py:186} INFO - Started process (PID=526) to work on /opt/airflow/dags/User_2/data_reconciliation_dag_2.py
[2026-02-01T12:22:53.439+0000] {processor.py:914} INFO - Processing file /opt/airflow/dags/User_2/data_reconciliation_dag_2.py for tasks to queue
[2026-02-01T12:22:53.445+0000] {logging_mixin.py:190} INFO - [2026-02-01T12:22:53.445+0000] {dagbag.py:588} INFO - Filling up the DagBag from /opt/airflow/dags/User_2/data_reconciliation_dag_2.py
[2026-02-01T12:22:53.466+0000] {processor.py:925} INFO - DAG(s) 'Data_Reconciliation_Dag_2' retrieved from /opt/airflow/dags/User_2/data_reconciliation_dag_2.py
[2026-02-01T12:22:53.512+0000] {logging_mixin.py:190} INFO - [2026-02-01T12:22:53.512+0000] {dag.py:3239} INFO - Sync 1 DAGs
[2026-02-01T12:22:53.534+0000] {logging_mixin.py:190} INFO - [2026-02-01T12:22:53.534+0000] {dag.py:4180} INFO - Setting next_dagrun for Data_Reconciliation_Dag_2 to None, run_after=None
[2026-02-01T12:22:53.565+0000] {processor.py:208} INFO - Processing /opt/airflow/dags/User_2/data_reconciliation_dag_2.py took 0.138 seconds
[2026-02-01T12:23:24.002+0000] {processor.py:186} INFO - Started process (PID=544) to work on /opt/airflow/dags/User_2/data_reconciliation_dag_2.py
[2026-02-01T12:23:24.004+0000] {processor.py:914} INFO - Processing file /opt/airflow/dags/User_2/data_reconciliation_dag_2.py for tasks to queue
[2026-02-01T12:23:24.007+0000] {logging_mixin.py:190} INFO - [2026-02-01T12:23:24.006+0000] {dagbag.py:588} INFO - Filling up the DagBag from /opt/airflow/dags/User_2/data_reconciliation_dag_2.py
[2026-02-01T12:23:24.020+0000] {processor.py:925} INFO - DAG(s) 'Data_Reconciliation_Dag_2' retrieved from /opt/airflow/dags/User_2/data_reconciliation_dag_2.py
[2026-02-01T12:23:24.052+0000] {logging_mixin.py:190} INFO - [2026-02-01T12:23:24.052+0000] {dag.py:3239} INFO - Sync 1 DAGs
[2026-02-01T12:23:24.071+0000] {logging_mixin.py:190} INFO - [2026-02-01T12:23:24.071+0000] {dag.py:4180} INFO - Setting next_dagrun for Data_Reconciliation_Dag_2 to None, run_after=None
[2026-02-01T12:23:24.097+0000] {processor.py:208} INFO - Processing /opt/airflow/dags/User_2/data_reconciliation_dag_2.py took 0.101 seconds
[2026-02-01T12:23:54.520+0000] {processor.py:186} INFO - Started process (PID=560) to work on /opt/airflow/dags/User_2/data_reconciliation_dag_2.py
[2026-02-01T12:23:54.522+0000] {processor.py:914} INFO - Processing file /opt/airflow/dags/User_2/data_reconciliation_dag_2.py for tasks to queue
[2026-02-01T12:23:54.532+0000] {logging_mixin.py:190} INFO - [2026-02-01T12:23:54.532+0000] {dagbag.py:588} INFO - Filling up the DagBag from /opt/airflow/dags/User_2/data_reconciliation_dag_2.py
[2026-02-01T12:23:54.553+0000] {processor.py:925} INFO - DAG(s) 'Data_Reconciliation_Dag_2' retrieved from /opt/airflow/dags/User_2/data_reconciliation_dag_2.py
[2026-02-01T12:23:54.591+0000] {logging_mixin.py:190} INFO - [2026-02-01T12:23:54.591+0000] {dag.py:3239} INFO - Sync 1 DAGs
[2026-02-01T12:23:54.617+0000] {logging_mixin.py:190} INFO - [2026-02-01T12:23:54.616+0000] {dag.py:4180} INFO - Setting next_dagrun for Data_Reconciliation_Dag_2 to None, run_after=None
[2026-02-01T12:23:54.648+0000] {processor.py:208} INFO - Processing /opt/airflow/dags/User_2/data_reconciliation_dag_2.py took 0.137 seconds
[2026-02-01T12:24:25.345+0000] {processor.py:186} INFO - Started process (PID=576) to work on /opt/airflow/dags/User_2/data_reconciliation_dag_2.py
[2026-02-01T12:24:25.346+0000] {processor.py:914} INFO - Processing file /opt/airflow/dags/User_2/data_reconciliation_dag_2.py for tasks to queue
[2026-02-01T12:24:25.348+0000] {logging_mixin.py:190} INFO - [2026-02-01T12:24:25.347+0000] {dagbag.py:588} INFO - Filling up the DagBag from /opt/airflow/dags/User_2/data_reconciliation_dag_2.py
[2026-02-01T12:24:25.362+0000] {processor.py:925} INFO - DAG(s) 'Data_Reconciliation_Dag_2' retrieved from /opt/airflow/dags/User_2/data_reconciliation_dag_2.py
[2026-02-01T12:24:25.417+0000] {logging_mixin.py:190} INFO - [2026-02-01T12:24:25.417+0000] {dag.py:3239} INFO - Sync 1 DAGs
[2026-02-01T12:24:25.449+0000] {logging_mixin.py:190} INFO - [2026-02-01T12:24:25.448+0000] {dag.py:4180} INFO - Setting next_dagrun for Data_Reconciliation_Dag_2 to None, run_after=None
[2026-02-01T12:24:25.487+0000] {processor.py:208} INFO - Processing /opt/airflow/dags/User_2/data_reconciliation_dag_2.py took 0.150 seconds
[2026-02-01T12:24:55.845+0000] {processor.py:186} INFO - Started process (PID=590) to work on /opt/airflow/dags/User_2/data_reconciliation_dag_2.py
[2026-02-01T12:24:55.852+0000] {processor.py:914} INFO - Processing file /opt/airflow/dags/User_2/data_reconciliation_dag_2.py for tasks to queue
[2026-02-01T12:24:55.856+0000] {logging_mixin.py:190} INFO - [2026-02-01T12:24:55.855+0000] {dagbag.py:588} INFO - Filling up the DagBag from /opt/airflow/dags/User_2/data_reconciliation_dag_2.py
[2026-02-01T12:24:55.891+0000] {processor.py:925} INFO - DAG(s) 'Data_Reconciliation_Dag_2' retrieved from /opt/airflow/dags/User_2/data_reconciliation_dag_2.py
[2026-02-01T12:24:55.999+0000] {logging_mixin.py:190} INFO - [2026-02-01T12:24:55.998+0000] {dag.py:3239} INFO - Sync 1 DAGs
[2026-02-01T12:24:56.067+0000] {logging_mixin.py:190} INFO - [2026-02-01T12:24:56.066+0000] {dag.py:4180} INFO - Setting next_dagrun for Data_Reconciliation_Dag_2 to None, run_after=None
[2026-02-01T12:24:56.132+0000] {processor.py:208} INFO - Processing /opt/airflow/dags/User_2/data_reconciliation_dag_2.py took 0.318 seconds
[2026-02-01T12:25:26.548+0000] {processor.py:186} INFO - Started process (PID=607) to work on /opt/airflow/dags/User_2/data_reconciliation_dag_2.py
[2026-02-01T12:25:26.549+0000] {processor.py:914} INFO - Processing file /opt/airflow/dags/User_2/data_reconciliation_dag_2.py for tasks to queue
[2026-02-01T12:25:26.555+0000] {logging_mixin.py:190} INFO - [2026-02-01T12:25:26.555+0000] {dagbag.py:588} INFO - Filling up the DagBag from /opt/airflow/dags/User_2/data_reconciliation_dag_2.py
[2026-02-01T12:25:26.570+0000] {processor.py:925} INFO - DAG(s) 'Data_Reconciliation_Dag_2' retrieved from /opt/airflow/dags/User_2/data_reconciliation_dag_2.py
[2026-02-01T12:25:26.608+0000] {logging_mixin.py:190} INFO - [2026-02-01T12:25:26.608+0000] {dag.py:3239} INFO - Sync 1 DAGs
[2026-02-01T12:25:26.627+0000] {logging_mixin.py:190} INFO - [2026-02-01T12:25:26.627+0000] {dag.py:4180} INFO - Setting next_dagrun for Data_Reconciliation_Dag_2 to None, run_after=None
[2026-02-01T12:25:26.655+0000] {processor.py:208} INFO - Processing /opt/airflow/dags/User_2/data_reconciliation_dag_2.py took 0.114 seconds
[2026-02-01T12:25:57.066+0000] {processor.py:186} INFO - Started process (PID=622) to work on /opt/airflow/dags/User_2/data_reconciliation_dag_2.py
[2026-02-01T12:25:57.067+0000] {processor.py:914} INFO - Processing file /opt/airflow/dags/User_2/data_reconciliation_dag_2.py for tasks to queue
[2026-02-01T12:25:57.074+0000] {logging_mixin.py:190} INFO - [2026-02-01T12:25:57.074+0000] {dagbag.py:588} INFO - Filling up the DagBag from /opt/airflow/dags/User_2/data_reconciliation_dag_2.py
[2026-02-01T12:25:57.090+0000] {processor.py:925} INFO - DAG(s) 'Data_Reconciliation_Dag_2' retrieved from /opt/airflow/dags/User_2/data_reconciliation_dag_2.py
[2026-02-01T12:25:57.186+0000] {logging_mixin.py:190} INFO - [2026-02-01T12:25:57.185+0000] {dag.py:3239} INFO - Sync 1 DAGs
[2026-02-01T12:25:57.261+0000] {logging_mixin.py:190} INFO - [2026-02-01T12:25:57.260+0000] {dag.py:4180} INFO - Setting next_dagrun for Data_Reconciliation_Dag_2 to None, run_after=None
[2026-02-01T12:25:57.329+0000] {processor.py:208} INFO - Processing /opt/airflow/dags/User_2/data_reconciliation_dag_2.py took 0.281 seconds
[2026-02-01T12:26:28.443+0000] {processor.py:186} INFO - Started process (PID=638) to work on /opt/airflow/dags/User_2/data_reconciliation_dag_2.py
[2026-02-01T12:26:28.447+0000] {processor.py:914} INFO - Processing file /opt/airflow/dags/User_2/data_reconciliation_dag_2.py for tasks to queue
[2026-02-01T12:26:28.454+0000] {logging_mixin.py:190} INFO - [2026-02-01T12:26:28.453+0000] {dagbag.py:588} INFO - Filling up the DagBag from /opt/airflow/dags/User_2/data_reconciliation_dag_2.py
[2026-02-01T12:26:28.472+0000] {processor.py:925} INFO - DAG(s) 'Data_Reconciliation_Dag_2' retrieved from /opt/airflow/dags/User_2/data_reconciliation_dag_2.py
[2026-02-01T12:26:28.510+0000] {logging_mixin.py:190} INFO - [2026-02-01T12:26:28.510+0000] {dag.py:3239} INFO - Sync 1 DAGs
[2026-02-01T12:26:28.532+0000] {logging_mixin.py:190} INFO - [2026-02-01T12:26:28.532+0000] {dag.py:4180} INFO - Setting next_dagrun for Data_Reconciliation_Dag_2 to None, run_after=None
[2026-02-01T12:26:28.556+0000] {processor.py:208} INFO - Processing /opt/airflow/dags/User_2/data_reconciliation_dag_2.py took 0.124 seconds
[2026-02-01T12:26:58.660+0000] {processor.py:186} INFO - Started process (PID=653) to work on /opt/airflow/dags/User_2/data_reconciliation_dag_2.py
[2026-02-01T12:26:58.661+0000] {processor.py:914} INFO - Processing file /opt/airflow/dags/User_2/data_reconciliation_dag_2.py for tasks to queue
[2026-02-01T12:26:58.663+0000] {logging_mixin.py:190} INFO - [2026-02-01T12:26:58.663+0000] {dagbag.py:588} INFO - Filling up the DagBag from /opt/airflow/dags/User_2/data_reconciliation_dag_2.py
[2026-02-01T12:26:58.673+0000] {processor.py:925} INFO - DAG(s) 'Data_Reconciliation_Dag_2' retrieved from /opt/airflow/dags/User_2/data_reconciliation_dag_2.py
[2026-02-01T12:26:58.718+0000] {logging_mixin.py:190} INFO - [2026-02-01T12:26:58.718+0000] {dag.py:3239} INFO - Sync 1 DAGs
[2026-02-01T12:26:58.740+0000] {logging_mixin.py:190} INFO - [2026-02-01T12:26:58.740+0000] {dag.py:4180} INFO - Setting next_dagrun for Data_Reconciliation_Dag_2 to None, run_after=None
[2026-02-01T12:26:58.760+0000] {processor.py:208} INFO - Processing /opt/airflow/dags/User_2/data_reconciliation_dag_2.py took 0.107 seconds
[2026-02-01T12:27:29.092+0000] {processor.py:186} INFO - Started process (PID=669) to work on /opt/airflow/dags/User_2/data_reconciliation_dag_2.py
[2026-02-01T12:27:29.093+0000] {processor.py:914} INFO - Processing file /opt/airflow/dags/User_2/data_reconciliation_dag_2.py for tasks to queue
[2026-02-01T12:27:29.096+0000] {logging_mixin.py:190} INFO - [2026-02-01T12:27:29.096+0000] {dagbag.py:588} INFO - Filling up the DagBag from /opt/airflow/dags/User_2/data_reconciliation_dag_2.py
[2026-02-01T12:27:29.114+0000] {processor.py:925} INFO - DAG(s) 'Data_Reconciliation_Dag_2' retrieved from /opt/airflow/dags/User_2/data_reconciliation_dag_2.py
[2026-02-01T12:27:29.157+0000] {logging_mixin.py:190} INFO - [2026-02-01T12:27:29.156+0000] {dag.py:3239} INFO - Sync 1 DAGs
[2026-02-01T12:27:29.182+0000] {logging_mixin.py:190} INFO - [2026-02-01T12:27:29.182+0000] {dag.py:4180} INFO - Setting next_dagrun for Data_Reconciliation_Dag_2 to None, run_after=None
[2026-02-01T12:27:29.209+0000] {processor.py:208} INFO - Processing /opt/airflow/dags/User_2/data_reconciliation_dag_2.py took 0.127 seconds
[2026-02-01T12:27:59.483+0000] {processor.py:186} INFO - Started process (PID=685) to work on /opt/airflow/dags/User_2/data_reconciliation_dag_2.py
[2026-02-01T12:27:59.486+0000] {processor.py:914} INFO - Processing file /opt/airflow/dags/User_2/data_reconciliation_dag_2.py for tasks to queue
[2026-02-01T12:27:59.492+0000] {logging_mixin.py:190} INFO - [2026-02-01T12:27:59.491+0000] {dagbag.py:588} INFO - Filling up the DagBag from /opt/airflow/dags/User_2/data_reconciliation_dag_2.py
[2026-02-01T12:27:59.510+0000] {processor.py:925} INFO - DAG(s) 'Data_Reconciliation_Dag_2' retrieved from /opt/airflow/dags/User_2/data_reconciliation_dag_2.py
[2026-02-01T12:27:59.550+0000] {logging_mixin.py:190} INFO - [2026-02-01T12:27:59.550+0000] {dag.py:3239} INFO - Sync 1 DAGs
[2026-02-01T12:27:59.571+0000] {logging_mixin.py:190} INFO - [2026-02-01T12:27:59.571+0000] {dag.py:4180} INFO - Setting next_dagrun for Data_Reconciliation_Dag_2 to None, run_after=None
[2026-02-01T12:27:59.599+0000] {processor.py:208} INFO - Processing /opt/airflow/dags/User_2/data_reconciliation_dag_2.py took 0.122 seconds
[2026-02-01T12:28:29.953+0000] {processor.py:186} INFO - Started process (PID=703) to work on /opt/airflow/dags/User_2/data_reconciliation_dag_2.py
[2026-02-01T12:28:29.955+0000] {processor.py:914} INFO - Processing file /opt/airflow/dags/User_2/data_reconciliation_dag_2.py for tasks to queue
[2026-02-01T12:28:29.960+0000] {logging_mixin.py:190} INFO - [2026-02-01T12:28:29.960+0000] {dagbag.py:588} INFO - Filling up the DagBag from /opt/airflow/dags/User_2/data_reconciliation_dag_2.py
[2026-02-01T12:28:29.980+0000] {processor.py:925} INFO - DAG(s) 'Data_Reconciliation_Dag_2' retrieved from /opt/airflow/dags/User_2/data_reconciliation_dag_2.py
[2026-02-01T12:28:30.016+0000] {logging_mixin.py:190} INFO - [2026-02-01T12:28:30.016+0000] {dag.py:3239} INFO - Sync 1 DAGs
[2026-02-01T12:28:30.037+0000] {logging_mixin.py:190} INFO - [2026-02-01T12:28:30.037+0000] {dag.py:4180} INFO - Setting next_dagrun for Data_Reconciliation_Dag_2 to None, run_after=None
[2026-02-01T12:28:30.059+0000] {processor.py:208} INFO - Processing /opt/airflow/dags/User_2/data_reconciliation_dag_2.py took 0.114 seconds
[2026-02-01T12:29:00.241+0000] {processor.py:186} INFO - Started process (PID=719) to work on /opt/airflow/dags/User_2/data_reconciliation_dag_2.py
[2026-02-01T12:29:00.242+0000] {processor.py:914} INFO - Processing file /opt/airflow/dags/User_2/data_reconciliation_dag_2.py for tasks to queue
[2026-02-01T12:29:00.244+0000] {logging_mixin.py:190} INFO - [2026-02-01T12:29:00.244+0000] {dagbag.py:588} INFO - Filling up the DagBag from /opt/airflow/dags/User_2/data_reconciliation_dag_2.py
[2026-02-01T12:29:00.255+0000] {processor.py:925} INFO - DAG(s) 'Data_Reconciliation_Dag_2' retrieved from /opt/airflow/dags/User_2/data_reconciliation_dag_2.py
[2026-02-01T12:29:00.311+0000] {logging_mixin.py:190} INFO - [2026-02-01T12:29:00.310+0000] {dag.py:3239} INFO - Sync 1 DAGs
[2026-02-01T12:29:00.355+0000] {logging_mixin.py:190} INFO - [2026-02-01T12:29:00.355+0000] {dag.py:4180} INFO - Setting next_dagrun for Data_Reconciliation_Dag_2 to None, run_after=None
[2026-02-01T12:29:00.381+0000] {processor.py:208} INFO - Processing /opt/airflow/dags/User_2/data_reconciliation_dag_2.py took 0.149 seconds
[2026-02-01T12:29:30.695+0000] {processor.py:186} INFO - Started process (PID=734) to work on /opt/airflow/dags/User_2/data_reconciliation_dag_2.py
[2026-02-01T12:29:30.697+0000] {processor.py:914} INFO - Processing file /opt/airflow/dags/User_2/data_reconciliation_dag_2.py for tasks to queue
[2026-02-01T12:29:30.710+0000] {logging_mixin.py:190} INFO - [2026-02-01T12:29:30.709+0000] {dagbag.py:588} INFO - Filling up the DagBag from /opt/airflow/dags/User_2/data_reconciliation_dag_2.py
[2026-02-01T12:29:30.732+0000] {processor.py:925} INFO - DAG(s) 'Data_Reconciliation_Dag_2' retrieved from /opt/airflow/dags/User_2/data_reconciliation_dag_2.py
[2026-02-01T12:29:30.783+0000] {logging_mixin.py:190} INFO - [2026-02-01T12:29:30.783+0000] {dag.py:3239} INFO - Sync 1 DAGs
[2026-02-01T12:29:30.816+0000] {logging_mixin.py:190} INFO - [2026-02-01T12:29:30.816+0000] {dag.py:4180} INFO - Setting next_dagrun for Data_Reconciliation_Dag_2 to None, run_after=None
[2026-02-01T12:29:30.838+0000] {processor.py:208} INFO - Processing /opt/airflow/dags/User_2/data_reconciliation_dag_2.py took 0.160 seconds
[2026-02-01T12:30:01.615+0000] {processor.py:186} INFO - Started process (PID=750) to work on /opt/airflow/dags/User_2/data_reconciliation_dag_2.py
[2026-02-01T12:30:01.616+0000] {processor.py:914} INFO - Processing file /opt/airflow/dags/User_2/data_reconciliation_dag_2.py for tasks to queue
[2026-02-01T12:30:01.620+0000] {logging_mixin.py:190} INFO - [2026-02-01T12:30:01.619+0000] {dagbag.py:588} INFO - Filling up the DagBag from /opt/airflow/dags/User_2/data_reconciliation_dag_2.py
[2026-02-01T12:30:01.649+0000] {processor.py:925} INFO - DAG(s) 'Data_Reconciliation_Dag_2' retrieved from /opt/airflow/dags/User_2/data_reconciliation_dag_2.py
[2026-02-01T12:30:01.688+0000] {logging_mixin.py:190} INFO - [2026-02-01T12:30:01.687+0000] {dag.py:3239} INFO - Sync 1 DAGs
[2026-02-01T12:30:01.713+0000] {logging_mixin.py:190} INFO - [2026-02-01T12:30:01.713+0000] {dag.py:4180} INFO - Setting next_dagrun for Data_Reconciliation_Dag_2 to None, run_after=None
[2026-02-01T12:30:01.740+0000] {processor.py:208} INFO - Processing /opt/airflow/dags/User_2/data_reconciliation_dag_2.py took 0.146 seconds
[2026-02-01T12:30:31.986+0000] {processor.py:186} INFO - Started process (PID=766) to work on /opt/airflow/dags/User_2/data_reconciliation_dag_2.py
[2026-02-01T12:30:31.991+0000] {processor.py:914} INFO - Processing file /opt/airflow/dags/User_2/data_reconciliation_dag_2.py for tasks to queue
[2026-02-01T12:30:31.997+0000] {logging_mixin.py:190} INFO - [2026-02-01T12:30:31.997+0000] {dagbag.py:588} INFO - Filling up the DagBag from /opt/airflow/dags/User_2/data_reconciliation_dag_2.py
[2026-02-01T12:30:32.028+0000] {processor.py:925} INFO - DAG(s) 'Data_Reconciliation_Dag_2' retrieved from /opt/airflow/dags/User_2/data_reconciliation_dag_2.py
[2026-02-01T12:30:32.089+0000] {logging_mixin.py:190} INFO - [2026-02-01T12:30:32.089+0000] {dag.py:3239} INFO - Sync 1 DAGs
[2026-02-01T12:30:32.121+0000] {logging_mixin.py:190} INFO - [2026-02-01T12:30:32.121+0000] {dag.py:4180} INFO - Setting next_dagrun for Data_Reconciliation_Dag_2 to None, run_after=None
[2026-02-01T12:30:32.155+0000] {processor.py:208} INFO - Processing /opt/airflow/dags/User_2/data_reconciliation_dag_2.py took 0.188 seconds
[2026-02-01T12:31:02.456+0000] {processor.py:186} INFO - Started process (PID=782) to work on /opt/airflow/dags/User_2/data_reconciliation_dag_2.py
[2026-02-01T12:31:02.457+0000] {processor.py:914} INFO - Processing file /opt/airflow/dags/User_2/data_reconciliation_dag_2.py for tasks to queue
[2026-02-01T12:31:02.459+0000] {logging_mixin.py:190} INFO - [2026-02-01T12:31:02.458+0000] {dagbag.py:588} INFO - Filling up the DagBag from /opt/airflow/dags/User_2/data_reconciliation_dag_2.py
[2026-02-01T12:31:02.468+0000] {processor.py:925} INFO - DAG(s) 'Data_Reconciliation_Dag_2' retrieved from /opt/airflow/dags/User_2/data_reconciliation_dag_2.py
[2026-02-01T12:31:02.511+0000] {logging_mixin.py:190} INFO - [2026-02-01T12:31:02.510+0000] {dag.py:3239} INFO - Sync 1 DAGs
[2026-02-01T12:31:02.539+0000] {logging_mixin.py:190} INFO - [2026-02-01T12:31:02.539+0000] {dag.py:4180} INFO - Setting next_dagrun for Data_Reconciliation_Dag_2 to None, run_after=None
[2026-02-01T12:31:02.568+0000] {processor.py:208} INFO - Processing /opt/airflow/dags/User_2/data_reconciliation_dag_2.py took 0.120 seconds
[2026-02-01T12:31:33.068+0000] {processor.py:186} INFO - Started process (PID=798) to work on /opt/airflow/dags/User_2/data_reconciliation_dag_2.py
[2026-02-01T12:31:33.069+0000] {processor.py:914} INFO - Processing file /opt/airflow/dags/User_2/data_reconciliation_dag_2.py for tasks to queue
[2026-02-01T12:31:33.072+0000] {logging_mixin.py:190} INFO - [2026-02-01T12:31:33.072+0000] {dagbag.py:588} INFO - Filling up the DagBag from /opt/airflow/dags/User_2/data_reconciliation_dag_2.py
[2026-02-01T12:31:33.095+0000] {processor.py:925} INFO - DAG(s) 'Data_Reconciliation_Dag_2' retrieved from /opt/airflow/dags/User_2/data_reconciliation_dag_2.py
[2026-02-01T12:31:33.158+0000] {logging_mixin.py:190} INFO - [2026-02-01T12:31:33.158+0000] {dag.py:3239} INFO - Sync 1 DAGs
[2026-02-01T12:31:33.204+0000] {logging_mixin.py:190} INFO - [2026-02-01T12:31:33.203+0000] {dag.py:4180} INFO - Setting next_dagrun for Data_Reconciliation_Dag_2 to None, run_after=None
[2026-02-01T12:31:33.240+0000] {processor.py:208} INFO - Processing /opt/airflow/dags/User_2/data_reconciliation_dag_2.py took 0.181 seconds
[2026-02-01T12:32:04.116+0000] {processor.py:186} INFO - Started process (PID=815) to work on /opt/airflow/dags/User_2/data_reconciliation_dag_2.py
[2026-02-01T12:32:04.117+0000] {processor.py:914} INFO - Processing file /opt/airflow/dags/User_2/data_reconciliation_dag_2.py for tasks to queue
[2026-02-01T12:32:04.121+0000] {logging_mixin.py:190} INFO - [2026-02-01T12:32:04.120+0000] {dagbag.py:588} INFO - Filling up the DagBag from /opt/airflow/dags/User_2/data_reconciliation_dag_2.py
[2026-02-01T12:32:04.152+0000] {processor.py:925} INFO - DAG(s) 'Data_Reconciliation_Dag_2' retrieved from /opt/airflow/dags/User_2/data_reconciliation_dag_2.py
[2026-02-01T12:32:04.202+0000] {logging_mixin.py:190} INFO - [2026-02-01T12:32:04.202+0000] {dag.py:3239} INFO - Sync 1 DAGs
[2026-02-01T12:32:04.229+0000] {logging_mixin.py:190} INFO - [2026-02-01T12:32:04.229+0000] {dag.py:4180} INFO - Setting next_dagrun for Data_Reconciliation_Dag_2 to None, run_after=None
[2026-02-01T12:32:04.260+0000] {processor.py:208} INFO - Processing /opt/airflow/dags/User_2/data_reconciliation_dag_2.py took 0.167 seconds
[2026-02-01T12:32:34.809+0000] {processor.py:186} INFO - Started process (PID=831) to work on /opt/airflow/dags/User_2/data_reconciliation_dag_2.py
[2026-02-01T12:32:34.810+0000] {processor.py:914} INFO - Processing file /opt/airflow/dags/User_2/data_reconciliation_dag_2.py for tasks to queue
[2026-02-01T12:32:34.813+0000] {logging_mixin.py:190} INFO - [2026-02-01T12:32:34.813+0000] {dagbag.py:588} INFO - Filling up the DagBag from /opt/airflow/dags/User_2/data_reconciliation_dag_2.py
[2026-02-01T12:32:34.822+0000] {processor.py:925} INFO - DAG(s) 'Data_Reconciliation_Dag_2' retrieved from /opt/airflow/dags/User_2/data_reconciliation_dag_2.py
[2026-02-01T12:32:34.847+0000] {logging_mixin.py:190} INFO - [2026-02-01T12:32:34.847+0000] {dag.py:3239} INFO - Sync 1 DAGs
[2026-02-01T12:32:34.864+0000] {logging_mixin.py:190} INFO - [2026-02-01T12:32:34.864+0000] {dag.py:4180} INFO - Setting next_dagrun for Data_Reconciliation_Dag_2 to None, run_after=None
[2026-02-01T12:32:34.880+0000] {processor.py:208} INFO - Processing /opt/airflow/dags/User_2/data_reconciliation_dag_2.py took 0.076 seconds
[2026-02-01T12:33:04.983+0000] {processor.py:186} INFO - Started process (PID=847) to work on /opt/airflow/dags/User_2/data_reconciliation_dag_2.py
[2026-02-01T12:33:04.985+0000] {processor.py:914} INFO - Processing file /opt/airflow/dags/User_2/data_reconciliation_dag_2.py for tasks to queue
[2026-02-01T12:33:04.998+0000] {logging_mixin.py:190} INFO - [2026-02-01T12:33:04.998+0000] {dagbag.py:588} INFO - Filling up the DagBag from /opt/airflow/dags/User_2/data_reconciliation_dag_2.py
[2026-02-01T12:33:05.013+0000] {processor.py:925} INFO - DAG(s) 'Data_Reconciliation_Dag_2' retrieved from /opt/airflow/dags/User_2/data_reconciliation_dag_2.py
[2026-02-01T12:33:05.067+0000] {logging_mixin.py:190} INFO - [2026-02-01T12:33:05.066+0000] {dag.py:3239} INFO - Sync 1 DAGs
[2026-02-01T12:33:05.099+0000] {logging_mixin.py:190} INFO - [2026-02-01T12:33:05.099+0000] {dag.py:4180} INFO - Setting next_dagrun for Data_Reconciliation_Dag_2 to None, run_after=None
[2026-02-01T12:33:05.130+0000] {processor.py:208} INFO - Processing /opt/airflow/dags/User_2/data_reconciliation_dag_2.py took 0.166 seconds
[2026-02-01T12:33:35.459+0000] {processor.py:186} INFO - Started process (PID=863) to work on /opt/airflow/dags/User_2/data_reconciliation_dag_2.py
[2026-02-01T12:33:35.461+0000] {processor.py:914} INFO - Processing file /opt/airflow/dags/User_2/data_reconciliation_dag_2.py for tasks to queue
[2026-02-01T12:33:35.466+0000] {logging_mixin.py:190} INFO - [2026-02-01T12:33:35.465+0000] {dagbag.py:588} INFO - Filling up the DagBag from /opt/airflow/dags/User_2/data_reconciliation_dag_2.py
[2026-02-01T12:33:35.478+0000] {processor.py:925} INFO - DAG(s) 'Data_Reconciliation_Dag_2' retrieved from /opt/airflow/dags/User_2/data_reconciliation_dag_2.py
[2026-02-01T12:33:35.518+0000] {logging_mixin.py:190} INFO - [2026-02-01T12:33:35.518+0000] {dag.py:3239} INFO - Sync 1 DAGs
[2026-02-01T12:33:35.541+0000] {logging_mixin.py:190} INFO - [2026-02-01T12:33:35.541+0000] {dag.py:4180} INFO - Setting next_dagrun for Data_Reconciliation_Dag_2 to None, run_after=None
[2026-02-01T12:33:35.568+0000] {processor.py:208} INFO - Processing /opt/airflow/dags/User_2/data_reconciliation_dag_2.py took 0.117 seconds
[2026-02-01T12:34:05.966+0000] {processor.py:186} INFO - Started process (PID=878) to work on /opt/airflow/dags/User_2/data_reconciliation_dag_2.py
[2026-02-01T12:34:05.968+0000] {processor.py:914} INFO - Processing file /opt/airflow/dags/User_2/data_reconciliation_dag_2.py for tasks to queue
[2026-02-01T12:34:05.970+0000] {logging_mixin.py:190} INFO - [2026-02-01T12:34:05.969+0000] {dagbag.py:588} INFO - Filling up the DagBag from /opt/airflow/dags/User_2/data_reconciliation_dag_2.py
[2026-02-01T12:34:05.978+0000] {processor.py:925} INFO - DAG(s) 'Data_Reconciliation_Dag_2' retrieved from /opt/airflow/dags/User_2/data_reconciliation_dag_2.py
[2026-02-01T12:34:06.005+0000] {logging_mixin.py:190} INFO - [2026-02-01T12:34:06.004+0000] {dag.py:3239} INFO - Sync 1 DAGs
[2026-02-01T12:34:06.019+0000] {logging_mixin.py:190} INFO - [2026-02-01T12:34:06.019+0000] {dag.py:4180} INFO - Setting next_dagrun for Data_Reconciliation_Dag_2 to None, run_after=None
[2026-02-01T12:34:06.041+0000] {processor.py:208} INFO - Processing /opt/airflow/dags/User_2/data_reconciliation_dag_2.py took 0.083 seconds
[2026-02-01T12:34:36.401+0000] {processor.py:186} INFO - Started process (PID=894) to work on /opt/airflow/dags/User_2/data_reconciliation_dag_2.py
[2026-02-01T12:34:36.402+0000] {processor.py:914} INFO - Processing file /opt/airflow/dags/User_2/data_reconciliation_dag_2.py for tasks to queue
[2026-02-01T12:34:36.404+0000] {logging_mixin.py:190} INFO - [2026-02-01T12:34:36.404+0000] {dagbag.py:588} INFO - Filling up the DagBag from /opt/airflow/dags/User_2/data_reconciliation_dag_2.py
[2026-02-01T12:34:36.414+0000] {processor.py:925} INFO - DAG(s) 'Data_Reconciliation_Dag_2' retrieved from /opt/airflow/dags/User_2/data_reconciliation_dag_2.py
[2026-02-01T12:34:36.443+0000] {logging_mixin.py:190} INFO - [2026-02-01T12:34:36.443+0000] {dag.py:3239} INFO - Sync 1 DAGs
[2026-02-01T12:34:36.461+0000] {logging_mixin.py:190} INFO - [2026-02-01T12:34:36.461+0000] {dag.py:4180} INFO - Setting next_dagrun for Data_Reconciliation_Dag_2 to None, run_after=None
[2026-02-01T12:34:36.481+0000] {processor.py:208} INFO - Processing /opt/airflow/dags/User_2/data_reconciliation_dag_2.py took 0.084 seconds
