[2026-02-01T12:08:34.687+0000] {processor.py:186} INFO - Started process (PID=72) to work on /opt/airflow/dags/User_2/silver_dag_2.py
[2026-02-01T12:08:34.690+0000] {processor.py:914} INFO - Processing file /opt/airflow/dags/User_2/silver_dag_2.py for tasks to queue
[2026-02-01T12:08:34.701+0000] {logging_mixin.py:190} INFO - [2026-02-01T12:08:34.696+0000] {dagbag.py:588} INFO - Filling up the DagBag from /opt/airflow/dags/User_2/silver_dag_2.py
[2026-02-01T12:08:34.719+0000] {processor.py:925} INFO - DAG(s) 'Silver_Dag_2' retrieved from /opt/airflow/dags/User_2/silver_dag_2.py
[2026-02-01T12:08:34.791+0000] {logging_mixin.py:190} INFO - [2026-02-01T12:08:34.790+0000] {dag.py:3239} INFO - Sync 1 DAGs
[2026-02-01T12:08:34.845+0000] {logging_mixin.py:190} INFO - [2026-02-01T12:08:34.844+0000] {dag.py:4180} INFO - Setting next_dagrun for Silver_Dag_2 to None, run_after=None
[2026-02-01T12:08:34.884+0000] {processor.py:208} INFO - Processing /opt/airflow/dags/User_2/silver_dag_2.py took 0.214 seconds
[2026-02-01T12:09:05.836+0000] {processor.py:186} INFO - Started process (PID=88) to work on /opt/airflow/dags/User_2/silver_dag_2.py
[2026-02-01T12:09:05.839+0000] {processor.py:914} INFO - Processing file /opt/airflow/dags/User_2/silver_dag_2.py for tasks to queue
[2026-02-01T12:09:05.843+0000] {logging_mixin.py:190} INFO - [2026-02-01T12:09:05.842+0000] {dagbag.py:588} INFO - Filling up the DagBag from /opt/airflow/dags/User_2/silver_dag_2.py
[2026-02-01T12:09:05.852+0000] {processor.py:925} INFO - DAG(s) 'Silver_Dag_2' retrieved from /opt/airflow/dags/User_2/silver_dag_2.py
[2026-02-01T12:09:06.198+0000] {logging_mixin.py:190} INFO - [2026-02-01T12:09:06.198+0000] {dag.py:3239} INFO - Sync 1 DAGs
[2026-02-01T12:09:06.220+0000] {logging_mixin.py:190} INFO - [2026-02-01T12:09:06.220+0000] {dag.py:4180} INFO - Setting next_dagrun for Silver_Dag_2 to None, run_after=None
[2026-02-01T12:09:06.251+0000] {processor.py:208} INFO - Processing /opt/airflow/dags/User_2/silver_dag_2.py took 0.421 seconds
[2026-02-01T12:09:36.422+0000] {processor.py:186} INFO - Started process (PID=105) to work on /opt/airflow/dags/User_2/silver_dag_2.py
[2026-02-01T12:09:36.424+0000] {processor.py:914} INFO - Processing file /opt/airflow/dags/User_2/silver_dag_2.py for tasks to queue
[2026-02-01T12:09:36.428+0000] {logging_mixin.py:190} INFO - [2026-02-01T12:09:36.427+0000] {dagbag.py:588} INFO - Filling up the DagBag from /opt/airflow/dags/User_2/silver_dag_2.py
[2026-02-01T12:09:36.453+0000] {processor.py:925} INFO - DAG(s) 'Silver_Dag_2' retrieved from /opt/airflow/dags/User_2/silver_dag_2.py
[2026-02-01T12:09:36.496+0000] {logging_mixin.py:190} INFO - [2026-02-01T12:09:36.495+0000] {dag.py:3239} INFO - Sync 1 DAGs
[2026-02-01T12:09:36.516+0000] {logging_mixin.py:190} INFO - [2026-02-01T12:09:36.516+0000] {dag.py:4180} INFO - Setting next_dagrun for Silver_Dag_2 to None, run_after=None
[2026-02-01T12:09:36.542+0000] {processor.py:208} INFO - Processing /opt/airflow/dags/User_2/silver_dag_2.py took 0.126 seconds
[2026-02-01T12:10:07.426+0000] {processor.py:186} INFO - Started process (PID=121) to work on /opt/airflow/dags/User_2/silver_dag_2.py
[2026-02-01T12:10:07.427+0000] {processor.py:914} INFO - Processing file /opt/airflow/dags/User_2/silver_dag_2.py for tasks to queue
[2026-02-01T12:10:07.431+0000] {logging_mixin.py:190} INFO - [2026-02-01T12:10:07.430+0000] {dagbag.py:588} INFO - Filling up the DagBag from /opt/airflow/dags/User_2/silver_dag_2.py
[2026-02-01T12:10:07.453+0000] {processor.py:925} INFO - DAG(s) 'Silver_Dag_2' retrieved from /opt/airflow/dags/User_2/silver_dag_2.py
[2026-02-01T12:10:07.486+0000] {logging_mixin.py:190} INFO - [2026-02-01T12:10:07.486+0000] {dag.py:3239} INFO - Sync 1 DAGs
[2026-02-01T12:10:07.825+0000] {logging_mixin.py:190} INFO - [2026-02-01T12:10:07.824+0000] {dag.py:4180} INFO - Setting next_dagrun for Silver_Dag_2 to None, run_after=None
[2026-02-01T12:10:07.849+0000] {processor.py:208} INFO - Processing /opt/airflow/dags/User_2/silver_dag_2.py took 0.429 seconds
[2026-02-01T12:10:39.038+0000] {processor.py:186} INFO - Started process (PID=137) to work on /opt/airflow/dags/User_2/silver_dag_2.py
[2026-02-01T12:10:39.041+0000] {processor.py:914} INFO - Processing file /opt/airflow/dags/User_2/silver_dag_2.py for tasks to queue
[2026-02-01T12:10:39.053+0000] {logging_mixin.py:190} INFO - [2026-02-01T12:10:39.052+0000] {dagbag.py:588} INFO - Filling up the DagBag from /opt/airflow/dags/User_2/silver_dag_2.py
[2026-02-01T12:10:39.091+0000] {processor.py:925} INFO - DAG(s) 'Silver_Dag_2' retrieved from /opt/airflow/dags/User_2/silver_dag_2.py
[2026-02-01T12:10:39.141+0000] {logging_mixin.py:190} INFO - [2026-02-01T12:10:39.141+0000] {dag.py:3239} INFO - Sync 1 DAGs
[2026-02-01T12:10:39.160+0000] {logging_mixin.py:190} INFO - [2026-02-01T12:10:39.160+0000] {dag.py:4180} INFO - Setting next_dagrun for Silver_Dag_2 to None, run_after=None
[2026-02-01T12:10:39.190+0000] {processor.py:208} INFO - Processing /opt/airflow/dags/User_2/silver_dag_2.py took 0.180 seconds
[2026-02-01T12:11:09.731+0000] {processor.py:186} INFO - Started process (PID=154) to work on /opt/airflow/dags/User_2/silver_dag_2.py
[2026-02-01T12:11:09.732+0000] {processor.py:914} INFO - Processing file /opt/airflow/dags/User_2/silver_dag_2.py for tasks to queue
[2026-02-01T12:11:09.734+0000] {logging_mixin.py:190} INFO - [2026-02-01T12:11:09.733+0000] {dagbag.py:588} INFO - Filling up the DagBag from /opt/airflow/dags/User_2/silver_dag_2.py
[2026-02-01T12:11:09.743+0000] {processor.py:925} INFO - DAG(s) 'Silver_Dag_2' retrieved from /opt/airflow/dags/User_2/silver_dag_2.py
[2026-02-01T12:11:09.769+0000] {logging_mixin.py:190} INFO - [2026-02-01T12:11:09.769+0000] {dag.py:3239} INFO - Sync 1 DAGs
[2026-02-01T12:11:09.787+0000] {logging_mixin.py:190} INFO - [2026-02-01T12:11:09.787+0000] {dag.py:4180} INFO - Setting next_dagrun for Silver_Dag_2 to None, run_after=None
[2026-02-01T12:11:09.803+0000] {processor.py:208} INFO - Processing /opt/airflow/dags/User_2/silver_dag_2.py took 0.078 seconds
[2026-02-01T12:11:41.050+0000] {processor.py:186} INFO - Started process (PID=169) to work on /opt/airflow/dags/User_2/silver_dag_2.py
[2026-02-01T12:11:41.051+0000] {processor.py:914} INFO - Processing file /opt/airflow/dags/User_2/silver_dag_2.py for tasks to queue
[2026-02-01T12:11:41.056+0000] {logging_mixin.py:190} INFO - [2026-02-01T12:11:41.055+0000] {dagbag.py:588} INFO - Filling up the DagBag from /opt/airflow/dags/User_2/silver_dag_2.py
[2026-02-01T12:11:41.072+0000] {processor.py:925} INFO - DAG(s) 'Silver_Dag_2' retrieved from /opt/airflow/dags/User_2/silver_dag_2.py
[2026-02-01T12:11:41.125+0000] {logging_mixin.py:190} INFO - [2026-02-01T12:11:41.125+0000] {dag.py:3239} INFO - Sync 1 DAGs
[2026-02-01T12:11:41.482+0000] {logging_mixin.py:190} INFO - [2026-02-01T12:11:41.482+0000] {dag.py:4180} INFO - Setting next_dagrun for Silver_Dag_2 to None, run_after=None
[2026-02-01T12:11:41.509+0000] {processor.py:208} INFO - Processing /opt/airflow/dags/User_2/silver_dag_2.py took 0.475 seconds
[2026-02-01T12:12:11.662+0000] {processor.py:186} INFO - Started process (PID=185) to work on /opt/airflow/dags/User_2/silver_dag_2.py
[2026-02-01T12:12:11.663+0000] {processor.py:914} INFO - Processing file /opt/airflow/dags/User_2/silver_dag_2.py for tasks to queue
[2026-02-01T12:12:11.666+0000] {logging_mixin.py:190} INFO - [2026-02-01T12:12:11.665+0000] {dagbag.py:588} INFO - Filling up the DagBag from /opt/airflow/dags/User_2/silver_dag_2.py
[2026-02-01T12:12:11.680+0000] {processor.py:925} INFO - DAG(s) 'Silver_Dag_2' retrieved from /opt/airflow/dags/User_2/silver_dag_2.py
[2026-02-01T12:12:11.710+0000] {logging_mixin.py:190} INFO - [2026-02-01T12:12:11.709+0000] {dag.py:3239} INFO - Sync 1 DAGs
[2026-02-01T12:12:11.725+0000] {logging_mixin.py:190} INFO - [2026-02-01T12:12:11.725+0000] {dag.py:4180} INFO - Setting next_dagrun for Silver_Dag_2 to None, run_after=None
[2026-02-01T12:12:11.744+0000] {processor.py:208} INFO - Processing /opt/airflow/dags/User_2/silver_dag_2.py took 0.088 seconds
[2026-02-01T12:12:42.052+0000] {processor.py:186} INFO - Started process (PID=201) to work on /opt/airflow/dags/User_2/silver_dag_2.py
[2026-02-01T12:12:42.053+0000] {processor.py:914} INFO - Processing file /opt/airflow/dags/User_2/silver_dag_2.py for tasks to queue
[2026-02-01T12:12:42.056+0000] {logging_mixin.py:190} INFO - [2026-02-01T12:12:42.056+0000] {dagbag.py:588} INFO - Filling up the DagBag from /opt/airflow/dags/User_2/silver_dag_2.py
[2026-02-01T12:12:42.065+0000] {processor.py:925} INFO - DAG(s) 'Silver_Dag_2' retrieved from /opt/airflow/dags/User_2/silver_dag_2.py
[2026-02-01T12:12:42.106+0000] {logging_mixin.py:190} INFO - [2026-02-01T12:12:42.106+0000] {dag.py:3239} INFO - Sync 1 DAGs
[2026-02-01T12:12:42.136+0000] {logging_mixin.py:190} INFO - [2026-02-01T12:12:42.136+0000] {dag.py:4180} INFO - Setting next_dagrun for Silver_Dag_2 to None, run_after=None
[2026-02-01T12:12:42.163+0000] {processor.py:208} INFO - Processing /opt/airflow/dags/User_2/silver_dag_2.py took 0.121 seconds
[2026-02-01T12:13:12.476+0000] {processor.py:186} INFO - Started process (PID=217) to work on /opt/airflow/dags/User_2/silver_dag_2.py
[2026-02-01T12:13:12.477+0000] {processor.py:914} INFO - Processing file /opt/airflow/dags/User_2/silver_dag_2.py for tasks to queue
[2026-02-01T12:13:12.478+0000] {logging_mixin.py:190} INFO - [2026-02-01T12:13:12.478+0000] {dagbag.py:588} INFO - Filling up the DagBag from /opt/airflow/dags/User_2/silver_dag_2.py
[2026-02-01T12:13:12.487+0000] {processor.py:925} INFO - DAG(s) 'Silver_Dag_2' retrieved from /opt/airflow/dags/User_2/silver_dag_2.py
[2026-02-01T12:13:12.511+0000] {logging_mixin.py:190} INFO - [2026-02-01T12:13:12.511+0000] {dag.py:3239} INFO - Sync 1 DAGs
[2026-02-01T12:13:12.529+0000] {logging_mixin.py:190} INFO - [2026-02-01T12:13:12.528+0000] {dag.py:4180} INFO - Setting next_dagrun for Silver_Dag_2 to None, run_after=None
[2026-02-01T12:13:12.544+0000] {processor.py:208} INFO - Processing /opt/airflow/dags/User_2/silver_dag_2.py took 0.073 seconds
[2026-02-01T12:13:42.797+0000] {processor.py:186} INFO - Started process (PID=233) to work on /opt/airflow/dags/User_2/silver_dag_2.py
[2026-02-01T12:13:42.798+0000] {processor.py:914} INFO - Processing file /opt/airflow/dags/User_2/silver_dag_2.py for tasks to queue
[2026-02-01T12:13:42.799+0000] {logging_mixin.py:190} INFO - [2026-02-01T12:13:42.799+0000] {dagbag.py:588} INFO - Filling up the DagBag from /opt/airflow/dags/User_2/silver_dag_2.py
[2026-02-01T12:13:42.809+0000] {processor.py:925} INFO - DAG(s) 'Silver_Dag_2' retrieved from /opt/airflow/dags/User_2/silver_dag_2.py
[2026-02-01T12:13:42.830+0000] {logging_mixin.py:190} INFO - [2026-02-01T12:13:42.830+0000] {dag.py:3239} INFO - Sync 1 DAGs
[2026-02-01T12:13:42.848+0000] {logging_mixin.py:190} INFO - [2026-02-01T12:13:42.848+0000] {dag.py:4180} INFO - Setting next_dagrun for Silver_Dag_2 to None, run_after=None
[2026-02-01T12:13:42.864+0000] {processor.py:208} INFO - Processing /opt/airflow/dags/User_2/silver_dag_2.py took 0.072 seconds
[2026-02-01T12:14:13.175+0000] {processor.py:186} INFO - Started process (PID=249) to work on /opt/airflow/dags/User_2/silver_dag_2.py
[2026-02-01T12:14:13.176+0000] {processor.py:914} INFO - Processing file /opt/airflow/dags/User_2/silver_dag_2.py for tasks to queue
[2026-02-01T12:14:13.178+0000] {logging_mixin.py:190} INFO - [2026-02-01T12:14:13.178+0000] {dagbag.py:588} INFO - Filling up the DagBag from /opt/airflow/dags/User_2/silver_dag_2.py
[2026-02-01T12:14:13.191+0000] {processor.py:925} INFO - DAG(s) 'Silver_Dag_2' retrieved from /opt/airflow/dags/User_2/silver_dag_2.py
[2026-02-01T12:14:13.221+0000] {logging_mixin.py:190} INFO - [2026-02-01T12:14:13.221+0000] {dag.py:3239} INFO - Sync 1 DAGs
[2026-02-01T12:14:13.239+0000] {logging_mixin.py:190} INFO - [2026-02-01T12:14:13.239+0000] {dag.py:4180} INFO - Setting next_dagrun for Silver_Dag_2 to None, run_after=None
[2026-02-01T12:14:13.259+0000] {processor.py:208} INFO - Processing /opt/airflow/dags/User_2/silver_dag_2.py took 0.092 seconds
[2026-02-01T12:14:43.838+0000] {processor.py:186} INFO - Started process (PID=264) to work on /opt/airflow/dags/User_2/silver_dag_2.py
[2026-02-01T12:14:43.839+0000] {processor.py:914} INFO - Processing file /opt/airflow/dags/User_2/silver_dag_2.py for tasks to queue
[2026-02-01T12:14:43.847+0000] {logging_mixin.py:190} INFO - [2026-02-01T12:14:43.846+0000] {dagbag.py:588} INFO - Filling up the DagBag from /opt/airflow/dags/User_2/silver_dag_2.py
[2026-02-01T12:14:43.893+0000] {processor.py:925} INFO - DAG(s) 'Silver_Dag_2' retrieved from /opt/airflow/dags/User_2/silver_dag_2.py
[2026-02-01T12:14:43.962+0000] {logging_mixin.py:190} INFO - [2026-02-01T12:14:43.962+0000] {dag.py:3239} INFO - Sync 1 DAGs
[2026-02-01T12:14:44.013+0000] {logging_mixin.py:190} INFO - [2026-02-01T12:14:44.013+0000] {dag.py:4180} INFO - Setting next_dagrun for Silver_Dag_2 to None, run_after=None
[2026-02-01T12:14:44.070+0000] {processor.py:208} INFO - Processing /opt/airflow/dags/User_2/silver_dag_2.py took 0.261 seconds
[2026-02-01T12:15:14.998+0000] {processor.py:186} INFO - Started process (PID=281) to work on /opt/airflow/dags/User_2/silver_dag_2.py
[2026-02-01T12:15:14.999+0000] {processor.py:914} INFO - Processing file /opt/airflow/dags/User_2/silver_dag_2.py for tasks to queue
[2026-02-01T12:15:15.011+0000] {logging_mixin.py:190} INFO - [2026-02-01T12:15:15.010+0000] {dagbag.py:588} INFO - Filling up the DagBag from /opt/airflow/dags/User_2/silver_dag_2.py
[2026-02-01T12:15:15.035+0000] {processor.py:925} INFO - DAG(s) 'Silver_Dag_2' retrieved from /opt/airflow/dags/User_2/silver_dag_2.py
[2026-02-01T12:15:15.068+0000] {logging_mixin.py:190} INFO - [2026-02-01T12:15:15.068+0000] {dag.py:3239} INFO - Sync 1 DAGs
[2026-02-01T12:15:15.088+0000] {logging_mixin.py:190} INFO - [2026-02-01T12:15:15.087+0000] {dag.py:4180} INFO - Setting next_dagrun for Silver_Dag_2 to None, run_after=None
[2026-02-01T12:15:15.110+0000] {processor.py:208} INFO - Processing /opt/airflow/dags/User_2/silver_dag_2.py took 0.123 seconds
[2026-02-01T12:15:45.774+0000] {processor.py:186} INFO - Started process (PID=297) to work on /opt/airflow/dags/User_2/silver_dag_2.py
[2026-02-01T12:15:45.775+0000] {processor.py:914} INFO - Processing file /opt/airflow/dags/User_2/silver_dag_2.py for tasks to queue
[2026-02-01T12:15:45.780+0000] {logging_mixin.py:190} INFO - [2026-02-01T12:15:45.780+0000] {dagbag.py:588} INFO - Filling up the DagBag from /opt/airflow/dags/User_2/silver_dag_2.py
[2026-02-01T12:15:45.803+0000] {processor.py:925} INFO - DAG(s) 'Silver_Dag_2' retrieved from /opt/airflow/dags/User_2/silver_dag_2.py
[2026-02-01T12:15:45.841+0000] {logging_mixin.py:190} INFO - [2026-02-01T12:15:45.841+0000] {dag.py:3239} INFO - Sync 1 DAGs
[2026-02-01T12:15:45.869+0000] {logging_mixin.py:190} INFO - [2026-02-01T12:15:45.869+0000] {dag.py:4180} INFO - Setting next_dagrun for Silver_Dag_2 to None, run_after=None
[2026-02-01T12:15:45.894+0000] {processor.py:208} INFO - Processing /opt/airflow/dags/User_2/silver_dag_2.py took 0.134 seconds
[2026-02-01T12:16:16.163+0000] {processor.py:186} INFO - Started process (PID=314) to work on /opt/airflow/dags/User_2/silver_dag_2.py
[2026-02-01T12:16:16.164+0000] {processor.py:914} INFO - Processing file /opt/airflow/dags/User_2/silver_dag_2.py for tasks to queue
[2026-02-01T12:16:16.166+0000] {logging_mixin.py:190} INFO - [2026-02-01T12:16:16.166+0000] {dagbag.py:588} INFO - Filling up the DagBag from /opt/airflow/dags/User_2/silver_dag_2.py
[2026-02-01T12:16:16.173+0000] {processor.py:925} INFO - DAG(s) 'Silver_Dag_2' retrieved from /opt/airflow/dags/User_2/silver_dag_2.py
[2026-02-01T12:16:16.204+0000] {logging_mixin.py:190} INFO - [2026-02-01T12:16:16.204+0000] {dag.py:3239} INFO - Sync 1 DAGs
[2026-02-01T12:16:16.218+0000] {logging_mixin.py:190} INFO - [2026-02-01T12:16:16.218+0000] {dag.py:4180} INFO - Setting next_dagrun for Silver_Dag_2 to None, run_after=None
[2026-02-01T12:16:16.235+0000] {processor.py:208} INFO - Processing /opt/airflow/dags/User_2/silver_dag_2.py took 0.080 seconds
[2026-02-01T12:16:46.540+0000] {processor.py:186} INFO - Started process (PID=330) to work on /opt/airflow/dags/User_2/silver_dag_2.py
[2026-02-01T12:16:46.540+0000] {processor.py:914} INFO - Processing file /opt/airflow/dags/User_2/silver_dag_2.py for tasks to queue
[2026-02-01T12:16:46.545+0000] {logging_mixin.py:190} INFO - [2026-02-01T12:16:46.544+0000] {dagbag.py:588} INFO - Filling up the DagBag from /opt/airflow/dags/User_2/silver_dag_2.py
[2026-02-01T12:16:46.560+0000] {processor.py:925} INFO - DAG(s) 'Silver_Dag_2' retrieved from /opt/airflow/dags/User_2/silver_dag_2.py
[2026-02-01T12:16:46.596+0000] {logging_mixin.py:190} INFO - [2026-02-01T12:16:46.596+0000] {dag.py:3239} INFO - Sync 1 DAGs
[2026-02-01T12:16:46.618+0000] {logging_mixin.py:190} INFO - [2026-02-01T12:16:46.617+0000] {dag.py:4180} INFO - Setting next_dagrun for Silver_Dag_2 to None, run_after=None
[2026-02-01T12:16:46.642+0000] {processor.py:208} INFO - Processing /opt/airflow/dags/User_2/silver_dag_2.py took 0.108 seconds
[2026-02-01T12:17:16.976+0000] {processor.py:186} INFO - Started process (PID=346) to work on /opt/airflow/dags/User_2/silver_dag_2.py
[2026-02-01T12:17:16.979+0000] {processor.py:914} INFO - Processing file /opt/airflow/dags/User_2/silver_dag_2.py for tasks to queue
[2026-02-01T12:17:16.983+0000] {logging_mixin.py:190} INFO - [2026-02-01T12:17:16.983+0000] {dagbag.py:588} INFO - Filling up the DagBag from /opt/airflow/dags/User_2/silver_dag_2.py
[2026-02-01T12:17:16.998+0000] {processor.py:925} INFO - DAG(s) 'Silver_Dag_2' retrieved from /opt/airflow/dags/User_2/silver_dag_2.py
[2026-02-01T12:17:17.035+0000] {logging_mixin.py:190} INFO - [2026-02-01T12:17:17.035+0000] {dag.py:3239} INFO - Sync 1 DAGs
[2026-02-01T12:17:17.054+0000] {logging_mixin.py:190} INFO - [2026-02-01T12:17:17.054+0000] {dag.py:4180} INFO - Setting next_dagrun for Silver_Dag_2 to None, run_after=None
[2026-02-01T12:17:17.077+0000] {processor.py:208} INFO - Processing /opt/airflow/dags/User_2/silver_dag_2.py took 0.111 seconds
[2026-02-01T12:17:47.288+0000] {processor.py:186} INFO - Started process (PID=362) to work on /opt/airflow/dags/User_2/silver_dag_2.py
[2026-02-01T12:17:47.289+0000] {processor.py:914} INFO - Processing file /opt/airflow/dags/User_2/silver_dag_2.py for tasks to queue
[2026-02-01T12:17:47.293+0000] {logging_mixin.py:190} INFO - [2026-02-01T12:17:47.292+0000] {dagbag.py:588} INFO - Filling up the DagBag from /opt/airflow/dags/User_2/silver_dag_2.py
[2026-02-01T12:17:47.319+0000] {processor.py:925} INFO - DAG(s) 'Silver_Dag_2' retrieved from /opt/airflow/dags/User_2/silver_dag_2.py
[2026-02-01T12:17:47.369+0000] {logging_mixin.py:190} INFO - [2026-02-01T12:17:47.369+0000] {dag.py:3239} INFO - Sync 1 DAGs
[2026-02-01T12:17:47.393+0000] {logging_mixin.py:190} INFO - [2026-02-01T12:17:47.393+0000] {dag.py:4180} INFO - Setting next_dagrun for Silver_Dag_2 to None, run_after=None
[2026-02-01T12:17:47.414+0000] {processor.py:208} INFO - Processing /opt/airflow/dags/User_2/silver_dag_2.py took 0.135 seconds
[2026-02-01T12:18:17.645+0000] {processor.py:186} INFO - Started process (PID=378) to work on /opt/airflow/dags/User_2/silver_dag_2.py
[2026-02-01T12:18:17.648+0000] {processor.py:914} INFO - Processing file /opt/airflow/dags/User_2/silver_dag_2.py for tasks to queue
[2026-02-01T12:18:17.652+0000] {logging_mixin.py:190} INFO - [2026-02-01T12:18:17.652+0000] {dagbag.py:588} INFO - Filling up the DagBag from /opt/airflow/dags/User_2/silver_dag_2.py
[2026-02-01T12:18:17.676+0000] {processor.py:925} INFO - DAG(s) 'Silver_Dag_2' retrieved from /opt/airflow/dags/User_2/silver_dag_2.py
[2026-02-01T12:18:17.720+0000] {logging_mixin.py:190} INFO - [2026-02-01T12:18:17.720+0000] {dag.py:3239} INFO - Sync 1 DAGs
[2026-02-01T12:18:17.745+0000] {logging_mixin.py:190} INFO - [2026-02-01T12:18:17.745+0000] {dag.py:4180} INFO - Setting next_dagrun for Silver_Dag_2 to None, run_after=None
[2026-02-01T12:18:17.785+0000] {processor.py:208} INFO - Processing /opt/airflow/dags/User_2/silver_dag_2.py took 0.154 seconds
[2026-02-01T12:18:48.239+0000] {processor.py:186} INFO - Started process (PID=394) to work on /opt/airflow/dags/User_2/silver_dag_2.py
[2026-02-01T12:18:48.240+0000] {processor.py:914} INFO - Processing file /opt/airflow/dags/User_2/silver_dag_2.py for tasks to queue
[2026-02-01T12:18:48.243+0000] {logging_mixin.py:190} INFO - [2026-02-01T12:18:48.242+0000] {dagbag.py:588} INFO - Filling up the DagBag from /opt/airflow/dags/User_2/silver_dag_2.py
[2026-02-01T12:18:48.257+0000] {processor.py:925} INFO - DAG(s) 'Silver_Dag_2' retrieved from /opt/airflow/dags/User_2/silver_dag_2.py
[2026-02-01T12:18:48.285+0000] {logging_mixin.py:190} INFO - [2026-02-01T12:18:48.285+0000] {dag.py:3239} INFO - Sync 1 DAGs
[2026-02-01T12:18:48.302+0000] {logging_mixin.py:190} INFO - [2026-02-01T12:18:48.302+0000] {dag.py:4180} INFO - Setting next_dagrun for Silver_Dag_2 to None, run_after=None
[2026-02-01T12:18:48.320+0000] {processor.py:208} INFO - Processing /opt/airflow/dags/User_2/silver_dag_2.py took 0.087 seconds
[2026-02-01T12:19:19.163+0000] {processor.py:186} INFO - Started process (PID=410) to work on /opt/airflow/dags/User_2/silver_dag_2.py
[2026-02-01T12:19:19.164+0000] {processor.py:914} INFO - Processing file /opt/airflow/dags/User_2/silver_dag_2.py for tasks to queue
[2026-02-01T12:19:19.172+0000] {logging_mixin.py:190} INFO - [2026-02-01T12:19:19.172+0000] {dagbag.py:588} INFO - Filling up the DagBag from /opt/airflow/dags/User_2/silver_dag_2.py
[2026-02-01T12:19:19.216+0000] {processor.py:925} INFO - DAG(s) 'Silver_Dag_2' retrieved from /opt/airflow/dags/User_2/silver_dag_2.py
[2026-02-01T12:19:19.305+0000] {logging_mixin.py:190} INFO - [2026-02-01T12:19:19.304+0000] {dag.py:3239} INFO - Sync 1 DAGs
[2026-02-01T12:19:19.357+0000] {logging_mixin.py:190} INFO - [2026-02-01T12:19:19.357+0000] {dag.py:4180} INFO - Setting next_dagrun for Silver_Dag_2 to None, run_after=None
[2026-02-01T12:19:19.425+0000] {processor.py:208} INFO - Processing /opt/airflow/dags/User_2/silver_dag_2.py took 0.296 seconds
[2026-02-01T12:19:50.034+0000] {processor.py:186} INFO - Started process (PID=426) to work on /opt/airflow/dags/User_2/silver_dag_2.py
[2026-02-01T12:19:50.035+0000] {processor.py:914} INFO - Processing file /opt/airflow/dags/User_2/silver_dag_2.py for tasks to queue
[2026-02-01T12:19:50.037+0000] {logging_mixin.py:190} INFO - [2026-02-01T12:19:50.037+0000] {dagbag.py:588} INFO - Filling up the DagBag from /opt/airflow/dags/User_2/silver_dag_2.py
[2026-02-01T12:19:50.047+0000] {processor.py:925} INFO - DAG(s) 'Silver_Dag_2' retrieved from /opt/airflow/dags/User_2/silver_dag_2.py
[2026-02-01T12:19:50.089+0000] {logging_mixin.py:190} INFO - [2026-02-01T12:19:50.088+0000] {dag.py:3239} INFO - Sync 1 DAGs
[2026-02-01T12:19:50.109+0000] {logging_mixin.py:190} INFO - [2026-02-01T12:19:50.108+0000] {dag.py:4180} INFO - Setting next_dagrun for Silver_Dag_2 to None, run_after=None
[2026-02-01T12:19:50.150+0000] {processor.py:208} INFO - Processing /opt/airflow/dags/User_2/silver_dag_2.py took 0.124 seconds
[2026-02-01T12:20:20.795+0000] {processor.py:186} INFO - Started process (PID=441) to work on /opt/airflow/dags/User_2/silver_dag_2.py
[2026-02-01T12:20:20.800+0000] {processor.py:914} INFO - Processing file /opt/airflow/dags/User_2/silver_dag_2.py for tasks to queue
[2026-02-01T12:20:20.808+0000] {logging_mixin.py:190} INFO - [2026-02-01T12:20:20.807+0000] {dagbag.py:588} INFO - Filling up the DagBag from /opt/airflow/dags/User_2/silver_dag_2.py
[2026-02-01T12:20:20.833+0000] {processor.py:925} INFO - DAG(s) 'Silver_Dag_2' retrieved from /opt/airflow/dags/User_2/silver_dag_2.py
[2026-02-01T12:20:20.882+0000] {logging_mixin.py:190} INFO - [2026-02-01T12:20:20.882+0000] {dag.py:3239} INFO - Sync 1 DAGs
[2026-02-01T12:20:20.916+0000] {logging_mixin.py:190} INFO - [2026-02-01T12:20:20.916+0000] {dag.py:4180} INFO - Setting next_dagrun for Silver_Dag_2 to None, run_after=None
[2026-02-01T12:20:20.943+0000] {processor.py:208} INFO - Processing /opt/airflow/dags/User_2/silver_dag_2.py took 0.166 seconds
[2026-02-01T12:20:51.437+0000] {processor.py:186} INFO - Started process (PID=456) to work on /opt/airflow/dags/User_2/silver_dag_2.py
[2026-02-01T12:20:51.438+0000] {processor.py:914} INFO - Processing file /opt/airflow/dags/User_2/silver_dag_2.py for tasks to queue
[2026-02-01T12:20:51.440+0000] {logging_mixin.py:190} INFO - [2026-02-01T12:20:51.440+0000] {dagbag.py:588} INFO - Filling up the DagBag from /opt/airflow/dags/User_2/silver_dag_2.py
[2026-02-01T12:20:51.450+0000] {processor.py:925} INFO - DAG(s) 'Silver_Dag_2' retrieved from /opt/airflow/dags/User_2/silver_dag_2.py
[2026-02-01T12:20:51.485+0000] {logging_mixin.py:190} INFO - [2026-02-01T12:20:51.485+0000] {dag.py:3239} INFO - Sync 1 DAGs
[2026-02-01T12:20:51.510+0000] {logging_mixin.py:190} INFO - [2026-02-01T12:20:51.510+0000] {dag.py:4180} INFO - Setting next_dagrun for Silver_Dag_2 to None, run_after=None
[2026-02-01T12:20:51.531+0000] {processor.py:208} INFO - Processing /opt/airflow/dags/User_2/silver_dag_2.py took 0.099 seconds
[2026-02-01T12:21:22.039+0000] {processor.py:186} INFO - Started process (PID=472) to work on /opt/airflow/dags/User_2/silver_dag_2.py
[2026-02-01T12:21:22.040+0000] {processor.py:914} INFO - Processing file /opt/airflow/dags/User_2/silver_dag_2.py for tasks to queue
[2026-02-01T12:21:22.041+0000] {logging_mixin.py:190} INFO - [2026-02-01T12:21:22.041+0000] {dagbag.py:588} INFO - Filling up the DagBag from /opt/airflow/dags/User_2/silver_dag_2.py
[2026-02-01T12:21:22.048+0000] {processor.py:925} INFO - DAG(s) 'Silver_Dag_2' retrieved from /opt/airflow/dags/User_2/silver_dag_2.py
[2026-02-01T12:21:22.074+0000] {logging_mixin.py:190} INFO - [2026-02-01T12:21:22.073+0000] {dag.py:3239} INFO - Sync 1 DAGs
[2026-02-01T12:21:22.089+0000] {logging_mixin.py:190} INFO - [2026-02-01T12:21:22.088+0000] {dag.py:4180} INFO - Setting next_dagrun for Silver_Dag_2 to None, run_after=None
[2026-02-01T12:21:22.105+0000] {processor.py:208} INFO - Processing /opt/airflow/dags/User_2/silver_dag_2.py took 0.073 seconds
[2026-02-01T12:21:52.332+0000] {processor.py:186} INFO - Started process (PID=487) to work on /opt/airflow/dags/User_2/silver_dag_2.py
[2026-02-01T12:21:52.333+0000] {processor.py:914} INFO - Processing file /opt/airflow/dags/User_2/silver_dag_2.py for tasks to queue
[2026-02-01T12:21:52.335+0000] {logging_mixin.py:190} INFO - [2026-02-01T12:21:52.335+0000] {dagbag.py:588} INFO - Filling up the DagBag from /opt/airflow/dags/User_2/silver_dag_2.py
[2026-02-01T12:21:52.344+0000] {processor.py:925} INFO - DAG(s) 'Silver_Dag_2' retrieved from /opt/airflow/dags/User_2/silver_dag_2.py
[2026-02-01T12:21:52.370+0000] {logging_mixin.py:190} INFO - [2026-02-01T12:21:52.369+0000] {dag.py:3239} INFO - Sync 1 DAGs
[2026-02-01T12:21:52.390+0000] {logging_mixin.py:190} INFO - [2026-02-01T12:21:52.390+0000] {dag.py:4180} INFO - Setting next_dagrun for Silver_Dag_2 to None, run_after=None
[2026-02-01T12:21:52.407+0000] {processor.py:208} INFO - Processing /opt/airflow/dags/User_2/silver_dag_2.py took 0.079 seconds
[2026-02-01T12:22:22.840+0000] {processor.py:186} INFO - Started process (PID=510) to work on /opt/airflow/dags/User_2/silver_dag_2.py
[2026-02-01T12:22:22.841+0000] {processor.py:914} INFO - Processing file /opt/airflow/dags/User_2/silver_dag_2.py for tasks to queue
[2026-02-01T12:22:22.842+0000] {logging_mixin.py:190} INFO - [2026-02-01T12:22:22.842+0000] {dagbag.py:588} INFO - Filling up the DagBag from /opt/airflow/dags/User_2/silver_dag_2.py
[2026-02-01T12:22:22.856+0000] {processor.py:925} INFO - DAG(s) 'Silver_Dag_2' retrieved from /opt/airflow/dags/User_2/silver_dag_2.py
[2026-02-01T12:22:22.897+0000] {logging_mixin.py:190} INFO - [2026-02-01T12:22:22.897+0000] {dag.py:3239} INFO - Sync 1 DAGs
[2026-02-01T12:22:22.920+0000] {logging_mixin.py:190} INFO - [2026-02-01T12:22:22.919+0000] {dag.py:4180} INFO - Setting next_dagrun for Silver_Dag_2 to None, run_after=None
[2026-02-01T12:22:22.953+0000] {processor.py:208} INFO - Processing /opt/airflow/dags/User_2/silver_dag_2.py took 0.118 seconds
[2026-02-01T12:22:53.305+0000] {processor.py:186} INFO - Started process (PID=525) to work on /opt/airflow/dags/User_2/silver_dag_2.py
[2026-02-01T12:22:53.306+0000] {processor.py:914} INFO - Processing file /opt/airflow/dags/User_2/silver_dag_2.py for tasks to queue
[2026-02-01T12:22:53.307+0000] {logging_mixin.py:190} INFO - [2026-02-01T12:22:53.307+0000] {dagbag.py:588} INFO - Filling up the DagBag from /opt/airflow/dags/User_2/silver_dag_2.py
[2026-02-01T12:22:53.317+0000] {processor.py:925} INFO - DAG(s) 'Silver_Dag_2' retrieved from /opt/airflow/dags/User_2/silver_dag_2.py
[2026-02-01T12:22:53.346+0000] {logging_mixin.py:190} INFO - [2026-02-01T12:22:53.346+0000] {dag.py:3239} INFO - Sync 1 DAGs
[2026-02-01T12:22:53.367+0000] {logging_mixin.py:190} INFO - [2026-02-01T12:22:53.366+0000] {dag.py:4180} INFO - Setting next_dagrun for Silver_Dag_2 to None, run_after=None
[2026-02-01T12:22:53.387+0000] {processor.py:208} INFO - Processing /opt/airflow/dags/User_2/silver_dag_2.py took 0.086 seconds
[2026-02-01T12:23:23.755+0000] {processor.py:186} INFO - Started process (PID=542) to work on /opt/airflow/dags/User_2/silver_dag_2.py
[2026-02-01T12:23:23.756+0000] {processor.py:914} INFO - Processing file /opt/airflow/dags/User_2/silver_dag_2.py for tasks to queue
[2026-02-01T12:23:23.760+0000] {logging_mixin.py:190} INFO - [2026-02-01T12:23:23.759+0000] {dagbag.py:588} INFO - Filling up the DagBag from /opt/airflow/dags/User_2/silver_dag_2.py
[2026-02-01T12:23:23.775+0000] {processor.py:925} INFO - DAG(s) 'Silver_Dag_2' retrieved from /opt/airflow/dags/User_2/silver_dag_2.py
[2026-02-01T12:23:23.803+0000] {logging_mixin.py:190} INFO - [2026-02-01T12:23:23.803+0000] {dag.py:3239} INFO - Sync 1 DAGs
[2026-02-01T12:23:23.819+0000] {logging_mixin.py:190} INFO - [2026-02-01T12:23:23.819+0000] {dag.py:4180} INFO - Setting next_dagrun for Silver_Dag_2 to None, run_after=None
[2026-02-01T12:23:23.838+0000] {processor.py:208} INFO - Processing /opt/airflow/dags/User_2/silver_dag_2.py took 0.089 seconds
[2026-02-01T12:23:54.272+0000] {processor.py:186} INFO - Started process (PID=558) to work on /opt/airflow/dags/User_2/silver_dag_2.py
[2026-02-01T12:23:54.274+0000] {processor.py:914} INFO - Processing file /opt/airflow/dags/User_2/silver_dag_2.py for tasks to queue
[2026-02-01T12:23:54.277+0000] {logging_mixin.py:190} INFO - [2026-02-01T12:23:54.277+0000] {dagbag.py:588} INFO - Filling up the DagBag from /opt/airflow/dags/User_2/silver_dag_2.py
[2026-02-01T12:23:54.286+0000] {processor.py:925} INFO - DAG(s) 'Silver_Dag_2' retrieved from /opt/airflow/dags/User_2/silver_dag_2.py
[2026-02-01T12:23:54.315+0000] {logging_mixin.py:190} INFO - [2026-02-01T12:23:54.315+0000] {dag.py:3239} INFO - Sync 1 DAGs
[2026-02-01T12:23:54.333+0000] {logging_mixin.py:190} INFO - [2026-02-01T12:23:54.333+0000] {dag.py:4180} INFO - Setting next_dagrun for Silver_Dag_2 to None, run_after=None
[2026-02-01T12:23:54.350+0000] {processor.py:208} INFO - Processing /opt/airflow/dags/User_2/silver_dag_2.py took 0.088 seconds
[2026-02-01T12:24:25.038+0000] {processor.py:186} INFO - Started process (PID=574) to work on /opt/airflow/dags/User_2/silver_dag_2.py
[2026-02-01T12:24:25.040+0000] {processor.py:914} INFO - Processing file /opt/airflow/dags/User_2/silver_dag_2.py for tasks to queue
[2026-02-01T12:24:25.046+0000] {logging_mixin.py:190} INFO - [2026-02-01T12:24:25.043+0000] {dagbag.py:588} INFO - Filling up the DagBag from /opt/airflow/dags/User_2/silver_dag_2.py
[2026-02-01T12:24:25.076+0000] {processor.py:925} INFO - DAG(s) 'Silver_Dag_2' retrieved from /opt/airflow/dags/User_2/silver_dag_2.py
[2026-02-01T12:24:25.130+0000] {logging_mixin.py:190} INFO - [2026-02-01T12:24:25.129+0000] {dag.py:3239} INFO - Sync 1 DAGs
[2026-02-01T12:24:25.162+0000] {logging_mixin.py:190} INFO - [2026-02-01T12:24:25.162+0000] {dag.py:4180} INFO - Setting next_dagrun for Silver_Dag_2 to None, run_after=None
[2026-02-01T12:24:25.183+0000] {processor.py:208} INFO - Processing /opt/airflow/dags/User_2/silver_dag_2.py took 0.156 seconds
[2026-02-01T12:24:55.590+0000] {processor.py:186} INFO - Started process (PID=589) to work on /opt/airflow/dags/User_2/silver_dag_2.py
[2026-02-01T12:24:55.592+0000] {processor.py:914} INFO - Processing file /opt/airflow/dags/User_2/silver_dag_2.py for tasks to queue
[2026-02-01T12:24:55.604+0000] {logging_mixin.py:190} INFO - [2026-02-01T12:24:55.603+0000] {dagbag.py:588} INFO - Filling up the DagBag from /opt/airflow/dags/User_2/silver_dag_2.py
[2026-02-01T12:24:55.628+0000] {processor.py:925} INFO - DAG(s) 'Silver_Dag_2' retrieved from /opt/airflow/dags/User_2/silver_dag_2.py
[2026-02-01T12:24:55.680+0000] {logging_mixin.py:190} INFO - [2026-02-01T12:24:55.680+0000] {dag.py:3239} INFO - Sync 1 DAGs
[2026-02-01T12:24:55.713+0000] {logging_mixin.py:190} INFO - [2026-02-01T12:24:55.712+0000] {dag.py:4180} INFO - Setting next_dagrun for Silver_Dag_2 to None, run_after=None
[2026-02-01T12:24:55.743+0000] {processor.py:208} INFO - Processing /opt/airflow/dags/User_2/silver_dag_2.py took 0.170 seconds
[2026-02-01T12:25:26.323+0000] {processor.py:186} INFO - Started process (PID=605) to work on /opt/airflow/dags/User_2/silver_dag_2.py
[2026-02-01T12:25:26.324+0000] {processor.py:914} INFO - Processing file /opt/airflow/dags/User_2/silver_dag_2.py for tasks to queue
[2026-02-01T12:25:26.334+0000] {logging_mixin.py:190} INFO - [2026-02-01T12:25:26.332+0000] {dagbag.py:588} INFO - Filling up the DagBag from /opt/airflow/dags/User_2/silver_dag_2.py
[2026-02-01T12:25:26.358+0000] {processor.py:925} INFO - DAG(s) 'Silver_Dag_2' retrieved from /opt/airflow/dags/User_2/silver_dag_2.py
[2026-02-01T12:25:26.429+0000] {logging_mixin.py:190} INFO - [2026-02-01T12:25:26.429+0000] {dag.py:3239} INFO - Sync 1 DAGs
[2026-02-01T12:25:26.465+0000] {logging_mixin.py:190} INFO - [2026-02-01T12:25:26.464+0000] {dag.py:4180} INFO - Setting next_dagrun for Silver_Dag_2 to None, run_after=None
[2026-02-01T12:25:26.492+0000] {processor.py:208} INFO - Processing /opt/airflow/dags/User_2/silver_dag_2.py took 0.182 seconds
[2026-02-01T12:25:57.001+0000] {processor.py:186} INFO - Started process (PID=621) to work on /opt/airflow/dags/User_2/silver_dag_2.py
[2026-02-01T12:25:57.002+0000] {processor.py:914} INFO - Processing file /opt/airflow/dags/User_2/silver_dag_2.py for tasks to queue
[2026-02-01T12:25:57.009+0000] {logging_mixin.py:190} INFO - [2026-02-01T12:25:57.009+0000] {dagbag.py:588} INFO - Filling up the DagBag from /opt/airflow/dags/User_2/silver_dag_2.py
[2026-02-01T12:25:57.046+0000] {processor.py:925} INFO - DAG(s) 'Silver_Dag_2' retrieved from /opt/airflow/dags/User_2/silver_dag_2.py
[2026-02-01T12:25:57.127+0000] {logging_mixin.py:190} INFO - [2026-02-01T12:25:57.127+0000] {dag.py:3239} INFO - Sync 1 DAGs
[2026-02-01T12:25:57.165+0000] {logging_mixin.py:190} INFO - [2026-02-01T12:25:57.165+0000] {dag.py:4180} INFO - Setting next_dagrun for Silver_Dag_2 to None, run_after=None
[2026-02-01T12:25:57.192+0000] {processor.py:208} INFO - Processing /opt/airflow/dags/User_2/silver_dag_2.py took 0.220 seconds
[2026-02-01T12:26:28.323+0000] {processor.py:186} INFO - Started process (PID=637) to work on /opt/airflow/dags/User_2/silver_dag_2.py
[2026-02-01T12:26:28.324+0000] {processor.py:914} INFO - Processing file /opt/airflow/dags/User_2/silver_dag_2.py for tasks to queue
[2026-02-01T12:26:28.326+0000] {logging_mixin.py:190} INFO - [2026-02-01T12:26:28.326+0000] {dagbag.py:588} INFO - Filling up the DagBag from /opt/airflow/dags/User_2/silver_dag_2.py
[2026-02-01T12:26:28.335+0000] {processor.py:925} INFO - DAG(s) 'Silver_Dag_2' retrieved from /opt/airflow/dags/User_2/silver_dag_2.py
[2026-02-01T12:26:28.358+0000] {logging_mixin.py:190} INFO - [2026-02-01T12:26:28.357+0000] {dag.py:3239} INFO - Sync 1 DAGs
[2026-02-01T12:26:28.377+0000] {logging_mixin.py:190} INFO - [2026-02-01T12:26:28.377+0000] {dag.py:4180} INFO - Setting next_dagrun for Silver_Dag_2 to None, run_after=None
[2026-02-01T12:26:28.393+0000] {processor.py:208} INFO - Processing /opt/airflow/dags/User_2/silver_dag_2.py took 0.075 seconds
[2026-02-01T12:26:58.658+0000] {processor.py:186} INFO - Started process (PID=652) to work on /opt/airflow/dags/User_2/silver_dag_2.py
[2026-02-01T12:26:58.661+0000] {processor.py:914} INFO - Processing file /opt/airflow/dags/User_2/silver_dag_2.py for tasks to queue
[2026-02-01T12:26:58.667+0000] {logging_mixin.py:190} INFO - [2026-02-01T12:26:58.666+0000] {dagbag.py:588} INFO - Filling up the DagBag from /opt/airflow/dags/User_2/silver_dag_2.py
[2026-02-01T12:26:58.677+0000] {processor.py:925} INFO - DAG(s) 'Silver_Dag_2' retrieved from /opt/airflow/dags/User_2/silver_dag_2.py
[2026-02-01T12:26:58.725+0000] {logging_mixin.py:190} INFO - [2026-02-01T12:26:58.724+0000] {dag.py:3239} INFO - Sync 1 DAGs
[2026-02-01T12:26:58.760+0000] {logging_mixin.py:190} INFO - [2026-02-01T12:26:58.759+0000] {dag.py:4180} INFO - Setting next_dagrun for Silver_Dag_2 to None, run_after=None
[2026-02-01T12:26:58.795+0000] {processor.py:208} INFO - Processing /opt/airflow/dags/User_2/silver_dag_2.py took 0.154 seconds
[2026-02-01T12:27:29.073+0000] {processor.py:186} INFO - Started process (PID=668) to work on /opt/airflow/dags/User_2/silver_dag_2.py
[2026-02-01T12:27:29.075+0000] {processor.py:914} INFO - Processing file /opt/airflow/dags/User_2/silver_dag_2.py for tasks to queue
[2026-02-01T12:27:29.080+0000] {logging_mixin.py:190} INFO - [2026-02-01T12:27:29.080+0000] {dagbag.py:588} INFO - Filling up the DagBag from /opt/airflow/dags/User_2/silver_dag_2.py
[2026-02-01T12:27:29.100+0000] {processor.py:925} INFO - DAG(s) 'Silver_Dag_2' retrieved from /opt/airflow/dags/User_2/silver_dag_2.py
[2026-02-01T12:27:29.157+0000] {logging_mixin.py:190} INFO - [2026-02-01T12:27:29.156+0000] {dag.py:3239} INFO - Sync 1 DAGs
[2026-02-01T12:27:29.185+0000] {logging_mixin.py:190} INFO - [2026-02-01T12:27:29.185+0000] {dag.py:4180} INFO - Setting next_dagrun for Silver_Dag_2 to None, run_after=None
[2026-02-01T12:27:29.210+0000] {processor.py:208} INFO - Processing /opt/airflow/dags/User_2/silver_dag_2.py took 0.145 seconds
[2026-02-01T12:27:59.474+0000] {processor.py:186} INFO - Started process (PID=684) to work on /opt/airflow/dags/User_2/silver_dag_2.py
[2026-02-01T12:27:59.477+0000] {processor.py:914} INFO - Processing file /opt/airflow/dags/User_2/silver_dag_2.py for tasks to queue
[2026-02-01T12:27:59.485+0000] {logging_mixin.py:190} INFO - [2026-02-01T12:27:59.484+0000] {dagbag.py:588} INFO - Filling up the DagBag from /opt/airflow/dags/User_2/silver_dag_2.py
[2026-02-01T12:27:59.504+0000] {processor.py:925} INFO - DAG(s) 'Silver_Dag_2' retrieved from /opt/airflow/dags/User_2/silver_dag_2.py
[2026-02-01T12:27:59.591+0000] {logging_mixin.py:190} INFO - [2026-02-01T12:27:59.591+0000] {dag.py:3239} INFO - Sync 1 DAGs
[2026-02-01T12:27:59.614+0000] {logging_mixin.py:190} INFO - [2026-02-01T12:27:59.613+0000] {dag.py:4180} INFO - Setting next_dagrun for Silver_Dag_2 to None, run_after=None
[2026-02-01T12:27:59.642+0000] {processor.py:208} INFO - Processing /opt/airflow/dags/User_2/silver_dag_2.py took 0.179 seconds
[2026-02-01T12:28:29.936+0000] {processor.py:186} INFO - Started process (PID=702) to work on /opt/airflow/dags/User_2/silver_dag_2.py
[2026-02-01T12:28:29.938+0000] {processor.py:914} INFO - Processing file /opt/airflow/dags/User_2/silver_dag_2.py for tasks to queue
[2026-02-01T12:28:29.947+0000] {logging_mixin.py:190} INFO - [2026-02-01T12:28:29.946+0000] {dagbag.py:588} INFO - Filling up the DagBag from /opt/airflow/dags/User_2/silver_dag_2.py
[2026-02-01T12:28:29.979+0000] {processor.py:925} INFO - DAG(s) 'Silver_Dag_2' retrieved from /opt/airflow/dags/User_2/silver_dag_2.py
[2026-02-01T12:28:30.034+0000] {logging_mixin.py:190} INFO - [2026-02-01T12:28:30.033+0000] {dag.py:3239} INFO - Sync 1 DAGs
[2026-02-01T12:28:30.057+0000] {logging_mixin.py:190} INFO - [2026-02-01T12:28:30.057+0000] {dag.py:4180} INFO - Setting next_dagrun for Silver_Dag_2 to None, run_after=None
[2026-02-01T12:28:30.086+0000] {processor.py:208} INFO - Processing /opt/airflow/dags/User_2/silver_dag_2.py took 0.156 seconds
[2026-02-01T12:29:00.231+0000] {processor.py:186} INFO - Started process (PID=718) to work on /opt/airflow/dags/User_2/silver_dag_2.py
[2026-02-01T12:29:00.235+0000] {processor.py:914} INFO - Processing file /opt/airflow/dags/User_2/silver_dag_2.py for tasks to queue
[2026-02-01T12:29:00.243+0000] {logging_mixin.py:190} INFO - [2026-02-01T12:29:00.241+0000] {dagbag.py:588} INFO - Filling up the DagBag from /opt/airflow/dags/User_2/silver_dag_2.py
[2026-02-01T12:29:00.266+0000] {processor.py:925} INFO - DAG(s) 'Silver_Dag_2' retrieved from /opt/airflow/dags/User_2/silver_dag_2.py
[2026-02-01T12:29:00.301+0000] {logging_mixin.py:190} INFO - [2026-02-01T12:29:00.301+0000] {dag.py:3239} INFO - Sync 1 DAGs
[2026-02-01T12:29:00.329+0000] {logging_mixin.py:190} INFO - [2026-02-01T12:29:00.329+0000] {dag.py:4180} INFO - Setting next_dagrun for Silver_Dag_2 to None, run_after=None
[2026-02-01T12:29:00.356+0000] {processor.py:208} INFO - Processing /opt/airflow/dags/User_2/silver_dag_2.py took 0.137 seconds
[2026-02-01T12:29:30.671+0000] {processor.py:186} INFO - Started process (PID=733) to work on /opt/airflow/dags/User_2/silver_dag_2.py
[2026-02-01T12:29:30.673+0000] {processor.py:914} INFO - Processing file /opt/airflow/dags/User_2/silver_dag_2.py for tasks to queue
[2026-02-01T12:29:30.684+0000] {logging_mixin.py:190} INFO - [2026-02-01T12:29:30.681+0000] {dagbag.py:588} INFO - Filling up the DagBag from /opt/airflow/dags/User_2/silver_dag_2.py
[2026-02-01T12:29:30.705+0000] {processor.py:925} INFO - DAG(s) 'Silver_Dag_2' retrieved from /opt/airflow/dags/User_2/silver_dag_2.py
[2026-02-01T12:29:30.754+0000] {logging_mixin.py:190} INFO - [2026-02-01T12:29:30.754+0000] {dag.py:3239} INFO - Sync 1 DAGs
[2026-02-01T12:29:30.775+0000] {logging_mixin.py:190} INFO - [2026-02-01T12:29:30.774+0000] {dag.py:4180} INFO - Setting next_dagrun for Silver_Dag_2 to None, run_after=None
[2026-02-01T12:29:30.797+0000] {processor.py:208} INFO - Processing /opt/airflow/dags/User_2/silver_dag_2.py took 0.136 seconds
[2026-02-01T12:30:01.600+0000] {processor.py:186} INFO - Started process (PID=749) to work on /opt/airflow/dags/User_2/silver_dag_2.py
[2026-02-01T12:30:01.601+0000] {processor.py:914} INFO - Processing file /opt/airflow/dags/User_2/silver_dag_2.py for tasks to queue
[2026-02-01T12:30:01.603+0000] {logging_mixin.py:190} INFO - [2026-02-01T12:30:01.603+0000] {dagbag.py:588} INFO - Filling up the DagBag from /opt/airflow/dags/User_2/silver_dag_2.py
[2026-02-01T12:30:01.614+0000] {processor.py:925} INFO - DAG(s) 'Silver_Dag_2' retrieved from /opt/airflow/dags/User_2/silver_dag_2.py
[2026-02-01T12:30:01.669+0000] {logging_mixin.py:190} INFO - [2026-02-01T12:30:01.667+0000] {dag.py:3239} INFO - Sync 1 DAGs
[2026-02-01T12:30:01.700+0000] {logging_mixin.py:190} INFO - [2026-02-01T12:30:01.699+0000] {dag.py:4180} INFO - Setting next_dagrun for Silver_Dag_2 to None, run_after=None
[2026-02-01T12:30:01.729+0000] {processor.py:208} INFO - Processing /opt/airflow/dags/User_2/silver_dag_2.py took 0.158 seconds
[2026-02-01T12:30:31.954+0000] {processor.py:186} INFO - Started process (PID=765) to work on /opt/airflow/dags/User_2/silver_dag_2.py
[2026-02-01T12:30:31.959+0000] {processor.py:914} INFO - Processing file /opt/airflow/dags/User_2/silver_dag_2.py for tasks to queue
[2026-02-01T12:30:31.965+0000] {logging_mixin.py:190} INFO - [2026-02-01T12:30:31.965+0000] {dagbag.py:588} INFO - Filling up the DagBag from /opt/airflow/dags/User_2/silver_dag_2.py
[2026-02-01T12:30:31.998+0000] {processor.py:925} INFO - DAG(s) 'Silver_Dag_2' retrieved from /opt/airflow/dags/User_2/silver_dag_2.py
[2026-02-01T12:30:32.074+0000] {logging_mixin.py:190} INFO - [2026-02-01T12:30:32.073+0000] {dag.py:3239} INFO - Sync 1 DAGs
[2026-02-01T12:30:32.107+0000] {logging_mixin.py:190} INFO - [2026-02-01T12:30:32.106+0000] {dag.py:4180} INFO - Setting next_dagrun for Silver_Dag_2 to None, run_after=None
[2026-02-01T12:30:32.141+0000] {processor.py:208} INFO - Processing /opt/airflow/dags/User_2/silver_dag_2.py took 0.200 seconds
[2026-02-01T12:31:02.445+0000] {processor.py:186} INFO - Started process (PID=781) to work on /opt/airflow/dags/User_2/silver_dag_2.py
[2026-02-01T12:31:02.446+0000] {processor.py:914} INFO - Processing file /opt/airflow/dags/User_2/silver_dag_2.py for tasks to queue
[2026-02-01T12:31:02.451+0000] {logging_mixin.py:190} INFO - [2026-02-01T12:31:02.450+0000] {dagbag.py:588} INFO - Filling up the DagBag from /opt/airflow/dags/User_2/silver_dag_2.py
[2026-02-01T12:31:02.473+0000] {processor.py:925} INFO - DAG(s) 'Silver_Dag_2' retrieved from /opt/airflow/dags/User_2/silver_dag_2.py
[2026-02-01T12:31:02.530+0000] {logging_mixin.py:190} INFO - [2026-02-01T12:31:02.530+0000] {dag.py:3239} INFO - Sync 1 DAGs
[2026-02-01T12:31:02.548+0000] {logging_mixin.py:190} INFO - [2026-02-01T12:31:02.548+0000] {dag.py:4180} INFO - Setting next_dagrun for Silver_Dag_2 to None, run_after=None
[2026-02-01T12:31:02.566+0000] {processor.py:208} INFO - Processing /opt/airflow/dags/User_2/silver_dag_2.py took 0.128 seconds
[2026-02-01T12:31:32.829+0000] {processor.py:186} INFO - Started process (PID=797) to work on /opt/airflow/dags/User_2/silver_dag_2.py
[2026-02-01T12:31:32.831+0000] {processor.py:914} INFO - Processing file /opt/airflow/dags/User_2/silver_dag_2.py for tasks to queue
[2026-02-01T12:31:32.836+0000] {logging_mixin.py:190} INFO - [2026-02-01T12:31:32.836+0000] {dagbag.py:588} INFO - Filling up the DagBag from /opt/airflow/dags/User_2/silver_dag_2.py
[2026-02-01T12:31:32.865+0000] {processor.py:925} INFO - DAG(s) 'Silver_Dag_2' retrieved from /opt/airflow/dags/User_2/silver_dag_2.py
[2026-02-01T12:31:32.923+0000] {logging_mixin.py:190} INFO - [2026-02-01T12:31:32.923+0000] {dag.py:3239} INFO - Sync 1 DAGs
[2026-02-01T12:31:32.967+0000] {logging_mixin.py:190} INFO - [2026-02-01T12:31:32.967+0000] {dag.py:4180} INFO - Setting next_dagrun for Silver_Dag_2 to None, run_after=None
[2026-02-01T12:31:33.017+0000] {processor.py:208} INFO - Processing /opt/airflow/dags/User_2/silver_dag_2.py took 0.207 seconds
[2026-02-01T12:32:03.850+0000] {processor.py:186} INFO - Started process (PID=814) to work on /opt/airflow/dags/User_2/silver_dag_2.py
[2026-02-01T12:32:03.851+0000] {processor.py:914} INFO - Processing file /opt/airflow/dags/User_2/silver_dag_2.py for tasks to queue
[2026-02-01T12:32:03.859+0000] {logging_mixin.py:190} INFO - [2026-02-01T12:32:03.858+0000] {dagbag.py:588} INFO - Filling up the DagBag from /opt/airflow/dags/User_2/silver_dag_2.py
[2026-02-01T12:32:03.890+0000] {processor.py:925} INFO - DAG(s) 'Silver_Dag_2' retrieved from /opt/airflow/dags/User_2/silver_dag_2.py
[2026-02-01T12:32:03.944+0000] {logging_mixin.py:190} INFO - [2026-02-01T12:32:03.944+0000] {dag.py:3239} INFO - Sync 1 DAGs
[2026-02-01T12:32:03.980+0000] {logging_mixin.py:190} INFO - [2026-02-01T12:32:03.980+0000] {dag.py:4180} INFO - Setting next_dagrun for Silver_Dag_2 to None, run_after=None
[2026-02-01T12:32:04.023+0000] {processor.py:208} INFO - Processing /opt/airflow/dags/User_2/silver_dag_2.py took 0.181 seconds
[2026-02-01T12:32:34.690+0000] {processor.py:186} INFO - Started process (PID=830) to work on /opt/airflow/dags/User_2/silver_dag_2.py
[2026-02-01T12:32:34.690+0000] {processor.py:914} INFO - Processing file /opt/airflow/dags/User_2/silver_dag_2.py for tasks to queue
[2026-02-01T12:32:34.692+0000] {logging_mixin.py:190} INFO - [2026-02-01T12:32:34.692+0000] {dagbag.py:588} INFO - Filling up the DagBag from /opt/airflow/dags/User_2/silver_dag_2.py
[2026-02-01T12:32:34.701+0000] {processor.py:925} INFO - DAG(s) 'Silver_Dag_2' retrieved from /opt/airflow/dags/User_2/silver_dag_2.py
[2026-02-01T12:32:34.728+0000] {logging_mixin.py:190} INFO - [2026-02-01T12:32:34.728+0000] {dag.py:3239} INFO - Sync 1 DAGs
[2026-02-01T12:32:34.747+0000] {logging_mixin.py:190} INFO - [2026-02-01T12:32:34.747+0000] {dag.py:4180} INFO - Setting next_dagrun for Silver_Dag_2 to None, run_after=None
[2026-02-01T12:32:34.763+0000] {processor.py:208} INFO - Processing /opt/airflow/dags/User_2/silver_dag_2.py took 0.079 seconds
[2026-02-01T12:33:04.957+0000] {processor.py:186} INFO - Started process (PID=846) to work on /opt/airflow/dags/User_2/silver_dag_2.py
[2026-02-01T12:33:04.958+0000] {processor.py:914} INFO - Processing file /opt/airflow/dags/User_2/silver_dag_2.py for tasks to queue
[2026-02-01T12:33:04.963+0000] {logging_mixin.py:190} INFO - [2026-02-01T12:33:04.962+0000] {dagbag.py:588} INFO - Filling up the DagBag from /opt/airflow/dags/User_2/silver_dag_2.py
[2026-02-01T12:33:04.973+0000] {processor.py:925} INFO - DAG(s) 'Silver_Dag_2' retrieved from /opt/airflow/dags/User_2/silver_dag_2.py
[2026-02-01T12:33:05.004+0000] {logging_mixin.py:190} INFO - [2026-02-01T12:33:05.004+0000] {dag.py:3239} INFO - Sync 1 DAGs
[2026-02-01T12:33:05.024+0000] {logging_mixin.py:190} INFO - [2026-02-01T12:33:05.024+0000] {dag.py:4180} INFO - Setting next_dagrun for Silver_Dag_2 to None, run_after=None
[2026-02-01T12:33:05.048+0000] {processor.py:208} INFO - Processing /opt/airflow/dags/User_2/silver_dag_2.py took 0.098 seconds
[2026-02-01T12:33:35.387+0000] {processor.py:186} INFO - Started process (PID=862) to work on /opt/airflow/dags/User_2/silver_dag_2.py
[2026-02-01T12:33:35.388+0000] {processor.py:914} INFO - Processing file /opt/airflow/dags/User_2/silver_dag_2.py for tasks to queue
[2026-02-01T12:33:35.392+0000] {logging_mixin.py:190} INFO - [2026-02-01T12:33:35.391+0000] {dagbag.py:588} INFO - Filling up the DagBag from /opt/airflow/dags/User_2/silver_dag_2.py
[2026-02-01T12:33:35.408+0000] {processor.py:925} INFO - DAG(s) 'Silver_Dag_2' retrieved from /opt/airflow/dags/User_2/silver_dag_2.py
[2026-02-01T12:33:35.450+0000] {logging_mixin.py:190} INFO - [2026-02-01T12:33:35.449+0000] {dag.py:3239} INFO - Sync 1 DAGs
[2026-02-01T12:33:35.485+0000] {logging_mixin.py:190} INFO - [2026-02-01T12:33:35.484+0000] {dag.py:4180} INFO - Setting next_dagrun for Silver_Dag_2 to None, run_after=None
[2026-02-01T12:33:35.522+0000] {processor.py:208} INFO - Processing /opt/airflow/dags/User_2/silver_dag_2.py took 0.142 seconds
[2026-02-01T12:34:05.828+0000] {processor.py:186} INFO - Started process (PID=877) to work on /opt/airflow/dags/User_2/silver_dag_2.py
[2026-02-01T12:34:05.830+0000] {processor.py:914} INFO - Processing file /opt/airflow/dags/User_2/silver_dag_2.py for tasks to queue
[2026-02-01T12:34:05.836+0000] {logging_mixin.py:190} INFO - [2026-02-01T12:34:05.835+0000] {dagbag.py:588} INFO - Filling up the DagBag from /opt/airflow/dags/User_2/silver_dag_2.py
[2026-02-01T12:34:05.845+0000] {processor.py:925} INFO - DAG(s) 'Silver_Dag_2' retrieved from /opt/airflow/dags/User_2/silver_dag_2.py
[2026-02-01T12:34:05.876+0000] {logging_mixin.py:190} INFO - [2026-02-01T12:34:05.876+0000] {dag.py:3239} INFO - Sync 1 DAGs
[2026-02-01T12:34:05.895+0000] {logging_mixin.py:190} INFO - [2026-02-01T12:34:05.895+0000] {dag.py:4180} INFO - Setting next_dagrun for Silver_Dag_2 to None, run_after=None
[2026-02-01T12:34:05.913+0000] {processor.py:208} INFO - Processing /opt/airflow/dags/User_2/silver_dag_2.py took 0.096 seconds
[2026-02-01T12:34:36.274+0000] {processor.py:186} INFO - Started process (PID=893) to work on /opt/airflow/dags/User_2/silver_dag_2.py
[2026-02-01T12:34:36.275+0000] {processor.py:914} INFO - Processing file /opt/airflow/dags/User_2/silver_dag_2.py for tasks to queue
[2026-02-01T12:34:36.278+0000] {logging_mixin.py:190} INFO - [2026-02-01T12:34:36.277+0000] {dagbag.py:588} INFO - Filling up the DagBag from /opt/airflow/dags/User_2/silver_dag_2.py
[2026-02-01T12:34:36.287+0000] {processor.py:925} INFO - DAG(s) 'Silver_Dag_2' retrieved from /opt/airflow/dags/User_2/silver_dag_2.py
[2026-02-01T12:34:36.315+0000] {logging_mixin.py:190} INFO - [2026-02-01T12:34:36.314+0000] {dag.py:3239} INFO - Sync 1 DAGs
[2026-02-01T12:34:36.331+0000] {logging_mixin.py:190} INFO - [2026-02-01T12:34:36.331+0000] {dag.py:4180} INFO - Setting next_dagrun for Silver_Dag_2 to None, run_after=None
[2026-02-01T12:34:36.357+0000] {processor.py:208} INFO - Processing /opt/airflow/dags/User_2/silver_dag_2.py took 0.090 seconds
